[ 2012-11-24T14:22:41+08:00 ] / | NOTIC: [8] Undefined index:  account_id CommonAction.class.php 第 17 行.
[ 2012-11-24T14:22:41+08:00 ] / | SQL: SHOW COLUMNS FROM `y_account` [ RunTime:0.001041s ]
[ 2012-11-24T14:22:41+08:00 ] / | NOTIC: [2] mysql_connect() [<a href='function.mysql-connect'>function.mysql-connect</a>]: Access denied for user 'xiaoluo'@'localhost' (using password: NO) CommonAction.class.php 第 125 行.
[ 2012-11-24T14:22:41+08:00 ] /index.php/Index/main | NOTIC: [8] Undefined index:  account_id CommonAction.class.php 第 17 行.
[ 2012-11-24T14:22:41+08:00 ] /index.php/Index/main | SQL: SHOW COLUMNS FROM `y_account` [ RunTime:0.001495s ]
[ 2012-11-24T14:22:41+08:00 ] /index.php/Index/main | NOTIC: [2] mysql_connect() [<a href='function.mysql-connect'>function.mysql-connect</a>]: Access denied for user 'xiaoluo'@'localhost' (using password: NO) CommonAction.class.php 第 125 行.
[ 2012-11-24T14:22:41+08:00 ] /index.php/Index/main | SQL: SELECT * FROM `y_account` ORDER BY id desc [ RunTime:0.000160s ]
[ 2012-11-24T14:22:41+08:00 ] /index.php/Index/main | NOTIC: [8] Undefined index:  searchkey IndexAction.class.php 第 27 行.
[ 2012-11-24T14:22:41+08:00 ] /index.php/Index/main | NOTIC: [8] Undefined variable: where IndexAction.class.php 第 31 行.
[ 2012-11-24T14:22:41+08:00 ] /index.php/Index/main | SQL: SELECT COUNT(*) AS tp_count FROM `y_account` LIMIT 1  [ RunTime:0.000062s ]
[ 2012-11-24T14:22:41+08:00 ] /index.php/Index/main | SQL: SELECT * FROM `y_account` ORDER BY `id` desc LIMIT 0,20  [ RunTime:0.000084s ]
[ 2012-11-24T14:22:41+08:00 ] /index.php/Index/main | NOTIC: [2] Invalid argument supplied for foreach() CommonAction.class.php 第 159 行.
[ 2012-11-24T14:22:41+08:00 ] /index.php/Index/left | NOTIC: [8] Undefined index:  account_id CommonAction.class.php 第 17 行.
[ 2012-11-24T14:22:41+08:00 ] /index.php/Index/left | SQL: SHOW COLUMNS FROM `y_account` [ RunTime:0.001346s ]
[ 2012-11-24T14:22:41+08:00 ] /index.php/Index/left | NOTIC: [2] mysql_connect() [<a href='function.mysql-connect'>function.mysql-connect</a>]: Access denied for user 'xiaoluo'@'localhost' (using password: NO) CommonAction.class.php 第 125 行.
[ 2012-11-24T14:22:41+08:00 ] /index.php/Index/left | NOTIC: [8] Undefined index:  account_id 196c657f8b82048b1beeb0f9599f5fdc.php 第 15 行.
[ 2012-11-24T14:22:41+08:00 ] /index.php/Index/left | NOTIC: [8] Undefined variable: isConnect 196c657f8b82048b1beeb0f9599f5fdc.php 第 59 行.
[ 2012-11-24T14:22:41+08:00 ] /index.php/Index/left | NOTIC: [8] Undefined variable: langList 196c657f8b82048b1beeb0f9599f5fdc.php 第 114 行.
[ 2012-11-24T14:22:41+08:00 ] /index.php/Index/left | NOTIC: [8] Undefined variable: moduleList 196c657f8b82048b1beeb0f9599f5fdc.php 第 220 行.
[ 2012-11-24T14:22:41+08:00 ] /index.php/Index/left | NOTIC: [8] Undefined index:  tab_id 196c657f8b82048b1beeb0f9599f5fdc.php 第 287 行.
[ 2012-11-24T14:22:50+08:00 ] /index.php/Index/main | SQL: SHOW COLUMNS FROM `y_account` [ RunTime:0.001015s ]
[ 2012-11-24T14:22:50+08:00 ] /index.php/Index/main | SQL: SELECT * FROM `y_account` WHERE ( `id` = '95' ) LIMIT 1  [ RunTime:0.000075s ]
[ 2012-11-24T14:22:50+08:00 ] /index.php/Index/main | SQL: SHOW COLUMNS FROM `y_category` [ RunTime:0.000442s ]
[ 2012-11-24T14:22:50+08:00 ] /index.php/Index/main | SQL: SELECT * FROM `y_account` ORDER BY id desc [ RunTime:0.000165s ]
[ 2012-11-24T14:22:50+08:00 ] /index.php/Index/main | NOTIC: [8] Undefined index:  searchkey IndexAction.class.php 第 27 行.
[ 2012-11-24T14:22:50+08:00 ] /index.php/Index/main | NOTIC: [8] Undefined variable: where IndexAction.class.php 第 31 行.
[ 2012-11-24T14:22:50+08:00 ] /index.php/Index/main | SQL: SELECT COUNT(*) AS tp_count FROM `y_account` LIMIT 1  [ RunTime:0.000057s ]
[ 2012-11-24T14:22:50+08:00 ] /index.php/Index/main | SQL: SELECT * FROM `y_account` ORDER BY `id` desc LIMIT 0,20  [ RunTime:0.000085s ]
[ 2012-11-24T14:22:50+08:00 ] /index.php/Index/main | NOTIC: [2] Invalid argument supplied for foreach() CommonAction.class.php 第 159 行.
[ 2012-11-24T14:22:52+08:00 ] /index.php/Account/syncWebsiteName/id/95 | SQL: SHOW COLUMNS FROM `y_account` [ RunTime:0.001298s ]
[ 2012-11-24T14:22:52+08:00 ] /index.php/Account/syncWebsiteName/id/95 | SQL: SELECT * FROM `y_account` WHERE ( `id` = '95' ) LIMIT 1  [ RunTime:0.000074s ]
[ 2012-11-24T14:22:52+08:00 ] /index.php/Account/syncWebsiteName/id/95 | SQL: SHOW COLUMNS FROM `y_category` [ RunTime:0.000456s ]
[ 2012-11-24T14:22:52+08:00 ] /index.php/Account/syncWebsiteName/id/95 | SQL: SELECT * FROM `y_account` WHERE ( `id` = '95' ) LIMIT 1  [ RunTime:0.000066s ]
[ 2012-11-24T14:22:52+08:00 ] /index.php/Account/syncWebsiteName/id/95 | SQL: SHOW COLUMNS FROM `y_system` [ RunTime:0.000534s ]
[ 2012-11-24T14:22:52+08:00 ] /index.php/Account/syncWebsiteName/id/95 | SQL: update y_system set company='曹大猷',website='曹大猷',copyright='2012版权所有  曹大猷',seo_title='曹大猷',seo_keywords='曹大猷',seo_description='曹大猷' [ RunTime:0.000238s ]
[ 2012-11-24T14:22:52+08:00 ] /index.php/Account/syncWebsiteName/id/95 | NOTIC: [2] mysql_num_rows(): supplied argument is not a valid MySQL result resource DbMysql.class.php 第 129 行.
[ 2012-11-24T14:22:52+08:00 ] /index.php/Account/syncWebsiteName/id/95 | NOTIC: [2] mysql_free_result(): supplied argument is not a valid MySQL result resource DbMysql.class.php 第 97 行.
[ 2012-11-24T14:22:52+08:00 ] /index.php/Account/syncWebsiteName/id/95 | SQL: update y_system set copyright='版权所有@曹大猷' where lang='mobile' [ RunTime:0.000169s ]
[ 2012-11-24T14:22:52+08:00 ] /index.php/Account/syncWebsiteName/id/95 | NOTIC: [2] mysql_num_rows(): supplied argument is not a valid MySQL result resource DbMysql.class.php 第 129 行.
[ 2012-11-24T14:22:53+08:00 ] /index.php/Index/main | SQL: SHOW COLUMNS FROM `y_account` [ RunTime:0.001214s ]
[ 2012-11-24T14:22:53+08:00 ] /index.php/Index/main | SQL: SELECT * FROM `y_account` WHERE ( `id` = '95' ) LIMIT 1  [ RunTime:0.000072s ]
[ 2012-11-24T14:22:53+08:00 ] /index.php/Index/main | SQL: SHOW COLUMNS FROM `y_category` [ RunTime:0.000542s ]
[ 2012-11-24T14:22:53+08:00 ] /index.php/Index/main | SQL: SELECT * FROM `y_account` ORDER BY id desc [ RunTime:0.000170s ]
[ 2012-11-24T14:22:53+08:00 ] /index.php/Index/main | NOTIC: [8] Undefined index:  searchkey IndexAction.class.php 第 27 行.
[ 2012-11-24T14:22:53+08:00 ] /index.php/Index/main | NOTIC: [8] Undefined variable: where IndexAction.class.php 第 31 行.
[ 2012-11-24T14:22:53+08:00 ] /index.php/Index/main | SQL: SELECT COUNT(*) AS tp_count FROM `y_account` LIMIT 1  [ RunTime:0.000063s ]
[ 2012-11-24T14:22:53+08:00 ] /index.php/Index/main | SQL: SELECT * FROM `y_account` ORDER BY `id` desc LIMIT 0,20  [ RunTime:0.000098s ]
[ 2012-11-24T14:22:53+08:00 ] /index.php/Index/main | NOTIC: [2] Invalid argument supplied for foreach() CommonAction.class.php 第 159 行.
[ 2012-11-24T14:23:03+08:00 ] /index.php/Index/main | SQL: SHOW COLUMNS FROM `y_account` [ RunTime:0.001280s ]
[ 2012-11-24T14:23:03+08:00 ] /index.php/Index/main | SQL: SELECT * FROM `y_account` WHERE ( `id` = '94' ) LIMIT 1  [ RunTime:0.000078s ]
[ 2012-11-24T14:23:03+08:00 ] /index.php/Index/main | SQL: SHOW COLUMNS FROM `y_category` [ RunTime:0.000506s ]
[ 2012-11-24T14:23:03+08:00 ] /index.php/Index/main | SQL: SELECT * FROM `y_account` ORDER BY id desc [ RunTime:0.000176s ]
[ 2012-11-24T14:23:03+08:00 ] /index.php/Index/main | NOTIC: [8] Undefined index:  searchkey IndexAction.class.php 第 27 行.
[ 2012-11-24T14:23:03+08:00 ] /index.php/Index/main | NOTIC: [8] Undefined variable: where IndexAction.class.php 第 31 行.
[ 2012-11-24T14:23:03+08:00 ] /index.php/Index/main | SQL: SELECT COUNT(*) AS tp_count FROM `y_account` LIMIT 1  [ RunTime:0.000062s ]
[ 2012-11-24T14:23:03+08:00 ] /index.php/Index/main | SQL: SELECT * FROM `y_account` ORDER BY `id` desc LIMIT 0,20  [ RunTime:0.000084s ]
[ 2012-11-24T14:23:03+08:00 ] /index.php/Index/main | NOTIC: [2] Invalid argument supplied for foreach() CommonAction.class.php 第 159 行.
[ 2012-11-24T14:23:04+08:00 ] /index.php/Account/edit/id/94 | SQL: SHOW COLUMNS FROM `y_account` [ RunTime:0.001467s ]
[ 2012-11-24T14:23:04+08:00 ] /index.php/Account/edit/id/94 | SQL: SELECT * FROM `y_account` WHERE ( `id` = '94' ) LIMIT 1  [ RunTime:0.000074s ]
[ 2012-11-24T14:23:04+08:00 ] /index.php/Account/edit/id/94 | SQL: SHOW COLUMNS FROM `y_category` [ RunTime:0.000766s ]
[ 2012-11-24T14:23:04+08:00 ] /index.php/Account/edit/id/94 | SQL: SELECT `modules` FROM `y_account` WHERE ( `id` = '94' ) LIMIT 1  [ RunTime:0.000208s ]
[ 2012-11-24T14:23:04+08:00 ] /index.php/Account/edit/id/94 | SQL: SELECT * FROM `y_category` WHERE ( `id` IN ('36','19','20','21','22','23','27','37') ) ORDER BY ordernum desc [ RunTime:0.000068s ]
[ 2012-11-24T14:23:04+08:00 ] /index.php/Account/edit/id/94 | SQL: SELECT * FROM `y_category` WHERE ( `pid` = 11 ) ORDER BY ordernum desc [ RunTime:0.000066s ]
[ 2012-11-24T14:23:04+08:00 ] /index.php/Account/edit/id/94 | NOTIC: [8] Undefined index:  tab_id 196c657f8b82048b1beeb0f9599f5fdc.php 第 287 行.
[ 2012-11-24T14:23:06+08:00 ] /index.php/Account/syncWebsiteName/id/94 | SQL: SHOW COLUMNS FROM `y_account` [ RunTime:0.001239s ]
[ 2012-11-24T14:23:06+08:00 ] /index.php/Account/syncWebsiteName/id/94 | SQL: SELECT * FROM `y_account` WHERE ( `id` = '94' ) LIMIT 1  [ RunTime:0.000069s ]
[ 2012-11-24T14:23:06+08:00 ] /index.php/Account/syncWebsiteName/id/94 | SQL: SHOW COLUMNS FROM `y_category` [ RunTime:0.000735s ]
[ 2012-11-24T14:23:06+08:00 ] /index.php/Account/syncWebsiteName/id/94 | SQL: SELECT * FROM `y_account` WHERE ( `id` = '94' ) LIMIT 1  [ RunTime:0.000073s ]
[ 2012-11-24T14:23:06+08:00 ] /index.php/Account/syncWebsiteName/id/94 | SQL: SHOW COLUMNS FROM `y_system` [ RunTime:0.000459s ]
[ 2012-11-24T14:23:06+08:00 ] /index.php/Account/syncWebsiteName/id/94 | SQL: update y_system set company='曹大猷',website='曹大猷',copyright='2012版权所有  曹大猷',seo_title='曹大猷',seo_keywords='曹大猷',seo_description='曹大猷' [ RunTime:0.000427s ]
[ 2012-11-24T14:23:06+08:00 ] /index.php/Account/syncWebsiteName/id/94 | NOTIC: [2] mysql_num_rows(): supplied argument is not a valid MySQL result resource DbMysql.class.php 第 129 行.
[ 2012-11-24T14:23:06+08:00 ] /index.php/Account/syncWebsiteName/id/94 | NOTIC: [2] mysql_free_result(): supplied argument is not a valid MySQL result resource DbMysql.class.php 第 97 行.
[ 2012-11-24T14:23:06+08:00 ] /index.php/Account/syncWebsiteName/id/94 | SQL: update y_system set copyright='版权所有@曹大猷' where lang='mobile' [ RunTime:0.016659s ]
[ 2012-11-24T14:23:06+08:00 ] /index.php/Account/syncWebsiteName/id/94 | NOTIC: [2] mysql_num_rows(): supplied argument is not a valid MySQL result resource DbMysql.class.php 第 129 行.
[ 2012-11-24T14:23:07+08:00 ] /index.php/Index/main | SQL: SHOW COLUMNS FROM `y_account` [ RunTime:0.001039s ]
[ 2012-11-24T14:23:07+08:00 ] /index.php/Index/main | SQL: SELECT * FROM `y_account` WHERE ( `id` = '94' ) LIMIT 1  [ RunTime:0.000079s ]
[ 2012-11-24T14:23:07+08:00 ] /index.php/Index/main | SQL: SHOW COLUMNS FROM `y_category` [ RunTime:0.000473s ]
[ 2012-11-24T14:23:07+08:00 ] /index.php/Index/main | SQL: SELECT * FROM `y_account` ORDER BY id desc [ RunTime:0.000176s ]
[ 2012-11-24T14:23:07+08:00 ] /index.php/Index/main | NOTIC: [8] Undefined index:  searchkey IndexAction.class.php 第 27 行.
[ 2012-11-24T14:23:07+08:00 ] /index.php/Index/main | NOTIC: [8] Undefined variable: where IndexAction.class.php 第 31 行.
[ 2012-11-24T14:23:07+08:00 ] /index.php/Index/main | SQL: SELECT COUNT(*) AS tp_count FROM `y_account` LIMIT 1  [ RunTime:0.000056s ]
[ 2012-11-24T14:23:07+08:00 ] /index.php/Index/main | SQL: SELECT * FROM `y_account` ORDER BY `id` desc LIMIT 0,20  [ RunTime:0.000080s ]
[ 2012-11-24T14:23:07+08:00 ] /index.php/Index/main | NOTIC: [2] Invalid argument supplied for foreach() CommonAction.class.php 第 159 行.
[ 2012-11-24T14:32:41+08:00 ] /index.php/Account/edit/id/95 | SQL: SHOW COLUMNS FROM `y_account` [ RunTime:0.001524s ]
[ 2012-11-24T14:32:41+08:00 ] /index.php/Account/edit/id/95 | SQL: SELECT * FROM `y_account` WHERE ( `id` = '95' ) LIMIT 1  [ RunTime:0.000143s ]
[ 2012-11-24T14:32:41+08:00 ] /index.php/Account/edit/id/95 | SQL: SHOW COLUMNS FROM `y_category` [ RunTime:0.000469s ]
[ 2012-11-24T14:32:41+08:00 ] /index.php/Account/edit/id/95 | SQL: SELECT `modules` FROM `y_account` WHERE ( `id` = '95' ) LIMIT 1  [ RunTime:0.000185s ]
[ 2012-11-24T14:32:41+08:00 ] /index.php/Account/edit/id/95 | SQL: SELECT * FROM `y_category` WHERE ( `id` IN ('36','19','20','21','22','23','27','37') ) ORDER BY ordernum desc [ RunTime:0.000074s ]
[ 2012-11-24T14:32:41+08:00 ] /index.php/Account/edit/id/95 | SQL: SELECT * FROM `y_category` WHERE ( `pid` = 11 ) ORDER BY ordernum desc [ RunTime:0.000066s ]
[ 2012-11-24T14:32:41+08:00 ] /index.php/Account/edit/id/95 | NOTIC: [8] Undefined index:  tab_id 196c657f8b82048b1beeb0f9599f5fdc.php 第 287 行.
[ 2012-11-24T14:32:50+08:00 ] /index.php/Account/edit/id/95/tab_id/test1 | SQL: SHOW COLUMNS FROM `y_account` [ RunTime:0.001549s ]
[ 2012-11-24T14:32:50+08:00 ] /index.php/Account/edit/id/95/tab_id/test1 | SQL: SELECT * FROM `y_account` WHERE ( `id` = '95' ) LIMIT 1  [ RunTime:0.000246s ]
[ 2012-11-24T14:32:50+08:00 ] /index.php/Account/edit/id/95/tab_id/test1 | SQL: SHOW COLUMNS FROM `y_category` [ RunTime:0.000532s ]
[ 2012-11-24T14:32:50+08:00 ] /index.php/Account/edit/id/95/tab_id/test1 | SQL: SELECT `modules` FROM `y_account` WHERE ( `id` = '95' ) LIMIT 1  [ RunTime:0.000215s ]
[ 2012-11-24T14:32:50+08:00 ] /index.php/Account/edit/id/95/tab_id/test1 | SQL: SELECT * FROM `y_category` WHERE ( `id` IN ('36','19','20','21','22','23','27','37') ) ORDER BY ordernum desc [ RunTime:0.000087s ]
[ 2012-11-24T14:32:50+08:00 ] /index.php/Account/edit/id/95/tab_id/test1 | SQL: SELECT * FROM `y_category` WHERE ( `pid` = 11 ) ORDER BY ordernum desc [ RunTime:0.000094s ]
[ 2012-11-24T14:32:51+08:00 ] /index.php/Index/main | SQL: SHOW COLUMNS FROM `y_account` [ RunTime:0.001310s ]
[ 2012-11-24T14:32:51+08:00 ] /index.php/Index/main | SQL: SELECT * FROM `y_account` WHERE ( `id` = '95' ) LIMIT 1  [ RunTime:0.000084s ]
[ 2012-11-24T14:32:51+08:00 ] /index.php/Index/main | SQL: SHOW COLUMNS FROM `y_category` [ RunTime:0.000448s ]
[ 2012-11-24T14:32:51+08:00 ] /index.php/Index/main | SQL: SELECT * FROM `y_account` ORDER BY id desc [ RunTime:0.000865s ]
[ 2012-11-24T14:32:51+08:00 ] /index.php/Index/main | NOTIC: [8] Undefined index:  searchkey IndexAction.class.php 第 27 行.
[ 2012-11-24T14:32:51+08:00 ] /index.php/Index/main | NOTIC: [8] Undefined variable: where IndexAction.class.php 第 31 行.
[ 2012-11-24T14:32:51+08:00 ] /index.php/Index/main | SQL: SELECT COUNT(*) AS tp_count FROM `y_account` LIMIT 1  [ RunTime:0.000169s ]
[ 2012-11-24T14:32:51+08:00 ] /index.php/Index/main | SQL: SELECT * FROM `y_account` ORDER BY `id` desc LIMIT 0,20  [ RunTime:0.000342s ]
[ 2012-11-24T14:32:51+08:00 ] /index.php/Index/main | NOTIC: [2] Invalid argument supplied for foreach() CommonAction.class.php 第 159 行.
[ 2012-11-24T14:32:51+08:00 ] /index.php/Account/edit/id/95/tab_id/test2 | SQL: SHOW COLUMNS FROM `y_account` [ RunTime:0.001251s ]
[ 2012-11-24T14:32:51+08:00 ] /index.php/Account/edit/id/95/tab_id/test2 | SQL: SELECT * FROM `y_account` WHERE ( `id` = '95' ) LIMIT 1  [ RunTime:0.000072s ]
[ 2012-11-24T14:32:51+08:00 ] /index.php/Account/edit/id/95/tab_id/test2 | SQL: SHOW COLUMNS FROM `y_category` [ RunTime:0.000434s ]
[ 2012-11-24T14:32:51+08:00 ] /index.php/Account/edit/id/95/tab_id/test2 | SQL: SELECT `modules` FROM `y_account` WHERE ( `id` = '95' ) LIMIT 1  [ RunTime:0.000058s ]
[ 2012-11-24T14:32:51+08:00 ] /index.php/Account/edit/id/95/tab_id/test2 | SQL: SELECT * FROM `y_category` WHERE ( `id` IN ('36','19','20','21','22','23','27','37') ) ORDER BY ordernum desc [ RunTime:0.000093s ]
[ 2012-11-24T14:32:51+08:00 ] /index.php/Account/edit/id/95/tab_id/test2 | SQL: SELECT * FROM `y_category` WHERE ( `pid` = 11 ) ORDER BY ordernum desc [ RunTime:0.000067s ]
[ 2012-11-24T14:32:55+08:00 ] /index.php/Index/main | SQL: SHOW COLUMNS FROM `y_account` [ RunTime:0.001001s ]
[ 2012-11-24T14:32:55+08:00 ] /index.php/Index/main | SQL: SELECT * FROM `y_account` WHERE ( `id` = '95' ) LIMIT 1  [ RunTime:0.000070s ]
[ 2012-11-24T14:32:55+08:00 ] /index.php/Index/main | SQL: SHOW COLUMNS FROM `y_category` [ RunTime:0.000421s ]
[ 2012-11-24T14:32:55+08:00 ] /index.php/Index/main | SQL: SELECT * FROM `y_account` ORDER BY id desc [ RunTime:0.000255s ]
[ 2012-11-24T14:32:55+08:00 ] /index.php/Index/main | NOTIC: [8] Undefined index:  searchkey IndexAction.class.php 第 27 行.
[ 2012-11-24T14:32:55+08:00 ] /index.php/Index/main | NOTIC: [8] Undefined variable: where IndexAction.class.php 第 31 行.
[ 2012-11-24T14:32:55+08:00 ] /index.php/Index/main | SQL: SELECT COUNT(*) AS tp_count FROM `y_account` LIMIT 1  [ RunTime:0.000092s ]
[ 2012-11-24T14:32:55+08:00 ] /index.php/Index/main | SQL: SELECT * FROM `y_account` ORDER BY `id` desc LIMIT 0,20  [ RunTime:0.000093s ]
[ 2012-11-24T14:32:55+08:00 ] /index.php/Index/main | NOTIC: [2] Invalid argument supplied for foreach() CommonAction.class.php 第 159 行.
[ 2012-11-24T14:33:16+08:00 ] /index.php/Account/edit/id/94 | SQL: SHOW COLUMNS FROM `y_account` [ RunTime:0.001443s ]
[ 2012-11-24T14:33:16+08:00 ] /index.php/Account/edit/id/94 | SQL: SELECT * FROM `y_account` WHERE ( `id` = '94' ) LIMIT 1  [ RunTime:0.000272s ]
[ 2012-11-24T14:33:16+08:00 ] /index.php/Account/edit/id/94 | SQL: SHOW COLUMNS FROM `y_category` [ RunTime:0.000638s ]
[ 2012-11-24T14:33:16+08:00 ] /index.php/Account/edit/id/94 | SQL: SELECT `modules` FROM `y_account` WHERE ( `id` = '94' ) LIMIT 1  [ RunTime:0.000188s ]
[ 2012-11-24T14:33:16+08:00 ] /index.php/Account/edit/id/94 | SQL: SELECT * FROM `y_category` WHERE ( `id` IN ('36','19','20','21','22','23','27','37') ) ORDER BY ordernum desc [ RunTime:0.000063s ]
[ 2012-11-24T14:33:16+08:00 ] /index.php/Account/edit/id/94 | SQL: SELECT * FROM `y_category` WHERE ( `pid` = 11 ) ORDER BY ordernum desc [ RunTime:0.000065s ]
[ 2012-11-24T14:33:16+08:00 ] /index.php/Account/edit/id/94 | NOTIC: [8] Undefined index:  tab_id 196c657f8b82048b1beeb0f9599f5fdc.php 第 287 行.
[ 2012-11-24T14:33:21+08:00 ] /index.php/Account/edit/id/94/tab_id/test1 | SQL: SHOW COLUMNS FROM `y_account` [ RunTime:0.001386s ]
[ 2012-11-24T14:33:21+08:00 ] /index.php/Account/edit/id/94/tab_id/test1 | SQL: SELECT * FROM `y_account` WHERE ( `id` = '94' ) LIMIT 1  [ RunTime:0.000290s ]
[ 2012-11-24T14:33:21+08:00 ] /index.php/Account/edit/id/94/tab_id/test1 | SQL: SHOW COLUMNS FROM `y_category` [ RunTime:0.000582s ]
[ 2012-11-24T14:33:21+08:00 ] /index.php/Account/edit/id/94/tab_id/test1 | SQL: SELECT `modules` FROM `y_account` WHERE ( `id` = '94' ) LIMIT 1  [ RunTime:0.000199s ]
[ 2012-11-24T14:33:21+08:00 ] /index.php/Account/edit/id/94/tab_id/test1 | SQL: SELECT * FROM `y_category` WHERE ( `id` IN ('36','19','20','21','22','23','27','37') ) ORDER BY ordernum desc [ RunTime:0.000065s ]
[ 2012-11-24T14:33:21+08:00 ] /index.php/Account/edit/id/94/tab_id/test1 | SQL: SELECT * FROM `y_category` WHERE ( `pid` = 11 ) ORDER BY ordernum desc [ RunTime:0.000065s ]
[ 2012-11-24T14:33:23+08:00 ] /index.php/Index/main | SQL: SHOW COLUMNS FROM `y_account` [ RunTime:0.001257s ]
[ 2012-11-24T14:33:23+08:00 ] /index.php/Index/main | SQL: SELECT * FROM `y_account` WHERE ( `id` = '94' ) LIMIT 1  [ RunTime:0.000070s ]
[ 2012-11-24T14:33:23+08:00 ] /index.php/Index/main | SQL: SHOW COLUMNS FROM `y_category` [ RunTime:0.000433s ]
[ 2012-11-24T14:33:23+08:00 ] /index.php/Index/main | SQL: SELECT * FROM `y_account` ORDER BY id desc [ RunTime:0.000677s ]
[ 2012-11-24T14:33:23+08:00 ] /index.php/Index/main | NOTIC: [8] Undefined index:  searchkey IndexAction.class.php 第 27 行.
[ 2012-11-24T14:33:23+08:00 ] /index.php/Index/main | NOTIC: [8] Undefined variable: where IndexAction.class.php 第 31 行.
[ 2012-11-24T14:33:23+08:00 ] /index.php/Index/main | SQL: SELECT COUNT(*) AS tp_count FROM `y_account` LIMIT 1  [ RunTime:0.000141s ]
[ 2012-11-24T14:33:23+08:00 ] /index.php/Index/main | SQL: SELECT * FROM `y_account` ORDER BY `id` desc LIMIT 0,20  [ RunTime:0.000339s ]
[ 2012-11-24T14:33:23+08:00 ] /index.php/Index/main | NOTIC: [2] Invalid argument supplied for foreach() CommonAction.class.php 第 159 行.
[ 2012-11-24T14:33:23+08:00 ] /index.php/Account/edit/id/94/tab_id/test2 | SQL: SHOW COLUMNS FROM `y_account` [ RunTime:0.001257s ]
[ 2012-11-24T14:33:23+08:00 ] /index.php/Account/edit/id/94/tab_id/test2 | SQL: SELECT * FROM `y_account` WHERE ( `id` = '94' ) LIMIT 1  [ RunTime:0.000076s ]
[ 2012-11-24T14:33:23+08:00 ] /index.php/Account/edit/id/94/tab_id/test2 | SQL: SHOW COLUMNS FROM `y_category` [ RunTime:0.000693s ]
[ 2012-11-24T14:33:23+08:00 ] /index.php/Account/edit/id/94/tab_id/test2 | SQL: SELECT `modules` FROM `y_account` WHERE ( `id` = '94' ) LIMIT 1  [ RunTime:0.000065s ]
[ 2012-11-24T14:33:23+08:00 ] /index.php/Account/edit/id/94/tab_id/test2 | SQL: SELECT * FROM `y_category` WHERE ( `id` IN ('36','19','20','21','22','23','27','37') ) ORDER BY ordernum desc [ RunTime:0.000073s ]
[ 2012-11-24T14:33:23+08:00 ] /index.php/Account/edit/id/94/tab_id/test2 | SQL: SELECT * FROM `y_category` WHERE ( `pid` = 11 ) ORDER BY ordernum desc [ RunTime:0.000069s ]
[ 2012-11-24T14:33:27+08:00 ] /index.php/Index/main | SQL: SHOW COLUMNS FROM `y_account` [ RunTime:0.001456s ]
[ 2012-11-24T14:33:27+08:00 ] /index.php/Index/main | SQL: SELECT * FROM `y_account` WHERE ( `id` = '94' ) LIMIT 1  [ RunTime:0.000115s ]
[ 2012-11-24T14:33:27+08:00 ] /index.php/Index/main | SQL: SHOW COLUMNS FROM `y_category` [ RunTime:0.000752s ]
[ 2012-11-24T14:33:27+08:00 ] /index.php/Index/main | SQL: SELECT * FROM `y_account` ORDER BY id desc [ RunTime:0.000207s ]
[ 2012-11-24T14:33:27+08:00 ] /index.php/Index/main | NOTIC: [8] Undefined index:  searchkey IndexAction.class.php 第 27 行.
[ 2012-11-24T14:33:27+08:00 ] /index.php/Index/main | NOTIC: [8] Undefined variable: where IndexAction.class.php 第 31 行.
[ 2012-11-24T14:33:27+08:00 ] /index.php/Index/main | SQL: SELECT COUNT(*) AS tp_count FROM `y_account` LIMIT 1  [ RunTime:0.000087s ]
[ 2012-11-24T14:33:27+08:00 ] /index.php/Index/main | SQL: SELECT * FROM `y_account` ORDER BY `id` desc LIMIT 0,20  [ RunTime:0.000085s ]
[ 2012-11-24T14:33:27+08:00 ] /index.php/Index/main | NOTIC: [2] Invalid argument supplied for foreach() CommonAction.class.php 第 159 行.
[ 2012-11-24T14:34:54+08:00 ] /index.php/Account/edit/id/96 | SQL: SHOW COLUMNS FROM `y_account` [ RunTime:0.001276s ]
[ 2012-11-24T14:34:54+08:00 ] /index.php/Account/edit/id/96 | SQL: SELECT * FROM `y_account` WHERE ( `id` = '96' ) LIMIT 1  [ RunTime:0.000274s ]
[ 2012-11-24T14:34:54+08:00 ] /index.php/Account/edit/id/96 | SQL: SHOW COLUMNS FROM `y_category` [ RunTime:0.000464s ]
[ 2012-11-24T14:34:54+08:00 ] /index.php/Account/edit/id/96 | SQL: SELECT `modules` FROM `y_account` WHERE ( `id` = '96' ) LIMIT 1  [ RunTime:0.000200s ]
[ 2012-11-24T14:34:54+08:00 ] /index.php/Account/edit/id/96 | SQL: SELECT * FROM `y_category` WHERE ( `id` IN ('36','19','20','21','22','23','27','37') ) ORDER BY ordernum desc [ RunTime:0.000064s ]
[ 2012-11-24T14:34:54+08:00 ] /index.php/Account/edit/id/96 | SQL: SELECT * FROM `y_category` WHERE ( `pid` = 11 ) ORDER BY ordernum desc [ RunTime:0.000086s ]
[ 2012-11-24T14:34:54+08:00 ] /index.php/Account/edit/id/96 | NOTIC: [8] Undefined index:  tab_id 196c657f8b82048b1beeb0f9599f5fdc.php 第 287 行.
[ 2012-11-24T14:35:04+08:00 ] /index.php/Account/edit/id/96/tab_id/test1 | SQL: SHOW COLUMNS FROM `y_account` [ RunTime:0.001230s ]
[ 2012-11-24T14:35:04+08:00 ] /index.php/Account/edit/id/96/tab_id/test1 | SQL: SELECT * FROM `y_account` WHERE ( `id` = '96' ) LIMIT 1  [ RunTime:0.000256s ]
[ 2012-11-24T14:35:04+08:00 ] /index.php/Account/edit/id/96/tab_id/test1 | SQL: SHOW COLUMNS FROM `y_category` [ RunTime:0.000432s ]
[ 2012-11-24T14:35:04+08:00 ] /index.php/Account/edit/id/96/tab_id/test1 | SQL: SELECT `modules` FROM `y_account` WHERE ( `id` = '96' ) LIMIT 1  [ RunTime:0.000184s ]
[ 2012-11-24T14:35:04+08:00 ] /index.php/Account/edit/id/96/tab_id/test1 | SQL: SELECT * FROM `y_category` WHERE ( `id` IN ('36','19','20','21','22','23','27','37') ) ORDER BY ordernum desc [ RunTime:0.000063s ]
[ 2012-11-24T14:35:04+08:00 ] /index.php/Account/edit/id/96/tab_id/test1 | SQL: SELECT * FROM `y_category` WHERE ( `pid` = 11 ) ORDER BY ordernum desc [ RunTime:0.000064s ]
[ 2012-11-24T14:35:05+08:00 ] /index.php/Index/main | SQL: SHOW COLUMNS FROM `y_account` [ RunTime:0.001227s ]
[ 2012-11-24T14:35:05+08:00 ] /index.php/Index/main | SQL: SELECT * FROM `y_account` WHERE ( `id` = '96' ) LIMIT 1  [ RunTime:0.000104s ]
[ 2012-11-24T14:35:05+08:00 ] /index.php/Index/main | SQL: SHOW COLUMNS FROM `y_category` [ RunTime:0.000431s ]
[ 2012-11-24T14:35:05+08:00 ] /index.php/Index/main | SQL: SELECT * FROM `y_account` ORDER BY id desc [ RunTime:0.000644s ]
[ 2012-11-24T14:35:05+08:00 ] /index.php/Index/main | NOTIC: [8] Undefined index:  searchkey IndexAction.class.php 第 27 行.
[ 2012-11-24T14:35:05+08:00 ] /index.php/Index/main | NOTIC: [8] Undefined variable: where IndexAction.class.php 第 31 行.
[ 2012-11-24T14:35:05+08:00 ] /index.php/Index/main | SQL: SELECT COUNT(*) AS tp_count FROM `y_account` LIMIT 1  [ RunTime:0.000149s ]
[ 2012-11-24T14:35:05+08:00 ] /index.php/Index/main | SQL: SELECT * FROM `y_account` ORDER BY `id` desc LIMIT 0,20  [ RunTime:0.000307s ]
[ 2012-11-24T14:35:05+08:00 ] /index.php/Index/main | NOTIC: [2] Invalid argument supplied for foreach() CommonAction.class.php 第 159 行.
[ 2012-11-24T14:35:05+08:00 ] /index.php/Account/edit/id/96/tab_id/test2 | SQL: SHOW COLUMNS FROM `y_account` [ RunTime:0.001236s ]
[ 2012-11-24T14:35:05+08:00 ] /index.php/Account/edit/id/96/tab_id/test2 | SQL: SELECT * FROM `y_account` WHERE ( `id` = '96' ) LIMIT 1  [ RunTime:0.000074s ]
[ 2012-11-24T14:35:05+08:00 ] /index.php/Account/edit/id/96/tab_id/test2 | SQL: SHOW COLUMNS FROM `y_category` [ RunTime:0.000460s ]
[ 2012-11-24T14:35:05+08:00 ] /index.php/Account/edit/id/96/tab_id/test2 | SQL: SELECT `modules` FROM `y_account` WHERE ( `id` = '96' ) LIMIT 1  [ RunTime:0.000058s ]
[ 2012-11-24T14:35:05+08:00 ] /index.php/Account/edit/id/96/tab_id/test2 | SQL: SELECT * FROM `y_category` WHERE ( `id` IN ('36','19','20','21','22','23','27','37') ) ORDER BY ordernum desc [ RunTime:0.000064s ]
[ 2012-11-24T14:35:05+08:00 ] /index.php/Account/edit/id/96/tab_id/test2 | SQL: SELECT * FROM `y_category` WHERE ( `pid` = 11 ) ORDER BY ordernum desc [ RunTime:0.000064s ]
[ 2012-11-24T14:35:09+08:00 ] /index.php/Index/main | SQL: SHOW COLUMNS FROM `y_account` [ RunTime:0.000929s ]
[ 2012-11-24T14:35:09+08:00 ] /index.php/Index/main | SQL: SELECT * FROM `y_account` WHERE ( `id` = '96' ) LIMIT 1  [ RunTime:0.000099s ]
[ 2012-11-24T14:35:09+08:00 ] /index.php/Index/main | SQL: SHOW COLUMNS FROM `y_category` [ RunTime:0.000466s ]
[ 2012-11-24T14:35:09+08:00 ] /index.php/Index/main | SQL: SELECT * FROM `y_account` ORDER BY id desc [ RunTime:0.000158s ]
[ 2012-11-24T14:35:09+08:00 ] /index.php/Index/main | NOTIC: [8] Undefined index:  searchkey IndexAction.class.php 第 27 行.
[ 2012-11-24T14:35:09+08:00 ] /index.php/Index/main | NOTIC: [8] Undefined variable: where IndexAction.class.php 第 31 行.
[ 2012-11-24T14:35:09+08:00 ] /index.php/Index/main | SQL: SELECT COUNT(*) AS tp_count FROM `y_account` LIMIT 1  [ RunTime:0.000055s ]
[ 2012-11-24T14:35:09+08:00 ] /index.php/Index/main | SQL: SELECT * FROM `y_account` ORDER BY `id` desc LIMIT 0,20  [ RunTime:0.000079s ]
[ 2012-11-24T14:35:09+08:00 ] /index.php/Index/main | NOTIC: [2] Invalid argument supplied for foreach() CommonAction.class.php 第 159 行.
[ 2012-11-24T15:01:17+08:00 ] / | NOTIC: [8] Undefined index:  account_id CommonAction.class.php 第 17 行.
[ 2012-11-24T15:01:17+08:00 ] / | SQL: SHOW COLUMNS FROM `y_account` [ RunTime:0.001042s ]
[ 2012-11-24T15:01:17+08:00 ] / | NOTIC: [2] mysql_connect() [<a href='function.mysql-connect'>function.mysql-connect</a>]: Access denied for user 'xiaoluo'@'localhost' (using password: NO) CommonAction.class.php 第 125 行.
[ 2012-11-24T15:01:17+08:00 ] /index.php/Index/left | NOTIC: [8] Undefined index:  account_id CommonAction.class.php 第 17 行.
[ 2012-11-24T15:01:17+08:00 ] /index.php/Index/left | SQL: SHOW COLUMNS FROM `y_account` [ RunTime:0.001260s ]
[ 2012-11-24T15:01:17+08:00 ] /index.php/Index/left | NOTIC: [2] mysql_connect() [<a href='function.mysql-connect'>function.mysql-connect</a>]: Access denied for user 'xiaoluo'@'localhost' (using password: NO) CommonAction.class.php 第 125 行.
[ 2012-11-24T15:01:17+08:00 ] /index.php/Index/left | NOTIC: [8] Undefined index:  account_id 196c657f8b82048b1beeb0f9599f5fdc.php 第 15 行.
[ 2012-11-24T15:01:17+08:00 ] /index.php/Index/left | NOTIC: [8] Undefined variable: isConnect 196c657f8b82048b1beeb0f9599f5fdc.php 第 59 行.
[ 2012-11-24T15:01:17+08:00 ] /index.php/Index/left | NOTIC: [8] Undefined variable: langList 196c657f8b82048b1beeb0f9599f5fdc.php 第 114 行.
[ 2012-11-24T15:01:17+08:00 ] /index.php/Index/left | NOTIC: [8] Undefined variable: moduleList 196c657f8b82048b1beeb0f9599f5fdc.php 第 220 行.
[ 2012-11-24T15:01:17+08:00 ] /index.php/Index/left | NOTIC: [8] Undefined index:  tab_id 196c657f8b82048b1beeb0f9599f5fdc.php 第 287 行.
[ 2012-11-24T15:01:17+08:00 ] /index.php/Index/main | NOTIC: [8] Undefined index:  account_id CommonAction.class.php 第 17 行.
[ 2012-11-24T15:01:17+08:00 ] /index.php/Index/main | SQL: SHOW COLUMNS FROM `y_account` [ RunTime:0.001273s ]
[ 2012-11-24T15:01:17+08:00 ] /index.php/Index/main | NOTIC: [2] mysql_connect() [<a href='function.mysql-connect'>function.mysql-connect</a>]: Access denied for user 'xiaoluo'@'localhost' (using password: NO) CommonAction.class.php 第 125 行.
[ 2012-11-24T15:01:17+08:00 ] /index.php/Index/main | SQL: SELECT * FROM `y_account` ORDER BY id desc [ RunTime:0.000177s ]
[ 2012-11-24T15:01:17+08:00 ] /index.php/Index/main | NOTIC: [8] Undefined index:  searchkey IndexAction.class.php 第 27 行.
[ 2012-11-24T15:01:17+08:00 ] /index.php/Index/main | NOTIC: [8] Undefined variable: where IndexAction.class.php 第 31 行.
[ 2012-11-24T15:01:17+08:00 ] /index.php/Index/main | SQL: SELECT COUNT(*) AS tp_count FROM `y_account` LIMIT 1  [ RunTime:0.000058s ]
[ 2012-11-24T15:01:17+08:00 ] /index.php/Index/main | SQL: SELECT * FROM `y_account` ORDER BY `id` desc LIMIT 0,20  [ RunTime:0.000082s ]
[ 2012-11-24T15:01:17+08:00 ] /index.php/Index/main | NOTIC: [2] Invalid argument supplied for foreach() CommonAction.class.php 第 159 行.
[ 2012-11-24T15:01:21+08:00 ] /index.php/Index/main?searchkey=003 | NOTIC: [8] Undefined index:  account_id CommonAction.class.php 第 17 行.
[ 2012-11-24T15:01:21+08:00 ] /index.php/Index/main?searchkey=003 | SQL: SHOW COLUMNS FROM `y_account` [ RunTime:0.001239s ]
[ 2012-11-24T15:01:21+08:00 ] /index.php/Index/main?searchkey=003 | NOTIC: [2] mysql_connect() [<a href='function.mysql-connect'>function.mysql-connect</a>]: Access denied for user 'xiaoluo'@'localhost' (using password: NO) CommonAction.class.php 第 125 行.
[ 2012-11-24T15:01:21+08:00 ] /index.php/Index/main?searchkey=003 | SQL: SELECT * FROM `y_account` ORDER BY id desc [ RunTime:0.000175s ]
[ 2012-11-24T15:01:21+08:00 ] /index.php/Index/main?searchkey=003 | SQL: SELECT COUNT(*) AS tp_count FROM `y_account` WHERE ( website_name like '%003%' OR contract_number like '%003%' OR url like '%003%' ) LIMIT 1  [ RunTime:0.000391s ]
[ 2012-11-24T15:01:21+08:00 ] /index.php/Index/main?searchkey=003 | SQL: SELECT * FROM `y_account` WHERE ( website_name like '%003%' OR contract_number like '%003%' OR url like '%003%' ) ORDER BY `id` desc LIMIT 0,20  [ RunTime:0.000343s ]
[ 2012-11-24T15:01:21+08:00 ] /index.php/Index/main?searchkey=003 | NOTIC: [2048] Creating default object from empty value CommonAction.class.php 第 161 行.
[ 2012-11-24T15:25:35+08:00 ] /index.php/Index/main | NOTIC: [8] Undefined index:  account_id CommonAction.class.php 第 17 行.
[ 2012-11-24T15:25:35+08:00 ] /index.php/Index/main | SQL: SHOW COLUMNS FROM `y_account` [ RunTime:0.001769s ]
[ 2012-11-24T15:25:35+08:00 ] /index.php/Index/main | NOTIC: [2] mysql_connect() [<a href='function.mysql-connect'>function.mysql-connect</a>]: Access denied for user 'xiaoluo'@'localhost' (using password: NO) CommonAction.class.php 第 125 行.
[ 2012-11-24T15:25:35+08:00 ] /index.php/Index/main | SQL: SELECT * FROM `y_account` ORDER BY id desc [ RunTime:0.000228s ]
[ 2012-11-24T15:25:35+08:00 ] /index.php/Index/main | NOTIC: [8] Undefined index:  searchkey IndexAction.class.php 第 27 行.
[ 2012-11-24T15:25:35+08:00 ] /index.php/Index/main | NOTIC: [8] Undefined variable: where IndexAction.class.php 第 31 行.
[ 2012-11-24T15:25:35+08:00 ] /index.php/Index/main | SQL: SELECT COUNT(*) AS tp_count FROM `y_account` LIMIT 1  [ RunTime:0.000071s ]
[ 2012-11-24T15:25:35+08:00 ] /index.php/Index/main | SQL: SELECT * FROM `y_account` ORDER BY `id` desc LIMIT 0,20  [ RunTime:0.000098s ]
[ 2012-11-24T15:25:35+08:00 ] /index.php/Index/main | NOTIC: [2] Invalid argument supplied for foreach() CommonAction.class.php 第 159 行.
[ 2012-11-24T15:25:35+08:00 ] /index.php/Index/newAccount | NOTIC: [8] Undefined index:  account_id CommonAction.class.php 第 17 行.
[ 2012-11-24T15:25:35+08:00 ] /index.php/Index/newAccount | SQL: SHOW COLUMNS FROM `y_account` [ RunTime:0.001659s ]
[ 2012-11-24T15:25:35+08:00 ] /index.php/Index/newAccount | NOTIC: [2] mysql_connect() [<a href='function.mysql-connect'>function.mysql-connect</a>]: Access denied for user 'xiaoluo'@'localhost' (using password: NO) CommonAction.class.php 第 125 行.
[ 2012-11-24T15:25:35+08:00 ] /index.php/Index/newAccount | NOTIC: [8] Undefined index:  account_id 196c657f8b82048b1beeb0f9599f5fdc.php 第 15 行.
[ 2012-11-24T15:25:35+08:00 ] /index.php/Index/newAccount | NOTIC: [8] Undefined variable: isConnect 196c657f8b82048b1beeb0f9599f5fdc.php 第 59 行.
[ 2012-11-24T15:25:35+08:00 ] /index.php/Index/newAccount | NOTIC: [8] Undefined variable: langList 196c657f8b82048b1beeb0f9599f5fdc.php 第 114 行.
[ 2012-11-24T15:25:35+08:00 ] /index.php/Index/newAccount | NOTIC: [8] Undefined variable: moduleList 196c657f8b82048b1beeb0f9599f5fdc.php 第 220 行.
[ 2012-11-24T15:25:35+08:00 ] /index.php/Index/newAccount | NOTIC: [8] Undefined index:  tab_id 196c657f8b82048b1beeb0f9599f5fdc.php 第 287 行.
[ 2012-11-24T15:26:31+08:00 ] /index.php/Index/main | SQL: SHOW COLUMNS FROM `y_account` [ RunTime:0.001020s ]
[ 2012-11-24T15:26:31+08:00 ] /index.php/Index/main | SQL: SELECT * FROM `y_account` WHERE ( `id` = 97 ) LIMIT 1  [ RunTime:0.000216s ]
[ 2012-11-24T15:26:31+08:00 ] /index.php/Index/main | NOTIC: [2] mysql_connect() [<a href='function.mysql-connect'>function.mysql-connect</a>]: Access denied for user 'xiaoluo'@'localhost' (using password: NO) CommonAction.class.php 第 125 行.
[ 2012-11-24T15:26:31+08:00 ] /index.php/Index/main | SQL: SELECT * FROM `y_account` ORDER BY id desc [ RunTime:0.000646s ]
[ 2012-11-24T15:26:31+08:00 ] /index.php/Index/main | NOTIC: [8] Undefined index:  searchkey IndexAction.class.php 第 27 行.
[ 2012-11-24T15:26:31+08:00 ] /index.php/Index/main | NOTIC: [8] Undefined variable: where IndexAction.class.php 第 31 行.
[ 2012-11-24T15:26:31+08:00 ] /index.php/Index/main | SQL: SELECT COUNT(*) AS tp_count FROM `y_account` LIMIT 1  [ RunTime:0.000164s ]
[ 2012-11-24T15:26:31+08:00 ] /index.php/Index/main | SQL: SELECT * FROM `y_account` ORDER BY `id` desc LIMIT 0,20  [ RunTime:0.000327s ]
[ 2012-11-24T15:26:31+08:00 ] /index.php/Index/main | NOTIC: [2] Invalid argument supplied for foreach() CommonAction.class.php 第 159 行.
[ 2012-11-24T15:26:31+08:00 ] /index.php/Account/edit/id/97/tab_id/test1 | SQL: SHOW COLUMNS FROM `y_account` [ RunTime:0.001023s ]
[ 2012-11-24T15:26:31+08:00 ] /index.php/Account/edit/id/97/tab_id/test1 | SQL: SELECT * FROM `y_account` WHERE ( `id` = '97' ) LIMIT 1  [ RunTime:0.000218s ]
[ 2012-11-24T15:26:31+08:00 ] /index.php/Account/edit/id/97/tab_id/test1 | NOTIC: [2] mysql_connect() [<a href='function.mysql-connect'>function.mysql-connect</a>]: Access denied for user 'xiaoluo'@'localhost' (using password: NO) CommonAction.class.php 第 125 行.
[ 2012-11-24T15:26:31+08:00 ] /index.php/Account/edit/id/97/tab_id/test1 | NOTIC: [8] Undefined variable: langList 196c657f8b82048b1beeb0f9599f5fdc.php 第 114 行.
[ 2012-11-24T15:26:31+08:00 ] /index.php/Account/edit/id/97/tab_id/test1 | NOTIC: [8] Undefined variable: moduleList 196c657f8b82048b1beeb0f9599f5fdc.php 第 220 行.
[ 2012-11-24T15:26:35+08:00 ] /index.php/Index/main | SQL: SHOW COLUMNS FROM `y_account` [ RunTime:0.001034s ]
[ 2012-11-24T15:26:35+08:00 ] /index.php/Index/main | SQL: SELECT * FROM `y_account` WHERE ( `id` = '97' ) LIMIT 1  [ RunTime:0.000074s ]
[ 2012-11-24T15:26:35+08:00 ] /index.php/Index/main | SQL: SHOW COLUMNS FROM `y_category` [ RunTime:0.000431s ]
[ 2012-11-24T15:26:35+08:00 ] /index.php/Index/main | SQL: SELECT * FROM `y_account` ORDER BY id desc [ RunTime:0.000629s ]
[ 2012-11-24T15:26:35+08:00 ] /index.php/Index/main | NOTIC: [8] Undefined index:  searchkey IndexAction.class.php 第 27 行.
[ 2012-11-24T15:26:35+08:00 ] /index.php/Index/main | NOTIC: [8] Undefined variable: where IndexAction.class.php 第 31 行.
[ 2012-11-24T15:26:35+08:00 ] /index.php/Index/main | SQL: SELECT COUNT(*) AS tp_count FROM `y_account` LIMIT 1  [ RunTime:0.000136s ]
[ 2012-11-24T15:26:35+08:00 ] /index.php/Index/main | SQL: SELECT * FROM `y_account` ORDER BY `id` desc LIMIT 0,20  [ RunTime:0.000315s ]
[ 2012-11-24T15:26:35+08:00 ] /index.php/Index/main | NOTIC: [2] Invalid argument supplied for foreach() CommonAction.class.php 第 159 行.
[ 2012-11-24T15:26:35+08:00 ] /index.php/Account/edit/id/97/tab_id/test2 | SQL: SHOW COLUMNS FROM `y_account` [ RunTime:0.001210s ]
[ 2012-11-24T15:26:35+08:00 ] /index.php/Account/edit/id/97/tab_id/test2 | SQL: SELECT * FROM `y_account` WHERE ( `id` = '97' ) LIMIT 1  [ RunTime:0.000095s ]
[ 2012-11-24T15:26:35+08:00 ] /index.php/Account/edit/id/97/tab_id/test2 | SQL: SHOW COLUMNS FROM `y_category` [ RunTime:0.000689s ]
[ 2012-11-24T15:26:35+08:00 ] /index.php/Account/edit/id/97/tab_id/test2 | SQL: SELECT `modules` FROM `y_account` WHERE ( `id` = '97' ) LIMIT 1  [ RunTime:0.000282s ]
[ 2012-11-24T15:26:35+08:00 ] /index.php/Account/edit/id/97/tab_id/test2 | SQL: SELECT * FROM `y_category` WHERE ( `id` IN ('36','19','20','21','22','23','27','37') ) ORDER BY ordernum desc [ RunTime:0.000309s ]
[ 2012-11-24T15:26:35+08:00 ] /index.php/Account/edit/id/97/tab_id/test2 | SQL: SELECT * FROM `y_category` WHERE ( `pid` = 11 ) ORDER BY ordernum desc [ RunTime:0.000291s ]
[ 2012-11-24T15:26:52+08:00 ] /index.php/Index/main | SQL: SHOW COLUMNS FROM `y_account` [ RunTime:0.001240s ]
[ 2012-11-24T15:26:52+08:00 ] /index.php/Index/main | SQL: SELECT * FROM `y_account` WHERE ( `id` = '97' ) LIMIT 1  [ RunTime:0.000340s ]
[ 2012-11-24T15:26:52+08:00 ] /index.php/Index/main | SQL: SHOW COLUMNS FROM `y_category` [ RunTime:0.000801s ]
[ 2012-11-24T15:26:52+08:00 ] /index.php/Index/main | SQL: SELECT * FROM `y_account` ORDER BY id desc [ RunTime:0.000791s ]
[ 2012-11-24T15:26:52+08:00 ] /index.php/Index/main | NOTIC: [8] Undefined index:  searchkey IndexAction.class.php 第 27 行.
[ 2012-11-24T15:26:52+08:00 ] /index.php/Index/main | NOTIC: [8] Undefined variable: where IndexAction.class.php 第 31 行.
[ 2012-11-24T15:26:52+08:00 ] /index.php/Index/main | SQL: SELECT COUNT(*) AS tp_count FROM `y_account` LIMIT 1  [ RunTime:0.000175s ]
[ 2012-11-24T15:26:52+08:00 ] /index.php/Index/main | SQL: SELECT * FROM `y_account` ORDER BY `id` desc LIMIT 0,20  [ RunTime:0.000357s ]
[ 2012-11-24T15:26:52+08:00 ] /index.php/Index/main | NOTIC: [2] Invalid argument supplied for foreach() CommonAction.class.php 第 159 行.
[ 2012-11-24T15:26:53+08:00 ] /index.php/Index/main | SQL: SHOW COLUMNS FROM `y_account` [ RunTime:0.001017s ]
[ 2012-11-24T15:26:53+08:00 ] /index.php/Index/main | SQL: SELECT * FROM `y_account` WHERE ( `id` = '97' ) LIMIT 1  [ RunTime:0.000067s ]
[ 2012-11-24T15:26:53+08:00 ] /index.php/Index/main | SQL: SHOW COLUMNS FROM `y_category` [ RunTime:0.000411s ]
[ 2012-11-24T15:26:53+08:00 ] /index.php/Index/main | SQL: SELECT * FROM `y_account` ORDER BY id desc [ RunTime:0.000155s ]
[ 2012-11-24T15:26:53+08:00 ] /index.php/Index/main | NOTIC: [8] Undefined index:  searchkey IndexAction.class.php 第 27 行.
[ 2012-11-24T15:26:53+08:00 ] /index.php/Index/main | NOTIC: [8] Undefined variable: where IndexAction.class.php 第 31 行.
[ 2012-11-24T15:26:53+08:00 ] /index.php/Index/main | SQL: SELECT COUNT(*) AS tp_count FROM `y_account` LIMIT 1  [ RunTime:0.000056s ]
[ 2012-11-24T15:26:53+08:00 ] /index.php/Index/main | SQL: SELECT * FROM `y_account` ORDER BY `id` desc LIMIT 0,20  [ RunTime:0.000099s ]
[ 2012-11-24T15:26:53+08:00 ] /index.php/Index/main | NOTIC: [2] Invalid argument supplied for foreach() CommonAction.class.php 第 159 行.
[ 2012-11-24T15:26:54+08:00 ] /index.php/Index/main | SQL: SHOW COLUMNS FROM `y_account` [ RunTime:0.001384s ]
[ 2012-11-24T15:26:54+08:00 ] /index.php/Index/main | SQL: SELECT * FROM `y_account` WHERE ( `id` = '97' ) LIMIT 1  [ RunTime:0.000072s ]
[ 2012-11-24T15:26:54+08:00 ] /index.php/Index/main | SQL: SHOW COLUMNS FROM `y_category` [ RunTime:0.000502s ]
[ 2012-11-24T15:26:54+08:00 ] /index.php/Index/main | SQL: SELECT * FROM `y_account` ORDER BY id desc [ RunTime:0.000182s ]
[ 2012-11-24T15:26:54+08:00 ] /index.php/Index/main | NOTIC: [8] Undefined index:  searchkey IndexAction.class.php 第 27 行.
[ 2012-11-24T15:26:54+08:00 ] /index.php/Index/main | NOTIC: [8] Undefined variable: where IndexAction.class.php 第 31 行.
[ 2012-11-24T15:26:54+08:00 ] /index.php/Index/main | SQL: SELECT COUNT(*) AS tp_count FROM `y_account` LIMIT 1  [ RunTime:0.000072s ]
[ 2012-11-24T15:26:54+08:00 ] /index.php/Index/main | SQL: SELECT * FROM `y_account` ORDER BY `id` desc LIMIT 0,20  [ RunTime:0.000093s ]
[ 2012-11-24T15:26:54+08:00 ] /index.php/Index/main | NOTIC: [2] Invalid argument supplied for foreach() CommonAction.class.php 第 159 行.
[ 2012-11-24T15:26:57+08:00 ] /index.php/Index/main | SQL: SHOW COLUMNS FROM `y_account` [ RunTime:0.001450s ]
[ 2012-11-24T15:26:57+08:00 ] /index.php/Index/main | SQL: SELECT * FROM `y_account` WHERE ( `id` = '97' ) LIMIT 1  [ RunTime:0.000112s ]
[ 2012-11-24T15:26:57+08:00 ] /index.php/Index/main | SQL: SHOW COLUMNS FROM `y_category` [ RunTime:0.000599s ]
[ 2012-11-24T15:26:57+08:00 ] /index.php/Index/main | SQL: SELECT * FROM `y_account` ORDER BY id desc [ RunTime:0.000218s ]
[ 2012-11-24T15:26:57+08:00 ] /index.php/Index/main | NOTIC: [8] Undefined index:  searchkey IndexAction.class.php 第 27 行.
[ 2012-11-24T15:26:57+08:00 ] /index.php/Index/main | NOTIC: [8] Undefined variable: where IndexAction.class.php 第 31 行.
[ 2012-11-24T15:26:57+08:00 ] /index.php/Index/main | SQL: SELECT COUNT(*) AS tp_count FROM `y_account` LIMIT 1  [ RunTime:0.000071s ]
[ 2012-11-24T15:26:57+08:00 ] /index.php/Index/main | SQL: SELECT * FROM `y_account` ORDER BY `id` desc LIMIT 0,20  [ RunTime:0.000100s ]
[ 2012-11-24T15:26:57+08:00 ] /index.php/Index/main | NOTIC: [2] Invalid argument supplied for foreach() CommonAction.class.php 第 159 行.
[ 2012-11-24T15:26:59+08:00 ] /index.php/Index/main | SQL: SHOW COLUMNS FROM `y_account` [ RunTime:0.001231s ]
[ 2012-11-24T15:26:59+08:00 ] /index.php/Index/main | SQL: SELECT * FROM `y_account` WHERE ( `id` = '97' ) LIMIT 1  [ RunTime:0.000093s ]
[ 2012-11-24T15:26:59+08:00 ] /index.php/Index/main | SQL: SHOW COLUMNS FROM `y_category` [ RunTime:0.000431s ]
[ 2012-11-24T15:26:59+08:00 ] /index.php/Index/main | SQL: SELECT * FROM `y_account` ORDER BY id desc [ RunTime:0.000193s ]
[ 2012-11-24T15:26:59+08:00 ] /index.php/Index/main | NOTIC: [8] Undefined index:  searchkey IndexAction.class.php 第 27 行.
[ 2012-11-24T15:26:59+08:00 ] /index.php/Index/main | NOTIC: [8] Undefined variable: where IndexAction.class.php 第 31 行.
[ 2012-11-24T15:26:59+08:00 ] /index.php/Index/main | SQL: SELECT COUNT(*) AS tp_count FROM `y_account` LIMIT 1  [ RunTime:0.000056s ]
[ 2012-11-24T15:26:59+08:00 ] /index.php/Index/main | SQL: SELECT * FROM `y_account` ORDER BY `id` desc LIMIT 0,20  [ RunTime:0.000079s ]
[ 2012-11-24T15:26:59+08:00 ] /index.php/Index/main | NOTIC: [2] Invalid argument supplied for foreach() CommonAction.class.php 第 159 行.
[ 2012-11-24T15:27:02+08:00 ] /index.php/Index/main | SQL: SHOW COLUMNS FROM `y_account` [ RunTime:0.001002s ]
[ 2012-11-24T15:27:02+08:00 ] /index.php/Index/main | SQL: SELECT * FROM `y_account` WHERE ( `id` = '97' ) LIMIT 1  [ RunTime:0.000071s ]
[ 2012-11-24T15:27:02+08:00 ] /index.php/Index/main | SQL: SHOW COLUMNS FROM `y_category` [ RunTime:0.000440s ]
[ 2012-11-24T15:27:02+08:00 ] /index.php/Index/main | SQL: SELECT * FROM `y_account` ORDER BY id desc [ RunTime:0.000164s ]
[ 2012-11-24T15:27:02+08:00 ] /index.php/Index/main | NOTIC: [8] Undefined index:  searchkey IndexAction.class.php 第 27 行.
[ 2012-11-24T15:27:02+08:00 ] /index.php/Index/main | NOTIC: [8] Undefined variable: where IndexAction.class.php 第 31 行.
[ 2012-11-24T15:27:02+08:00 ] /index.php/Index/main | SQL: SELECT COUNT(*) AS tp_count FROM `y_account` LIMIT 1  [ RunTime:0.000058s ]
[ 2012-11-24T15:27:02+08:00 ] /index.php/Index/main | SQL: SELECT * FROM `y_account` ORDER BY `id` desc LIMIT 0,20  [ RunTime:0.000080s ]
[ 2012-11-24T15:27:02+08:00 ] /index.php/Index/main | NOTIC: [2] Invalid argument supplied for foreach() CommonAction.class.php 第 159 行.
[ 2012-11-24T15:27:03+08:00 ] /index.php/Account/syncWebsiteName/id/97 | SQL: SHOW COLUMNS FROM `y_account` [ RunTime:0.001061s ]
[ 2012-11-24T15:27:03+08:00 ] /index.php/Account/syncWebsiteName/id/97 | SQL: SELECT * FROM `y_account` WHERE ( `id` = '97' ) LIMIT 1  [ RunTime:0.000077s ]
[ 2012-11-24T15:27:03+08:00 ] /index.php/Account/syncWebsiteName/id/97 | SQL: SHOW COLUMNS FROM `y_category` [ RunTime:0.000449s ]
[ 2012-11-24T15:27:03+08:00 ] /index.php/Account/syncWebsiteName/id/97 | SQL: SELECT * FROM `y_account` WHERE ( `id` = '97' ) LIMIT 1  [ RunTime:0.000065s ]
[ 2012-11-24T15:27:03+08:00 ] /index.php/Account/syncWebsiteName/id/97 | SQL: SHOW COLUMNS FROM `y_system` [ RunTime:0.000428s ]
[ 2012-11-24T15:27:03+08:00 ] /index.php/Account/syncWebsiteName/id/97 | SQL: update y_system set company='佛山市南海区丹灶石联强宏五金制品厂',website='佛山市南海区丹灶石联强宏五金制品厂',copyright='2012版权所有  佛山市南海区丹灶石联强宏五金制品厂',seo_title='佛山市南海区丹灶石联强宏五金制品厂',seo_keywords='佛山市南海区丹灶石联强宏五金制品厂',seo_description='佛山市南海区丹灶石联强宏五金制品厂' [ RunTime:0.000180s ]
[ 2012-11-24T15:27:03+08:00 ] /index.php/Account/syncWebsiteName/id/97 | NOTIC: [2] mysql_num_rows(): supplied argument is not a valid MySQL result resource DbMysql.class.php 第 129 行.
[ 2012-11-24T15:27:03+08:00 ] /index.php/Account/syncWebsiteName/id/97 | NOTIC: [2] mysql_free_result(): supplied argument is not a valid MySQL result resource DbMysql.class.php 第 97 行.
[ 2012-11-24T15:27:03+08:00 ] /index.php/Account/syncWebsiteName/id/97 | SQL: update y_system set copyright='版权所有@佛山市南海区丹灶石联强宏五金制品厂' where lang='mobile' [ RunTime:0.000136s ]
[ 2012-11-24T15:27:03+08:00 ] /index.php/Account/syncWebsiteName/id/97 | NOTIC: [2] mysql_num_rows(): supplied argument is not a valid MySQL result resource DbMysql.class.php 第 129 行.
[ 2012-11-24T15:27:04+08:00 ] /index.php/Index/main | SQL: SHOW COLUMNS FROM `y_account` [ RunTime:0.001353s ]
[ 2012-11-24T15:27:04+08:00 ] /index.php/Index/main | SQL: SELECT * FROM `y_account` WHERE ( `id` = '97' ) LIMIT 1  [ RunTime:0.000071s ]
[ 2012-11-24T15:27:04+08:00 ] /index.php/Index/main | SQL: SHOW COLUMNS FROM `y_category` [ RunTime:0.000719s ]
[ 2012-11-24T15:27:04+08:00 ] /index.php/Index/main | SQL: SELECT * FROM `y_account` ORDER BY id desc [ RunTime:0.000174s ]
[ 2012-11-24T15:27:04+08:00 ] /index.php/Index/main | NOTIC: [8] Undefined index:  searchkey IndexAction.class.php 第 27 行.
[ 2012-11-24T15:27:04+08:00 ] /index.php/Index/main | NOTIC: [8] Undefined variable: where IndexAction.class.php 第 31 行.
[ 2012-11-24T15:27:04+08:00 ] /index.php/Index/main | SQL: SELECT COUNT(*) AS tp_count FROM `y_account` LIMIT 1  [ RunTime:0.000057s ]
[ 2012-11-24T15:27:04+08:00 ] /index.php/Index/main | SQL: SELECT * FROM `y_account` ORDER BY `id` desc LIMIT 0,20  [ RunTime:0.000079s ]
[ 2012-11-24T15:27:04+08:00 ] /index.php/Index/main | NOTIC: [2] Invalid argument supplied for foreach() CommonAction.class.php 第 159 行.
[ 2012-11-24T15:27:24+08:00 ] /index.php/Index/main | SQL: SHOW COLUMNS FROM `y_account` [ RunTime:0.001480s ]
[ 2012-11-24T15:27:24+08:00 ] /index.php/Index/main | SQL: SELECT * FROM `y_account` WHERE ( `id` = '97' ) LIMIT 1  [ RunTime:0.000077s ]
[ 2012-11-24T15:27:24+08:00 ] /index.php/Index/main | SQL: SHOW COLUMNS FROM `y_category` [ RunTime:0.000665s ]
[ 2012-11-24T15:27:24+08:00 ] /index.php/Index/main | SQL: SELECT * FROM `y_account` ORDER BY id desc [ RunTime:0.000159s ]
[ 2012-11-24T15:27:24+08:00 ] /index.php/Index/main | NOTIC: [8] Undefined index:  searchkey IndexAction.class.php 第 27 行.
[ 2012-11-24T15:27:24+08:00 ] /index.php/Index/main | NOTIC: [8] Undefined variable: where IndexAction.class.php 第 31 行.
[ 2012-11-24T15:27:24+08:00 ] /index.php/Index/main | SQL: SELECT COUNT(*) AS tp_count FROM `y_account` LIMIT 1  [ RunTime:0.000055s ]
[ 2012-11-24T15:27:24+08:00 ] /index.php/Index/main | SQL: SELECT * FROM `y_account` ORDER BY `id` desc LIMIT 0,20  [ RunTime:0.000079s ]
[ 2012-11-24T15:27:24+08:00 ] /index.php/Index/main | NOTIC: [2] Invalid argument supplied for foreach() CommonAction.class.php 第 159 行.
[ 2012-11-24T15:27:25+08:00 ] /index.php/Index/main | SQL: SHOW COLUMNS FROM `y_account` [ RunTime:0.001177s ]
[ 2012-11-24T15:27:25+08:00 ] /index.php/Index/main | SQL: SELECT * FROM `y_account` WHERE ( `id` = '97' ) LIMIT 1  [ RunTime:0.000070s ]
[ 2012-11-24T15:27:25+08:00 ] /index.php/Index/main | SQL: SHOW COLUMNS FROM `y_category` [ RunTime:0.000416s ]
[ 2012-11-24T15:27:25+08:00 ] /index.php/Index/main | SQL: SELECT * FROM `y_account` ORDER BY id desc [ RunTime:0.000186s ]
[ 2012-11-24T15:27:25+08:00 ] /index.php/Index/main | NOTIC: [8] Undefined index:  searchkey IndexAction.class.php 第 27 行.
[ 2012-11-24T15:27:25+08:00 ] /index.php/Index/main | NOTIC: [8] Undefined variable: where IndexAction.class.php 第 31 行.
[ 2012-11-24T15:27:25+08:00 ] /index.php/Index/main | SQL: SELECT COUNT(*) AS tp_count FROM `y_account` LIMIT 1  [ RunTime:0.000059s ]
[ 2012-11-24T15:27:25+08:00 ] /index.php/Index/main | SQL: SELECT * FROM `y_account` ORDER BY `id` desc LIMIT 0,20  [ RunTime:0.000081s ]
[ 2012-11-24T15:27:25+08:00 ] /index.php/Index/main | NOTIC: [2] Invalid argument supplied for foreach() CommonAction.class.php 第 159 行.
[ 2012-11-24T15:28:08+08:00 ] /index.php/Account/edit/id/97 | SQL: SHOW COLUMNS FROM `y_account` [ RunTime:0.001702s ]
[ 2012-11-24T15:28:08+08:00 ] /index.php/Account/edit/id/97 | SQL: SELECT * FROM `y_account` WHERE ( `id` = '97' ) LIMIT 1  [ RunTime:0.000093s ]
[ 2012-11-24T15:28:08+08:00 ] /index.php/Account/edit/id/97 | SQL: SHOW COLUMNS FROM `y_category` [ RunTime:0.000619s ]
[ 2012-11-24T15:28:08+08:00 ] /index.php/Account/edit/id/97 | SQL: SELECT `modules` FROM `y_account` WHERE ( `id` = '97' ) LIMIT 1  [ RunTime:0.000248s ]
[ 2012-11-24T15:28:08+08:00 ] /index.php/Account/edit/id/97 | SQL: SELECT * FROM `y_category` WHERE ( `id` IN ('36','19','20','21','22','23','27','37') ) ORDER BY ordernum desc [ RunTime:0.000090s ]
[ 2012-11-24T15:28:08+08:00 ] /index.php/Account/edit/id/97 | SQL: SELECT * FROM `y_category` WHERE ( `pid` = 11 ) ORDER BY ordernum desc [ RunTime:0.000066s ]
[ 2012-11-24T15:28:08+08:00 ] /index.php/Account/edit/id/97 | NOTIC: [8] Undefined index:  tab_id 196c657f8b82048b1beeb0f9599f5fdc.php 第 287 行.
[ 2012-11-24T15:28:17+08:00 ] /index.php/Account/edit/id/97/tab_id/test1 | SQL: SHOW COLUMNS FROM `y_account` [ RunTime:0.001340s ]
[ 2012-11-24T15:28:17+08:00 ] /index.php/Account/edit/id/97/tab_id/test1 | SQL: SELECT * FROM `y_account` WHERE ( `id` = '97' ) LIMIT 1  [ RunTime:0.000281s ]
[ 2012-11-24T15:28:17+08:00 ] /index.php/Account/edit/id/97/tab_id/test1 | SQL: SHOW COLUMNS FROM `y_category` [ RunTime:0.000527s ]
[ 2012-11-24T15:28:17+08:00 ] /index.php/Account/edit/id/97/tab_id/test1 | SQL: SELECT `modules` FROM `y_account` WHERE ( `id` = '97' ) LIMIT 1  [ RunTime:0.000210s ]
[ 2012-11-24T15:28:17+08:00 ] /index.php/Account/edit/id/97/tab_id/test1 | SQL: SELECT * FROM `y_category` WHERE ( `id` IN ('36','19','20','21','22','23','27','37') ) ORDER BY ordernum desc [ RunTime:0.000069s ]
[ 2012-11-24T15:28:17+08:00 ] /index.php/Account/edit/id/97/tab_id/test1 | SQL: SELECT * FROM `y_category` WHERE ( `pid` = 11 ) ORDER BY ordernum desc [ RunTime:0.000068s ]
[ 2012-11-24T15:28:19+08:00 ] /index.php/Index/main | SQL: SHOW COLUMNS FROM `y_account` [ RunTime:0.001293s ]
[ 2012-11-24T15:28:19+08:00 ] /index.php/Index/main | SQL: SELECT * FROM `y_account` WHERE ( `id` = '97' ) LIMIT 1  [ RunTime:0.000072s ]
[ 2012-11-24T15:28:19+08:00 ] /index.php/Index/main | SQL: SHOW COLUMNS FROM `y_category` [ RunTime:0.000444s ]
[ 2012-11-24T15:28:19+08:00 ] /index.php/Index/main | SQL: SELECT * FROM `y_account` ORDER BY id desc [ RunTime:0.000707s ]
[ 2012-11-24T15:28:19+08:00 ] /index.php/Index/main | NOTIC: [8] Undefined index:  searchkey IndexAction.class.php 第 27 行.
[ 2012-11-24T15:28:19+08:00 ] /index.php/Index/main | NOTIC: [8] Undefined variable: where IndexAction.class.php 第 31 行.
[ 2012-11-24T15:28:19+08:00 ] /index.php/Index/main | SQL: SELECT COUNT(*) AS tp_count FROM `y_account` LIMIT 1  [ RunTime:0.000170s ]
[ 2012-11-24T15:28:19+08:00 ] /index.php/Index/main | SQL: SELECT * FROM `y_account` ORDER BY `id` desc LIMIT 0,20  [ RunTime:0.000356s ]
[ 2012-11-24T15:28:19+08:00 ] /index.php/Index/main | NOTIC: [2] Invalid argument supplied for foreach() CommonAction.class.php 第 159 行.
[ 2012-11-24T15:28:19+08:00 ] /index.php/Account/edit/id/97/tab_id/test2 | SQL: SHOW COLUMNS FROM `y_account` [ RunTime:0.001386s ]
[ 2012-11-24T15:28:19+08:00 ] /index.php/Account/edit/id/97/tab_id/test2 | SQL: SELECT * FROM `y_account` WHERE ( `id` = '97' ) LIMIT 1  [ RunTime:0.000090s ]
[ 2012-11-24T15:28:19+08:00 ] /index.php/Account/edit/id/97/tab_id/test2 | SQL: SHOW COLUMNS FROM `y_category` [ RunTime:0.000805s ]
[ 2012-11-24T15:28:19+08:00 ] /index.php/Account/edit/id/97/tab_id/test2 | SQL: SELECT `modules` FROM `y_account` WHERE ( `id` = '97' ) LIMIT 1  [ RunTime:0.000060s ]
[ 2012-11-24T15:28:19+08:00 ] /index.php/Account/edit/id/97/tab_id/test2 | SQL: SELECT * FROM `y_category` WHERE ( `id` IN ('36','19','20','21','22','23','27','37') ) ORDER BY ordernum desc [ RunTime:0.000072s ]
[ 2012-11-24T15:28:19+08:00 ] /index.php/Account/edit/id/97/tab_id/test2 | SQL: SELECT * FROM `y_category` WHERE ( `pid` = 11 ) ORDER BY ordernum desc [ RunTime:0.000080s ]
[ 2012-11-24T15:28:23+08:00 ] /index.php/Index/main | SQL: SHOW COLUMNS FROM `y_account` [ RunTime:0.001278s ]
[ 2012-11-24T15:28:23+08:00 ] /index.php/Index/main | SQL: SELECT * FROM `y_account` WHERE ( `id` = '97' ) LIMIT 1  [ RunTime:0.000078s ]
[ 2012-11-24T15:28:23+08:00 ] /index.php/Index/main | SQL: SHOW COLUMNS FROM `y_category` [ RunTime:0.000422s ]
[ 2012-11-24T15:28:23+08:00 ] /index.php/Index/main | SQL: SELECT * FROM `y_account` ORDER BY id desc [ RunTime:0.000184s ]
[ 2012-11-24T15:28:23+08:00 ] /index.php/Index/main | NOTIC: [8] Undefined index:  searchkey IndexAction.class.php 第 27 行.
[ 2012-11-24T15:28:23+08:00 ] /index.php/Index/main | NOTIC: [8] Undefined variable: where IndexAction.class.php 第 31 行.
[ 2012-11-24T15:28:23+08:00 ] /index.php/Index/main | SQL: SELECT COUNT(*) AS tp_count FROM `y_account` LIMIT 1  [ RunTime:0.000058s ]
[ 2012-11-24T15:28:23+08:00 ] /index.php/Index/main | SQL: SELECT * FROM `y_account` ORDER BY `id` desc LIMIT 0,20  [ RunTime:0.000084s ]
[ 2012-11-24T15:28:23+08:00 ] /index.php/Index/main | NOTIC: [2] Invalid argument supplied for foreach() CommonAction.class.php 第 159 行.
[ 2012-11-24T15:28:24+08:00 ] /index.php/Index/main | SQL: SHOW COLUMNS FROM `y_account` [ RunTime:0.001427s ]
[ 2012-11-24T15:28:24+08:00 ] /index.php/Index/main | SQL: SELECT * FROM `y_account` WHERE ( `id` = '97' ) LIMIT 1  [ RunTime:0.000093s ]
[ 2012-11-24T15:28:24+08:00 ] /index.php/Index/main | SQL: SHOW COLUMNS FROM `y_category` [ RunTime:0.000483s ]
[ 2012-11-24T15:28:24+08:00 ] /index.php/Index/main | SQL: SELECT * FROM `y_account` ORDER BY id desc [ RunTime:0.000158s ]
[ 2012-11-24T15:28:24+08:00 ] /index.php/Index/main | NOTIC: [8] Undefined index:  searchkey IndexAction.class.php 第 27 行.
[ 2012-11-24T15:28:24+08:00 ] /index.php/Index/main | NOTIC: [8] Undefined variable: where IndexAction.class.php 第 31 行.
[ 2012-11-24T15:28:24+08:00 ] /index.php/Index/main | SQL: SELECT COUNT(*) AS tp_count FROM `y_account` LIMIT 1  [ RunTime:0.000078s ]
[ 2012-11-24T15:28:24+08:00 ] /index.php/Index/main | SQL: SELECT * FROM `y_account` ORDER BY `id` desc LIMIT 0,20  [ RunTime:0.000110s ]
[ 2012-11-24T15:28:24+08:00 ] /index.php/Index/main | NOTIC: [2] Invalid argument supplied for foreach() CommonAction.class.php 第 159 行.
[ 2012-11-24T15:28:26+08:00 ] /index.php/Index/main | SQL: SHOW COLUMNS FROM `y_account` [ RunTime:0.001243s ]
[ 2012-11-24T15:28:26+08:00 ] /index.php/Index/main | SQL: SELECT * FROM `y_account` WHERE ( `id` = '97' ) LIMIT 1  [ RunTime:0.000122s ]
[ 2012-11-24T15:28:26+08:00 ] /index.php/Index/main | SQL: SHOW COLUMNS FROM `y_category` [ RunTime:0.000698s ]
[ 2012-11-24T15:28:26+08:00 ] /index.php/Index/main | SQL: SELECT * FROM `y_account` ORDER BY id desc [ RunTime:0.000196s ]
[ 2012-11-24T15:28:26+08:00 ] /index.php/Index/main | NOTIC: [8] Undefined index:  searchkey IndexAction.class.php 第 27 行.
[ 2012-11-24T15:28:26+08:00 ] /index.php/Index/main | NOTIC: [8] Undefined variable: where IndexAction.class.php 第 31 行.
[ 2012-11-24T15:28:26+08:00 ] /index.php/Index/main | SQL: SELECT COUNT(*) AS tp_count FROM `y_account` LIMIT 1  [ RunTime:0.000060s ]
[ 2012-11-24T15:28:26+08:00 ] /index.php/Index/main | SQL: SELECT * FROM `y_account` ORDER BY `id` desc LIMIT 0,20  [ RunTime:0.000082s ]
[ 2012-11-24T15:28:26+08:00 ] /index.php/Index/main | NOTIC: [2] Invalid argument supplied for foreach() CommonAction.class.php 第 159 行.
[ 2012-11-24T16:34:05+08:00 ] /index.php/Index/main | SQL: SHOW COLUMNS FROM `y_account` [ RunTime:0.001331s ]
[ 2012-11-24T16:34:05+08:00 ] /index.php/Index/main | SQL: SELECT * FROM `y_account` WHERE ( `id` = '97' ) LIMIT 1  [ RunTime:0.000073s ]
[ 2012-11-24T16:34:05+08:00 ] /index.php/Index/main | SQL: SHOW COLUMNS FROM `y_category` [ RunTime:0.000477s ]
[ 2012-11-24T16:34:05+08:00 ] /index.php/Index/main | SQL: SELECT * FROM `y_account` ORDER BY id desc [ RunTime:0.000169s ]
[ 2012-11-24T16:34:05+08:00 ] /index.php/Index/main | NOTIC: [8] Undefined index:  searchkey IndexAction.class.php 第 27 行.
[ 2012-11-24T16:34:05+08:00 ] /index.php/Index/main | NOTIC: [8] Undefined variable: where IndexAction.class.php 第 31 行.
[ 2012-11-24T16:34:05+08:00 ] /index.php/Index/main | SQL: SELECT COUNT(*) AS tp_count FROM `y_account` LIMIT 1  [ RunTime:0.000056s ]
[ 2012-11-24T16:34:05+08:00 ] /index.php/Index/main | SQL: SELECT * FROM `y_account` ORDER BY `id` desc LIMIT 0,20  [ RunTime:0.000083s ]
[ 2012-11-24T16:34:05+08:00 ] /index.php/Index/main | NOTIC: [2] Invalid argument supplied for foreach() CommonAction.class.php 第 159 行.
[ 2012-11-24T16:34:08+08:00 ] /index.php/Index/main?searchkey=Y00172038 | SQL: SHOW COLUMNS FROM `y_account` [ RunTime:0.001412s ]
[ 2012-11-24T16:34:08+08:00 ] /index.php/Index/main?searchkey=Y00172038 | SQL: SELECT * FROM `y_account` WHERE ( `id` = '97' ) LIMIT 1  [ RunTime:0.000088s ]
[ 2012-11-24T16:34:08+08:00 ] /index.php/Index/main?searchkey=Y00172038 | SQL: SHOW COLUMNS FROM `y_category` [ RunTime:0.000572s ]
[ 2012-11-24T16:34:08+08:00 ] /index.php/Index/main?searchkey=Y00172038 | SQL: SELECT * FROM `y_account` ORDER BY id desc [ RunTime:0.000196s ]
[ 2012-11-24T16:34:08+08:00 ] /index.php/Index/main?searchkey=Y00172038 | SQL: SELECT COUNT(*) AS tp_count FROM `y_account` WHERE ( website_name like '%Y00172038%' OR contract_number like '%Y00172038%' OR url like '%Y00172038%' ) LIMIT 1  [ RunTime:0.000444s ]
[ 2012-11-24T16:34:08+08:00 ] /index.php/Index/main?searchkey=Y00172038 | SQL: SELECT * FROM `y_account` WHERE ( website_name like '%Y00172038%' OR contract_number like '%Y00172038%' OR url like '%Y00172038%' ) ORDER BY `id` desc LIMIT 0,20  [ RunTime:0.000442s ]
[ 2012-11-24T16:34:08+08:00 ] /index.php/Index/main?searchkey=Y00172038 | NOTIC: [2048] Creating default object from empty value CommonAction.class.php 第 161 行.
[ 2012-11-24T16:34:37+08:00 ] /index.php/Index/main?searchkey=Y00172842 | SQL: SHOW COLUMNS FROM `y_account` [ RunTime:0.001241s ]
[ 2012-11-24T16:34:37+08:00 ] /index.php/Index/main?searchkey=Y00172842 | SQL: SELECT * FROM `y_account` WHERE ( `id` = '97' ) LIMIT 1  [ RunTime:0.000071s ]
[ 2012-11-24T16:34:37+08:00 ] /index.php/Index/main?searchkey=Y00172842 | SQL: SHOW COLUMNS FROM `y_category` [ RunTime:0.000415s ]
[ 2012-11-24T16:34:37+08:00 ] /index.php/Index/main?searchkey=Y00172842 | SQL: SELECT * FROM `y_account` ORDER BY id desc [ RunTime:0.000175s ]
[ 2012-11-24T16:34:37+08:00 ] /index.php/Index/main?searchkey=Y00172842 | SQL: SELECT COUNT(*) AS tp_count FROM `y_account` WHERE ( website_name like '%Y00172842%' OR contract_number like '%Y00172842%' OR url like '%Y00172842%' ) LIMIT 1  [ RunTime:0.000464s ]
[ 2012-11-24T16:34:37+08:00 ] /index.php/Index/main?searchkey=Y00172842 | SQL: SELECT * FROM `y_account` WHERE ( website_name like '%Y00172842%' OR contract_number like '%Y00172842%' OR url like '%Y00172842%' ) ORDER BY `id` desc LIMIT 0,20  [ RunTime:0.000574s ]
[ 2012-11-24T16:34:37+08:00 ] /index.php/Index/main?searchkey=Y00172842 | NOTIC: [2048] Creating default object from empty value CommonAction.class.php 第 161 行.
[ 2012-11-24T16:34:50+08:00 ] /index.php/Index/main?searchkey=%E6%98%9F%E5%AE%87%E5%88%BA%E7%BB%A3 | SQL: SHOW COLUMNS FROM `y_account` [ RunTime:0.001047s ]
[ 2012-11-24T16:34:50+08:00 ] /index.php/Index/main?searchkey=%E6%98%9F%E5%AE%87%E5%88%BA%E7%BB%A3 | SQL: SELECT * FROM `y_account` WHERE ( `id` = '97' ) LIMIT 1  [ RunTime:0.000075s ]
[ 2012-11-24T16:34:50+08:00 ] /index.php/Index/main?searchkey=%E6%98%9F%E5%AE%87%E5%88%BA%E7%BB%A3 | SQL: SHOW COLUMNS FROM `y_category` [ RunTime:0.000419s ]
[ 2012-11-24T16:34:50+08:00 ] /index.php/Index/main?searchkey=%E6%98%9F%E5%AE%87%E5%88%BA%E7%BB%A3 | SQL: SELECT * FROM `y_account` ORDER BY id desc [ RunTime:0.000153s ]
[ 2012-11-24T16:34:50+08:00 ] /index.php/Index/main?searchkey=%E6%98%9F%E5%AE%87%E5%88%BA%E7%BB%A3 | SQL: SELECT COUNT(*) AS tp_count FROM `y_account` WHERE ( website_name like '%星宇刺绣%' OR contract_number like '%星宇刺绣%' OR url like '%星宇刺绣%' ) LIMIT 1  [ RunTime:0.000310s ]
[ 2012-11-24T16:34:50+08:00 ] /index.php/Index/main?searchkey=%E6%98%9F%E5%AE%87%E5%88%BA%E7%BB%A3 | SQL: SELECT * FROM `y_account` WHERE ( website_name like '%星宇刺绣%' OR contract_number like '%星宇刺绣%' OR url like '%星宇刺绣%' ) ORDER BY `id` desc LIMIT 0,20  [ RunTime:0.000327s ]
[ 2012-11-24T16:34:50+08:00 ] /index.php/Index/main?searchkey=%E6%98%9F%E5%AE%87%E5%88%BA%E7%BB%A3 | NOTIC: [2048] Creating default object from empty value CommonAction.class.php 第 161 行.
[ 2012-11-24T16:35:16+08:00 ] /index.php/Index/main?searchkey=%E9%83%91%E5%BB%BA%E9%9B%84 | SQL: SHOW COLUMNS FROM `y_account` [ RunTime:0.001244s ]
[ 2012-11-24T16:35:16+08:00 ] /index.php/Index/main?searchkey=%E9%83%91%E5%BB%BA%E9%9B%84 | SQL: SELECT * FROM `y_account` WHERE ( `id` = '97' ) LIMIT 1  [ RunTime:0.000075s ]
[ 2012-11-24T16:35:16+08:00 ] /index.php/Index/main?searchkey=%E9%83%91%E5%BB%BA%E9%9B%84 | SQL: SHOW COLUMNS FROM `y_category` [ RunTime:0.000445s ]
[ 2012-11-24T16:35:16+08:00 ] /index.php/Index/main?searchkey=%E9%83%91%E5%BB%BA%E9%9B%84 | SQL: SELECT * FROM `y_account` ORDER BY id desc [ RunTime:0.000166s ]
[ 2012-11-24T16:35:16+08:00 ] /index.php/Index/main?searchkey=%E9%83%91%E5%BB%BA%E9%9B%84 | SQL: SELECT COUNT(*) AS tp_count FROM `y_account` WHERE ( website_name like '%郑建雄%' OR contract_number like '%郑建雄%' OR url like '%郑建雄%' ) LIMIT 1  [ RunTime:0.000344s ]
[ 2012-11-24T16:35:16+08:00 ] /index.php/Index/main?searchkey=%E9%83%91%E5%BB%BA%E9%9B%84 | SQL: SELECT * FROM `y_account` WHERE ( website_name like '%郑建雄%' OR contract_number like '%郑建雄%' OR url like '%郑建雄%' ) ORDER BY `id` desc LIMIT 0,20  [ RunTime:0.000379s ]
[ 2012-11-24T16:35:16+08:00 ] /index.php/Index/main?searchkey=%E9%83%91%E5%BB%BA%E9%9B%84 | NOTIC: [2048] Creating default object from empty value CommonAction.class.php 第 161 行.
[ 2012-11-24T16:35:28+08:00 ] /index.php/Index/main?searchkey=%E5%8E%BF%E4%BB%81%E8%BE%BE%E7%A6%BD%E4%B8%9A | SQL: SHOW COLUMNS FROM `y_account` [ RunTime:0.001229s ]
[ 2012-11-24T16:35:28+08:00 ] /index.php/Index/main?searchkey=%E5%8E%BF%E4%BB%81%E8%BE%BE%E7%A6%BD%E4%B8%9A | SQL: SELECT * FROM `y_account` WHERE ( `id` = '97' ) LIMIT 1  [ RunTime:0.000077s ]
[ 2012-11-24T16:35:28+08:00 ] /index.php/Index/main?searchkey=%E5%8E%BF%E4%BB%81%E8%BE%BE%E7%A6%BD%E4%B8%9A | SQL: SHOW COLUMNS FROM `y_category` [ RunTime:0.000462s ]
[ 2012-11-24T16:35:28+08:00 ] /index.php/Index/main?searchkey=%E5%8E%BF%E4%BB%81%E8%BE%BE%E7%A6%BD%E4%B8%9A | SQL: SELECT * FROM `y_account` ORDER BY id desc [ RunTime:0.000172s ]
[ 2012-11-24T16:35:28+08:00 ] /index.php/Index/main?searchkey=%E5%8E%BF%E4%BB%81%E8%BE%BE%E7%A6%BD%E4%B8%9A | SQL: SELECT COUNT(*) AS tp_count FROM `y_account` WHERE ( website_name like '%县仁达禽业%' OR contract_number like '%县仁达禽业%' OR url like '%县仁达禽业%' ) LIMIT 1  [ RunTime:0.000342s ]
[ 2012-11-24T16:35:28+08:00 ] /index.php/Index/main?searchkey=%E5%8E%BF%E4%BB%81%E8%BE%BE%E7%A6%BD%E4%B8%9A | SQL: SELECT * FROM `y_account` WHERE ( website_name like '%县仁达禽业%' OR contract_number like '%县仁达禽业%' OR url like '%县仁达禽业%' ) ORDER BY `id` desc LIMIT 0,20  [ RunTime:0.000351s ]
[ 2012-11-24T16:35:28+08:00 ] /index.php/Index/main?searchkey=%E5%8E%BF%E4%BB%81%E8%BE%BE%E7%A6%BD%E4%B8%9A | NOTIC: [2048] Creating default object from empty value CommonAction.class.php 第 161 行.
[ 2012-11-24T16:44:06+08:00 ] /index.php/Index/main?searchkey=zgxylace.cn | SQL: SHOW COLUMNS FROM `y_account` [ RunTime:0.001219s ]
[ 2012-11-24T16:44:06+08:00 ] /index.php/Index/main?searchkey=zgxylace.cn | SQL: SELECT * FROM `y_account` WHERE ( `id` = '97' ) LIMIT 1  [ RunTime:0.000222s ]
[ 2012-11-24T16:44:06+08:00 ] /index.php/Index/main?searchkey=zgxylace.cn | SQL: SHOW COLUMNS FROM `y_category` [ RunTime:0.000419s ]
[ 2012-11-24T16:44:06+08:00 ] /index.php/Index/main?searchkey=zgxylace.cn | SQL: SELECT * FROM `y_account` ORDER BY id desc [ RunTime:0.000813s ]
[ 2012-11-24T16:44:06+08:00 ] /index.php/Index/main?searchkey=zgxylace.cn | SQL: SELECT COUNT(*) AS tp_count FROM `y_account` WHERE ( website_name like '%zgxylace.cn%' OR contract_number like '%zgxylace.cn%' OR url like '%zgxylace.cn%' ) LIMIT 1  [ RunTime:0.000314s ]
[ 2012-11-24T16:44:06+08:00 ] /index.php/Index/main?searchkey=zgxylace.cn | SQL: SELECT * FROM `y_account` WHERE ( website_name like '%zgxylace.cn%' OR contract_number like '%zgxylace.cn%' OR url like '%zgxylace.cn%' ) ORDER BY `id` desc LIMIT 0,20  [ RunTime:0.000363s ]
[ 2012-11-24T16:44:06+08:00 ] /index.php/Index/main?searchkey=zgxylace.cn | NOTIC: [2048] Creating default object from empty value CommonAction.class.php 第 161 行.
[ 2012-11-24T16:44:10+08:00 ] /index.php/Index/main?searchkey=zgxylace.cn | SQL: SHOW COLUMNS FROM `y_account` [ RunTime:0.001210s ]
[ 2012-11-24T16:44:10+08:00 ] /index.php/Index/main?searchkey=zgxylace.cn | SQL: SELECT * FROM `y_account` WHERE ( `id` = '92' ) LIMIT 1  [ RunTime:0.000073s ]
[ 2012-11-24T16:44:10+08:00 ] /index.php/Index/main?searchkey=zgxylace.cn | SQL: SHOW COLUMNS FROM `y_category` [ RunTime:0.000431s ]
[ 2012-11-24T16:44:10+08:00 ] /index.php/Index/main?searchkey=zgxylace.cn | SQL: SELECT * FROM `y_account` ORDER BY id desc [ RunTime:0.000177s ]
[ 2012-11-24T16:44:10+08:00 ] /index.php/Index/main?searchkey=zgxylace.cn | SQL: SELECT COUNT(*) AS tp_count FROM `y_account` WHERE ( website_name like '%zgxylace.cn%' OR contract_number like '%zgxylace.cn%' OR url like '%zgxylace.cn%' ) LIMIT 1  [ RunTime:0.000096s ]
[ 2012-11-24T16:44:10+08:00 ] /index.php/Index/main?searchkey=zgxylace.cn | SQL: SELECT * FROM `y_account` WHERE ( website_name like '%zgxylace.cn%' OR contract_number like '%zgxylace.cn%' OR url like '%zgxylace.cn%' ) ORDER BY `id` desc LIMIT 0,20  [ RunTime:0.000065s ]
[ 2012-11-24T16:44:10+08:00 ] /index.php/Index/main?searchkey=zgxylace.cn | NOTIC: [2048] Creating default object from empty value CommonAction.class.php 第 161 行.
[ 2012-11-24T16:44:21+08:00 ] /index.php/Account/edit/id/92 | SQL: SHOW COLUMNS FROM `y_account` [ RunTime:0.001394s ]
[ 2012-11-24T16:44:21+08:00 ] /index.php/Account/edit/id/92 | SQL: SELECT * FROM `y_account` WHERE ( `id` = '92' ) LIMIT 1  [ RunTime:0.000088s ]
[ 2012-11-24T16:44:21+08:00 ] /index.php/Account/edit/id/92 | SQL: SHOW COLUMNS FROM `y_category` [ RunTime:0.000742s ]
[ 2012-11-24T16:44:21+08:00 ] /index.php/Account/edit/id/92 | SQL: SELECT `modules` FROM `y_account` WHERE ( `id` = '92' ) LIMIT 1  [ RunTime:0.000205s ]
[ 2012-11-24T16:44:21+08:00 ] /index.php/Account/edit/id/92 | SQL: SELECT * FROM `y_category` WHERE ( `id` IN ('36','19','20','21','22','23','27','37') ) ORDER BY ordernum desc [ RunTime:0.000084s ]
[ 2012-11-24T16:44:21+08:00 ] /index.php/Account/edit/id/92 | SQL: SELECT * FROM `y_category` WHERE ( `pid` = 11 ) ORDER BY ordernum desc [ RunTime:0.000065s ]
[ 2012-11-24T16:44:21+08:00 ] /index.php/Account/edit/id/92 | NOTIC: [8] Undefined index:  tab_id 196c657f8b82048b1beeb0f9599f5fdc.php 第 287 行.
[ 2012-11-24T16:44:30+08:00 ] /index.php/Account/edit/id/92/tab_id/test1 | SQL: SHOW COLUMNS FROM `y_account` [ RunTime:0.001379s ]
[ 2012-11-24T16:44:30+08:00 ] /index.php/Account/edit/id/92/tab_id/test1 | SQL: SELECT * FROM `y_account` WHERE ( `id` = '92' ) LIMIT 1  [ RunTime:0.000291s ]
[ 2012-11-24T16:44:30+08:00 ] /index.php/Account/edit/id/92/tab_id/test1 | SQL: SHOW COLUMNS FROM `y_category` [ RunTime:0.000934s ]
[ 2012-11-24T16:44:30+08:00 ] /index.php/Account/edit/id/92/tab_id/test1 | SQL: SELECT `modules` FROM `y_account` WHERE ( `id` = '92' ) LIMIT 1  [ RunTime:0.000234s ]
[ 2012-11-24T16:44:30+08:00 ] /index.php/Account/edit/id/92/tab_id/test1 | SQL: SELECT * FROM `y_category` WHERE ( `id` IN ('36','19','20','21','22','23','27','37') ) ORDER BY ordernum desc [ RunTime:0.000087s ]
[ 2012-11-24T16:44:30+08:00 ] /index.php/Account/edit/id/92/tab_id/test1 | SQL: SELECT * FROM `y_category` WHERE ( `pid` = 11 ) ORDER BY ordernum desc [ RunTime:0.000085s ]
[ 2012-11-24T16:44:33+08:00 ] /index.php/Index/main | SQL: SHOW COLUMNS FROM `y_account` [ RunTime:0.001210s ]
[ 2012-11-24T16:44:33+08:00 ] /index.php/Index/main | SQL: SELECT * FROM `y_account` WHERE ( `id` = '92' ) LIMIT 1  [ RunTime:0.000107s ]
[ 2012-11-24T16:44:33+08:00 ] /index.php/Index/main | SQL: SHOW COLUMNS FROM `y_category` [ RunTime:0.000445s ]
[ 2012-11-24T16:44:33+08:00 ] /index.php/Index/main | SQL: SELECT * FROM `y_account` ORDER BY id desc [ RunTime:0.000707s ]
[ 2012-11-24T16:44:33+08:00 ] /index.php/Index/main | NOTIC: [8] Undefined index:  searchkey IndexAction.class.php 第 27 行.
[ 2012-11-24T16:44:33+08:00 ] /index.php/Index/main | NOTIC: [8] Undefined variable: where IndexAction.class.php 第 31 行.
[ 2012-11-24T16:44:33+08:00 ] /index.php/Index/main | SQL: SELECT COUNT(*) AS tp_count FROM `y_account` LIMIT 1  [ RunTime:0.000158s ]
[ 2012-11-24T16:44:33+08:00 ] /index.php/Index/main | SQL: SELECT * FROM `y_account` ORDER BY `id` desc LIMIT 0,20  [ RunTime:0.000354s ]
[ 2012-11-24T16:44:33+08:00 ] /index.php/Index/main | NOTIC: [2] Invalid argument supplied for foreach() CommonAction.class.php 第 159 行.
[ 2012-11-24T16:44:33+08:00 ] /index.php/Account/edit/id/92/tab_id/test2 | SQL: SHOW COLUMNS FROM `y_account` [ RunTime:0.001372s ]
[ 2012-11-24T16:44:33+08:00 ] /index.php/Account/edit/id/92/tab_id/test2 | SQL: SELECT * FROM `y_account` WHERE ( `id` = '92' ) LIMIT 1  [ RunTime:0.000074s ]
[ 2012-11-24T16:44:33+08:00 ] /index.php/Account/edit/id/92/tab_id/test2 | SQL: SHOW COLUMNS FROM `y_category` [ RunTime:0.000668s ]
[ 2012-11-24T16:44:33+08:00 ] /index.php/Account/edit/id/92/tab_id/test2 | SQL: SELECT `modules` FROM `y_account` WHERE ( `id` = '92' ) LIMIT 1  [ RunTime:0.000058s ]
[ 2012-11-24T16:44:33+08:00 ] /index.php/Account/edit/id/92/tab_id/test2 | SQL: SELECT * FROM `y_category` WHERE ( `id` IN ('36','19','20','21','22','23','27','37') ) ORDER BY ordernum desc [ RunTime:0.000062s ]
[ 2012-11-24T16:44:33+08:00 ] /index.php/Account/edit/id/92/tab_id/test2 | SQL: SELECT * FROM `y_category` WHERE ( `pid` = 11 ) ORDER BY ordernum desc [ RunTime:0.000065s ]
[ 2012-11-24T16:44:37+08:00 ] /index.php/Index/main?searchkey=zgxylace.cn | SQL: SHOW COLUMNS FROM `y_account` [ RunTime:0.001208s ]
[ 2012-11-24T16:44:37+08:00 ] /index.php/Index/main?searchkey=zgxylace.cn | SQL: SELECT * FROM `y_account` WHERE ( `id` = '92' ) LIMIT 1  [ RunTime:0.000073s ]
[ 2012-11-24T16:44:37+08:00 ] /index.php/Index/main?searchkey=zgxylace.cn | SQL: SHOW COLUMNS FROM `y_category` [ RunTime:0.000424s ]
[ 2012-11-24T16:44:37+08:00 ] /index.php/Index/main?searchkey=zgxylace.cn | SQL: SELECT * FROM `y_account` ORDER BY id desc [ RunTime:0.000165s ]
[ 2012-11-24T16:44:37+08:00 ] /index.php/Index/main?searchkey=zgxylace.cn | SQL: SELECT COUNT(*) AS tp_count FROM `y_account` WHERE ( website_name like '%zgxylace.cn%' OR contract_number like '%zgxylace.cn%' OR url like '%zgxylace.cn%' ) LIMIT 1  [ RunTime:0.000391s ]
[ 2012-11-24T16:44:37+08:00 ] /index.php/Index/main?searchkey=zgxylace.cn | SQL: SELECT * FROM `y_account` WHERE ( website_name like '%zgxylace.cn%' OR contract_number like '%zgxylace.cn%' OR url like '%zgxylace.cn%' ) ORDER BY `id` desc LIMIT 0,20  [ RunTime:0.000349s ]
[ 2012-11-24T16:44:37+08:00 ] /index.php/Index/main?searchkey=zgxylace.cn | NOTIC: [2048] Creating default object from empty value CommonAction.class.php 第 161 行.
[ 2012-11-24T16:44:40+08:00 ] /index.php/Index/main?searchkey=zgxylace.cn | SQL: SHOW COLUMNS FROM `y_account` [ RunTime:0.001239s ]
[ 2012-11-24T16:44:40+08:00 ] /index.php/Index/main?searchkey=zgxylace.cn | SQL: SELECT * FROM `y_account` WHERE ( `id` = '92' ) LIMIT 1  [ RunTime:0.000097s ]
[ 2012-11-24T16:44:40+08:00 ] /index.php/Index/main?searchkey=zgxylace.cn | SQL: SHOW COLUMNS FROM `y_category` [ RunTime:0.000895s ]
[ 2012-11-24T16:44:40+08:00 ] /index.php/Index/main?searchkey=zgxylace.cn | SQL: SELECT * FROM `y_account` ORDER BY id desc [ RunTime:0.000248s ]
[ 2012-11-24T16:44:40+08:00 ] /index.php/Index/main?searchkey=zgxylace.cn | SQL: SELECT COUNT(*) AS tp_count FROM `y_account` WHERE ( website_name like '%zgxylace.cn%' OR contract_number like '%zgxylace.cn%' OR url like '%zgxylace.cn%' ) LIMIT 1  [ RunTime:0.000075s ]
[ 2012-11-24T16:44:40+08:00 ] /index.php/Index/main?searchkey=zgxylace.cn | SQL: SELECT * FROM `y_account` WHERE ( website_name like '%zgxylace.cn%' OR contract_number like '%zgxylace.cn%' OR url like '%zgxylace.cn%' ) ORDER BY `id` desc LIMIT 0,20  [ RunTime:0.000088s ]
[ 2012-11-24T16:44:40+08:00 ] /index.php/Index/main?searchkey=zgxylace.cn | NOTIC: [2048] Creating default object from empty value CommonAction.class.php 第 161 行.
[ 2012-11-24T16:45:40+08:00 ] /index.php/Index/main | SQL: SHOW COLUMNS FROM `y_account` [ RunTime:0.001267s ]
[ 2012-11-24T16:45:40+08:00 ] /index.php/Index/main | SQL: SELECT * FROM `y_account` WHERE ( `id` = '92' ) LIMIT 1  [ RunTime:0.000074s ]
[ 2012-11-24T16:45:40+08:00 ] /index.php/Index/main | SQL: SHOW COLUMNS FROM `y_category` [ RunTime:0.000431s ]
[ 2012-11-24T16:45:40+08:00 ] /index.php/Index/main | SQL: SELECT * FROM `y_account` ORDER BY id desc [ RunTime:0.000170s ]
[ 2012-11-24T16:45:40+08:00 ] /index.php/Index/main | NOTIC: [8] Undefined index:  searchkey IndexAction.class.php 第 27 行.
[ 2012-11-24T16:45:40+08:00 ] /index.php/Index/main | NOTIC: [8] Undefined variable: where IndexAction.class.php 第 31 行.
[ 2012-11-24T16:45:40+08:00 ] /index.php/Index/main | SQL: SELECT COUNT(*) AS tp_count FROM `y_account` LIMIT 1  [ RunTime:0.000059s ]
[ 2012-11-24T16:45:40+08:00 ] /index.php/Index/main | SQL: SELECT * FROM `y_account` ORDER BY `id` desc LIMIT 0,20  [ RunTime:0.000099s ]
[ 2012-11-24T16:45:40+08:00 ] /index.php/Index/main | NOTIC: [2] Invalid argument supplied for foreach() CommonAction.class.php 第 159 行.
[ 2012-11-24T16:45:44+08:00 ] /index.php/Account/edit/id/91 | SQL: SHOW COLUMNS FROM `y_account` [ RunTime:0.001290s ]
[ 2012-11-24T16:45:44+08:00 ] /index.php/Account/edit/id/91 | SQL: SELECT * FROM `y_account` WHERE ( `id` = '91' ) LIMIT 1  [ RunTime:0.000242s ]
[ 2012-11-24T16:45:44+08:00 ] /index.php/Account/edit/id/91 | SQL: SHOW COLUMNS FROM `y_category` [ RunTime:0.000437s ]
[ 2012-11-24T16:45:44+08:00 ] /index.php/Account/edit/id/91 | SQL: SELECT `modules` FROM `y_account` WHERE ( `id` = '91' ) LIMIT 1  [ RunTime:0.000131s ]
[ 2012-11-24T16:45:44+08:00 ] /index.php/Account/edit/id/91 | SQL: SELECT * FROM `y_category` WHERE ( `id` IN ('36','19','20','21','22','23','27','37') ) ORDER BY ordernum desc [ RunTime:0.000105s ]
[ 2012-11-24T16:45:44+08:00 ] /index.php/Account/edit/id/91 | SQL: SELECT * FROM `y_category` WHERE ( `pid` = 11 ) ORDER BY ordernum desc [ RunTime:0.000065s ]
[ 2012-11-24T16:45:44+08:00 ] /index.php/Account/edit/id/91 | NOTIC: [8] Undefined index:  tab_id 196c657f8b82048b1beeb0f9599f5fdc.php 第 287 行.
[ 2012-11-24T16:45:51+08:00 ] /index.php/Account/edit/id/91/tab_id/test1 | SQL: SHOW COLUMNS FROM `y_account` [ RunTime:0.001204s ]
[ 2012-11-24T16:45:51+08:00 ] /index.php/Account/edit/id/91/tab_id/test1 | SQL: SELECT * FROM `y_account` WHERE ( `id` = '91' ) LIMIT 1  [ RunTime:0.000360s ]
[ 2012-11-24T16:45:51+08:00 ] /index.php/Account/edit/id/91/tab_id/test1 | SQL: SHOW COLUMNS FROM `y_category` [ RunTime:0.000747s ]
[ 2012-11-24T16:45:51+08:00 ] /index.php/Account/edit/id/91/tab_id/test1 | SQL: SELECT `modules` FROM `y_account` WHERE ( `id` = '91' ) LIMIT 1  [ RunTime:0.000194s ]
[ 2012-11-24T16:45:51+08:00 ] /index.php/Account/edit/id/91/tab_id/test1 | SQL: SELECT * FROM `y_category` WHERE ( `id` IN ('36','19','20','21','22','23','27','37') ) ORDER BY ordernum desc [ RunTime:0.000091s ]
[ 2012-11-24T16:45:51+08:00 ] /index.php/Account/edit/id/91/tab_id/test1 | SQL: SELECT * FROM `y_category` WHERE ( `pid` = 11 ) ORDER BY ordernum desc [ RunTime:0.000133s ]
[ 2012-11-24T16:45:52+08:00 ] /index.php/Index/main | SQL: SHOW COLUMNS FROM `y_account` [ RunTime:0.001069s ]
[ 2012-11-24T16:45:52+08:00 ] /index.php/Index/main | SQL: SELECT * FROM `y_account` WHERE ( `id` = '91' ) LIMIT 1  [ RunTime:0.000081s ]
[ 2012-11-24T16:45:52+08:00 ] /index.php/Index/main | SQL: SHOW COLUMNS FROM `y_category` [ RunTime:0.000419s ]
[ 2012-11-24T16:45:52+08:00 ] /index.php/Index/main | SQL: SELECT * FROM `y_account` ORDER BY id desc [ RunTime:0.000697s ]
[ 2012-11-24T16:45:52+08:00 ] /index.php/Index/main | NOTIC: [8] Undefined index:  searchkey IndexAction.class.php 第 27 行.
[ 2012-11-24T16:45:52+08:00 ] /index.php/Index/main | NOTIC: [8] Undefined variable: where IndexAction.class.php 第 31 行.
[ 2012-11-24T16:45:52+08:00 ] /index.php/Index/main | SQL: SELECT COUNT(*) AS tp_count FROM `y_account` LIMIT 1  [ RunTime:0.000130s ]
[ 2012-11-24T16:45:52+08:00 ] /index.php/Index/main | SQL: SELECT * FROM `y_account` ORDER BY `id` desc LIMIT 0,20  [ RunTime:0.000398s ]
[ 2012-11-24T16:45:52+08:00 ] /index.php/Index/main | NOTIC: [2] Invalid argument supplied for foreach() CommonAction.class.php 第 159 行.
[ 2012-11-24T16:45:52+08:00 ] /index.php/Account/edit/id/91/tab_id/test2 | SQL: SHOW COLUMNS FROM `y_account` [ RunTime:0.001247s ]
[ 2012-11-24T16:45:52+08:00 ] /index.php/Account/edit/id/91/tab_id/test2 | SQL: SELECT * FROM `y_account` WHERE ( `id` = '91' ) LIMIT 1  [ RunTime:0.000074s ]
[ 2012-11-24T16:45:52+08:00 ] /index.php/Account/edit/id/91/tab_id/test2 | SQL: SHOW COLUMNS FROM `y_category` [ RunTime:0.000459s ]
[ 2012-11-24T16:45:52+08:00 ] /index.php/Account/edit/id/91/tab_id/test2 | SQL: SELECT `modules` FROM `y_account` WHERE ( `id` = '91' ) LIMIT 1  [ RunTime:0.000057s ]
[ 2012-11-24T16:45:52+08:00 ] /index.php/Account/edit/id/91/tab_id/test2 | SQL: SELECT * FROM `y_category` WHERE ( `id` IN ('36','19','20','21','22','23','27','37') ) ORDER BY ordernum desc [ RunTime:0.000069s ]
[ 2012-11-24T16:45:52+08:00 ] /index.php/Account/edit/id/91/tab_id/test2 | SQL: SELECT * FROM `y_category` WHERE ( `pid` = 11 ) ORDER BY ordernum desc [ RunTime:0.000083s ]
[ 2012-11-24T16:45:54+08:00 ] /index.php/Index/main | SQL: SHOW COLUMNS FROM `y_account` [ RunTime:0.001230s ]
[ 2012-11-24T16:45:54+08:00 ] /index.php/Index/main | SQL: SELECT * FROM `y_account` WHERE ( `id` = '91' ) LIMIT 1  [ RunTime:0.000076s ]
[ 2012-11-24T16:45:54+08:00 ] /index.php/Index/main | SQL: SHOW COLUMNS FROM `y_category` [ RunTime:0.000548s ]
[ 2012-11-24T16:45:54+08:00 ] /index.php/Index/main | SQL: SELECT * FROM `y_account` ORDER BY id desc [ RunTime:0.000196s ]
[ 2012-11-24T16:45:54+08:00 ] /index.php/Index/main | NOTIC: [8] Undefined index:  searchkey IndexAction.class.php 第 27 行.
[ 2012-11-24T16:45:54+08:00 ] /index.php/Index/main | NOTIC: [8] Undefined variable: where IndexAction.class.php 第 31 行.
[ 2012-11-24T16:45:54+08:00 ] /index.php/Index/main | SQL: SELECT COUNT(*) AS tp_count FROM `y_account` LIMIT 1  [ RunTime:0.000067s ]
[ 2012-11-24T16:45:54+08:00 ] /index.php/Index/main | SQL: SELECT * FROM `y_account` ORDER BY `id` desc LIMIT 0,20  [ RunTime:0.000096s ]
[ 2012-11-24T16:45:54+08:00 ] /index.php/Index/main | NOTIC: [2] Invalid argument supplied for foreach() CommonAction.class.php 第 159 行.
[ 2012-11-24T16:45:57+08:00 ] /index.php/Index/main | SQL: SHOW COLUMNS FROM `y_account` [ RunTime:0.001719s ]
[ 2012-11-24T16:45:57+08:00 ] /index.php/Index/main | SQL: SELECT * FROM `y_account` WHERE ( `id` = '91' ) LIMIT 1  [ RunTime:0.000094s ]
[ 2012-11-24T16:45:57+08:00 ] /index.php/Index/main | SQL: SHOW COLUMNS FROM `y_category` [ RunTime:0.000638s ]
[ 2012-11-24T16:45:57+08:00 ] /index.php/Index/main | SQL: SELECT * FROM `y_account` ORDER BY id desc [ RunTime:0.000227s ]
[ 2012-11-24T16:45:57+08:00 ] /index.php/Index/main | NOTIC: [8] Undefined index:  searchkey IndexAction.class.php 第 27 行.
[ 2012-11-24T16:45:57+08:00 ] /index.php/Index/main | NOTIC: [8] Undefined variable: where IndexAction.class.php 第 31 行.
[ 2012-11-24T16:45:57+08:00 ] /index.php/Index/main | SQL: SELECT COUNT(*) AS tp_count FROM `y_account` LIMIT 1  [ RunTime:0.000080s ]
[ 2012-11-24T16:45:57+08:00 ] /index.php/Index/main | SQL: SELECT * FROM `y_account` ORDER BY `id` desc LIMIT 0,20  [ RunTime:0.000103s ]
[ 2012-11-24T16:45:57+08:00 ] /index.php/Index/main | NOTIC: [2] Invalid argument supplied for foreach() CommonAction.class.php 第 159 行.
[ 2012-11-24T16:46:05+08:00 ] /index.php/Account/edit/id/90 | SQL: SHOW COLUMNS FROM `y_account` [ RunTime:0.001061s ]
[ 2012-11-24T16:46:05+08:00 ] /index.php/Account/edit/id/90 | SQL: SELECT * FROM `y_account` WHERE ( `id` = '90' ) LIMIT 1  [ RunTime:0.000214s ]
[ 2012-11-24T16:46:05+08:00 ] /index.php/Account/edit/id/90 | SQL: SHOW COLUMNS FROM `y_category` [ RunTime:0.000702s ]
[ 2012-11-24T16:46:05+08:00 ] /index.php/Account/edit/id/90 | SQL: SELECT `modules` FROM `y_account` WHERE ( `id` = '90' ) LIMIT 1  [ RunTime:0.000191s ]
[ 2012-11-24T16:46:05+08:00 ] /index.php/Account/edit/id/90 | SQL: SELECT * FROM `y_category` WHERE ( `id` IN ('36','19','20','21','22','23','27','37') ) ORDER BY ordernum desc [ RunTime:0.000068s ]
[ 2012-11-24T16:46:05+08:00 ] /index.php/Account/edit/id/90 | SQL: SELECT * FROM `y_category` WHERE ( `pid` = 11 ) ORDER BY ordernum desc [ RunTime:0.000067s ]
[ 2012-11-24T16:46:05+08:00 ] /index.php/Account/edit/id/90 | NOTIC: [8] Undefined index:  tab_id 196c657f8b82048b1beeb0f9599f5fdc.php 第 287 行.
[ 2012-11-24T16:46:10+08:00 ] /index.php/Account/edit/id/90/tab_id/test1 | SQL: SHOW COLUMNS FROM `y_account` [ RunTime:0.001219s ]
[ 2012-11-24T16:46:10+08:00 ] /index.php/Account/edit/id/90/tab_id/test1 | SQL: SELECT * FROM `y_account` WHERE ( `id` = '90' ) LIMIT 1  [ RunTime:0.000284s ]
[ 2012-11-24T16:46:10+08:00 ] /index.php/Account/edit/id/90/tab_id/test1 | SQL: SHOW COLUMNS FROM `y_category` [ RunTime:0.000958s ]
[ 2012-11-24T16:46:10+08:00 ] /index.php/Account/edit/id/90/tab_id/test1 | SQL: SELECT `modules` FROM `y_account` WHERE ( `id` = '90' ) LIMIT 1  [ RunTime:0.000197s ]
[ 2012-11-24T16:46:10+08:00 ] /index.php/Account/edit/id/90/tab_id/test1 | SQL: SELECT * FROM `y_category` WHERE ( `id` IN ('36','19','20','21','22','23','27','37') ) ORDER BY ordernum desc [ RunTime:0.000091s ]
[ 2012-11-24T16:46:10+08:00 ] /index.php/Account/edit/id/90/tab_id/test1 | SQL: SELECT * FROM `y_category` WHERE ( `pid` = 11 ) ORDER BY ordernum desc [ RunTime:0.000089s ]
[ 2012-11-24T16:46:14+08:00 ] /index.php/Index/main | SQL: SHOW COLUMNS FROM `y_account` [ RunTime:0.001270s ]
[ 2012-11-24T16:46:14+08:00 ] /index.php/Index/main | SQL: SELECT * FROM `y_account` WHERE ( `id` = '90' ) LIMIT 1  [ RunTime:0.000073s ]
[ 2012-11-24T16:46:14+08:00 ] /index.php/Index/main | SQL: SHOW COLUMNS FROM `y_category` [ RunTime:0.000446s ]
[ 2012-11-24T16:46:14+08:00 ] /index.php/Index/main | SQL: SELECT * FROM `y_account` ORDER BY id desc [ RunTime:0.000775s ]
[ 2012-11-24T16:46:14+08:00 ] /index.php/Index/main | NOTIC: [8] Undefined index:  searchkey IndexAction.class.php 第 27 行.
[ 2012-11-24T16:46:14+08:00 ] /index.php/Index/main | NOTIC: [8] Undefined variable: where IndexAction.class.php 第 31 行.
[ 2012-11-24T16:46:14+08:00 ] /index.php/Index/main | SQL: SELECT COUNT(*) AS tp_count FROM `y_account` LIMIT 1  [ RunTime:0.000154s ]
[ 2012-11-24T16:46:14+08:00 ] /index.php/Index/main | SQL: SELECT * FROM `y_account` ORDER BY `id` desc LIMIT 0,20  [ RunTime:0.000339s ]
[ 2012-11-24T16:46:14+08:00 ] /index.php/Index/main | NOTIC: [2] Invalid argument supplied for foreach() CommonAction.class.php 第 159 行.
[ 2012-11-24T16:46:14+08:00 ] /index.php/Account/edit/id/90/tab_id/test2 | SQL: SHOW COLUMNS FROM `y_account` [ RunTime:0.001665s ]
[ 2012-11-24T16:46:14+08:00 ] /index.php/Account/edit/id/90/tab_id/test2 | SQL: SELECT * FROM `y_account` WHERE ( `id` = '90' ) LIMIT 1  [ RunTime:0.000080s ]
[ 2012-11-24T16:46:14+08:00 ] /index.php/Account/edit/id/90/tab_id/test2 | SQL: SHOW COLUMNS FROM `y_category` [ RunTime:0.000480s ]
[ 2012-11-24T16:46:14+08:00 ] /index.php/Account/edit/id/90/tab_id/test2 | SQL: SELECT `modules` FROM `y_account` WHERE ( `id` = '90' ) LIMIT 1  [ RunTime:0.000060s ]
[ 2012-11-24T16:46:14+08:00 ] /index.php/Account/edit/id/90/tab_id/test2 | SQL: SELECT * FROM `y_category` WHERE ( `id` IN ('36','19','20','21','22','23','27','37') ) ORDER BY ordernum desc [ RunTime:0.000063s ]
[ 2012-11-24T16:46:14+08:00 ] /index.php/Account/edit/id/90/tab_id/test2 | SQL: SELECT * FROM `y_category` WHERE ( `pid` = 11 ) ORDER BY ordernum desc [ RunTime:0.000083s ]
[ 2012-11-24T16:46:25+08:00 ] /index.php/Index/main | SQL: SHOW COLUMNS FROM `y_account` [ RunTime:0.001294s ]
[ 2012-11-24T16:46:25+08:00 ] /index.php/Index/main | SQL: SELECT * FROM `y_account` WHERE ( `id` = '90' ) LIMIT 1  [ RunTime:0.000077s ]
[ 2012-11-24T16:46:25+08:00 ] /index.php/Index/main | SQL: SHOW COLUMNS FROM `y_category` [ RunTime:0.000528s ]
[ 2012-11-24T16:46:25+08:00 ] /index.php/Index/main | SQL: SELECT * FROM `y_account` ORDER BY id desc [ RunTime:0.000206s ]
[ 2012-11-24T16:46:25+08:00 ] /index.php/Index/main | NOTIC: [8] Undefined index:  searchkey IndexAction.class.php 第 27 行.
[ 2012-11-24T16:46:25+08:00 ] /index.php/Index/main | NOTIC: [8] Undefined variable: where IndexAction.class.php 第 31 行.
[ 2012-11-24T16:46:25+08:00 ] /index.php/Index/main | SQL: SELECT COUNT(*) AS tp_count FROM `y_account` LIMIT 1  [ RunTime:0.000063s ]
[ 2012-11-24T16:46:25+08:00 ] /index.php/Index/main | SQL: SELECT * FROM `y_account` ORDER BY `id` desc LIMIT 0,20  [ RunTime:0.000082s ]
[ 2012-11-24T16:46:25+08:00 ] /index.php/Index/main | NOTIC: [2] Invalid argument supplied for foreach() CommonAction.class.php 第 159 行.
[ 2012-11-24T16:46:32+08:00 ] /index.php/Index/main | SQL: SHOW COLUMNS FROM `y_account` [ RunTime:0.001211s ]
[ 2012-11-24T16:46:32+08:00 ] /index.php/Index/main | SQL: SELECT * FROM `y_account` WHERE ( `id` = '91' ) LIMIT 1  [ RunTime:0.000074s ]
[ 2012-11-24T16:46:32+08:00 ] /index.php/Index/main | SQL: SHOW COLUMNS FROM `y_category` [ RunTime:0.000446s ]
[ 2012-11-24T16:46:32+08:00 ] /index.php/Index/main | SQL: SELECT * FROM `y_account` ORDER BY id desc [ RunTime:0.000182s ]
[ 2012-11-24T16:46:32+08:00 ] /index.php/Index/main | NOTIC: [8] Undefined index:  searchkey IndexAction.class.php 第 27 行.
[ 2012-11-24T16:46:32+08:00 ] /index.php/Index/main | NOTIC: [8] Undefined variable: where IndexAction.class.php 第 31 行.
[ 2012-11-24T16:46:32+08:00 ] /index.php/Index/main | SQL: SELECT COUNT(*) AS tp_count FROM `y_account` LIMIT 1  [ RunTime:0.000059s ]
[ 2012-11-24T16:46:32+08:00 ] /index.php/Index/main | SQL: SELECT * FROM `y_account` ORDER BY `id` desc LIMIT 0,20  [ RunTime:0.000082s ]
[ 2012-11-24T16:46:32+08:00 ] /index.php/Index/main | NOTIC: [2] Invalid argument supplied for foreach() CommonAction.class.php 第 159 行.
