[ 2012-12-19T10:03:53+08:00 ] / | NOTIC: [8] Undefined index:  account_id CommonAction.class.php 第 17 行.
[ 2012-12-19T10:03:53+08:00 ] / | SQL: SHOW COLUMNS FROM `y_account` [ RunTime:0.001250s ]
[ 2012-12-19T10:03:53+08:00 ] / | NOTIC: [2] mysql_connect() [<a href='function.mysql-connect'>function.mysql-connect</a>]: Access denied for user 'xiaoluo'@'localhost' (using password: NO) CommonAction.class.php 第 147 行.
[ 2012-12-19T10:03:54+08:00 ] /index.php/Index/main | NOTIC: [8] Undefined index:  account_id CommonAction.class.php 第 17 行.
[ 2012-12-19T10:03:54+08:00 ] /index.php/Index/main | SQL: SHOW COLUMNS FROM `y_account` [ RunTime:0.020798s ]
[ 2012-12-19T10:03:54+08:00 ] /index.php/Index/main | NOTIC: [2] mysql_connect() [<a href='function.mysql-connect'>function.mysql-connect</a>]: Access denied for user 'xiaoluo'@'localhost' (using password: NO) CommonAction.class.php 第 147 行.
[ 2012-12-19T10:03:54+08:00 ] /index.php/Index/main | SQL: SELECT * FROM `y_account` ORDER BY id desc [ RunTime:0.001488s ]
[ 2012-12-19T10:03:54+08:00 ] /index.php/Index/main | NOTIC: [8] Undefined index:  searchkey IndexAction.class.php 第 28 行.
[ 2012-12-19T10:03:54+08:00 ] /index.php/Index/main | NOTIC: [8] Undefined variable: where IndexAction.class.php 第 32 行.
[ 2012-12-19T10:03:54+08:00 ] /index.php/Index/main | SQL: SELECT COUNT(*) AS tp_count FROM `y_account` LIMIT 1  [ RunTime:0.000214s ]
[ 2012-12-19T10:03:54+08:00 ] /index.php/Index/main | SQL: SELECT * FROM `y_account` ORDER BY `id` desc LIMIT 0,20  [ RunTime:0.000610s ]
[ 2012-12-19T10:03:54+08:00 ] /index.php/Index/main | NOTIC: [2] Invalid argument supplied for foreach() CommonAction.class.php 第 181 行.
[ 2012-12-19T10:03:54+08:00 ] /index.php/Index/left | NOTIC: [8] Undefined index:  account_id CommonAction.class.php 第 17 行.
[ 2012-12-19T10:03:54+08:00 ] /index.php/Index/left | SQL: SHOW COLUMNS FROM `y_account` [ RunTime:0.007210s ]
[ 2012-12-19T10:03:54+08:00 ] /index.php/Index/left | NOTIC: [2] mysql_connect() [<a href='function.mysql-connect'>function.mysql-connect</a>]: Access denied for user 'xiaoluo'@'localhost' (using password: NO) CommonAction.class.php 第 147 行.
[ 2012-12-19T10:03:54+08:00 ] /index.php/Index/left | NOTIC: [8] Undefined index:  account_id 196c657f8b82048b1beeb0f9599f5fdc.php 第 15 行.
[ 2012-12-19T10:03:54+08:00 ] /index.php/Index/left | NOTIC: [8] Undefined variable: isConnect 196c657f8b82048b1beeb0f9599f5fdc.php 第 72 行.
[ 2012-12-19T10:03:54+08:00 ] /index.php/Index/left | NOTIC: [8] Undefined variable: langList 196c657f8b82048b1beeb0f9599f5fdc.php 第 125 行.
[ 2012-12-19T10:03:54+08:00 ] /index.php/Index/left | NOTIC: [8] Undefined variable: langList 196c657f8b82048b1beeb0f9599f5fdc.php 第 137 行.
[ 2012-12-19T10:03:54+08:00 ] /index.php/Index/left | NOTIC: [8] Undefined variable: moduleList 196c657f8b82048b1beeb0f9599f5fdc.php 第 167 行.
[ 2012-12-19T10:03:54+08:00 ] /index.php/Index/left | NOTIC: [8] Undefined variable: moduleList2 196c657f8b82048b1beeb0f9599f5fdc.php 第 189 行.
[ 2012-12-19T10:03:54+08:00 ] /index.php/Index/left | NOTIC: [8] Undefined index:  tab_id 196c657f8b82048b1beeb0f9599f5fdc.php 第 256 行.
[ 2012-12-19T10:04:12+08:00 ] /index.php/Index/main?searchkey=y00176609 | NOTIC: [8] Undefined index:  account_id CommonAction.class.php 第 17 行.
[ 2012-12-19T10:04:12+08:00 ] /index.php/Index/main?searchkey=y00176609 | SQL: SHOW COLUMNS FROM `y_account` [ RunTime:0.001645s ]
[ 2012-12-19T10:04:12+08:00 ] /index.php/Index/main?searchkey=y00176609 | NOTIC: [2] mysql_connect() [<a href='function.mysql-connect'>function.mysql-connect</a>]: Access denied for user 'xiaoluo'@'localhost' (using password: NO) CommonAction.class.php 第 147 行.
[ 2012-12-19T10:04:12+08:00 ] /index.php/Index/main?searchkey=y00176609 | SQL: SELECT * FROM `y_account` ORDER BY id desc [ RunTime:0.000272s ]
[ 2012-12-19T10:04:12+08:00 ] /index.php/Index/main?searchkey=y00176609 | SQL: SELECT COUNT(*) AS tp_count FROM `y_account` WHERE ( website_name like '%y00176609%' OR contract_number like '%y00176609%' OR url like '%y00176609%' ) LIMIT 1  [ RunTime:0.000715s ]
[ 2012-12-19T10:04:12+08:00 ] /index.php/Index/main?searchkey=y00176609 | SQL: SELECT * FROM `y_account` WHERE ( website_name like '%y00176609%' OR contract_number like '%y00176609%' OR url like '%y00176609%' ) ORDER BY `id` desc LIMIT 0,20  [ RunTime:0.000612s ]
[ 2012-12-19T10:04:12+08:00 ] /index.php/Index/main?searchkey=y00176609 | NOTIC: [2048] Creating default object from empty value CommonAction.class.php 第 183 行.
[ 2012-12-19T10:13:22+08:00 ] / | NOTIC: [8] Undefined index:  account_id CommonAction.class.php 第 17 行.
[ 2012-12-19T10:13:22+08:00 ] / | SQL: SHOW COLUMNS FROM `y_account` [ RunTime:0.001180s ]
[ 2012-12-19T10:13:22+08:00 ] / | NOTIC: [2] mysql_connect() [<a href='function.mysql-connect'>function.mysql-connect</a>]: Access denied for user 'xiaoluo'@'localhost' (using password: NO) CommonAction.class.php 第 147 行.
[ 2012-12-19T10:13:23+08:00 ] /index.php/Index/main | NOTIC: [8] Undefined index:  account_id CommonAction.class.php 第 17 行.
[ 2012-12-19T10:13:23+08:00 ] /index.php/Index/main | SQL: SHOW COLUMNS FROM `y_account` [ RunTime:0.001321s ]
[ 2012-12-19T10:13:23+08:00 ] /index.php/Index/main | NOTIC: [2] mysql_connect() [<a href='function.mysql-connect'>function.mysql-connect</a>]: Access denied for user 'xiaoluo'@'localhost' (using password: NO) CommonAction.class.php 第 147 行.
[ 2012-12-19T10:13:23+08:00 ] /index.php/Index/main | SQL: SELECT * FROM `y_account` ORDER BY id desc [ RunTime:0.000275s ]
[ 2012-12-19T10:13:23+08:00 ] /index.php/Index/main | NOTIC: [8] Undefined index:  searchkey IndexAction.class.php 第 28 行.
[ 2012-12-19T10:13:23+08:00 ] /index.php/Index/main | NOTIC: [8] Undefined variable: where IndexAction.class.php 第 32 行.
[ 2012-12-19T10:13:23+08:00 ] /index.php/Index/main | SQL: SELECT COUNT(*) AS tp_count FROM `y_account` LIMIT 1  [ RunTime:0.000059s ]
[ 2012-12-19T10:13:23+08:00 ] /index.php/Index/main | SQL: SELECT * FROM `y_account` ORDER BY `id` desc LIMIT 0,20  [ RunTime:0.000089s ]
[ 2012-12-19T10:13:23+08:00 ] /index.php/Index/main | NOTIC: [2] Invalid argument supplied for foreach() CommonAction.class.php 第 181 行.
[ 2012-12-19T10:13:23+08:00 ] /index.php/Index/left | NOTIC: [8] Undefined index:  account_id CommonAction.class.php 第 17 行.
[ 2012-12-19T10:13:23+08:00 ] /index.php/Index/left | SQL: SHOW COLUMNS FROM `y_account` [ RunTime:0.001146s ]
[ 2012-12-19T10:13:23+08:00 ] /index.php/Index/left | NOTIC: [2] mysql_connect() [<a href='function.mysql-connect'>function.mysql-connect</a>]: Access denied for user 'xiaoluo'@'localhost' (using password: NO) CommonAction.class.php 第 147 行.
[ 2012-12-19T10:13:23+08:00 ] /index.php/Index/left | NOTIC: [8] Undefined index:  account_id 196c657f8b82048b1beeb0f9599f5fdc.php 第 15 行.
[ 2012-12-19T10:13:23+08:00 ] /index.php/Index/left | NOTIC: [8] Undefined variable: isConnect 196c657f8b82048b1beeb0f9599f5fdc.php 第 72 行.
[ 2012-12-19T10:13:23+08:00 ] /index.php/Index/left | NOTIC: [8] Undefined variable: langList 196c657f8b82048b1beeb0f9599f5fdc.php 第 125 行.
[ 2012-12-19T10:13:23+08:00 ] /index.php/Index/left | NOTIC: [8] Undefined variable: langList 196c657f8b82048b1beeb0f9599f5fdc.php 第 137 行.
[ 2012-12-19T10:13:23+08:00 ] /index.php/Index/left | NOTIC: [8] Undefined variable: moduleList 196c657f8b82048b1beeb0f9599f5fdc.php 第 167 行.
[ 2012-12-19T10:13:23+08:00 ] /index.php/Index/left | NOTIC: [8] Undefined variable: moduleList2 196c657f8b82048b1beeb0f9599f5fdc.php 第 189 行.
[ 2012-12-19T10:13:23+08:00 ] /index.php/Index/left | NOTIC: [8] Undefined index:  tab_id 196c657f8b82048b1beeb0f9599f5fdc.php 第 256 行.
[ 2012-12-19T10:13:25+08:00 ] /index.php/Index/newAccount | NOTIC: [8] Undefined index:  account_id CommonAction.class.php 第 17 行.
[ 2012-12-19T10:13:25+08:00 ] /index.php/Index/newAccount | SQL: SHOW COLUMNS FROM `y_account` [ RunTime:0.001621s ]
[ 2012-12-19T10:13:25+08:00 ] /index.php/Index/newAccount | NOTIC: [2] mysql_connect() [<a href='function.mysql-connect'>function.mysql-connect</a>]: Access denied for user 'xiaoluo'@'localhost' (using password: NO) CommonAction.class.php 第 147 行.
[ 2012-12-19T10:13:25+08:00 ] /index.php/Index/newAccount | NOTIC: [8] Undefined index:  account_id 196c657f8b82048b1beeb0f9599f5fdc.php 第 15 行.
[ 2012-12-19T10:13:25+08:00 ] /index.php/Index/newAccount | NOTIC: [8] Undefined variable: isConnect 196c657f8b82048b1beeb0f9599f5fdc.php 第 72 行.
[ 2012-12-19T10:13:25+08:00 ] /index.php/Index/newAccount | NOTIC: [8] Undefined variable: langList 196c657f8b82048b1beeb0f9599f5fdc.php 第 125 行.
[ 2012-12-19T10:13:25+08:00 ] /index.php/Index/newAccount | NOTIC: [8] Undefined variable: langList 196c657f8b82048b1beeb0f9599f5fdc.php 第 137 行.
[ 2012-12-19T10:13:25+08:00 ] /index.php/Index/newAccount | NOTIC: [8] Undefined variable: moduleList 196c657f8b82048b1beeb0f9599f5fdc.php 第 167 行.
[ 2012-12-19T10:13:25+08:00 ] /index.php/Index/newAccount | NOTIC: [8] Undefined variable: moduleList2 196c657f8b82048b1beeb0f9599f5fdc.php 第 189 行.
[ 2012-12-19T10:13:25+08:00 ] /index.php/Index/newAccount | NOTIC: [8] Undefined index:  tab_id 196c657f8b82048b1beeb0f9599f5fdc.php 第 256 行.
[ 2012-12-19T10:14:01+08:00 ] /index.php/Index/main | SQL: SHOW COLUMNS FROM `y_account` [ RunTime:0.001224s ]
[ 2012-12-19T10:14:01+08:00 ] /index.php/Index/main | SQL: SELECT * FROM `y_account` WHERE ( `id` = 188 ) LIMIT 1  [ RunTime:0.000249s ]
[ 2012-12-19T10:14:01+08:00 ] /index.php/Index/main | NOTIC: [2] mysql_connect() [<a href='function.mysql-connect'>function.mysql-connect</a>]: Access denied for user 'xiaoluo'@'localhost' (using password: NO) CommonAction.class.php 第 147 行.
[ 2012-12-19T10:14:01+08:00 ] /index.php/Index/main | SQL: SELECT * FROM `y_account` ORDER BY id desc [ RunTime:0.000964s ]
[ 2012-12-19T10:14:01+08:00 ] /index.php/Index/main | NOTIC: [8] Undefined index:  searchkey IndexAction.class.php 第 28 行.
[ 2012-12-19T10:14:01+08:00 ] /index.php/Index/main | NOTIC: [8] Undefined variable: where IndexAction.class.php 第 32 行.
[ 2012-12-19T10:14:01+08:00 ] /index.php/Index/main | SQL: SELECT COUNT(*) AS tp_count FROM `y_account` LIMIT 1  [ RunTime:0.000240s ]
[ 2012-12-19T10:14:01+08:00 ] /index.php/Index/main | SQL: SELECT * FROM `y_account` ORDER BY `id` desc LIMIT 0,20  [ RunTime:0.000447s ]
[ 2012-12-19T10:14:01+08:00 ] /index.php/Index/main | NOTIC: [2] Invalid argument supplied for foreach() CommonAction.class.php 第 181 行.
[ 2012-12-19T10:14:01+08:00 ] /index.php/Account/edit/id/188/tab_id/test1 | SQL: SHOW COLUMNS FROM `y_account` [ RunTime:0.001402s ]
[ 2012-12-19T10:14:01+08:00 ] /index.php/Account/edit/id/188/tab_id/test1 | SQL: SELECT * FROM `y_account` WHERE ( `id` = '188' ) LIMIT 1  [ RunTime:0.000237s ]
[ 2012-12-19T10:14:01+08:00 ] /index.php/Account/edit/id/188/tab_id/test1 | NOTIC: [2] mysql_connect() [<a href='function.mysql-connect'>function.mysql-connect</a>]: Access denied for user 'xiaoluo'@'localhost' (using password: NO) CommonAction.class.php 第 147 行.
[ 2012-12-19T10:14:01+08:00 ] /index.php/Account/edit/id/188/tab_id/test1 | NOTIC: [8] Undefined variable: langList 196c657f8b82048b1beeb0f9599f5fdc.php 第 125 行.
[ 2012-12-19T10:14:01+08:00 ] /index.php/Account/edit/id/188/tab_id/test1 | NOTIC: [8] Undefined variable: langList 196c657f8b82048b1beeb0f9599f5fdc.php 第 137 行.
[ 2012-12-19T10:14:01+08:00 ] /index.php/Account/edit/id/188/tab_id/test1 | NOTIC: [8] Undefined variable: moduleList 196c657f8b82048b1beeb0f9599f5fdc.php 第 167 行.
[ 2012-12-19T10:14:01+08:00 ] /index.php/Account/edit/id/188/tab_id/test1 | NOTIC: [8] Undefined variable: moduleList2 196c657f8b82048b1beeb0f9599f5fdc.php 第 189 行.
[ 2012-12-19T10:14:04+08:00 ] /index.php/Index/main | SQL: SHOW COLUMNS FROM `y_account` [ RunTime:0.001599s ]
[ 2012-12-19T10:14:04+08:00 ] /index.php/Index/main | SQL: SELECT * FROM `y_account` WHERE ( `id` = '188' ) LIMIT 1  [ RunTime:0.000081s ]
[ 2012-12-19T10:14:04+08:00 ] /index.php/Index/main | SQL: SHOW COLUMNS FROM `y_category` [ RunTime:0.000522s ]
[ 2012-12-19T10:14:04+08:00 ] /index.php/Index/main | SQL: SELECT * FROM `y_account` ORDER BY id desc [ RunTime:0.000999s ]
[ 2012-12-19T10:14:04+08:00 ] /index.php/Index/main | NOTIC: [8] Undefined index:  searchkey IndexAction.class.php 第 28 行.
[ 2012-12-19T10:14:04+08:00 ] /index.php/Index/main | NOTIC: [8] Undefined variable: where IndexAction.class.php 第 32 行.
[ 2012-12-19T10:14:04+08:00 ] /index.php/Index/main | SQL: SELECT COUNT(*) AS tp_count FROM `y_account` LIMIT 1  [ RunTime:0.000195s ]
[ 2012-12-19T10:14:04+08:00 ] /index.php/Index/main | SQL: SELECT * FROM `y_account` ORDER BY `id` desc LIMIT 0,20  [ RunTime:0.000404s ]
[ 2012-12-19T10:14:04+08:00 ] /index.php/Index/main | NOTIC: [2] Invalid argument supplied for foreach() CommonAction.class.php 第 181 行.
[ 2012-12-19T10:14:04+08:00 ] /index.php/Account/edit/id/188/tab_id/test2 | SQL: SHOW COLUMNS FROM `y_account` [ RunTime:0.001438s ]
[ 2012-12-19T10:14:04+08:00 ] /index.php/Account/edit/id/188/tab_id/test2 | SQL: SELECT * FROM `y_account` WHERE ( `id` = '188' ) LIMIT 1  [ RunTime:0.000078s ]
[ 2012-12-19T10:14:04+08:00 ] /index.php/Account/edit/id/188/tab_id/test2 | SQL: SHOW COLUMNS FROM `y_category` [ RunTime:0.000550s ]
[ 2012-12-19T10:14:04+08:00 ] /index.php/Account/edit/id/188/tab_id/test2 | SQL: SELECT `alias` FROM `y_category` WHERE ( `pid` = 3 ) AND ( `is_default` = 1 ) LIMIT 1  [ RunTime:0.000339s ]
[ 2012-12-19T10:14:04+08:00 ] /index.php/Account/edit/id/188/tab_id/test2 | SQL: SELECT * FROM `y_category` WHERE ( `pid` = 12 ) ORDER BY ordernum desc [ RunTime:0.000377s ]
[ 2012-12-19T10:14:04+08:00 ] /index.php/Account/edit/id/188/tab_id/test2 | SQL: SELECT * FROM `y_category` WHERE ( `pid` = 12 ) AND ( `is_publish` = 1 ) ORDER BY ordernum desc [ RunTime:0.000381s ]
[ 2012-12-19T10:14:04+08:00 ] /index.php/Account/edit/id/188/tab_id/test2 | SQL: SELECT * FROM `y_category` WHERE ( `pid` IN ('3','4') ) ORDER BY ordernum desc [ RunTime:0.000342s ]
[ 2012-12-19T10:14:17+08:00 ] /index.php/Index/main | SQL: SHOW COLUMNS FROM `y_account` [ RunTime:0.001485s ]
[ 2012-12-19T10:14:17+08:00 ] /index.php/Index/main | SQL: SELECT * FROM `y_account` WHERE ( `id` = '188' ) LIMIT 1  [ RunTime:0.000257s ]
[ 2012-12-19T10:14:17+08:00 ] /index.php/Index/main | SQL: SHOW COLUMNS FROM `y_category` [ RunTime:0.000506s ]
[ 2012-12-19T10:14:17+08:00 ] /index.php/Index/main | SQL: SELECT * FROM `y_account` ORDER BY id desc [ RunTime:0.001026s ]
[ 2012-12-19T10:14:17+08:00 ] /index.php/Index/main | NOTIC: [8] Undefined index:  searchkey IndexAction.class.php 第 28 行.
[ 2012-12-19T10:14:17+08:00 ] /index.php/Index/main | NOTIC: [8] Undefined variable: where IndexAction.class.php 第 32 行.
[ 2012-12-19T10:14:17+08:00 ] /index.php/Index/main | SQL: SELECT COUNT(*) AS tp_count FROM `y_account` LIMIT 1  [ RunTime:0.000196s ]
[ 2012-12-19T10:14:17+08:00 ] /index.php/Index/main | SQL: SELECT * FROM `y_account` ORDER BY `id` desc LIMIT 0,20  [ RunTime:0.000520s ]
[ 2012-12-19T10:14:17+08:00 ] /index.php/Index/main | NOTIC: [2] Invalid argument supplied for foreach() CommonAction.class.php 第 181 行.
[ 2012-12-19T10:14:19+08:00 ] /index.php/Index/main | SQL: SHOW COLUMNS FROM `y_account` [ RunTime:0.001173s ]
[ 2012-12-19T10:14:19+08:00 ] /index.php/Index/main | SQL: SELECT * FROM `y_account` WHERE ( `id` = '188' ) LIMIT 1  [ RunTime:0.000071s ]
[ 2012-12-19T10:14:20+08:00 ] /index.php/Index/main | SQL: SHOW COLUMNS FROM `y_category` [ RunTime:0.000626s ]
[ 2012-12-19T10:14:20+08:00 ] /index.php/Index/main | SQL: SELECT * FROM `y_account` ORDER BY id desc [ RunTime:0.000309s ]
[ 2012-12-19T10:14:20+08:00 ] /index.php/Index/main | NOTIC: [8] Undefined index:  searchkey IndexAction.class.php 第 28 行.
[ 2012-12-19T10:14:20+08:00 ] /index.php/Index/main | NOTIC: [8] Undefined variable: where IndexAction.class.php 第 32 行.
[ 2012-12-19T10:14:20+08:00 ] /index.php/Index/main | SQL: SELECT COUNT(*) AS tp_count FROM `y_account` LIMIT 1  [ RunTime:0.000060s ]
[ 2012-12-19T10:14:20+08:00 ] /index.php/Index/main | SQL: SELECT * FROM `y_account` ORDER BY `id` desc LIMIT 0,20  [ RunTime:0.000083s ]
[ 2012-12-19T10:14:20+08:00 ] /index.php/Index/main | NOTIC: [2] Invalid argument supplied for foreach() CommonAction.class.php 第 181 行.
[ 2012-12-19T10:14:20+08:00 ] /index.php/Index/main | SQL: SHOW COLUMNS FROM `y_account` [ RunTime:0.001416s ]
[ 2012-12-19T10:14:20+08:00 ] /index.php/Index/main | SQL: SELECT * FROM `y_account` WHERE ( `id` = '188' ) LIMIT 1  [ RunTime:0.000076s ]
[ 2012-12-19T10:14:20+08:00 ] /index.php/Index/main | SQL: SHOW COLUMNS FROM `y_category` [ RunTime:0.000499s ]
[ 2012-12-19T10:14:20+08:00 ] /index.php/Index/main | SQL: SELECT * FROM `y_account` ORDER BY id desc [ RunTime:0.000290s ]
[ 2012-12-19T10:14:20+08:00 ] /index.php/Index/main | NOTIC: [8] Undefined index:  searchkey IndexAction.class.php 第 28 行.
[ 2012-12-19T10:14:20+08:00 ] /index.php/Index/main | NOTIC: [8] Undefined variable: where IndexAction.class.php 第 32 行.
[ 2012-12-19T10:14:20+08:00 ] /index.php/Index/main | SQL: SELECT COUNT(*) AS tp_count FROM `y_account` LIMIT 1  [ RunTime:0.000096s ]
[ 2012-12-19T10:14:20+08:00 ] /index.php/Index/main | SQL: SELECT * FROM `y_account` ORDER BY `id` desc LIMIT 0,20  [ RunTime:0.000085s ]
[ 2012-12-19T10:14:20+08:00 ] /index.php/Index/main | NOTIC: [2] Invalid argument supplied for foreach() CommonAction.class.php 第 181 行.
[ 2012-12-19T10:14:26+08:00 ] /index.php/Index/main | SQL: SHOW COLUMNS FROM `y_account` [ RunTime:0.000938s ]
[ 2012-12-19T10:14:26+08:00 ] /index.php/Index/main | SQL: SELECT * FROM `y_account` WHERE ( `id` = '188' ) LIMIT 1  [ RunTime:0.000074s ]
[ 2012-12-19T10:14:26+08:00 ] /index.php/Index/main | SQL: SHOW COLUMNS FROM `y_category` [ RunTime:0.000515s ]
[ 2012-12-19T10:14:26+08:00 ] /index.php/Index/main | SQL: SELECT * FROM `y_account` ORDER BY id desc [ RunTime:0.000230s ]
[ 2012-12-19T10:14:26+08:00 ] /index.php/Index/main | NOTIC: [8] Undefined index:  searchkey IndexAction.class.php 第 28 行.
[ 2012-12-19T10:14:26+08:00 ] /index.php/Index/main | NOTIC: [8] Undefined variable: where IndexAction.class.php 第 32 行.
[ 2012-12-19T10:14:26+08:00 ] /index.php/Index/main | SQL: SELECT COUNT(*) AS tp_count FROM `y_account` LIMIT 1  [ RunTime:0.000061s ]
[ 2012-12-19T10:14:26+08:00 ] /index.php/Index/main | SQL: SELECT * FROM `y_account` ORDER BY `id` desc LIMIT 0,20  [ RunTime:0.000085s ]
[ 2012-12-19T10:14:26+08:00 ] /index.php/Index/main | NOTIC: [2] Invalid argument supplied for foreach() CommonAction.class.php 第 181 行.
[ 2012-12-19T10:14:28+08:00 ] /index.php/Account/syncWebsiteName/id/188 | SQL: SHOW COLUMNS FROM `y_account` [ RunTime:0.001255s ]
[ 2012-12-19T10:14:28+08:00 ] /index.php/Account/syncWebsiteName/id/188 | SQL: SELECT * FROM `y_account` WHERE ( `id` = '188' ) LIMIT 1  [ RunTime:0.000094s ]
[ 2012-12-19T10:14:28+08:00 ] /index.php/Account/syncWebsiteName/id/188 | SQL: SHOW COLUMNS FROM `y_category` [ RunTime:0.000742s ]
[ 2012-12-19T10:14:28+08:00 ] /index.php/Account/syncWebsiteName/id/188 | SQL: SELECT * FROM `y_account` WHERE ( `id` = '188' ) LIMIT 1  [ RunTime:0.000074s ]
[ 2012-12-19T10:14:28+08:00 ] /index.php/Account/syncWebsiteName/id/188 | SQL: update y_system set company='广州市星迪家具有限公司',website='广州市星迪家具有限公司',copyright='2012版权所有  广州市星迪家具有限公司',seo_title='广州市星迪家具有限公司',seo_keywords='广州市星迪家具有限公司',seo_description='广州市星迪家具有限公司' [ RunTime:0.000316s ]
[ 2012-12-19T10:14:28+08:00 ] /index.php/Account/syncWebsiteName/id/188 | NOTIC: [2] mysql_num_rows(): supplied argument is not a valid MySQL result resource DbMysql.class.php 第 129 行.
[ 2012-12-19T10:14:28+08:00 ] /index.php/Account/syncWebsiteName/id/188 | NOTIC: [2] mysql_free_result(): supplied argument is not a valid MySQL result resource DbMysql.class.php 第 97 行.
[ 2012-12-19T10:14:28+08:00 ] /index.php/Account/syncWebsiteName/id/188 | SQL: update y_system set copyright='版权所有@广州市星迪家具有限公司' where lang='mobile' [ RunTime:0.000159s ]
[ 2012-12-19T10:14:28+08:00 ] /index.php/Account/syncWebsiteName/id/188 | NOTIC: [2] mysql_num_rows(): supplied argument is not a valid MySQL result resource DbMysql.class.php 第 129 行.
[ 2012-12-19T10:14:29+08:00 ] /index.php/Index/main | SQL: SHOW COLUMNS FROM `y_account` [ RunTime:0.001429s ]
[ 2012-12-19T10:14:29+08:00 ] /index.php/Index/main | SQL: SELECT * FROM `y_account` WHERE ( `id` = '188' ) LIMIT 1  [ RunTime:0.000075s ]
[ 2012-12-19T10:14:29+08:00 ] /index.php/Index/main | SQL: SHOW COLUMNS FROM `y_category` [ RunTime:0.000759s ]
[ 2012-12-19T10:14:29+08:00 ] /index.php/Index/main | SQL: SELECT * FROM `y_account` ORDER BY id desc [ RunTime:0.000305s ]
[ 2012-12-19T10:14:29+08:00 ] /index.php/Index/main | NOTIC: [8] Undefined index:  searchkey IndexAction.class.php 第 28 行.
[ 2012-12-19T10:14:29+08:00 ] /index.php/Index/main | NOTIC: [8] Undefined variable: where IndexAction.class.php 第 32 行.
[ 2012-12-19T10:14:29+08:00 ] /index.php/Index/main | SQL: SELECT COUNT(*) AS tp_count FROM `y_account` LIMIT 1  [ RunTime:0.000062s ]
[ 2012-12-19T10:14:29+08:00 ] /index.php/Index/main | SQL: SELECT * FROM `y_account` ORDER BY `id` desc LIMIT 0,20  [ RunTime:0.000081s ]
[ 2012-12-19T10:14:29+08:00 ] /index.php/Index/main | NOTIC: [2] Invalid argument supplied for foreach() CommonAction.class.php 第 181 行.
[ 2012-12-19T10:14:36+08:00 ] /index.php/Index/newAccount | SQL: SHOW COLUMNS FROM `y_account` [ RunTime:0.001151s ]
[ 2012-12-19T10:14:36+08:00 ] /index.php/Index/newAccount | SQL: SELECT * FROM `y_account` WHERE ( `id` = '188' ) LIMIT 1  [ RunTime:0.000082s ]
[ 2012-12-19T10:14:36+08:00 ] /index.php/Index/newAccount | SQL: SHOW COLUMNS FROM `y_category` [ RunTime:0.000884s ]
[ 2012-12-19T10:14:36+08:00 ] /index.php/Index/newAccount | NOTIC: [8] Undefined index:  account_id 196c657f8b82048b1beeb0f9599f5fdc.php 第 15 行.
[ 2012-12-19T10:14:36+08:00 ] /index.php/Index/newAccount | NOTIC: [8] Undefined variable: isConnect 196c657f8b82048b1beeb0f9599f5fdc.php 第 72 行.
[ 2012-12-19T10:14:36+08:00 ] /index.php/Index/newAccount | NOTIC: [8] Undefined variable: langList 196c657f8b82048b1beeb0f9599f5fdc.php 第 125 行.
[ 2012-12-19T10:14:36+08:00 ] /index.php/Index/newAccount | NOTIC: [8] Undefined variable: langList 196c657f8b82048b1beeb0f9599f5fdc.php 第 137 行.
[ 2012-12-19T10:14:36+08:00 ] /index.php/Index/newAccount | NOTIC: [8] Undefined variable: moduleList 196c657f8b82048b1beeb0f9599f5fdc.php 第 167 行.
[ 2012-12-19T10:14:36+08:00 ] /index.php/Index/newAccount | NOTIC: [8] Undefined variable: moduleList2 196c657f8b82048b1beeb0f9599f5fdc.php 第 189 行.
[ 2012-12-19T10:14:36+08:00 ] /index.php/Index/newAccount | NOTIC: [8] Undefined index:  tab_id 196c657f8b82048b1beeb0f9599f5fdc.php 第 256 行.
[ 2012-12-19T10:20:53+08:00 ] /index.php/Index/main | NOTIC: [8] Undefined index:  account_id CommonAction.class.php 第 17 行.
[ 2012-12-19T10:20:53+08:00 ] /index.php/Index/main | SQL: SHOW COLUMNS FROM `y_account` [ RunTime:0.001167s ]
[ 2012-12-19T10:20:53+08:00 ] /index.php/Index/main | NOTIC: [2] mysql_connect() [<a href='function.mysql-connect'>function.mysql-connect</a>]: Access denied for user 'xiaoluo'@'localhost' (using password: NO) CommonAction.class.php 第 147 行.
[ 2012-12-19T10:20:53+08:00 ] /index.php/Index/main | SQL: SELECT * FROM `y_account` ORDER BY id desc [ RunTime:0.000224s ]
[ 2012-12-19T10:20:53+08:00 ] /index.php/Index/main | NOTIC: [8] Undefined index:  searchkey IndexAction.class.php 第 28 行.
[ 2012-12-19T10:20:53+08:00 ] /index.php/Index/main | NOTIC: [8] Undefined variable: where IndexAction.class.php 第 32 行.
[ 2012-12-19T10:20:53+08:00 ] /index.php/Index/main | SQL: SELECT COUNT(*) AS tp_count FROM `y_account` LIMIT 1  [ RunTime:0.000061s ]
[ 2012-12-19T10:20:53+08:00 ] /index.php/Index/main | SQL: SELECT * FROM `y_account` ORDER BY `id` desc LIMIT 0,20  [ RunTime:0.000083s ]
[ 2012-12-19T10:20:53+08:00 ] /index.php/Index/main | NOTIC: [2] Invalid argument supplied for foreach() CommonAction.class.php 第 181 行.
[ 2012-12-19T10:20:54+08:00 ] /index.php/Index/newAccount | NOTIC: [8] Undefined index:  account_id CommonAction.class.php 第 17 行.
[ 2012-12-19T10:20:54+08:00 ] /index.php/Index/newAccount | SQL: SHOW COLUMNS FROM `y_account` [ RunTime:0.001444s ]
[ 2012-12-19T10:20:54+08:00 ] /index.php/Index/newAccount | NOTIC: [2] mysql_connect() [<a href='function.mysql-connect'>function.mysql-connect</a>]: Access denied for user 'xiaoluo'@'localhost' (using password: NO) CommonAction.class.php 第 147 行.
[ 2012-12-19T10:20:54+08:00 ] /index.php/Index/newAccount | NOTIC: [8] Undefined index:  account_id 196c657f8b82048b1beeb0f9599f5fdc.php 第 15 行.
[ 2012-12-19T10:20:54+08:00 ] /index.php/Index/newAccount | NOTIC: [8] Undefined variable: isConnect 196c657f8b82048b1beeb0f9599f5fdc.php 第 72 行.
[ 2012-12-19T10:20:54+08:00 ] /index.php/Index/newAccount | NOTIC: [8] Undefined variable: langList 196c657f8b82048b1beeb0f9599f5fdc.php 第 125 行.
[ 2012-12-19T10:20:54+08:00 ] /index.php/Index/newAccount | NOTIC: [8] Undefined variable: langList 196c657f8b82048b1beeb0f9599f5fdc.php 第 137 行.
[ 2012-12-19T10:20:54+08:00 ] /index.php/Index/newAccount | NOTIC: [8] Undefined variable: moduleList 196c657f8b82048b1beeb0f9599f5fdc.php 第 167 行.
[ 2012-12-19T10:20:54+08:00 ] /index.php/Index/newAccount | NOTIC: [8] Undefined variable: moduleList2 196c657f8b82048b1beeb0f9599f5fdc.php 第 189 行.
[ 2012-12-19T10:20:54+08:00 ] /index.php/Index/newAccount | NOTIC: [8] Undefined index:  tab_id 196c657f8b82048b1beeb0f9599f5fdc.php 第 256 行.
