[ 2012-11-21T10:30:55+08:00 ] / | NOTIC: [8] Undefined index:  account_id CommonAction.class.php 第 17 行.
[ 2012-11-21T10:30:55+08:00 ] / | SQL: SHOW COLUMNS FROM `y_account` [ RunTime:0.001056s ]
[ 2012-11-21T10:30:55+08:00 ] / | NOTIC: [2] mysql_connect() [<a href='function.mysql-connect'>function.mysql-connect</a>]: Access denied for user 'xiaoluo'@'localhost' (using password: NO) CommonAction.class.php 第 125 行.
[ 2012-11-21T10:30:56+08:00 ] /index.php/Index/main | NOTIC: [8] Undefined index:  account_id CommonAction.class.php 第 17 行.
[ 2012-11-21T10:30:56+08:00 ] /index.php/Index/main | SQL: SHOW COLUMNS FROM `y_account` [ RunTime:0.001189s ]
[ 2012-11-21T10:30:56+08:00 ] /index.php/Index/main | NOTIC: [2] mysql_connect() [<a href='function.mysql-connect'>function.mysql-connect</a>]: Access denied for user 'xiaoluo'@'localhost' (using password: NO) CommonAction.class.php 第 125 行.
[ 2012-11-21T10:30:56+08:00 ] /index.php/Index/main | SQL: SELECT * FROM `y_account` ORDER BY id desc [ RunTime:0.000177s ]
[ 2012-11-21T10:30:56+08:00 ] /index.php/Index/main | NOTIC: [8] Undefined index:  searchkey IndexAction.class.php 第 27 行.
[ 2012-11-21T10:30:56+08:00 ] /index.php/Index/main | NOTIC: [8] Undefined variable: where IndexAction.class.php 第 31 行.
[ 2012-11-21T10:30:56+08:00 ] /index.php/Index/main | SQL: SELECT COUNT(*) AS tp_count FROM `y_account` LIMIT 1  [ RunTime:0.000060s ]
[ 2012-11-21T10:30:56+08:00 ] /index.php/Index/main | SQL: SELECT * FROM `y_account` ORDER BY `id` desc LIMIT 0,20  [ RunTime:0.000082s ]
[ 2012-11-21T10:30:56+08:00 ] /index.php/Index/main | NOTIC: [2] Invalid argument supplied for foreach() CommonAction.class.php 第 159 行.
[ 2012-11-21T10:30:56+08:00 ] /index.php/Index/left | NOTIC: [8] Undefined index:  account_id CommonAction.class.php 第 17 行.
[ 2012-11-21T10:30:56+08:00 ] /index.php/Index/left | SQL: SHOW COLUMNS FROM `y_account` [ RunTime:0.001638s ]
[ 2012-11-21T10:30:56+08:00 ] /index.php/Index/left | NOTIC: [2] mysql_connect() [<a href='function.mysql-connect'>function.mysql-connect</a>]: Access denied for user 'xiaoluo'@'localhost' (using password: NO) CommonAction.class.php 第 125 行.
[ 2012-11-21T10:30:56+08:00 ] /index.php/Index/left | NOTIC: [8] Undefined index:  account_id 196c657f8b82048b1beeb0f9599f5fdc.php 第 15 行.
[ 2012-11-21T10:30:56+08:00 ] /index.php/Index/left | NOTIC: [8] Undefined variable: isConnect 196c657f8b82048b1beeb0f9599f5fdc.php 第 59 行.
[ 2012-11-21T10:30:56+08:00 ] /index.php/Index/left | NOTIC: [8] Undefined variable: langList 196c657f8b82048b1beeb0f9599f5fdc.php 第 114 行.
[ 2012-11-21T10:30:56+08:00 ] /index.php/Index/left | NOTIC: [8] Undefined variable: moduleList 196c657f8b82048b1beeb0f9599f5fdc.php 第 220 行.
[ 2012-11-21T10:30:56+08:00 ] /index.php/Index/left | NOTIC: [8] Undefined index:  tab_id 196c657f8b82048b1beeb0f9599f5fdc.php 第 287 行.
[ 2012-11-21T10:31:03+08:00 ] /index.php/Index/newAccount | NOTIC: [8] Undefined index:  account_id CommonAction.class.php 第 17 行.
[ 2012-11-21T10:31:03+08:00 ] /index.php/Index/newAccount | SQL: SHOW COLUMNS FROM `y_account` [ RunTime:0.001208s ]
[ 2012-11-21T10:31:03+08:00 ] /index.php/Index/newAccount | NOTIC: [2] mysql_connect() [<a href='function.mysql-connect'>function.mysql-connect</a>]: Access denied for user 'xiaoluo'@'localhost' (using password: NO) CommonAction.class.php 第 125 行.
[ 2012-11-21T10:31:03+08:00 ] /index.php/Index/newAccount | NOTIC: [8] Undefined index:  account_id 196c657f8b82048b1beeb0f9599f5fdc.php 第 15 行.
[ 2012-11-21T10:31:03+08:00 ] /index.php/Index/newAccount | NOTIC: [8] Undefined variable: isConnect 196c657f8b82048b1beeb0f9599f5fdc.php 第 59 行.
[ 2012-11-21T10:31:03+08:00 ] /index.php/Index/newAccount | NOTIC: [8] Undefined variable: langList 196c657f8b82048b1beeb0f9599f5fdc.php 第 114 行.
[ 2012-11-21T10:31:03+08:00 ] /index.php/Index/newAccount | NOTIC: [8] Undefined variable: moduleList 196c657f8b82048b1beeb0f9599f5fdc.php 第 220 行.
[ 2012-11-21T10:31:03+08:00 ] /index.php/Index/newAccount | NOTIC: [8] Undefined index:  tab_id 196c657f8b82048b1beeb0f9599f5fdc.php 第 287 行.
[ 2012-11-21T10:31:42+08:00 ] /index.php/Index/main | SQL: SHOW COLUMNS FROM `y_account` [ RunTime:0.001264s ]
[ 2012-11-21T10:31:42+08:00 ] /index.php/Index/main | SQL: SELECT * FROM `y_account` WHERE ( `id` = 88 ) LIMIT 1  [ RunTime:0.000287s ]
[ 2012-11-21T10:31:42+08:00 ] /index.php/Index/main | NOTIC: [2] mysql_connect() [<a href='function.mysql-connect'>function.mysql-connect</a>]: Access denied for user 'xiaoluo'@'localhost' (using password: NO) CommonAction.class.php 第 125 行.
[ 2012-11-21T10:31:42+08:00 ] /index.php/Index/main | SQL: SELECT * FROM `y_account` ORDER BY id desc [ RunTime:0.000683s ]
[ 2012-11-21T10:31:42+08:00 ] /index.php/Index/main | NOTIC: [8] Undefined index:  searchkey IndexAction.class.php 第 27 行.
[ 2012-11-21T10:31:42+08:00 ] /index.php/Index/main | NOTIC: [8] Undefined variable: where IndexAction.class.php 第 31 行.
[ 2012-11-21T10:31:42+08:00 ] /index.php/Index/main | SQL: SELECT COUNT(*) AS tp_count FROM `y_account` LIMIT 1  [ RunTime:0.000186s ]
[ 2012-11-21T10:31:42+08:00 ] /index.php/Index/main | SQL: SELECT * FROM `y_account` ORDER BY `id` desc LIMIT 0,20  [ RunTime:0.000303s ]
[ 2012-11-21T10:31:42+08:00 ] /index.php/Index/main | NOTIC: [2] Invalid argument supplied for foreach() CommonAction.class.php 第 159 行.
[ 2012-11-21T10:31:42+08:00 ] /index.php/Account/edit/id/88/tab_id/test1 | SQL: SHOW COLUMNS FROM `y_account` [ RunTime:0.001154s ]
[ 2012-11-21T10:31:42+08:00 ] /index.php/Account/edit/id/88/tab_id/test1 | SQL: SELECT * FROM `y_account` WHERE ( `id` = '88' ) LIMIT 1  [ RunTime:0.000216s ]
[ 2012-11-21T10:31:42+08:00 ] /index.php/Account/edit/id/88/tab_id/test1 | NOTIC: [2] mysql_connect() [<a href='function.mysql-connect'>function.mysql-connect</a>]: Access denied for user 'xiaoluo'@'localhost' (using password: NO) CommonAction.class.php 第 125 行.
[ 2012-11-21T10:31:42+08:00 ] /index.php/Account/edit/id/88/tab_id/test1 | NOTIC: [8] Undefined variable: langList 196c657f8b82048b1beeb0f9599f5fdc.php 第 114 行.
[ 2012-11-21T10:31:42+08:00 ] /index.php/Account/edit/id/88/tab_id/test1 | NOTIC: [8] Undefined variable: moduleList 196c657f8b82048b1beeb0f9599f5fdc.php 第 220 行.
[ 2012-11-21T10:31:46+08:00 ] /index.php/Account/edit/id/88/tab_id/test2 | SQL: SHOW COLUMNS FROM `y_account` [ RunTime:0.001223s ]
[ 2012-11-21T10:31:46+08:00 ] /index.php/Account/edit/id/88/tab_id/test2 | SQL: SELECT * FROM `y_account` WHERE ( `id` = '88' ) LIMIT 1  [ RunTime:0.000101s ]
[ 2012-11-21T10:31:46+08:00 ] /index.php/Account/edit/id/88/tab_id/test2 | SQL: SHOW COLUMNS FROM `y_category` [ RunTime:0.000597s ]
[ 2012-11-21T10:31:46+08:00 ] /index.php/Account/edit/id/88/tab_id/test2 | SQL: SELECT `modules` FROM `y_account` WHERE ( `id` = '88' ) LIMIT 1  [ RunTime:0.000215s ]
[ 2012-11-21T10:31:46+08:00 ] /index.php/Account/edit/id/88/tab_id/test2 | SQL: SELECT * FROM `y_category` WHERE ( `id` IN ('36','19','20','21','22','23','27','37') ) ORDER BY ordernum desc [ RunTime:0.000281s ]
[ 2012-11-21T10:31:46+08:00 ] /index.php/Account/edit/id/88/tab_id/test2 | SQL: SELECT * FROM `y_category` WHERE ( `pid` = 11 ) ORDER BY ordernum desc [ RunTime:0.000304s ]
[ 2012-11-21T10:31:46+08:00 ] /index.php/Index/main | SQL: SHOW COLUMNS FROM `y_account` [ RunTime:0.001018s ]
[ 2012-11-21T10:31:46+08:00 ] /index.php/Index/main | SQL: SELECT * FROM `y_account` WHERE ( `id` = '88' ) LIMIT 1  [ RunTime:0.000068s ]
[ 2012-11-21T10:31:46+08:00 ] /index.php/Index/main | SQL: SHOW COLUMNS FROM `y_category` [ RunTime:0.000903s ]
[ 2012-11-21T10:31:46+08:00 ] /index.php/Index/main | SQL: SELECT * FROM `y_account` ORDER BY id desc [ RunTime:0.000863s ]
[ 2012-11-21T10:31:46+08:00 ] /index.php/Index/main | NOTIC: [8] Undefined index:  searchkey IndexAction.class.php 第 27 行.
[ 2012-11-21T10:31:46+08:00 ] /index.php/Index/main | NOTIC: [8] Undefined variable: where IndexAction.class.php 第 31 行.
[ 2012-11-21T10:31:46+08:00 ] /index.php/Index/main | SQL: SELECT COUNT(*) AS tp_count FROM `y_account` LIMIT 1  [ RunTime:0.000293s ]
[ 2012-11-21T10:31:46+08:00 ] /index.php/Index/main | SQL: SELECT * FROM `y_account` ORDER BY `id` desc LIMIT 0,20  [ RunTime:0.000384s ]
[ 2012-11-21T10:31:46+08:00 ] /index.php/Index/main | NOTIC: [2] Invalid argument supplied for foreach() CommonAction.class.php 第 159 行.
[ 2012-11-21T10:32:41+08:00 ] /index.php/Index/main | SQL: SHOW COLUMNS FROM `y_account` [ RunTime:0.001201s ]
[ 2012-11-21T10:32:41+08:00 ] /index.php/Index/main | SQL: SELECT * FROM `y_account` WHERE ( `id` = '88' ) LIMIT 1  [ RunTime:0.000332s ]
[ 2012-11-21T10:32:41+08:00 ] /index.php/Index/main | SQL: SHOW COLUMNS FROM `y_category` [ RunTime:0.000727s ]
[ 2012-11-21T10:32:41+08:00 ] /index.php/Index/main | SQL: SELECT * FROM `y_account` ORDER BY id desc [ RunTime:0.000902s ]
[ 2012-11-21T10:32:41+08:00 ] /index.php/Index/main | NOTIC: [8] Undefined index:  searchkey IndexAction.class.php 第 27 行.
[ 2012-11-21T10:32:41+08:00 ] /index.php/Index/main | NOTIC: [8] Undefined variable: where IndexAction.class.php 第 31 行.
[ 2012-11-21T10:32:41+08:00 ] /index.php/Index/main | SQL: SELECT COUNT(*) AS tp_count FROM `y_account` LIMIT 1  [ RunTime:0.000177s ]
[ 2012-11-21T10:32:41+08:00 ] /index.php/Index/main | SQL: SELECT * FROM `y_account` ORDER BY `id` desc LIMIT 0,20  [ RunTime:0.000347s ]
[ 2012-11-21T10:32:41+08:00 ] /index.php/Index/main | NOTIC: [2] Invalid argument supplied for foreach() CommonAction.class.php 第 159 行.
[ 2012-11-21T10:32:44+08:00 ] /index.php/Index/main | SQL: SHOW COLUMNS FROM `y_account` [ RunTime:0.001012s ]
[ 2012-11-21T10:32:44+08:00 ] /index.php/Index/main | SQL: SELECT * FROM `y_account` WHERE ( `id` = '88' ) LIMIT 1  [ RunTime:0.000069s ]
[ 2012-11-21T10:32:44+08:00 ] /index.php/Index/main | SQL: SHOW COLUMNS FROM `y_category` [ RunTime:0.000416s ]
[ 2012-11-21T10:32:44+08:00 ] /index.php/Index/main | SQL: SELECT * FROM `y_account` ORDER BY id desc [ RunTime:0.000143s ]
[ 2012-11-21T10:32:44+08:00 ] /index.php/Index/main | NOTIC: [8] Undefined index:  searchkey IndexAction.class.php 第 27 行.
[ 2012-11-21T10:32:44+08:00 ] /index.php/Index/main | NOTIC: [8] Undefined variable: where IndexAction.class.php 第 31 行.
[ 2012-11-21T10:32:44+08:00 ] /index.php/Index/main | SQL: SELECT COUNT(*) AS tp_count FROM `y_account` LIMIT 1  [ RunTime:0.000205s ]
[ 2012-11-21T10:32:44+08:00 ] /index.php/Index/main | SQL: SELECT * FROM `y_account` ORDER BY `id` desc LIMIT 0,20  [ RunTime:0.000116s ]
[ 2012-11-21T10:32:44+08:00 ] /index.php/Index/main | NOTIC: [2] Invalid argument supplied for foreach() CommonAction.class.php 第 159 行.
[ 2012-11-21T10:32:47+08:00 ] /index.php/Index/main | SQL: SHOW COLUMNS FROM `y_account` [ RunTime:0.000985s ]
[ 2012-11-21T10:32:47+08:00 ] /index.php/Index/main | SQL: SELECT * FROM `y_account` WHERE ( `id` = '88' ) LIMIT 1  [ RunTime:0.000072s ]
[ 2012-11-21T10:32:47+08:00 ] /index.php/Index/main | SQL: SHOW COLUMNS FROM `y_category` [ RunTime:0.000422s ]
[ 2012-11-21T10:32:47+08:00 ] /index.php/Index/main | SQL: SELECT * FROM `y_account` ORDER BY id desc [ RunTime:0.000151s ]
[ 2012-11-21T10:32:47+08:00 ] /index.php/Index/main | NOTIC: [8] Undefined index:  searchkey IndexAction.class.php 第 27 行.
[ 2012-11-21T10:32:47+08:00 ] /index.php/Index/main | NOTIC: [8] Undefined variable: where IndexAction.class.php 第 31 行.
[ 2012-11-21T10:32:47+08:00 ] /index.php/Index/main | SQL: SELECT COUNT(*) AS tp_count FROM `y_account` LIMIT 1  [ RunTime:0.000060s ]
[ 2012-11-21T10:32:47+08:00 ] /index.php/Index/main | SQL: SELECT * FROM `y_account` ORDER BY `id` desc LIMIT 0,20  [ RunTime:0.000085s ]
[ 2012-11-21T10:32:47+08:00 ] /index.php/Index/main | NOTIC: [2] Invalid argument supplied for foreach() CommonAction.class.php 第 159 行.
[ 2012-11-21T10:37:13+08:00 ] /index.php/Account/syncWebsiteName/id/88 | SQL: SHOW COLUMNS FROM `y_account` [ RunTime:0.001077s ]
[ 2012-11-21T10:37:13+08:00 ] /index.php/Account/syncWebsiteName/id/88 | SQL: SELECT * FROM `y_account` WHERE ( `id` = '88' ) LIMIT 1  [ RunTime:0.000082s ]
[ 2012-11-21T10:37:13+08:00 ] /index.php/Account/syncWebsiteName/id/88 | SQL: SHOW COLUMNS FROM `y_category` [ RunTime:0.000555s ]
[ 2012-11-21T10:37:13+08:00 ] /index.php/Account/syncWebsiteName/id/88 | SQL: SELECT * FROM `y_account` WHERE ( `id` = '88' ) LIMIT 1  [ RunTime:0.000070s ]
[ 2012-11-21T10:37:13+08:00 ] /index.php/Account/syncWebsiteName/id/88 | SQL: SHOW COLUMNS FROM `y_system` [ RunTime:0.000560s ]
[ 2012-11-21T10:37:13+08:00 ] /index.php/Account/syncWebsiteName/id/88 | SQL: update y_system set company='田丽亚',website='田丽亚',copyright='2012版权所有  田丽亚',seo_title='田丽亚',seo_keywords='田丽亚',seo_description='田丽亚' [ RunTime:0.000241s ]
[ 2012-11-21T10:37:13+08:00 ] /index.php/Account/syncWebsiteName/id/88 | NOTIC: [2] mysql_num_rows(): supplied argument is not a valid MySQL result resource DbMysql.class.php 第 129 行.
[ 2012-11-21T10:37:13+08:00 ] /index.php/Account/syncWebsiteName/id/88 | NOTIC: [2] mysql_free_result(): supplied argument is not a valid MySQL result resource DbMysql.class.php 第 97 行.
[ 2012-11-21T10:37:13+08:00 ] /index.php/Account/syncWebsiteName/id/88 | SQL: update y_system set copyright='版权所有@田丽亚' where lang='mobile' [ RunTime:0.000167s ]
[ 2012-11-21T10:37:13+08:00 ] /index.php/Account/syncWebsiteName/id/88 | NOTIC: [2] mysql_num_rows(): supplied argument is not a valid MySQL result resource DbMysql.class.php 第 129 行.
[ 2012-11-21T10:37:15+08:00 ] /index.php/Index/main | SQL: SHOW COLUMNS FROM `y_account` [ RunTime:0.001293s ]
[ 2012-11-21T10:37:15+08:00 ] /index.php/Index/main | SQL: SELECT * FROM `y_account` WHERE ( `id` = '88' ) LIMIT 1  [ RunTime:0.000074s ]
[ 2012-11-21T10:37:15+08:00 ] /index.php/Index/main | SQL: SHOW COLUMNS FROM `y_category` [ RunTime:0.000508s ]
[ 2012-11-21T10:37:15+08:00 ] /index.php/Index/main | SQL: SELECT * FROM `y_account` ORDER BY id desc [ RunTime:0.000166s ]
[ 2012-11-21T10:37:15+08:00 ] /index.php/Index/main | NOTIC: [8] Undefined index:  searchkey IndexAction.class.php 第 27 行.
[ 2012-11-21T10:37:15+08:00 ] /index.php/Index/main | NOTIC: [8] Undefined variable: where IndexAction.class.php 第 31 行.
[ 2012-11-21T10:37:15+08:00 ] /index.php/Index/main | SQL: SELECT COUNT(*) AS tp_count FROM `y_account` LIMIT 1  [ RunTime:0.000063s ]
[ 2012-11-21T10:37:15+08:00 ] /index.php/Index/main | SQL: SELECT * FROM `y_account` ORDER BY `id` desc LIMIT 0,20  [ RunTime:0.000096s ]
[ 2012-11-21T10:37:15+08:00 ] /index.php/Index/main | NOTIC: [2] Invalid argument supplied for foreach() CommonAction.class.php 第 159 行.
[ 2012-11-21T10:37:18+08:00 ] /index.php/Index/main | SQL: SHOW COLUMNS FROM `y_account` [ RunTime:0.001266s ]
[ 2012-11-21T10:37:18+08:00 ] /index.php/Index/main | SQL: SELECT * FROM `y_account` WHERE ( `id` = '88' ) LIMIT 1  [ RunTime:0.000072s ]
[ 2012-11-21T10:37:18+08:00 ] /index.php/Index/main | SQL: SHOW COLUMNS FROM `y_category` [ RunTime:0.000422s ]
[ 2012-11-21T10:37:18+08:00 ] /index.php/Index/main | SQL: SELECT * FROM `y_account` ORDER BY id desc [ RunTime:0.000150s ]
[ 2012-11-21T10:37:18+08:00 ] /index.php/Index/main | NOTIC: [8] Undefined index:  searchkey IndexAction.class.php 第 27 行.
[ 2012-11-21T10:37:18+08:00 ] /index.php/Index/main | NOTIC: [8] Undefined variable: where IndexAction.class.php 第 31 行.
[ 2012-11-21T10:37:18+08:00 ] /index.php/Index/main | SQL: SELECT COUNT(*) AS tp_count FROM `y_account` LIMIT 1  [ RunTime:0.000059s ]
[ 2012-11-21T10:37:18+08:00 ] /index.php/Index/main | SQL: SELECT * FROM `y_account` ORDER BY `id` desc LIMIT 0,20  [ RunTime:0.000082s ]
[ 2012-11-21T10:37:18+08:00 ] /index.php/Index/main | NOTIC: [2] Invalid argument supplied for foreach() CommonAction.class.php 第 159 行.
[ 2012-11-21T10:37:19+08:00 ] /index.php/Index/newAccount | SQL: SHOW COLUMNS FROM `y_account` [ RunTime:0.001307s ]
[ 2012-11-21T10:37:19+08:00 ] /index.php/Index/newAccount | SQL: SELECT * FROM `y_account` WHERE ( `id` = '88' ) LIMIT 1  [ RunTime:0.000094s ]
[ 2012-11-21T10:37:19+08:00 ] /index.php/Index/newAccount | SQL: SHOW COLUMNS FROM `y_category` [ RunTime:0.000515s ]
[ 2012-11-21T10:37:20+08:00 ] /index.php/Index/newAccount | NOTIC: [8] Undefined index:  account_id 196c657f8b82048b1beeb0f9599f5fdc.php 第 15 行.
[ 2012-11-21T10:37:20+08:00 ] /index.php/Index/newAccount | NOTIC: [8] Undefined variable: isConnect 196c657f8b82048b1beeb0f9599f5fdc.php 第 59 行.
[ 2012-11-21T10:37:20+08:00 ] /index.php/Index/newAccount | NOTIC: [8] Undefined variable: langList 196c657f8b82048b1beeb0f9599f5fdc.php 第 114 行.
[ 2012-11-21T10:37:20+08:00 ] /index.php/Index/newAccount | NOTIC: [8] Undefined variable: moduleList 196c657f8b82048b1beeb0f9599f5fdc.php 第 220 行.
[ 2012-11-21T10:37:20+08:00 ] /index.php/Index/newAccount | NOTIC: [8] Undefined index:  tab_id 196c657f8b82048b1beeb0f9599f5fdc.php 第 287 行.
[ 2012-11-21T10:40:21+08:00 ] /index.php/Index/main | SQL: SHOW COLUMNS FROM `y_account` [ RunTime:0.000962s ]
[ 2012-11-21T10:40:21+08:00 ] /index.php/Index/main | SQL: SELECT * FROM `y_account` WHERE ( `id` = 89 ) LIMIT 1  [ RunTime:0.000201s ]
[ 2012-11-21T10:40:21+08:00 ] /index.php/Index/main | NOTIC: [2] mysql_connect() [<a href='function.mysql-connect'>function.mysql-connect</a>]: Access denied for user 'xiaoluo'@'localhost' (using password: NO) CommonAction.class.php 第 125 行.
[ 2012-11-21T10:40:21+08:00 ] /index.php/Index/main | SQL: SELECT * FROM `y_account` ORDER BY id desc [ RunTime:0.000591s ]
[ 2012-11-21T10:40:21+08:00 ] /index.php/Index/main | NOTIC: [8] Undefined index:  searchkey IndexAction.class.php 第 27 行.
[ 2012-11-21T10:40:21+08:00 ] /index.php/Index/main | NOTIC: [8] Undefined variable: where IndexAction.class.php 第 31 行.
[ 2012-11-21T10:40:21+08:00 ] /index.php/Index/main | SQL: SELECT COUNT(*) AS tp_count FROM `y_account` LIMIT 1  [ RunTime:0.000175s ]
[ 2012-11-21T10:40:21+08:00 ] /index.php/Index/main | SQL: SELECT * FROM `y_account` ORDER BY `id` desc LIMIT 0,20  [ RunTime:0.000304s ]
[ 2012-11-21T10:40:21+08:00 ] /index.php/Index/main | NOTIC: [2] Invalid argument supplied for foreach() CommonAction.class.php 第 159 行.
[ 2012-11-21T10:40:21+08:00 ] /index.php/Account/edit/id/89/tab_id/test1 | SQL: SHOW COLUMNS FROM `y_account` [ RunTime:0.000970s ]
[ 2012-11-21T10:40:21+08:00 ] /index.php/Account/edit/id/89/tab_id/test1 | SQL: SELECT * FROM `y_account` WHERE ( `id` = '89' ) LIMIT 1  [ RunTime:0.000213s ]
[ 2012-11-21T10:40:21+08:00 ] /index.php/Account/edit/id/89/tab_id/test1 | NOTIC: [2] mysql_connect() [<a href='function.mysql-connect'>function.mysql-connect</a>]: Access denied for user 'xiaoluo'@'localhost' (using password: NO) CommonAction.class.php 第 125 行.
[ 2012-11-21T10:40:21+08:00 ] /index.php/Account/edit/id/89/tab_id/test1 | NOTIC: [8] Undefined variable: langList 196c657f8b82048b1beeb0f9599f5fdc.php 第 114 行.
[ 2012-11-21T10:40:21+08:00 ] /index.php/Account/edit/id/89/tab_id/test1 | NOTIC: [8] Undefined variable: moduleList 196c657f8b82048b1beeb0f9599f5fdc.php 第 220 行.
[ 2012-11-21T10:40:24+08:00 ] /index.php/Index/main | SQL: SHOW COLUMNS FROM `y_account` [ RunTime:0.001348s ]
[ 2012-11-21T10:40:24+08:00 ] /index.php/Index/main | SQL: SELECT * FROM `y_account` WHERE ( `id` = '89' ) LIMIT 1  [ RunTime:0.000084s ]
[ 2012-11-21T10:40:24+08:00 ] /index.php/Index/main | SQL: SHOW COLUMNS FROM `y_category` [ RunTime:0.000593s ]
[ 2012-11-21T10:40:24+08:00 ] /index.php/Index/main | SQL: SELECT * FROM `y_account` ORDER BY id desc [ RunTime:0.000839s ]
[ 2012-11-21T10:40:24+08:00 ] /index.php/Index/main | NOTIC: [8] Undefined index:  searchkey IndexAction.class.php 第 27 行.
[ 2012-11-21T10:40:24+08:00 ] /index.php/Index/main | NOTIC: [8] Undefined variable: where IndexAction.class.php 第 31 行.
[ 2012-11-21T10:40:24+08:00 ] /index.php/Index/main | SQL: SELECT COUNT(*) AS tp_count FROM `y_account` LIMIT 1  [ RunTime:0.000165s ]
[ 2012-11-21T10:40:24+08:00 ] /index.php/Index/main | SQL: SELECT * FROM `y_account` ORDER BY `id` desc LIMIT 0,20  [ RunTime:0.000418s ]
[ 2012-11-21T10:40:24+08:00 ] /index.php/Index/main | NOTIC: [2] Invalid argument supplied for foreach() CommonAction.class.php 第 159 行.
[ 2012-11-21T10:40:24+08:00 ] /index.php/Account/edit/id/89/tab_id/test2 | SQL: SHOW COLUMNS FROM `y_account` [ RunTime:0.001155s ]
[ 2012-11-21T10:40:24+08:00 ] /index.php/Account/edit/id/89/tab_id/test2 | SQL: SELECT * FROM `y_account` WHERE ( `id` = '89' ) LIMIT 1  [ RunTime:0.000071s ]
[ 2012-11-21T10:40:24+08:00 ] /index.php/Account/edit/id/89/tab_id/test2 | SQL: SHOW COLUMNS FROM `y_category` [ RunTime:0.000409s ]
[ 2012-11-21T10:40:24+08:00 ] /index.php/Account/edit/id/89/tab_id/test2 | SQL: SELECT `modules` FROM `y_account` WHERE ( `id` = '89' ) LIMIT 1  [ RunTime:0.000274s ]
[ 2012-11-21T10:40:24+08:00 ] /index.php/Account/edit/id/89/tab_id/test2 | SQL: SELECT * FROM `y_category` WHERE ( `id` IN ('36','19','20','21','22','23','27','37') ) ORDER BY ordernum desc [ RunTime:0.000327s ]
[ 2012-11-21T10:40:24+08:00 ] /index.php/Account/edit/id/89/tab_id/test2 | SQL: SELECT * FROM `y_category` WHERE ( `pid` = 11 ) ORDER BY ordernum desc [ RunTime:0.000274s ]
[ 2012-11-21T10:40:29+08:00 ] /index.php/Index/main | SQL: SHOW COLUMNS FROM `y_account` [ RunTime:0.000987s ]
[ 2012-11-21T10:40:29+08:00 ] /index.php/Index/main | SQL: SELECT * FROM `y_account` WHERE ( `id` = '89' ) LIMIT 1  [ RunTime:0.000250s ]
[ 2012-11-21T10:40:29+08:00 ] /index.php/Index/main | SQL: SHOW COLUMNS FROM `y_category` [ RunTime:0.000749s ]
[ 2012-11-21T10:40:29+08:00 ] /index.php/Index/main | SQL: SELECT * FROM `y_account` ORDER BY id desc [ RunTime:0.000658s ]
[ 2012-11-21T10:40:29+08:00 ] /index.php/Index/main | NOTIC: [8] Undefined index:  searchkey IndexAction.class.php 第 27 行.
[ 2012-11-21T10:40:29+08:00 ] /index.php/Index/main | NOTIC: [8] Undefined variable: where IndexAction.class.php 第 31 行.
[ 2012-11-21T10:40:29+08:00 ] /index.php/Index/main | SQL: SELECT COUNT(*) AS tp_count FROM `y_account` LIMIT 1  [ RunTime:0.000186s ]
[ 2012-11-21T10:40:29+08:00 ] /index.php/Index/main | SQL: SELECT * FROM `y_account` ORDER BY `id` desc LIMIT 0,20  [ RunTime:0.000300s ]
[ 2012-11-21T10:40:29+08:00 ] /index.php/Index/main | NOTIC: [2] Invalid argument supplied for foreach() CommonAction.class.php 第 159 行.
[ 2012-11-21T10:40:31+08:00 ] /index.php/Index/main | SQL: SHOW COLUMNS FROM `y_account` [ RunTime:0.000981s ]
[ 2012-11-21T10:40:31+08:00 ] /index.php/Index/main | SQL: SELECT * FROM `y_account` WHERE ( `id` = '89' ) LIMIT 1  [ RunTime:0.000070s ]
[ 2012-11-21T10:40:31+08:00 ] /index.php/Index/main | SQL: SHOW COLUMNS FROM `y_category` [ RunTime:0.000432s ]
[ 2012-11-21T10:40:31+08:00 ] /index.php/Index/main | SQL: SELECT * FROM `y_account` ORDER BY id desc [ RunTime:0.000169s ]
[ 2012-11-21T10:40:31+08:00 ] /index.php/Index/main | NOTIC: [8] Undefined index:  searchkey IndexAction.class.php 第 27 行.
[ 2012-11-21T10:40:31+08:00 ] /index.php/Index/main | NOTIC: [8] Undefined variable: where IndexAction.class.php 第 31 行.
[ 2012-11-21T10:40:31+08:00 ] /index.php/Index/main | SQL: SELECT COUNT(*) AS tp_count FROM `y_account` LIMIT 1  [ RunTime:0.000060s ]
[ 2012-11-21T10:40:31+08:00 ] /index.php/Index/main | SQL: SELECT * FROM `y_account` ORDER BY `id` desc LIMIT 0,20  [ RunTime:0.000081s ]
[ 2012-11-21T10:40:31+08:00 ] /index.php/Index/main | NOTIC: [2] Invalid argument supplied for foreach() CommonAction.class.php 第 159 行.
[ 2012-11-21T10:40:32+08:00 ] /index.php/Index/main | SQL: SHOW COLUMNS FROM `y_account` [ RunTime:0.001404s ]
[ 2012-11-21T10:40:32+08:00 ] /index.php/Index/main | SQL: SELECT * FROM `y_account` WHERE ( `id` = '89' ) LIMIT 1  [ RunTime:0.000070s ]
[ 2012-11-21T10:40:32+08:00 ] /index.php/Index/main | SQL: SHOW COLUMNS FROM `y_category` [ RunTime:0.000501s ]
[ 2012-11-21T10:40:32+08:00 ] /index.php/Index/main | SQL: SELECT * FROM `y_account` ORDER BY id desc [ RunTime:0.000184s ]
[ 2012-11-21T10:40:32+08:00 ] /index.php/Index/main | NOTIC: [8] Undefined index:  searchkey IndexAction.class.php 第 27 行.
[ 2012-11-21T10:40:32+08:00 ] /index.php/Index/main | NOTIC: [8] Undefined variable: where IndexAction.class.php 第 31 行.
[ 2012-11-21T10:40:32+08:00 ] /index.php/Index/main | SQL: SELECT COUNT(*) AS tp_count FROM `y_account` LIMIT 1  [ RunTime:0.000058s ]
[ 2012-11-21T10:40:32+08:00 ] /index.php/Index/main | SQL: SELECT * FROM `y_account` ORDER BY `id` desc LIMIT 0,20  [ RunTime:0.000092s ]
[ 2012-11-21T10:40:32+08:00 ] /index.php/Index/main | NOTIC: [2] Invalid argument supplied for foreach() CommonAction.class.php 第 159 行.
[ 2012-11-21T10:40:33+08:00 ] /index.php/Index/main | SQL: SHOW COLUMNS FROM `y_account` [ RunTime:0.001273s ]
[ 2012-11-21T10:40:33+08:00 ] /index.php/Index/main | SQL: SELECT * FROM `y_account` WHERE ( `id` = '89' ) LIMIT 1  [ RunTime:0.000069s ]
[ 2012-11-21T10:40:33+08:00 ] /index.php/Index/main | SQL: SHOW COLUMNS FROM `y_category` [ RunTime:0.000428s ]
[ 2012-11-21T10:40:33+08:00 ] /index.php/Index/main | SQL: SELECT * FROM `y_account` ORDER BY id desc [ RunTime:0.000157s ]
[ 2012-11-21T10:40:33+08:00 ] /index.php/Index/main | NOTIC: [8] Undefined index:  searchkey IndexAction.class.php 第 27 行.
[ 2012-11-21T10:40:33+08:00 ] /index.php/Index/main | NOTIC: [8] Undefined variable: where IndexAction.class.php 第 31 行.
[ 2012-11-21T10:40:33+08:00 ] /index.php/Index/main | SQL: SELECT COUNT(*) AS tp_count FROM `y_account` LIMIT 1  [ RunTime:0.000061s ]
[ 2012-11-21T10:40:33+08:00 ] /index.php/Index/main | SQL: SELECT * FROM `y_account` ORDER BY `id` desc LIMIT 0,20  [ RunTime:0.000081s ]
[ 2012-11-21T10:40:33+08:00 ] /index.php/Index/main | NOTIC: [2] Invalid argument supplied for foreach() CommonAction.class.php 第 159 行.
[ 2012-11-21T10:40:33+08:00 ] /index.php/Index/main | SQL: SHOW COLUMNS FROM `y_account` [ RunTime:0.001276s ]
[ 2012-11-21T10:40:33+08:00 ] /index.php/Index/main | SQL: SELECT * FROM `y_account` WHERE ( `id` = '89' ) LIMIT 1  [ RunTime:0.000071s ]
[ 2012-11-21T10:40:33+08:00 ] /index.php/Index/main | SQL: SHOW COLUMNS FROM `y_category` [ RunTime:0.000512s ]
[ 2012-11-21T10:40:33+08:00 ] /index.php/Index/main | SQL: SELECT * FROM `y_account` ORDER BY id desc [ RunTime:0.000153s ]
[ 2012-11-21T10:40:33+08:00 ] /index.php/Index/main | NOTIC: [8] Undefined index:  searchkey IndexAction.class.php 第 27 行.
[ 2012-11-21T10:40:33+08:00 ] /index.php/Index/main | NOTIC: [8] Undefined variable: where IndexAction.class.php 第 31 行.
[ 2012-11-21T10:40:33+08:00 ] /index.php/Index/main | SQL: SELECT COUNT(*) AS tp_count FROM `y_account` LIMIT 1  [ RunTime:0.000061s ]
[ 2012-11-21T10:40:33+08:00 ] /index.php/Index/main | SQL: SELECT * FROM `y_account` ORDER BY `id` desc LIMIT 0,20  [ RunTime:0.000080s ]
[ 2012-11-21T10:40:33+08:00 ] /index.php/Index/main | NOTIC: [2] Invalid argument supplied for foreach() CommonAction.class.php 第 159 行.
[ 2012-11-21T10:40:34+08:00 ] /index.php/Index/main | SQL: SHOW COLUMNS FROM `y_account` [ RunTime:0.001344s ]
[ 2012-11-21T10:40:34+08:00 ] /index.php/Index/main | SQL: SELECT * FROM `y_account` WHERE ( `id` = '89' ) LIMIT 1  [ RunTime:0.000080s ]
[ 2012-11-21T10:40:34+08:00 ] /index.php/Index/main | SQL: SHOW COLUMNS FROM `y_category` [ RunTime:0.000714s ]
[ 2012-11-21T10:40:34+08:00 ] /index.php/Index/main | SQL: SELECT * FROM `y_account` ORDER BY id desc [ RunTime:0.000151s ]
[ 2012-11-21T10:40:34+08:00 ] /index.php/Index/main | NOTIC: [8] Undefined index:  searchkey IndexAction.class.php 第 27 行.
[ 2012-11-21T10:40:34+08:00 ] /index.php/Index/main | NOTIC: [8] Undefined variable: where IndexAction.class.php 第 31 行.
[ 2012-11-21T10:40:34+08:00 ] /index.php/Index/main | SQL: SELECT COUNT(*) AS tp_count FROM `y_account` LIMIT 1  [ RunTime:0.000066s ]
[ 2012-11-21T10:40:34+08:00 ] /index.php/Index/main | SQL: SELECT * FROM `y_account` ORDER BY `id` desc LIMIT 0,20  [ RunTime:0.000080s ]
[ 2012-11-21T10:40:34+08:00 ] /index.php/Index/main | NOTIC: [2] Invalid argument supplied for foreach() CommonAction.class.php 第 159 行.
[ 2012-11-21T10:40:35+08:00 ] /index.php/Index/main | SQL: SHOW COLUMNS FROM `y_account` [ RunTime:0.001179s ]
[ 2012-11-21T10:40:35+08:00 ] /index.php/Index/main | SQL: SELECT * FROM `y_account` WHERE ( `id` = '89' ) LIMIT 1  [ RunTime:0.000089s ]
[ 2012-11-21T10:40:35+08:00 ] /index.php/Index/main | SQL: SHOW COLUMNS FROM `y_category` [ RunTime:0.000416s ]
[ 2012-11-21T10:40:35+08:00 ] /index.php/Index/main | SQL: SELECT * FROM `y_account` ORDER BY id desc [ RunTime:0.000151s ]
[ 2012-11-21T10:40:35+08:00 ] /index.php/Index/main | NOTIC: [8] Undefined index:  searchkey IndexAction.class.php 第 27 行.
[ 2012-11-21T10:40:35+08:00 ] /index.php/Index/main | NOTIC: [8] Undefined variable: where IndexAction.class.php 第 31 行.
[ 2012-11-21T10:40:35+08:00 ] /index.php/Index/main | SQL: SELECT COUNT(*) AS tp_count FROM `y_account` LIMIT 1  [ RunTime:0.000077s ]
[ 2012-11-21T10:40:35+08:00 ] /index.php/Index/main | SQL: SELECT * FROM `y_account` ORDER BY `id` desc LIMIT 0,20  [ RunTime:0.000102s ]
[ 2012-11-21T10:40:35+08:00 ] /index.php/Index/main | NOTIC: [2] Invalid argument supplied for foreach() CommonAction.class.php 第 159 行.
[ 2012-11-21T10:40:36+08:00 ] /index.php/Index/main | SQL: SHOW COLUMNS FROM `y_account` [ RunTime:0.001260s ]
[ 2012-11-21T10:40:36+08:00 ] /index.php/Index/main | SQL: SELECT * FROM `y_account` WHERE ( `id` = '89' ) LIMIT 1  [ RunTime:0.000093s ]
[ 2012-11-21T10:40:36+08:00 ] /index.php/Index/main | SQL: SHOW COLUMNS FROM `y_category` [ RunTime:0.000609s ]
[ 2012-11-21T10:40:36+08:00 ] /index.php/Index/main | SQL: SELECT * FROM `y_account` ORDER BY id desc [ RunTime:0.000226s ]
[ 2012-11-21T10:40:36+08:00 ] /index.php/Index/main | NOTIC: [8] Undefined index:  searchkey IndexAction.class.php 第 27 行.
[ 2012-11-21T10:40:36+08:00 ] /index.php/Index/main | NOTIC: [8] Undefined variable: where IndexAction.class.php 第 31 行.
[ 2012-11-21T10:40:36+08:00 ] /index.php/Index/main | SQL: SELECT COUNT(*) AS tp_count FROM `y_account` LIMIT 1  [ RunTime:0.000077s ]
[ 2012-11-21T10:40:36+08:00 ] /index.php/Index/main | SQL: SELECT * FROM `y_account` ORDER BY `id` desc LIMIT 0,20  [ RunTime:0.000099s ]
[ 2012-11-21T10:40:36+08:00 ] /index.php/Index/main | NOTIC: [2] Invalid argument supplied for foreach() CommonAction.class.php 第 159 行.
[ 2012-11-21T10:40:37+08:00 ] /index.php/Index/main | SQL: SHOW COLUMNS FROM `y_account` [ RunTime:0.001175s ]
[ 2012-11-21T10:40:37+08:00 ] /index.php/Index/main | SQL: SELECT * FROM `y_account` WHERE ( `id` = '89' ) LIMIT 1  [ RunTime:0.000069s ]
[ 2012-11-21T10:40:37+08:00 ] /index.php/Index/main | SQL: SHOW COLUMNS FROM `y_category` [ RunTime:0.000430s ]
[ 2012-11-21T10:40:37+08:00 ] /index.php/Index/main | SQL: SELECT * FROM `y_account` ORDER BY id desc [ RunTime:0.000151s ]
[ 2012-11-21T10:40:37+08:00 ] /index.php/Index/main | NOTIC: [8] Undefined index:  searchkey IndexAction.class.php 第 27 行.
[ 2012-11-21T10:40:37+08:00 ] /index.php/Index/main | NOTIC: [8] Undefined variable: where IndexAction.class.php 第 31 行.
[ 2012-11-21T10:40:37+08:00 ] /index.php/Index/main | SQL: SELECT COUNT(*) AS tp_count FROM `y_account` LIMIT 1  [ RunTime:0.000057s ]
[ 2012-11-21T10:40:37+08:00 ] /index.php/Index/main | SQL: SELECT * FROM `y_account` ORDER BY `id` desc LIMIT 0,20  [ RunTime:0.000079s ]
[ 2012-11-21T10:40:37+08:00 ] /index.php/Index/main | NOTIC: [2] Invalid argument supplied for foreach() CommonAction.class.php 第 159 行.
[ 2012-11-21T10:40:38+08:00 ] /index.php/Index/main | SQL: SHOW COLUMNS FROM `y_account` [ RunTime:0.001206s ]
[ 2012-11-21T10:40:38+08:00 ] /index.php/Index/main | SQL: SELECT * FROM `y_account` WHERE ( `id` = '89' ) LIMIT 1  [ RunTime:0.000072s ]
[ 2012-11-21T10:40:38+08:00 ] /index.php/Index/main | SQL: SHOW COLUMNS FROM `y_category` [ RunTime:0.000462s ]
[ 2012-11-21T10:40:38+08:00 ] /index.php/Index/main | SQL: SELECT * FROM `y_account` ORDER BY id desc [ RunTime:0.000159s ]
[ 2012-11-21T10:40:38+08:00 ] /index.php/Index/main | NOTIC: [8] Undefined index:  searchkey IndexAction.class.php 第 27 行.
[ 2012-11-21T10:40:38+08:00 ] /index.php/Index/main | NOTIC: [8] Undefined variable: where IndexAction.class.php 第 31 行.
[ 2012-11-21T10:40:38+08:00 ] /index.php/Index/main | SQL: SELECT COUNT(*) AS tp_count FROM `y_account` LIMIT 1  [ RunTime:0.000059s ]
[ 2012-11-21T10:40:38+08:00 ] /index.php/Index/main | SQL: SELECT * FROM `y_account` ORDER BY `id` desc LIMIT 0,20  [ RunTime:0.000080s ]
[ 2012-11-21T10:40:38+08:00 ] /index.php/Index/main | NOTIC: [2] Invalid argument supplied for foreach() CommonAction.class.php 第 159 行.
[ 2012-11-21T10:40:39+08:00 ] /index.php/Index/main | SQL: SHOW COLUMNS FROM `y_account` [ RunTime:0.001411s ]
[ 2012-11-21T10:40:39+08:00 ] /index.php/Index/main | SQL: SELECT * FROM `y_account` WHERE ( `id` = '89' ) LIMIT 1  [ RunTime:0.000089s ]
[ 2012-11-21T10:40:39+08:00 ] /index.php/Index/main | SQL: SHOW COLUMNS FROM `y_category` [ RunTime:0.000582s ]
[ 2012-11-21T10:40:39+08:00 ] /index.php/Index/main | SQL: SELECT * FROM `y_account` ORDER BY id desc [ RunTime:0.000188s ]
[ 2012-11-21T10:40:39+08:00 ] /index.php/Index/main | NOTIC: [8] Undefined index:  searchkey IndexAction.class.php 第 27 行.
[ 2012-11-21T10:40:39+08:00 ] /index.php/Index/main | NOTIC: [8] Undefined variable: where IndexAction.class.php 第 31 行.
[ 2012-11-21T10:40:39+08:00 ] /index.php/Index/main | SQL: SELECT COUNT(*) AS tp_count FROM `y_account` LIMIT 1  [ RunTime:0.000068s ]
[ 2012-11-21T10:40:39+08:00 ] /index.php/Index/main | SQL: SELECT * FROM `y_account` ORDER BY `id` desc LIMIT 0,20  [ RunTime:0.000102s ]
[ 2012-11-21T10:40:39+08:00 ] /index.php/Index/main | NOTIC: [2] Invalid argument supplied for foreach() CommonAction.class.php 第 159 行.
[ 2012-11-21T10:40:40+08:00 ] /index.php/Index/main | SQL: SHOW COLUMNS FROM `y_account` [ RunTime:0.000951s ]
[ 2012-11-21T10:40:40+08:00 ] /index.php/Index/main | SQL: SELECT * FROM `y_account` WHERE ( `id` = '89' ) LIMIT 1  [ RunTime:0.000071s ]
[ 2012-11-21T10:40:40+08:00 ] /index.php/Index/main | SQL: SHOW COLUMNS FROM `y_category` [ RunTime:0.000417s ]
[ 2012-11-21T10:40:40+08:00 ] /index.php/Index/main | SQL: SELECT * FROM `y_account` ORDER BY id desc [ RunTime:0.000143s ]
[ 2012-11-21T10:40:40+08:00 ] /index.php/Index/main | NOTIC: [8] Undefined index:  searchkey IndexAction.class.php 第 27 行.
[ 2012-11-21T10:40:40+08:00 ] /index.php/Index/main | NOTIC: [8] Undefined variable: where IndexAction.class.php 第 31 行.
[ 2012-11-21T10:40:40+08:00 ] /index.php/Index/main | SQL: SELECT COUNT(*) AS tp_count FROM `y_account` LIMIT 1  [ RunTime:0.000054s ]
[ 2012-11-21T10:40:40+08:00 ] /index.php/Index/main | SQL: SELECT * FROM `y_account` ORDER BY `id` desc LIMIT 0,20  [ RunTime:0.000079s ]
[ 2012-11-21T10:40:40+08:00 ] /index.php/Index/main | NOTIC: [2] Invalid argument supplied for foreach() CommonAction.class.php 第 159 行.
[ 2012-11-21T10:40:41+08:00 ] /index.php/Index/main | SQL: SHOW COLUMNS FROM `y_account` [ RunTime:0.000991s ]
[ 2012-11-21T10:40:41+08:00 ] /index.php/Index/main | SQL: SELECT * FROM `y_account` WHERE ( `id` = '89' ) LIMIT 1  [ RunTime:0.000067s ]
[ 2012-11-21T10:40:41+08:00 ] /index.php/Index/main | SQL: SHOW COLUMNS FROM `y_category` [ RunTime:0.000420s ]
[ 2012-11-21T10:40:41+08:00 ] /index.php/Index/main | SQL: SELECT * FROM `y_account` ORDER BY id desc [ RunTime:0.000150s ]
[ 2012-11-21T10:40:41+08:00 ] /index.php/Index/main | NOTIC: [8] Undefined index:  searchkey IndexAction.class.php 第 27 行.
[ 2012-11-21T10:40:41+08:00 ] /index.php/Index/main | NOTIC: [8] Undefined variable: where IndexAction.class.php 第 31 行.
[ 2012-11-21T10:40:41+08:00 ] /index.php/Index/main | SQL: SELECT COUNT(*) AS tp_count FROM `y_account` LIMIT 1  [ RunTime:0.000055s ]
[ 2012-11-21T10:40:41+08:00 ] /index.php/Index/main | SQL: SELECT * FROM `y_account` ORDER BY `id` desc LIMIT 0,20  [ RunTime:0.000087s ]
[ 2012-11-21T10:40:41+08:00 ] /index.php/Index/main | NOTIC: [2] Invalid argument supplied for foreach() CommonAction.class.php 第 159 行.
[ 2012-11-21T10:40:41+08:00 ] /index.php/Index/main | SQL: SHOW COLUMNS FROM `y_account` [ RunTime:0.001493s ]
[ 2012-11-21T10:40:41+08:00 ] /index.php/Index/main | SQL: SELECT * FROM `y_account` WHERE ( `id` = '89' ) LIMIT 1  [ RunTime:0.000111s ]
[ 2012-11-21T10:40:41+08:00 ] /index.php/Index/main | SQL: SHOW COLUMNS FROM `y_category` [ RunTime:0.000580s ]
[ 2012-11-21T10:40:41+08:00 ] /index.php/Index/main | SQL: SELECT * FROM `y_account` ORDER BY id desc [ RunTime:0.000198s ]
[ 2012-11-21T10:40:41+08:00 ] /index.php/Index/main | NOTIC: [8] Undefined index:  searchkey IndexAction.class.php 第 27 行.
[ 2012-11-21T10:40:41+08:00 ] /index.php/Index/main | NOTIC: [8] Undefined variable: where IndexAction.class.php 第 31 行.
[ 2012-11-21T10:40:41+08:00 ] /index.php/Index/main | SQL: SELECT COUNT(*) AS tp_count FROM `y_account` LIMIT 1  [ RunTime:0.000073s ]
[ 2012-11-21T10:40:41+08:00 ] /index.php/Index/main | SQL: SELECT * FROM `y_account` ORDER BY `id` desc LIMIT 0,20  [ RunTime:0.000129s ]
[ 2012-11-21T10:40:41+08:00 ] /index.php/Index/main | NOTIC: [2] Invalid argument supplied for foreach() CommonAction.class.php 第 159 行.
[ 2012-11-21T10:40:42+08:00 ] /index.php/Index/main | SQL: SHOW COLUMNS FROM `y_account` [ RunTime:0.001293s ]
[ 2012-11-21T10:40:42+08:00 ] /index.php/Index/main | SQL: SELECT * FROM `y_account` WHERE ( `id` = '89' ) LIMIT 1  [ RunTime:0.000070s ]
[ 2012-11-21T10:40:42+08:00 ] /index.php/Index/main | SQL: SHOW COLUMNS FROM `y_category` [ RunTime:0.000451s ]
[ 2012-11-21T10:40:42+08:00 ] /index.php/Index/main | SQL: SELECT * FROM `y_account` ORDER BY id desc [ RunTime:0.000157s ]
[ 2012-11-21T10:40:42+08:00 ] /index.php/Index/main | NOTIC: [8] Undefined index:  searchkey IndexAction.class.php 第 27 行.
[ 2012-11-21T10:40:42+08:00 ] /index.php/Index/main | NOTIC: [8] Undefined variable: where IndexAction.class.php 第 31 行.
[ 2012-11-21T10:40:42+08:00 ] /index.php/Index/main | SQL: SELECT COUNT(*) AS tp_count FROM `y_account` LIMIT 1  [ RunTime:0.000078s ]
[ 2012-11-21T10:40:42+08:00 ] /index.php/Index/main | SQL: SELECT * FROM `y_account` ORDER BY `id` desc LIMIT 0,20  [ RunTime:0.000080s ]
[ 2012-11-21T10:40:42+08:00 ] /index.php/Index/main | NOTIC: [2] Invalid argument supplied for foreach() CommonAction.class.php 第 159 行.
[ 2012-11-21T10:40:42+08:00 ] /index.php/Index/main | SQL: SHOW COLUMNS FROM `y_account` [ RunTime:0.001323s ]
[ 2012-11-21T10:40:42+08:00 ] /index.php/Index/main | SQL: SELECT * FROM `y_account` WHERE ( `id` = '89' ) LIMIT 1  [ RunTime:0.000074s ]
[ 2012-11-21T10:40:42+08:00 ] /index.php/Index/main | SQL: SHOW COLUMNS FROM `y_category` [ RunTime:0.000594s ]
[ 2012-11-21T10:40:42+08:00 ] /index.php/Index/main | SQL: SELECT * FROM `y_account` ORDER BY id desc [ RunTime:0.000142s ]
[ 2012-11-21T10:40:42+08:00 ] /index.php/Index/main | NOTIC: [8] Undefined index:  searchkey IndexAction.class.php 第 27 行.
[ 2012-11-21T10:40:42+08:00 ] /index.php/Index/main | NOTIC: [8] Undefined variable: where IndexAction.class.php 第 31 行.
[ 2012-11-21T10:40:42+08:00 ] /index.php/Index/main | SQL: SELECT COUNT(*) AS tp_count FROM `y_account` LIMIT 1  [ RunTime:0.000074s ]
[ 2012-11-21T10:40:42+08:00 ] /index.php/Index/main | SQL: SELECT * FROM `y_account` ORDER BY `id` desc LIMIT 0,20  [ RunTime:0.000079s ]
[ 2012-11-21T10:40:42+08:00 ] /index.php/Index/main | NOTIC: [2] Invalid argument supplied for foreach() CommonAction.class.php 第 159 行.
[ 2012-11-21T10:40:43+08:00 ] /index.php/Index/main | SQL: SHOW COLUMNS FROM `y_account` [ RunTime:0.001195s ]
[ 2012-11-21T10:40:43+08:00 ] /index.php/Index/main | SQL: SELECT * FROM `y_account` WHERE ( `id` = '89' ) LIMIT 1  [ RunTime:0.000069s ]
[ 2012-11-21T10:40:43+08:00 ] /index.php/Index/main | SQL: SHOW COLUMNS FROM `y_category` [ RunTime:0.000409s ]
[ 2012-11-21T10:40:43+08:00 ] /index.php/Index/main | SQL: SELECT * FROM `y_account` ORDER BY id desc [ RunTime:0.000155s ]
[ 2012-11-21T10:40:43+08:00 ] /index.php/Index/main | NOTIC: [8] Undefined index:  searchkey IndexAction.class.php 第 27 行.
[ 2012-11-21T10:40:43+08:00 ] /index.php/Index/main | NOTIC: [8] Undefined variable: where IndexAction.class.php 第 31 行.
[ 2012-11-21T10:40:43+08:00 ] /index.php/Index/main | SQL: SELECT COUNT(*) AS tp_count FROM `y_account` LIMIT 1  [ RunTime:0.000055s ]
[ 2012-11-21T10:40:43+08:00 ] /index.php/Index/main | SQL: SELECT * FROM `y_account` ORDER BY `id` desc LIMIT 0,20  [ RunTime:0.000080s ]
[ 2012-11-21T10:40:43+08:00 ] /index.php/Index/main | NOTIC: [2] Invalid argument supplied for foreach() CommonAction.class.php 第 159 行.
[ 2012-11-21T10:40:47+08:00 ] /index.php/Index/main | SQL: SHOW COLUMNS FROM `y_account` [ RunTime:0.001165s ]
[ 2012-11-21T10:40:47+08:00 ] /index.php/Index/main | SQL: SELECT * FROM `y_account` WHERE ( `id` = '89' ) LIMIT 1  [ RunTime:0.000092s ]
[ 2012-11-21T10:40:47+08:00 ] /index.php/Index/main | SQL: SHOW COLUMNS FROM `y_category` [ RunTime:0.000405s ]
[ 2012-11-21T10:40:47+08:00 ] /index.php/Index/main | SQL: SELECT * FROM `y_account` ORDER BY id desc [ RunTime:0.000153s ]
[ 2012-11-21T10:40:47+08:00 ] /index.php/Index/main | NOTIC: [8] Undefined index:  searchkey IndexAction.class.php 第 27 行.
[ 2012-11-21T10:40:47+08:00 ] /index.php/Index/main | NOTIC: [8] Undefined variable: where IndexAction.class.php 第 31 行.
[ 2012-11-21T10:40:47+08:00 ] /index.php/Index/main | SQL: SELECT COUNT(*) AS tp_count FROM `y_account` LIMIT 1  [ RunTime:0.000057s ]
[ 2012-11-21T10:40:47+08:00 ] /index.php/Index/main | SQL: SELECT * FROM `y_account` ORDER BY `id` desc LIMIT 0,20  [ RunTime:0.000080s ]
[ 2012-11-21T10:40:47+08:00 ] /index.php/Index/main | NOTIC: [2] Invalid argument supplied for foreach() CommonAction.class.php 第 159 行.
[ 2012-11-21T10:40:47+08:00 ] /index.php/Index/main | SQL: SHOW COLUMNS FROM `y_account` [ RunTime:0.000960s ]
[ 2012-11-21T10:40:47+08:00 ] /index.php/Index/main | SQL: SELECT * FROM `y_account` WHERE ( `id` = '89' ) LIMIT 1  [ RunTime:0.000084s ]
[ 2012-11-21T10:40:47+08:00 ] /index.php/Index/main | SQL: SHOW COLUMNS FROM `y_category` [ RunTime:0.000413s ]
[ 2012-11-21T10:40:47+08:00 ] /index.php/Index/main | SQL: SELECT * FROM `y_account` ORDER BY id desc [ RunTime:0.000142s ]
[ 2012-11-21T10:40:47+08:00 ] /index.php/Index/main | NOTIC: [8] Undefined index:  searchkey IndexAction.class.php 第 27 行.
[ 2012-11-21T10:40:47+08:00 ] /index.php/Index/main | NOTIC: [8] Undefined variable: where IndexAction.class.php 第 31 行.
[ 2012-11-21T10:40:47+08:00 ] /index.php/Index/main | SQL: SELECT COUNT(*) AS tp_count FROM `y_account` LIMIT 1  [ RunTime:0.000055s ]
[ 2012-11-21T10:40:47+08:00 ] /index.php/Index/main | SQL: SELECT * FROM `y_account` ORDER BY `id` desc LIMIT 0,20  [ RunTime:0.000080s ]
[ 2012-11-21T10:40:47+08:00 ] /index.php/Index/main | NOTIC: [2] Invalid argument supplied for foreach() CommonAction.class.php 第 159 行.
[ 2012-11-21T10:40:48+08:00 ] /index.php/Index/main | SQL: SHOW COLUMNS FROM `y_account` [ RunTime:0.001154s ]
[ 2012-11-21T10:40:48+08:00 ] /index.php/Index/main | SQL: SELECT * FROM `y_account` WHERE ( `id` = '89' ) LIMIT 1  [ RunTime:0.000081s ]
[ 2012-11-21T10:40:48+08:00 ] /index.php/Index/main | SQL: SHOW COLUMNS FROM `y_category` [ RunTime:0.000478s ]
[ 2012-11-21T10:40:48+08:00 ] /index.php/Index/main | SQL: SELECT * FROM `y_account` ORDER BY id desc [ RunTime:0.000200s ]
[ 2012-11-21T10:40:48+08:00 ] /index.php/Index/main | NOTIC: [8] Undefined index:  searchkey IndexAction.class.php 第 27 行.
[ 2012-11-21T10:40:48+08:00 ] /index.php/Index/main | NOTIC: [8] Undefined variable: where IndexAction.class.php 第 31 行.
[ 2012-11-21T10:40:48+08:00 ] /index.php/Index/main | SQL: SELECT COUNT(*) AS tp_count FROM `y_account` LIMIT 1  [ RunTime:0.000061s ]
[ 2012-11-21T10:40:48+08:00 ] /index.php/Index/main | SQL: SELECT * FROM `y_account` ORDER BY `id` desc LIMIT 0,20  [ RunTime:0.000085s ]
[ 2012-11-21T10:40:48+08:00 ] /index.php/Index/main | NOTIC: [2] Invalid argument supplied for foreach() CommonAction.class.php 第 159 行.
[ 2012-11-21T10:40:50+08:00 ] /index.php/Index/main | SQL: SHOW COLUMNS FROM `y_account` [ RunTime:0.001216s ]
[ 2012-11-21T10:40:50+08:00 ] /index.php/Index/main | SQL: SELECT * FROM `y_account` WHERE ( `id` = '89' ) LIMIT 1  [ RunTime:0.000073s ]
[ 2012-11-21T10:40:50+08:00 ] /index.php/Index/main | SQL: SHOW COLUMNS FROM `y_category` [ RunTime:0.000410s ]
[ 2012-11-21T10:40:50+08:00 ] /index.php/Index/main | SQL: SELECT * FROM `y_account` ORDER BY id desc [ RunTime:0.000172s ]
[ 2012-11-21T10:40:50+08:00 ] /index.php/Index/main | NOTIC: [8] Undefined index:  searchkey IndexAction.class.php 第 27 行.
[ 2012-11-21T10:40:50+08:00 ] /index.php/Index/main | NOTIC: [8] Undefined variable: where IndexAction.class.php 第 31 行.
[ 2012-11-21T10:40:50+08:00 ] /index.php/Index/main | SQL: SELECT COUNT(*) AS tp_count FROM `y_account` LIMIT 1  [ RunTime:0.000058s ]
[ 2012-11-21T10:40:50+08:00 ] /index.php/Index/main | SQL: SELECT * FROM `y_account` ORDER BY `id` desc LIMIT 0,20  [ RunTime:0.000082s ]
[ 2012-11-21T10:40:50+08:00 ] /index.php/Index/main | NOTIC: [2] Invalid argument supplied for foreach() CommonAction.class.php 第 159 行.
[ 2012-11-21T10:40:51+08:00 ] /index.php/Index/main | SQL: SHOW COLUMNS FROM `y_account` [ RunTime:0.001156s ]
[ 2012-11-21T10:40:51+08:00 ] /index.php/Index/main | SQL: SELECT * FROM `y_account` WHERE ( `id` = '89' ) LIMIT 1  [ RunTime:0.000072s ]
[ 2012-11-21T10:40:51+08:00 ] /index.php/Index/main | SQL: SHOW COLUMNS FROM `y_category` [ RunTime:0.000429s ]
[ 2012-11-21T10:40:51+08:00 ] /index.php/Index/main | SQL: SELECT * FROM `y_account` ORDER BY id desc [ RunTime:0.000152s ]
[ 2012-11-21T10:40:51+08:00 ] /index.php/Index/main | NOTIC: [8] Undefined index:  searchkey IndexAction.class.php 第 27 行.
[ 2012-11-21T10:40:51+08:00 ] /index.php/Index/main | NOTIC: [8] Undefined variable: where IndexAction.class.php 第 31 行.
[ 2012-11-21T10:40:51+08:00 ] /index.php/Index/main | SQL: SELECT COUNT(*) AS tp_count FROM `y_account` LIMIT 1  [ RunTime:0.000057s ]
[ 2012-11-21T10:40:51+08:00 ] /index.php/Index/main | SQL: SELECT * FROM `y_account` ORDER BY `id` desc LIMIT 0,20  [ RunTime:0.000083s ]
[ 2012-11-21T10:40:51+08:00 ] /index.php/Index/main | NOTIC: [2] Invalid argument supplied for foreach() CommonAction.class.php 第 159 行.
[ 2012-11-21T10:40:51+08:00 ] /index.php/Index/main | SQL: SHOW COLUMNS FROM `y_account` [ RunTime:0.001655s ]
[ 2012-11-21T10:40:51+08:00 ] /index.php/Index/main | SQL: SELECT * FROM `y_account` WHERE ( `id` = '89' ) LIMIT 1  [ RunTime:0.000097s ]
[ 2012-11-21T10:40:51+08:00 ] /index.php/Index/main | SQL: SHOW COLUMNS FROM `y_category` [ RunTime:0.000612s ]
[ 2012-11-21T10:40:51+08:00 ] /index.php/Index/main | SQL: SELECT * FROM `y_account` ORDER BY id desc [ RunTime:0.000153s ]
[ 2012-11-21T10:40:51+08:00 ] /index.php/Index/main | NOTIC: [8] Undefined index:  searchkey IndexAction.class.php 第 27 行.
[ 2012-11-21T10:40:51+08:00 ] /index.php/Index/main | NOTIC: [8] Undefined variable: where IndexAction.class.php 第 31 行.
[ 2012-11-21T10:40:51+08:00 ] /index.php/Index/main | SQL: SELECT COUNT(*) AS tp_count FROM `y_account` LIMIT 1  [ RunTime:0.000058s ]
[ 2012-11-21T10:40:51+08:00 ] /index.php/Index/main | SQL: SELECT * FROM `y_account` ORDER BY `id` desc LIMIT 0,20  [ RunTime:0.000081s ]
[ 2012-11-21T10:40:51+08:00 ] /index.php/Index/main | NOTIC: [2] Invalid argument supplied for foreach() CommonAction.class.php 第 159 行.
[ 2012-11-21T10:40:52+08:00 ] /index.php/Index/main | SQL: SHOW COLUMNS FROM `y_account` [ RunTime:0.001162s ]
[ 2012-11-21T10:40:52+08:00 ] /index.php/Index/main | SQL: SELECT * FROM `y_account` WHERE ( `id` = '89' ) LIMIT 1  [ RunTime:0.000083s ]
[ 2012-11-21T10:40:52+08:00 ] /index.php/Index/main | SQL: SHOW COLUMNS FROM `y_category` [ RunTime:0.000416s ]
[ 2012-11-21T10:40:52+08:00 ] /index.php/Index/main | SQL: SELECT * FROM `y_account` ORDER BY id desc [ RunTime:0.000171s ]
[ 2012-11-21T10:40:52+08:00 ] /index.php/Index/main | NOTIC: [8] Undefined index:  searchkey IndexAction.class.php 第 27 行.
[ 2012-11-21T10:40:52+08:00 ] /index.php/Index/main | NOTIC: [8] Undefined variable: where IndexAction.class.php 第 31 行.
[ 2012-11-21T10:40:52+08:00 ] /index.php/Index/main | SQL: SELECT COUNT(*) AS tp_count FROM `y_account` LIMIT 1  [ RunTime:0.000057s ]
[ 2012-11-21T10:40:52+08:00 ] /index.php/Index/main | SQL: SELECT * FROM `y_account` ORDER BY `id` desc LIMIT 0,20  [ RunTime:0.000079s ]
[ 2012-11-21T10:40:52+08:00 ] /index.php/Index/main | NOTIC: [2] Invalid argument supplied for foreach() CommonAction.class.php 第 159 行.
[ 2012-11-21T10:41:01+08:00 ] /index.php/Index/main | SQL: SHOW COLUMNS FROM `y_account` [ RunTime:0.001331s ]
[ 2012-11-21T10:41:01+08:00 ] /index.php/Index/main | SQL: SELECT * FROM `y_account` WHERE ( `id` = '89' ) LIMIT 1  [ RunTime:0.000089s ]
[ 2012-11-21T10:41:01+08:00 ] /index.php/Index/main | SQL: SHOW COLUMNS FROM `y_category` [ RunTime:0.000465s ]
[ 2012-11-21T10:41:01+08:00 ] /index.php/Index/main | SQL: SELECT * FROM `y_account` ORDER BY id desc [ RunTime:0.000183s ]
[ 2012-11-21T10:41:01+08:00 ] /index.php/Index/main | NOTIC: [8] Undefined index:  searchkey IndexAction.class.php 第 27 行.
[ 2012-11-21T10:41:01+08:00 ] /index.php/Index/main | NOTIC: [8] Undefined variable: where IndexAction.class.php 第 31 行.
[ 2012-11-21T10:41:01+08:00 ] /index.php/Index/main | SQL: SELECT COUNT(*) AS tp_count FROM `y_account` LIMIT 1  [ RunTime:0.000061s ]
[ 2012-11-21T10:41:01+08:00 ] /index.php/Index/main | SQL: SELECT * FROM `y_account` ORDER BY `id` desc LIMIT 0,20  [ RunTime:0.000084s ]
[ 2012-11-21T10:41:01+08:00 ] /index.php/Index/main | NOTIC: [2] Invalid argument supplied for foreach() CommonAction.class.php 第 159 行.
[ 2012-11-21T10:41:03+08:00 ] /index.php/Account/syncWebsiteName/id/89 | SQL: SHOW COLUMNS FROM `y_account` [ RunTime:0.000966s ]
[ 2012-11-21T10:41:03+08:00 ] /index.php/Account/syncWebsiteName/id/89 | SQL: SELECT * FROM `y_account` WHERE ( `id` = '89' ) LIMIT 1  [ RunTime:0.000072s ]
[ 2012-11-21T10:41:03+08:00 ] /index.php/Account/syncWebsiteName/id/89 | SQL: SHOW COLUMNS FROM `y_category` [ RunTime:0.000410s ]
[ 2012-11-21T10:41:03+08:00 ] /index.php/Account/syncWebsiteName/id/89 | SQL: SELECT * FROM `y_account` WHERE ( `id` = '89' ) LIMIT 1  [ RunTime:0.000067s ]
[ 2012-11-21T10:41:03+08:00 ] /index.php/Account/syncWebsiteName/id/89 | SQL: SHOW COLUMNS FROM `y_system` [ RunTime:0.000408s ]
[ 2012-11-21T10:41:03+08:00 ] /index.php/Account/syncWebsiteName/id/89 | SQL: update y_system set company='田丽亚',website='田丽亚',copyright='2012版权所有  田丽亚',seo_title='田丽亚',seo_keywords='田丽亚',seo_description='田丽亚' [ RunTime:0.000171s ]
[ 2012-11-21T10:41:03+08:00 ] /index.php/Account/syncWebsiteName/id/89 | NOTIC: [2] mysql_num_rows(): supplied argument is not a valid MySQL result resource DbMysql.class.php 第 129 行.
[ 2012-11-21T10:41:03+08:00 ] /index.php/Account/syncWebsiteName/id/89 | NOTIC: [2] mysql_free_result(): supplied argument is not a valid MySQL result resource DbMysql.class.php 第 97 行.
[ 2012-11-21T10:41:03+08:00 ] /index.php/Account/syncWebsiteName/id/89 | SQL: update y_system set copyright='版权所有@田丽亚' where lang='mobile' [ RunTime:0.000132s ]
[ 2012-11-21T10:41:03+08:00 ] /index.php/Account/syncWebsiteName/id/89 | NOTIC: [2] mysql_num_rows(): supplied argument is not a valid MySQL result resource DbMysql.class.php 第 129 行.
[ 2012-11-21T10:41:04+08:00 ] /index.php/Index/main | SQL: SHOW COLUMNS FROM `y_account` [ RunTime:0.000987s ]
[ 2012-11-21T10:41:04+08:00 ] /index.php/Index/main | SQL: SELECT * FROM `y_account` WHERE ( `id` = '89' ) LIMIT 1  [ RunTime:0.000088s ]
[ 2012-11-21T10:41:04+08:00 ] /index.php/Index/main | SQL: SHOW COLUMNS FROM `y_category` [ RunTime:0.000917s ]
[ 2012-11-21T10:41:04+08:00 ] /index.php/Index/main | SQL: SELECT * FROM `y_account` ORDER BY id desc [ RunTime:0.000193s ]
[ 2012-11-21T10:41:04+08:00 ] /index.php/Index/main | NOTIC: [8] Undefined index:  searchkey IndexAction.class.php 第 27 行.
[ 2012-11-21T10:41:04+08:00 ] /index.php/Index/main | NOTIC: [8] Undefined variable: where IndexAction.class.php 第 31 行.
[ 2012-11-21T10:41:04+08:00 ] /index.php/Index/main | SQL: SELECT COUNT(*) AS tp_count FROM `y_account` LIMIT 1  [ RunTime:0.000100s ]
[ 2012-11-21T10:41:04+08:00 ] /index.php/Index/main | SQL: SELECT * FROM `y_account` ORDER BY `id` desc LIMIT 0,20  [ RunTime:0.000107s ]
[ 2012-11-21T10:41:04+08:00 ] /index.php/Index/main | NOTIC: [2] Invalid argument supplied for foreach() CommonAction.class.php 第 159 行.
[ 2012-11-21T12:30:35+08:00 ] /index.php/Index/main | SQL: SHOW COLUMNS FROM `y_account` [ RunTime:0.000958s ]
[ 2012-11-21T12:30:35+08:00 ] /index.php/Index/main | SQL: SELECT * FROM `y_account` WHERE ( `id` = '88' ) LIMIT 1  [ RunTime:0.000101s ]
[ 2012-11-21T12:30:35+08:00 ] /index.php/Index/main | SQL: SHOW COLUMNS FROM `y_category` [ RunTime:0.000434s ]
[ 2012-11-21T12:30:35+08:00 ] /index.php/Index/main | SQL: SELECT * FROM `y_account` ORDER BY id desc [ RunTime:0.000196s ]
[ 2012-11-21T12:30:35+08:00 ] /index.php/Index/main | NOTIC: [8] Undefined index:  searchkey IndexAction.class.php 第 27 行.
[ 2012-11-21T12:30:35+08:00 ] /index.php/Index/main | NOTIC: [8] Undefined variable: where IndexAction.class.php 第 31 行.
[ 2012-11-21T12:30:35+08:00 ] /index.php/Index/main | SQL: SELECT COUNT(*) AS tp_count FROM `y_account` LIMIT 1  [ RunTime:0.000063s ]
[ 2012-11-21T12:30:35+08:00 ] /index.php/Index/main | SQL: SELECT * FROM `y_account` ORDER BY `id` desc LIMIT 0,20  [ RunTime:0.000106s ]
[ 2012-11-21T12:30:35+08:00 ] /index.php/Index/main | NOTIC: [2] Invalid argument supplied for foreach() CommonAction.class.php 第 159 行.
[ 2012-11-21T12:30:35+08:00 ] /index.php/Index/main | SQL: SHOW COLUMNS FROM `y_account` [ RunTime:0.001397s ]
[ 2012-11-21T12:30:35+08:00 ] /index.php/Index/main | SQL: SELECT * FROM `y_account` WHERE ( `id` = '88' ) LIMIT 1  [ RunTime:0.000146s ]
[ 2012-11-21T12:30:35+08:00 ] /index.php/Index/main | SQL: SHOW COLUMNS FROM `y_category` [ RunTime:0.000869s ]
[ 2012-11-21T12:30:35+08:00 ] /index.php/Index/main | SQL: SELECT * FROM `y_account` ORDER BY id desc [ RunTime:0.000209s ]
[ 2012-11-21T12:30:35+08:00 ] /index.php/Index/main | NOTIC: [8] Undefined index:  searchkey IndexAction.class.php 第 27 行.
[ 2012-11-21T12:30:35+08:00 ] /index.php/Index/main | NOTIC: [8] Undefined variable: where IndexAction.class.php 第 31 行.
[ 2012-11-21T12:30:35+08:00 ] /index.php/Index/main | SQL: SELECT COUNT(*) AS tp_count FROM `y_account` LIMIT 1  [ RunTime:0.000073s ]
[ 2012-11-21T12:30:35+08:00 ] /index.php/Index/main | SQL: SELECT * FROM `y_account` ORDER BY `id` desc LIMIT 0,20  [ RunTime:0.000105s ]
[ 2012-11-21T12:30:35+08:00 ] /index.php/Index/main | NOTIC: [2] Invalid argument supplied for foreach() CommonAction.class.php 第 159 行.
[ 2012-11-21T13:41:30+08:00 ] /index.php/Index/main?searchkey=y00172640.huyionline.cn | SQL: SHOW COLUMNS FROM `y_account` [ RunTime:0.001397s ]
[ 2012-11-21T13:41:30+08:00 ] /index.php/Index/main?searchkey=y00172640.huyionline.cn | SQL: SELECT * FROM `y_account` WHERE ( `id` = '88' ) LIMIT 1  [ RunTime:0.000092s ]
[ 2012-11-21T13:41:30+08:00 ] /index.php/Index/main?searchkey=y00172640.huyionline.cn | SQL: SHOW COLUMNS FROM `y_category` [ RunTime:0.000592s ]
[ 2012-11-21T13:41:30+08:00 ] /index.php/Index/main?searchkey=y00172640.huyionline.cn | SQL: SELECT * FROM `y_account` ORDER BY id desc [ RunTime:0.000217s ]
[ 2012-11-21T13:41:30+08:00 ] /index.php/Index/main?searchkey=y00172640.huyionline.cn | SQL: SELECT COUNT(*) AS tp_count FROM `y_account` WHERE ( website_name like '%y00172640.huyionline.cn%' OR contract_number like '%y00172640.huyionline.cn%' OR url like '%y00172640.huyionline.cn%' ) LIMIT 1  [ RunTime:0.000365s ]
[ 2012-11-21T13:41:30+08:00 ] /index.php/Index/main?searchkey=y00172640.huyionline.cn | SQL: SELECT * FROM `y_account` WHERE ( website_name like '%y00172640.huyionline.cn%' OR contract_number like '%y00172640.huyionline.cn%' OR url like '%y00172640.huyionline.cn%' ) ORDER BY `id` desc LIMIT 0,20  [ RunTime:0.000330s ]
[ 2012-11-21T13:41:30+08:00 ] /index.php/Index/main?searchkey=y00172640.huyionline.cn | NOTIC: [2048] Creating default object from empty value CommonAction.class.php 第 161 行.
[ 2012-11-21T13:41:37+08:00 ] /index.php/Index/main?searchkey=y00172640.huyionline.cn | SQL: SHOW COLUMNS FROM `y_account` [ RunTime:0.001009s ]
[ 2012-11-21T13:41:37+08:00 ] /index.php/Index/main?searchkey=y00172640.huyionline.cn | SQL: SELECT * FROM `y_account` WHERE ( `id` = '85' ) LIMIT 1  [ RunTime:0.000076s ]
[ 2012-11-21T13:41:37+08:00 ] /index.php/Index/main?searchkey=y00172640.huyionline.cn | SQL: SHOW COLUMNS FROM `y_category` [ RunTime:0.000417s ]
[ 2012-11-21T13:41:37+08:00 ] /index.php/Index/main?searchkey=y00172640.huyionline.cn | SQL: SELECT * FROM `y_account` ORDER BY id desc [ RunTime:0.000148s ]
[ 2012-11-21T13:41:37+08:00 ] /index.php/Index/main?searchkey=y00172640.huyionline.cn | SQL: SELECT COUNT(*) AS tp_count FROM `y_account` WHERE ( website_name like '%y00172640.huyionline.cn%' OR contract_number like '%y00172640.huyionline.cn%' OR url like '%y00172640.huyionline.cn%' ) LIMIT 1  [ RunTime:0.000058s ]
[ 2012-11-21T13:41:37+08:00 ] /index.php/Index/main?searchkey=y00172640.huyionline.cn | SQL: SELECT * FROM `y_account` WHERE ( website_name like '%y00172640.huyionline.cn%' OR contract_number like '%y00172640.huyionline.cn%' OR url like '%y00172640.huyionline.cn%' ) ORDER BY `id` desc LIMIT 0,20  [ RunTime:0.000065s ]
[ 2012-11-21T13:41:37+08:00 ] /index.php/Index/main?searchkey=y00172640.huyionline.cn | NOTIC: [2048] Creating default object from empty value CommonAction.class.php 第 161 行.
[ 2012-11-21T13:41:37+08:00 ] /index.php/Index/main?searchkey=y00172640.huyionline.cn | SQL: SHOW COLUMNS FROM `y_account` [ RunTime:0.001365s ]
[ 2012-11-21T13:41:37+08:00 ] /index.php/Index/main?searchkey=y00172640.huyionline.cn | SQL: SELECT * FROM `y_account` WHERE ( `id` = '85' ) LIMIT 1  [ RunTime:0.000088s ]
[ 2012-11-21T13:41:37+08:00 ] /index.php/Index/main?searchkey=y00172640.huyionline.cn | SQL: SHOW COLUMNS FROM `y_category` [ RunTime:0.000585s ]
[ 2012-11-21T13:41:37+08:00 ] /index.php/Index/main?searchkey=y00172640.huyionline.cn | SQL: SELECT * FROM `y_account` ORDER BY id desc [ RunTime:0.000188s ]
[ 2012-11-21T13:41:37+08:00 ] /index.php/Index/main?searchkey=y00172640.huyionline.cn | SQL: SELECT COUNT(*) AS tp_count FROM `y_account` WHERE ( website_name like '%y00172640.huyionline.cn%' OR contract_number like '%y00172640.huyionline.cn%' OR url like '%y00172640.huyionline.cn%' ) LIMIT 1  [ RunTime:0.000065s ]
[ 2012-11-21T13:41:37+08:00 ] /index.php/Index/main?searchkey=y00172640.huyionline.cn | SQL: SELECT * FROM `y_account` WHERE ( website_name like '%y00172640.huyionline.cn%' OR contract_number like '%y00172640.huyionline.cn%' OR url like '%y00172640.huyionline.cn%' ) ORDER BY `id` desc LIMIT 0,20  [ RunTime:0.000066s ]
[ 2012-11-21T13:41:37+08:00 ] /index.php/Index/main?searchkey=y00172640.huyionline.cn | NOTIC: [2048] Creating default object from empty value CommonAction.class.php 第 161 行.
[ 2012-11-21T14:10:25+08:00 ] / | SQL: SHOW COLUMNS FROM `y_account` [ RunTime:0.001205s ]
[ 2012-11-21T14:10:25+08:00 ] / | SQL: SELECT * FROM `y_account` WHERE ( `id` = '85' ) LIMIT 1  [ RunTime:0.000268s ]
[ 2012-11-21T14:10:25+08:00 ] / | SQL: SHOW COLUMNS FROM `y_category` [ RunTime:0.000799s ]
[ 2012-11-21T14:10:25+08:00 ] /index.php/Index/main | NOTIC: [8] Undefined index:  account_id CommonAction.class.php 第 17 行.
[ 2012-11-21T14:10:25+08:00 ] /index.php/Index/main | SQL: SHOW COLUMNS FROM `y_account` [ RunTime:0.001019s ]
[ 2012-11-21T14:10:25+08:00 ] /index.php/Index/main | NOTIC: [2] mysql_connect() [<a href='function.mysql-connect'>function.mysql-connect</a>]: Access denied for user 'xiaoluo'@'localhost' (using password: NO) CommonAction.class.php 第 125 行.
[ 2012-11-21T14:10:25+08:00 ] /index.php/Index/main | SQL: SELECT * FROM `y_account` ORDER BY id desc [ RunTime:0.000786s ]
[ 2012-11-21T14:10:25+08:00 ] /index.php/Index/main | NOTIC: [8] Undefined index:  searchkey IndexAction.class.php 第 27 行.
[ 2012-11-21T14:10:25+08:00 ] /index.php/Index/main | NOTIC: [8] Undefined variable: where IndexAction.class.php 第 31 行.
[ 2012-11-21T14:10:25+08:00 ] /index.php/Index/main | SQL: SELECT COUNT(*) AS tp_count FROM `y_account` LIMIT 1  [ RunTime:0.000126s ]
[ 2012-11-21T14:10:25+08:00 ] /index.php/Index/main | SQL: SELECT * FROM `y_account` ORDER BY `id` desc LIMIT 0,20  [ RunTime:0.000347s ]
[ 2012-11-21T14:10:25+08:00 ] /index.php/Index/main | NOTIC: [2] Invalid argument supplied for foreach() CommonAction.class.php 第 159 行.
[ 2012-11-21T14:10:29+08:00 ] /index.php/Index/left | NOTIC: [8] Undefined index:  account_id CommonAction.class.php 第 17 行.
[ 2012-11-21T14:10:29+08:00 ] /index.php/Index/left | SQL: SHOW COLUMNS FROM `y_account` [ RunTime:0.001006s ]
[ 2012-11-21T14:10:29+08:00 ] /index.php/Index/left | NOTIC: [2] mysql_connect() [<a href='function.mysql-connect'>function.mysql-connect</a>]: Access denied for user 'xiaoluo'@'localhost' (using password: NO) CommonAction.class.php 第 125 行.
[ 2012-11-21T14:10:29+08:00 ] /index.php/Index/left | NOTIC: [8] Undefined index:  account_id 196c657f8b82048b1beeb0f9599f5fdc.php 第 15 行.
[ 2012-11-21T14:10:29+08:00 ] /index.php/Index/left | NOTIC: [8] Undefined variable: isConnect 196c657f8b82048b1beeb0f9599f5fdc.php 第 59 行.
[ 2012-11-21T14:10:29+08:00 ] /index.php/Index/left | NOTIC: [8] Undefined variable: langList 196c657f8b82048b1beeb0f9599f5fdc.php 第 114 行.
[ 2012-11-21T14:10:29+08:00 ] /index.php/Index/left | NOTIC: [8] Undefined variable: moduleList 196c657f8b82048b1beeb0f9599f5fdc.php 第 220 行.
[ 2012-11-21T14:10:29+08:00 ] /index.php/Index/left | NOTIC: [8] Undefined index:  tab_id 196c657f8b82048b1beeb0f9599f5fdc.php 第 287 行.
[ 2012-11-21T14:10:34+08:00 ] /index.php/Index/newAccount | NOTIC: [8] Undefined index:  account_id CommonAction.class.php 第 17 行.
[ 2012-11-21T14:10:34+08:00 ] /index.php/Index/newAccount | SQL: SHOW COLUMNS FROM `y_account` [ RunTime:0.001183s ]
[ 2012-11-21T14:10:34+08:00 ] /index.php/Index/newAccount | NOTIC: [2] mysql_connect() [<a href='function.mysql-connect'>function.mysql-connect</a>]: Access denied for user 'xiaoluo'@'localhost' (using password: NO) CommonAction.class.php 第 125 行.
[ 2012-11-21T14:10:34+08:00 ] /index.php/Index/newAccount | NOTIC: [8] Undefined index:  account_id 196c657f8b82048b1beeb0f9599f5fdc.php 第 15 行.
[ 2012-11-21T14:10:34+08:00 ] /index.php/Index/newAccount | NOTIC: [8] Undefined variable: isConnect 196c657f8b82048b1beeb0f9599f5fdc.php 第 59 行.
[ 2012-11-21T14:10:34+08:00 ] /index.php/Index/newAccount | NOTIC: [8] Undefined variable: langList 196c657f8b82048b1beeb0f9599f5fdc.php 第 114 行.
[ 2012-11-21T14:10:34+08:00 ] /index.php/Index/newAccount | NOTIC: [8] Undefined variable: moduleList 196c657f8b82048b1beeb0f9599f5fdc.php 第 220 行.
[ 2012-11-21T14:10:34+08:00 ] /index.php/Index/newAccount | NOTIC: [8] Undefined index:  tab_id 196c657f8b82048b1beeb0f9599f5fdc.php 第 287 行.
[ 2012-11-21T16:36:24+08:00 ] / | NOTIC: [8] Undefined index:  account_id CommonAction.class.php 第 17 行.
[ 2012-11-21T16:36:24+08:00 ] / | SQL: SHOW COLUMNS FROM `y_account` [ RunTime:0.001239s ]
[ 2012-11-21T16:36:24+08:00 ] / | NOTIC: [2] mysql_connect() [<a href='function.mysql-connect'>function.mysql-connect</a>]: Access denied for user 'xiaoluo'@'localhost' (using password: NO) CommonAction.class.php 第 125 行.
[ 2012-11-21T16:36:24+08:00 ] /index.php/Account/edit/id/87/tab_id/test2 | SQL: SHOW COLUMNS FROM `y_account` [ RunTime:0.001618s ]
[ 2012-11-21T16:36:24+08:00 ] /index.php/Account/edit/id/87/tab_id/test2 | SQL: SELECT * FROM `y_account` WHERE ( `id` = '87' ) LIMIT 1  [ RunTime:0.000324s ]
[ 2012-11-21T16:36:24+08:00 ] /index.php/Account/edit/id/87/tab_id/test2 | SQL: SHOW COLUMNS FROM `y_category` [ RunTime:0.000480s ]
[ 2012-11-21T16:36:24+08:00 ] /index.php/Account/edit/id/87/tab_id/test2 | SQL: SELECT `modules` FROM `y_account` WHERE ( `id` = '87' ) LIMIT 1  [ RunTime:0.000175s ]
[ 2012-11-21T16:36:24+08:00 ] /index.php/Account/edit/id/87/tab_id/test2 | SQL: SELECT * FROM `y_category` WHERE ( `id` IN ('36','19','20','21','22','23','27','37') ) ORDER BY ordernum desc [ RunTime:0.000073s ]
[ 2012-11-21T16:36:24+08:00 ] /index.php/Account/edit/id/87/tab_id/test2 | SQL: SELECT * FROM `y_category` WHERE ( `pid` = 11 ) ORDER BY ordernum desc [ RunTime:0.000064s ]
[ 2012-11-21T16:36:24+08:00 ] /index.php/Index/main | SQL: SHOW COLUMNS FROM `y_account` [ RunTime:0.000961s ]
[ 2012-11-21T16:36:24+08:00 ] /index.php/Index/main | SQL: SELECT * FROM `y_account` WHERE ( `id` = '87' ) LIMIT 1  [ RunTime:0.000071s ]
[ 2012-11-21T16:36:24+08:00 ] /index.php/Index/main | SQL: SHOW COLUMNS FROM `y_category` [ RunTime:0.000721s ]
[ 2012-11-21T16:36:24+08:00 ] /index.php/Index/main | SQL: SELECT * FROM `y_account` ORDER BY id desc [ RunTime:0.000246s ]
[ 2012-11-21T16:36:24+08:00 ] /index.php/Index/main | NOTIC: [8] Undefined index:  searchkey IndexAction.class.php 第 27 行.
[ 2012-11-21T16:36:24+08:00 ] /index.php/Index/main | NOTIC: [8] Undefined variable: where IndexAction.class.php 第 31 行.
[ 2012-11-21T16:36:24+08:00 ] /index.php/Index/main | SQL: SELECT COUNT(*) AS tp_count FROM `y_account` LIMIT 1  [ RunTime:0.000076s ]
[ 2012-11-21T16:36:24+08:00 ] /index.php/Index/main | SQL: SELECT * FROM `y_account` ORDER BY `id` desc LIMIT 0,20  [ RunTime:0.000102s ]
[ 2012-11-21T16:36:24+08:00 ] /index.php/Index/main | NOTIC: [2] Invalid argument supplied for foreach() CommonAction.class.php 第 159 行.
