[ 2012-11-10T10:01:45+08:00 ] / | NOTIC: [8] Undefined index:  account_id CommonAction.class.php 第 17 行.
[ 2012-11-10T10:01:45+08:00 ] / | SQL: SHOW COLUMNS FROM `y_account` [ RunTime:0.001531s ]
[ 2012-11-10T10:01:45+08:00 ] / | NOTIC: [2] mysql_connect() [<a href='function.mysql-connect'>function.mysql-connect</a>]: Access denied for user 'xiaoluo'@'localhost' (using password: NO) CommonAction.class.php 第 125 行.
[ 2012-11-10T10:01:45+08:00 ] /index.php/Index/main | NOTIC: [8] Undefined index:  account_id CommonAction.class.php 第 17 行.
[ 2012-11-10T10:01:45+08:00 ] /index.php/Index/main | SQL: SHOW COLUMNS FROM `y_account` [ RunTime:0.001254s ]
[ 2012-11-10T10:01:45+08:00 ] /index.php/Index/main | NOTIC: [2] mysql_connect() [<a href='function.mysql-connect'>function.mysql-connect</a>]: Access denied for user 'xiaoluo'@'localhost' (using password: NO) CommonAction.class.php 第 125 行.
[ 2012-11-10T10:01:45+08:00 ] /index.php/Index/main | SQL: SELECT * FROM `y_account` ORDER BY id desc [ RunTime:0.000713s ]
[ 2012-11-10T10:01:45+08:00 ] /index.php/Index/main | NOTIC: [8] Undefined index:  searchkey IndexAction.class.php 第 27 行.
[ 2012-11-10T10:01:45+08:00 ] /index.php/Index/main | NOTIC: [8] Undefined variable: where IndexAction.class.php 第 31 行.
[ 2012-11-10T10:01:45+08:00 ] /index.php/Index/main | SQL: SELECT COUNT(*) AS tp_count FROM `y_account` LIMIT 1  [ RunTime:0.000131s ]
[ 2012-11-10T10:01:45+08:00 ] /index.php/Index/main | SQL: SELECT * FROM `y_account` ORDER BY `id` desc LIMIT 0,20  [ RunTime:0.000360s ]
[ 2012-11-10T10:01:45+08:00 ] /index.php/Index/main | NOTIC: [2] Invalid argument supplied for foreach() CommonAction.class.php 第 159 行.
[ 2012-11-10T10:01:45+08:00 ] /index.php/Index/left | NOTIC: [8] Undefined index:  account_id CommonAction.class.php 第 17 行.
[ 2012-11-10T10:01:46+08:00 ] /index.php/Index/left | SQL: SHOW COLUMNS FROM `y_account` [ RunTime:0.000904s ]
[ 2012-11-10T10:01:46+08:00 ] /index.php/Index/left | NOTIC: [2] mysql_connect() [<a href='function.mysql-connect'>function.mysql-connect</a>]: Access denied for user 'xiaoluo'@'localhost' (using password: NO) CommonAction.class.php 第 125 行.
[ 2012-11-10T10:01:46+08:00 ] /index.php/Index/left | NOTIC: [8] Undefined index:  account_id 196c657f8b82048b1beeb0f9599f5fdc.php 第 15 行.
[ 2012-11-10T10:01:46+08:00 ] /index.php/Index/left | NOTIC: [8] Undefined variable: isConnect 196c657f8b82048b1beeb0f9599f5fdc.php 第 59 行.
[ 2012-11-10T10:01:46+08:00 ] /index.php/Index/left | NOTIC: [8] Undefined variable: langList 196c657f8b82048b1beeb0f9599f5fdc.php 第 114 行.
[ 2012-11-10T10:01:46+08:00 ] /index.php/Index/left | NOTIC: [8] Undefined variable: moduleList 196c657f8b82048b1beeb0f9599f5fdc.php 第 220 行.
[ 2012-11-10T10:01:46+08:00 ] /index.php/Index/left | NOTIC: [8] Undefined index:  tab_id 196c657f8b82048b1beeb0f9599f5fdc.php 第 287 行.
[ 2012-11-10T10:01:58+08:00 ] /index.php/Index/main?searchkey=y00166213 | NOTIC: [8] Undefined index:  account_id CommonAction.class.php 第 17 行.
[ 2012-11-10T10:01:58+08:00 ] /index.php/Index/main?searchkey=y00166213 | SQL: SHOW COLUMNS FROM `y_account` [ RunTime:0.001169s ]
[ 2012-11-10T10:01:58+08:00 ] /index.php/Index/main?searchkey=y00166213 | NOTIC: [2] mysql_connect() [<a href='function.mysql-connect'>function.mysql-connect</a>]: Access denied for user 'xiaoluo'@'localhost' (using password: NO) CommonAction.class.php 第 125 行.
[ 2012-11-10T10:01:58+08:00 ] /index.php/Index/main?searchkey=y00166213 | SQL: SELECT * FROM `y_account` ORDER BY id desc [ RunTime:0.000145s ]
[ 2012-11-10T10:01:58+08:00 ] /index.php/Index/main?searchkey=y00166213 | SQL: SELECT COUNT(*) AS tp_count FROM `y_account` WHERE ( website_name like '%y00166213%' OR contract_number like '%y00166213%' OR url like '%y00166213%' ) LIMIT 1  [ RunTime:0.000386s ]
[ 2012-11-10T10:01:58+08:00 ] /index.php/Index/main?searchkey=y00166213 | SQL: SELECT * FROM `y_account` WHERE ( website_name like '%y00166213%' OR contract_number like '%y00166213%' OR url like '%y00166213%' ) ORDER BY `id` desc LIMIT 0,20  [ RunTime:0.000295s ]
[ 2012-11-10T10:01:58+08:00 ] /index.php/Index/main?searchkey=y00166213 | NOTIC: [2048] Creating default object from empty value CommonAction.class.php 第 161 行.
[ 2012-11-10T10:02:16+08:00 ] /index.php/Account/edit/id/39 | SQL: SHOW COLUMNS FROM `y_account` [ RunTime:0.000919s ]
[ 2012-11-10T10:02:16+08:00 ] /index.php/Account/edit/id/39 | SQL: SELECT * FROM `y_account` WHERE ( `id` = '39' ) LIMIT 1  [ RunTime:0.000194s ]
[ 2012-11-10T10:02:16+08:00 ] /index.php/Account/edit/id/39 | SQL: SHOW COLUMNS FROM `y_category` [ RunTime:0.000422s ]
[ 2012-11-10T10:02:16+08:00 ] /index.php/Account/edit/id/39 | SQL: SELECT `modules` FROM `y_account` WHERE ( `id` = '39' ) LIMIT 1  [ RunTime:0.000131s ]
[ 2012-11-10T10:02:16+08:00 ] /index.php/Account/edit/id/39 | SQL: SELECT * FROM `y_category` WHERE ( `id` IN ('36','19','20','21','22','23','27','37') ) ORDER BY ordernum desc [ RunTime:0.000366s ]
[ 2012-11-10T10:02:16+08:00 ] /index.php/Account/edit/id/39 | SQL: SELECT * FROM `y_category` WHERE ( `pid` = 11 ) ORDER BY ordernum desc [ RunTime:0.000468s ]
[ 2012-11-10T10:02:16+08:00 ] /index.php/Account/edit/id/39 | NOTIC: [8] Undefined index:  tab_id 196c657f8b82048b1beeb0f9599f5fdc.php 第 287 行.
[ 2012-11-10T10:02:21+08:00 ] /index.php/Category/part | SQL: SHOW COLUMNS FROM `y_account` [ RunTime:0.001344s ]
[ 2012-11-10T10:02:21+08:00 ] /index.php/Category/part | SQL: SELECT * FROM `y_account` WHERE ( `id` = '39' ) LIMIT 1  [ RunTime:0.000077s ]
[ 2012-11-10T10:02:21+08:00 ] /index.php/Category/part | SQL: SHOW COLUMNS FROM `y_category` [ RunTime:0.000561s ]
[ 2012-11-10T10:02:21+08:00 ] /index.php/Category/part | NOTIC: [8] Undefined index:  lang CategoryAction.class.php 第 105 行.
[ 2012-11-10T10:02:21+08:00 ] /index.php/Category/part | SQL: SHOW COLUMNS FROM `y_part` [ RunTime:0.000534s ]
[ 2012-11-10T10:02:21+08:00 ] /index.php/Category/part | SQL: SELECT * FROM `y_part` WHERE ( `lang` = 'zh-cn' ) AND ( `pid` = 0 ) ORDER BY orderNum desc [ RunTime:0.000423s ]
[ 2012-11-10T10:02:21+08:00 ] /index.php/Category/part | SQL: SELECT * FROM `y_part` WHERE ( `lang` = 'zh-cn' ) AND ( `pid` = '17' ) ORDER BY orderNum desc [ RunTime:0.000186s ]
[ 2012-11-10T10:02:21+08:00 ] /index.php/Category/part | SQL: SELECT * FROM `y_part` WHERE ( `lang` = 'zh-cn' ) AND ( `pid` = '18' ) ORDER BY orderNum desc [ RunTime:0.000212s ]
[ 2012-11-10T10:02:21+08:00 ] /index.php/Category/part | SQL: SELECT * FROM `y_part` WHERE ( `lang` = 'zh-cn' ) AND ( `pid` = '19' ) ORDER BY orderNum desc [ RunTime:0.000181s ]
[ 2012-11-10T10:02:21+08:00 ] /index.php/Category/part | SQL: SELECT * FROM `y_part` WHERE ( `lang` = 'zh-cn' ) AND ( `pid` = '20' ) ORDER BY orderNum desc [ RunTime:0.000176s ]
[ 2012-11-10T10:02:21+08:00 ] /index.php/Category/part | SQL: SELECT * FROM `y_part` WHERE ( `lang` = 'zh-cn' ) AND ( `pid` = '21' ) ORDER BY orderNum desc [ RunTime:0.000182s ]
[ 2012-11-10T10:02:21+08:00 ] /index.php/Category/part | SQL: SELECT * FROM `y_part` WHERE ( `lang` = 'zh-cn' ) AND ( `pid` = '22' ) ORDER BY orderNum desc [ RunTime:0.000241s ]
[ 2012-11-10T10:02:21+08:00 ] /index.php/Category/part | SQL: SELECT * FROM `y_part` WHERE ( `lang` = 'zh-cn' ) AND ( `pid` = '23' ) ORDER BY orderNum desc [ RunTime:0.000243s ]
[ 2012-11-10T10:02:21+08:00 ] /index.php/Category/part | SQL: SELECT * FROM `y_part` WHERE ( `lang` = 'zh-cn' ) AND ( `pid` = '24' ) ORDER BY orderNum desc [ RunTime:0.000251s ]
[ 2012-11-10T10:02:21+08:00 ] /index.php/Category/part | SQL: SELECT * FROM `y_part` WHERE ( `lang` = 'zh-cn' ) AND ( `pid` = '25' ) ORDER BY orderNum desc [ RunTime:0.000250s ]
[ 2012-11-10T10:02:21+08:00 ] /index.php/Category/part | SQL: SELECT * FROM `y_part` WHERE ( `lang` = 'zh-cn' ) AND ( `pid` = '26' ) ORDER BY orderNum desc [ RunTime:0.000276s ]
[ 2012-11-10T10:02:21+08:00 ] /index.php/Category/part | SQL: SELECT * FROM `y_part` WHERE ( `lang` = 'zh-cn' ) AND ( `pid` = '35' ) ORDER BY orderNum desc [ RunTime:0.000242s ]
[ 2012-11-10T10:02:21+08:00 ] /index.php/Category/part | SQL: SHOW COLUMNS FROM `y_category` [ RunTime:0.000613s ]
[ 2012-11-10T10:02:21+08:00 ] /index.php/Category/part | SQL: SELECT * FROM `y_category` WHERE ( `pid` = 11 ) AND ( `is_publish` = 1 ) [ RunTime:0.000469s ]
[ 2012-11-10T10:02:24+08:00 ] /index.php/Category/addPart/id/17 | SQL: SHOW COLUMNS FROM `y_account` [ RunTime:0.001203s ]
[ 2012-11-10T10:02:24+08:00 ] /index.php/Category/addPart/id/17 | SQL: SELECT * FROM `y_account` WHERE ( `id` = '39' ) LIMIT 1  [ RunTime:0.000078s ]
[ 2012-11-10T10:02:24+08:00 ] /index.php/Category/addPart/id/17 | SQL: SHOW COLUMNS FROM `y_category` [ RunTime:0.000514s ]
[ 2012-11-10T10:02:24+08:00 ] /index.php/Category/addPart/id/17 | SQL: SHOW COLUMNS FROM `y_part` [ RunTime:0.000407s ]
[ 2012-11-10T10:02:24+08:00 ] /index.php/Category/addPart/id/17 | SQL: SELECT * FROM `y_part` WHERE id = 17 LIMIT 1  [ RunTime:0.000262s ]
[ 2012-11-10T10:02:24+08:00 ] /index.php/Category/addPart/id/17 | SQL: SELECT * FROM `y_part` WHERE ( `lang` = 'zh-cn' ) AND ( `pid` = 0 ) [ RunTime:0.000241s ]
[ 2012-11-10T10:02:24+08:00 ] /index.php/Category/addPart/id/17 | NOTIC: [8] Undefined variable: option CategoryAction.class.php 第 163 行.
[ 2012-11-10T10:02:24+08:00 ] /index.php/Category/addPart/id/17 | SQL: SHOW COLUMNS FROM `y_category` [ RunTime:0.000486s ]
[ 2012-11-10T10:02:24+08:00 ] /index.php/Category/addPart/id/17 | SQL: SELECT * FROM `y_category` WHERE ( `pid` = 11 ) AND ( `is_publish` = 1 ) [ RunTime:0.000069s ]
[ 2012-11-10T10:02:27+08:00 ] /index.php/Category/undatePart | SQL: SHOW COLUMNS FROM `y_account` [ RunTime:0.001003s ]
[ 2012-11-10T10:02:27+08:00 ] /index.php/Category/undatePart | SQL: SELECT * FROM `y_account` WHERE ( `id` = '39' ) LIMIT 1  [ RunTime:0.000092s ]
[ 2012-11-10T10:02:27+08:00 ] /index.php/Category/undatePart | SQL: SHOW COLUMNS FROM `y_category` [ RunTime:0.000566s ]
[ 2012-11-10T10:02:27+08:00 ] /index.php/Category/undatePart | SQL: SHOW COLUMNS FROM `y_part` [ RunTime:0.000551s ]
[ 2012-11-10T10:02:27+08:00 ] /index.php/Category/undatePart | SQL: UPDATE `y_part` SET `id`='17',`pid`='0',`lang`='zh-cn',`title`='网站首页',`url`='/index.php',`description`='',`nowModule`='',`alias`='',`orderNum`='10',`is_publish`='1' WHERE id=17 [ RunTime:0.588289s ]
[ 2012-11-10T10:02:28+08:00 ] /index.php/Category/addPart/id/17 | SQL: SHOW COLUMNS FROM `y_account` [ RunTime:0.000941s ]
[ 2012-11-10T10:02:28+08:00 ] /index.php/Category/addPart/id/17 | SQL: SELECT * FROM `y_account` WHERE ( `id` = '39' ) LIMIT 1  [ RunTime:0.000069s ]
[ 2012-11-10T10:02:28+08:00 ] /index.php/Category/addPart/id/17 | SQL: SHOW COLUMNS FROM `y_category` [ RunTime:0.000398s ]
[ 2012-11-10T10:02:28+08:00 ] /index.php/Category/addPart/id/17 | SQL: SHOW COLUMNS FROM `y_part` [ RunTime:0.000389s ]
[ 2012-11-10T10:02:28+08:00 ] /index.php/Category/addPart/id/17 | SQL: SELECT * FROM `y_part` WHERE id = 17 LIMIT 1  [ RunTime:0.000212s ]
[ 2012-11-10T10:02:28+08:00 ] /index.php/Category/addPart/id/17 | SQL: SELECT * FROM `y_part` WHERE ( `lang` = 'zh-cn' ) AND ( `pid` = 0 ) [ RunTime:0.000238s ]
[ 2012-11-10T10:02:28+08:00 ] /index.php/Category/addPart/id/17 | NOTIC: [8] Undefined variable: option CategoryAction.class.php 第 163 行.
[ 2012-11-10T10:02:28+08:00 ] /index.php/Category/addPart/id/17 | SQL: SHOW COLUMNS FROM `y_category` [ RunTime:0.000383s ]
[ 2012-11-10T10:02:28+08:00 ] /index.php/Category/addPart/id/17 | SQL: SELECT * FROM `y_category` WHERE ( `pid` = 11 ) AND ( `is_publish` = 1 ) [ RunTime:0.000067s ]
[ 2012-11-10T11:31:17+08:00 ] /index.php/Index/main | SQL: SHOW COLUMNS FROM `y_account` [ RunTime:0.001365s ]
[ 2012-11-10T11:31:17+08:00 ] /index.php/Index/main | SQL: SELECT * FROM `y_account` WHERE ( `id` = '39' ) LIMIT 1  [ RunTime:0.000095s ]
[ 2012-11-10T11:31:17+08:00 ] /index.php/Index/main | SQL: SHOW COLUMNS FROM `y_category` [ RunTime:0.000670s ]
[ 2012-11-10T11:31:17+08:00 ] /index.php/Index/main | SQL: SELECT * FROM `y_account` ORDER BY id desc [ RunTime:0.000679s ]
[ 2012-11-10T11:31:17+08:00 ] /index.php/Index/main | NOTIC: [8] Undefined index:  searchkey IndexAction.class.php 第 27 行.
[ 2012-11-10T11:31:17+08:00 ] /index.php/Index/main | NOTIC: [8] Undefined variable: where IndexAction.class.php 第 31 行.
[ 2012-11-10T11:31:17+08:00 ] /index.php/Index/main | SQL: SELECT COUNT(*) AS tp_count FROM `y_account` LIMIT 1  [ RunTime:0.000158s ]
[ 2012-11-10T11:31:17+08:00 ] /index.php/Index/main | SQL: SELECT * FROM `y_account` ORDER BY `id` desc LIMIT 0,20  [ RunTime:0.000409s ]
[ 2012-11-10T11:31:17+08:00 ] /index.php/Index/main | NOTIC: [2] Invalid argument supplied for foreach() CommonAction.class.php 第 159 行.
[ 2012-11-10T11:33:52+08:00 ] /index.php/Index/newAccount | SQL: SHOW COLUMNS FROM `y_account` [ RunTime:0.001172s ]
[ 2012-11-10T11:33:52+08:00 ] /index.php/Index/newAccount | SQL: SELECT * FROM `y_account` WHERE ( `id` = '39' ) LIMIT 1  [ RunTime:0.000113s ]
[ 2012-11-10T11:33:52+08:00 ] /index.php/Index/newAccount | SQL: SHOW COLUMNS FROM `y_category` [ RunTime:0.000409s ]
[ 2012-11-10T11:33:52+08:00 ] /index.php/Index/newAccount | NOTIC: [8] Undefined index:  account_id 196c657f8b82048b1beeb0f9599f5fdc.php 第 15 行.
[ 2012-11-10T11:33:52+08:00 ] /index.php/Index/newAccount | NOTIC: [8] Undefined variable: isConnect 196c657f8b82048b1beeb0f9599f5fdc.php 第 59 行.
[ 2012-11-10T11:33:52+08:00 ] /index.php/Index/newAccount | NOTIC: [8] Undefined variable: langList 196c657f8b82048b1beeb0f9599f5fdc.php 第 114 行.
[ 2012-11-10T11:33:52+08:00 ] /index.php/Index/newAccount | NOTIC: [8] Undefined variable: moduleList 196c657f8b82048b1beeb0f9599f5fdc.php 第 220 行.
[ 2012-11-10T11:33:52+08:00 ] /index.php/Index/newAccount | NOTIC: [8] Undefined index:  tab_id 196c657f8b82048b1beeb0f9599f5fdc.php 第 287 行.
[ 2012-11-10T11:33:54+08:00 ] /index.php/Index/main | NOTIC: [8] Undefined index:  account_id CommonAction.class.php 第 17 行.
[ 2012-11-10T11:33:54+08:00 ] /index.php/Index/main | SQL: SHOW COLUMNS FROM `y_account` [ RunTime:0.001155s ]
[ 2012-11-10T11:33:54+08:00 ] /index.php/Index/main | NOTIC: [2] mysql_connect() [<a href='function.mysql-connect'>function.mysql-connect</a>]: Access denied for user 'xiaoluo'@'localhost' (using password: NO) CommonAction.class.php 第 125 行.
[ 2012-11-10T11:33:54+08:00 ] /index.php/Index/main | SQL: SELECT * FROM `y_account` ORDER BY id desc [ RunTime:0.000152s ]
[ 2012-11-10T11:33:54+08:00 ] /index.php/Index/main | NOTIC: [8] Undefined index:  searchkey IndexAction.class.php 第 27 行.
[ 2012-11-10T11:33:54+08:00 ] /index.php/Index/main | NOTIC: [8] Undefined variable: where IndexAction.class.php 第 31 行.
[ 2012-11-10T11:33:54+08:00 ] /index.php/Index/main | SQL: SELECT COUNT(*) AS tp_count FROM `y_account` LIMIT 1  [ RunTime:0.000074s ]
[ 2012-11-10T11:33:54+08:00 ] /index.php/Index/main | SQL: SELECT * FROM `y_account` ORDER BY `id` desc LIMIT 0,20  [ RunTime:0.000090s ]
[ 2012-11-10T11:33:54+08:00 ] /index.php/Index/main | NOTIC: [2] Invalid argument supplied for foreach() CommonAction.class.php 第 159 行.
[ 2012-11-10T11:49:32+08:00 ] /index.php/Index/main?searchkey=%E7%8E%9B%E8%8E%89%E5%AE%89%E5%8C%96%E5%A6%86%E7%94%A8 | NOTIC: [8] Undefined index:  account_id CommonAction.class.php 第 17 行.
[ 2012-11-10T11:49:32+08:00 ] /index.php/Index/main?searchkey=%E7%8E%9B%E8%8E%89%E5%AE%89%E5%8C%96%E5%A6%86%E7%94%A8 | SQL: SHOW COLUMNS FROM `y_account` [ RunTime:0.001135s ]
[ 2012-11-10T11:49:32+08:00 ] /index.php/Index/main?searchkey=%E7%8E%9B%E8%8E%89%E5%AE%89%E5%8C%96%E5%A6%86%E7%94%A8 | NOTIC: [2] mysql_connect() [<a href='function.mysql-connect'>function.mysql-connect</a>]: Access denied for user 'xiaoluo'@'localhost' (using password: NO) CommonAction.class.php 第 125 行.
[ 2012-11-10T11:49:32+08:00 ] /index.php/Index/main?searchkey=%E7%8E%9B%E8%8E%89%E5%AE%89%E5%8C%96%E5%A6%86%E7%94%A8 | SQL: SELECT * FROM `y_account` ORDER BY id desc [ RunTime:0.000584s ]
[ 2012-11-10T11:49:32+08:00 ] /index.php/Index/main?searchkey=%E7%8E%9B%E8%8E%89%E5%AE%89%E5%8C%96%E5%A6%86%E7%94%A8 | SQL: SELECT COUNT(*) AS tp_count FROM `y_account` WHERE ( website_name like '%玛莉安化妆用%' OR contract_number like '%玛莉安化妆用%' OR url like '%玛莉安化妆用%' ) LIMIT 1  [ RunTime:0.000355s ]
[ 2012-11-10T11:49:32+08:00 ] /index.php/Index/main?searchkey=%E7%8E%9B%E8%8E%89%E5%AE%89%E5%8C%96%E5%A6%86%E7%94%A8 | SQL: SELECT * FROM `y_account` WHERE ( website_name like '%玛莉安化妆用%' OR contract_number like '%玛莉安化妆用%' OR url like '%玛莉安化妆用%' ) ORDER BY `id` desc LIMIT 0,20  [ RunTime:0.000305s ]
[ 2012-11-10T11:49:32+08:00 ] /index.php/Index/main?searchkey=%E7%8E%9B%E8%8E%89%E5%AE%89%E5%8C%96%E5%A6%86%E7%94%A8 | NOTIC: [2048] Creating default object from empty value CommonAction.class.php 第 161 行.
[ 2012-11-10T11:49:37+08:00 ] /index.php/Account/edit/id/29 | SQL: SHOW COLUMNS FROM `y_account` [ RunTime:0.001121s ]
[ 2012-11-10T11:49:37+08:00 ] /index.php/Account/edit/id/29 | SQL: SELECT * FROM `y_account` WHERE ( `id` = '29' ) LIMIT 1  [ RunTime:0.000244s ]
[ 2012-11-10T11:49:37+08:00 ] /index.php/Account/edit/id/29 | SQL: SHOW COLUMNS FROM `y_category` [ RunTime:0.000400s ]
[ 2012-11-10T11:49:37+08:00 ] /index.php/Account/edit/id/29 | SQL: SELECT `modules` FROM `y_account` WHERE ( `id` = '29' ) LIMIT 1  [ RunTime:0.000134s ]
[ 2012-11-10T11:49:37+08:00 ] /index.php/Account/edit/id/29 | SQL: SELECT * FROM `y_category` WHERE ( `id` IN ('36','19','20','21','22','23','27','37') ) ORDER BY ordernum desc [ RunTime:0.000300s ]
[ 2012-11-10T11:49:37+08:00 ] /index.php/Account/edit/id/29 | SQL: SELECT * FROM `y_category` WHERE ( `pid` = 11 ) ORDER BY ordernum desc [ RunTime:0.000383s ]
[ 2012-11-10T11:49:37+08:00 ] /index.php/Account/edit/id/29 | NOTIC: [8] Undefined index:  tab_id 196c657f8b82048b1beeb0f9599f5fdc.php 第 287 行.
[ 2012-11-10T11:49:42+08:00 ] /index.php/Category/part | SQL: SHOW COLUMNS FROM `y_account` [ RunTime:0.000924s ]
[ 2012-11-10T11:49:42+08:00 ] /index.php/Category/part | SQL: SELECT * FROM `y_account` WHERE ( `id` = '29' ) LIMIT 1  [ RunTime:0.000081s ]
[ 2012-11-10T11:49:42+08:00 ] /index.php/Category/part | SQL: SHOW COLUMNS FROM `y_category` [ RunTime:0.000382s ]
[ 2012-11-10T11:49:42+08:00 ] /index.php/Category/part | NOTIC: [8] Undefined index:  lang CategoryAction.class.php 第 105 行.
[ 2012-11-10T11:49:42+08:00 ] /index.php/Category/part | SQL: SHOW COLUMNS FROM `y_part` [ RunTime:0.000398s ]
[ 2012-11-10T11:49:42+08:00 ] /index.php/Category/part | SQL: SELECT * FROM `y_part` WHERE ( `lang` = 'zh-cn' ) AND ( `pid` = 0 ) ORDER BY orderNum desc [ RunTime:0.000334s ]
[ 2012-11-10T11:49:42+08:00 ] /index.php/Category/part | SQL: SELECT * FROM `y_part` WHERE ( `lang` = 'zh-cn' ) AND ( `pid` = '17' ) ORDER BY orderNum desc [ RunTime:0.000188s ]
[ 2012-11-10T11:49:42+08:00 ] /index.php/Category/part | SQL: SELECT * FROM `y_part` WHERE ( `lang` = 'zh-cn' ) AND ( `pid` = '18' ) ORDER BY orderNum desc [ RunTime:0.000224s ]
[ 2012-11-10T11:49:42+08:00 ] /index.php/Category/part | SQL: SELECT * FROM `y_part` WHERE ( `lang` = 'zh-cn' ) AND ( `pid` = '19' ) ORDER BY orderNum desc [ RunTime:0.000181s ]
[ 2012-11-10T11:49:42+08:00 ] /index.php/Category/part | SQL: SELECT * FROM `y_part` WHERE ( `lang` = 'zh-cn' ) AND ( `pid` = '20' ) ORDER BY orderNum desc [ RunTime:0.000176s ]
[ 2012-11-10T11:49:42+08:00 ] /index.php/Category/part | SQL: SELECT * FROM `y_part` WHERE ( `lang` = 'zh-cn' ) AND ( `pid` = '21' ) ORDER BY orderNum desc [ RunTime:0.000197s ]
[ 2012-11-10T11:49:42+08:00 ] /index.php/Category/part | SQL: SELECT * FROM `y_part` WHERE ( `lang` = 'zh-cn' ) AND ( `pid` = '22' ) ORDER BY orderNum desc [ RunTime:0.000177s ]
[ 2012-11-10T11:49:42+08:00 ] /index.php/Category/part | SQL: SELECT * FROM `y_part` WHERE ( `lang` = 'zh-cn' ) AND ( `pid` = '23' ) ORDER BY orderNum desc [ RunTime:0.000180s ]
[ 2012-11-10T11:49:42+08:00 ] /index.php/Category/part | SQL: SELECT * FROM `y_part` WHERE ( `lang` = 'zh-cn' ) AND ( `pid` = '24' ) ORDER BY orderNum desc [ RunTime:0.000177s ]
[ 2012-11-10T11:49:42+08:00 ] /index.php/Category/part | SQL: SELECT * FROM `y_part` WHERE ( `lang` = 'zh-cn' ) AND ( `pid` = '25' ) ORDER BY orderNum desc [ RunTime:0.000184s ]
[ 2012-11-10T11:49:42+08:00 ] /index.php/Category/part | SQL: SELECT * FROM `y_part` WHERE ( `lang` = 'zh-cn' ) AND ( `pid` = '26' ) ORDER BY orderNum desc [ RunTime:0.000186s ]
[ 2012-11-10T11:49:42+08:00 ] /index.php/Category/part | SQL: SELECT * FROM `y_part` WHERE ( `lang` = 'zh-cn' ) AND ( `pid` = '35' ) ORDER BY orderNum desc [ RunTime:0.000208s ]
[ 2012-11-10T11:49:42+08:00 ] /index.php/Category/part | SQL: SHOW COLUMNS FROM `y_category` [ RunTime:0.000411s ]
[ 2012-11-10T11:49:42+08:00 ] /index.php/Category/part | SQL: SELECT * FROM `y_category` WHERE ( `pid` = 11 ) AND ( `is_publish` = 1 ) [ RunTime:0.000328s ]
[ 2012-11-10T11:49:44+08:00 ] /index.php/Category/addPart/id/17 | SQL: SHOW COLUMNS FROM `y_account` [ RunTime:0.001410s ]
[ 2012-11-10T11:49:44+08:00 ] /index.php/Category/addPart/id/17 | SQL: SELECT * FROM `y_account` WHERE ( `id` = '29' ) LIMIT 1  [ RunTime:0.000088s ]
[ 2012-11-10T11:49:44+08:00 ] /index.php/Category/addPart/id/17 | SQL: SHOW COLUMNS FROM `y_category` [ RunTime:0.000510s ]
[ 2012-11-10T11:49:44+08:00 ] /index.php/Category/addPart/id/17 | SQL: SHOW COLUMNS FROM `y_part` [ RunTime:0.000381s ]
[ 2012-11-10T11:49:44+08:00 ] /index.php/Category/addPart/id/17 | SQL: SELECT * FROM `y_part` WHERE id = 17 LIMIT 1  [ RunTime:0.000310s ]
[ 2012-11-10T11:49:44+08:00 ] /index.php/Category/addPart/id/17 | SQL: SELECT * FROM `y_part` WHERE ( `lang` = 'zh-cn' ) AND ( `pid` = 0 ) [ RunTime:0.000326s ]
[ 2012-11-10T11:49:44+08:00 ] /index.php/Category/addPart/id/17 | NOTIC: [8] Undefined variable: option CategoryAction.class.php 第 163 行.
[ 2012-11-10T11:49:44+08:00 ] /index.php/Category/addPart/id/17 | SQL: SHOW COLUMNS FROM `y_category` [ RunTime:0.000464s ]
[ 2012-11-10T11:49:44+08:00 ] /index.php/Category/addPart/id/17 | SQL: SELECT * FROM `y_category` WHERE ( `pid` = 11 ) AND ( `is_publish` = 1 ) [ RunTime:0.000069s ]
[ 2012-11-10T11:49:46+08:00 ] /index.php/Category/undatePart | SQL: SHOW COLUMNS FROM `y_account` [ RunTime:0.000925s ]
[ 2012-11-10T11:49:46+08:00 ] /index.php/Category/undatePart | SQL: SELECT * FROM `y_account` WHERE ( `id` = '29' ) LIMIT 1  [ RunTime:0.000090s ]
[ 2012-11-10T11:49:46+08:00 ] /index.php/Category/undatePart | SQL: SHOW COLUMNS FROM `y_category` [ RunTime:0.000410s ]
[ 2012-11-10T11:49:46+08:00 ] /index.php/Category/undatePart | SQL: SHOW COLUMNS FROM `y_part` [ RunTime:0.000377s ]
[ 2012-11-10T11:49:46+08:00 ] /index.php/Category/undatePart | SQL: UPDATE `y_part` SET `id`='17',`pid`='0',`lang`='zh-cn',`title`='网站首页',`url`='/index.php',`description`='',`nowModule`='',`alias`='',`orderNum`='10',`is_publish`='1' WHERE id=17 [ RunTime:0.160472s ]
[ 2012-11-10T11:49:47+08:00 ] /index.php/Category/addPart/id/17 | SQL: SHOW COLUMNS FROM `y_account` [ RunTime:0.000884s ]
[ 2012-11-10T11:49:47+08:00 ] /index.php/Category/addPart/id/17 | SQL: SELECT * FROM `y_account` WHERE ( `id` = '29' ) LIMIT 1  [ RunTime:0.000068s ]
[ 2012-11-10T11:49:47+08:00 ] /index.php/Category/addPart/id/17 | SQL: SHOW COLUMNS FROM `y_category` [ RunTime:0.000831s ]
[ 2012-11-10T11:49:47+08:00 ] /index.php/Category/addPart/id/17 | SQL: SHOW COLUMNS FROM `y_part` [ RunTime:0.000515s ]
[ 2012-11-10T11:49:47+08:00 ] /index.php/Category/addPart/id/17 | SQL: SELECT * FROM `y_part` WHERE id = 17 LIMIT 1  [ RunTime:0.000333s ]
[ 2012-11-10T11:49:47+08:00 ] /index.php/Category/addPart/id/17 | SQL: SELECT * FROM `y_part` WHERE ( `lang` = 'zh-cn' ) AND ( `pid` = 0 ) [ RunTime:0.000370s ]
[ 2012-11-10T11:49:47+08:00 ] /index.php/Category/addPart/id/17 | NOTIC: [8] Undefined variable: option CategoryAction.class.php 第 163 行.
[ 2012-11-10T11:49:47+08:00 ] /index.php/Category/addPart/id/17 | SQL: SHOW COLUMNS FROM `y_category` [ RunTime:0.000545s ]
[ 2012-11-10T11:49:47+08:00 ] /index.php/Category/addPart/id/17 | SQL: SELECT * FROM `y_category` WHERE ( `pid` = 11 ) AND ( `is_publish` = 1 ) [ RunTime:0.000095s ]
[ 2012-11-10T11:49:47+08:00 ] /index.php/Category/addPart/id/17 | SQL: SHOW COLUMNS FROM `y_account` [ RunTime:0.000912s ]
[ 2012-11-10T11:49:47+08:00 ] /index.php/Category/addPart/id/17 | SQL: SELECT * FROM `y_account` WHERE ( `id` = '29' ) LIMIT 1  [ RunTime:0.000073s ]
[ 2012-11-10T11:49:47+08:00 ] /index.php/Category/addPart/id/17 | SQL: SHOW COLUMNS FROM `y_category` [ RunTime:0.000662s ]
[ 2012-11-10T11:49:47+08:00 ] /index.php/Category/addPart/id/17 | SQL: SHOW COLUMNS FROM `y_part` [ RunTime:0.000391s ]
[ 2012-11-10T11:49:47+08:00 ] /index.php/Category/addPart/id/17 | SQL: SELECT * FROM `y_part` WHERE id = 17 LIMIT 1  [ RunTime:0.000077s ]
[ 2012-11-10T11:49:47+08:00 ] /index.php/Category/addPart/id/17 | SQL: SELECT * FROM `y_part` WHERE ( `lang` = 'zh-cn' ) AND ( `pid` = 0 ) [ RunTime:0.000062s ]
[ 2012-11-10T11:49:47+08:00 ] /index.php/Category/addPart/id/17 | NOTIC: [8] Undefined variable: option CategoryAction.class.php 第 163 行.
[ 2012-11-10T11:49:47+08:00 ] /index.php/Category/addPart/id/17 | SQL: SHOW COLUMNS FROM `y_category` [ RunTime:0.000383s ]
[ 2012-11-10T11:49:47+08:00 ] /index.php/Category/addPart/id/17 | SQL: SELECT * FROM `y_category` WHERE ( `pid` = 11 ) AND ( `is_publish` = 1 ) [ RunTime:0.000067s ]
[ 2012-11-10T11:50:37+08:00 ] /index.php/Index/main | SQL: SHOW COLUMNS FROM `y_account` [ RunTime:0.000947s ]
[ 2012-11-10T11:50:37+08:00 ] /index.php/Index/main | SQL: SELECT * FROM `y_account` WHERE ( `id` = '29' ) LIMIT 1  [ RunTime:0.000068s ]
[ 2012-11-10T11:50:37+08:00 ] /index.php/Index/main | SQL: SHOW COLUMNS FROM `y_category` [ RunTime:0.000413s ]
[ 2012-11-10T11:50:37+08:00 ] /index.php/Index/main | SQL: SELECT * FROM `y_account` ORDER BY id desc [ RunTime:0.000137s ]
[ 2012-11-10T11:50:37+08:00 ] /index.php/Index/main | NOTIC: [8] Undefined index:  searchkey IndexAction.class.php 第 27 行.
[ 2012-11-10T11:50:37+08:00 ] /index.php/Index/main | NOTIC: [8] Undefined variable: where IndexAction.class.php 第 31 行.
[ 2012-11-10T11:50:37+08:00 ] /index.php/Index/main | SQL: SELECT COUNT(*) AS tp_count FROM `y_account` LIMIT 1  [ RunTime:0.000132s ]
[ 2012-11-10T11:50:37+08:00 ] /index.php/Index/main | SQL: SELECT * FROM `y_account` ORDER BY `id` desc LIMIT 0,20  [ RunTime:0.000310s ]
[ 2012-11-10T11:50:37+08:00 ] /index.php/Index/main | NOTIC: [2] Invalid argument supplied for foreach() CommonAction.class.php 第 159 行.
[ 2012-11-10T11:50:43+08:00 ] /index.php/Index/main?searchkey=%E7%8E%9B%E8%8E%89%E5%AE%89%E5%8C%96%E5%A6%86 | SQL: SHOW COLUMNS FROM `y_account` [ RunTime:0.001165s ]
[ 2012-11-10T11:50:43+08:00 ] /index.php/Index/main?searchkey=%E7%8E%9B%E8%8E%89%E5%AE%89%E5%8C%96%E5%A6%86 | SQL: SELECT * FROM `y_account` WHERE ( `id` = '29' ) LIMIT 1  [ RunTime:0.000076s ]
[ 2012-11-10T11:50:43+08:00 ] /index.php/Index/main?searchkey=%E7%8E%9B%E8%8E%89%E5%AE%89%E5%8C%96%E5%A6%86 | SQL: SHOW COLUMNS FROM `y_category` [ RunTime:0.000386s ]
[ 2012-11-10T11:50:43+08:00 ] /index.php/Index/main?searchkey=%E7%8E%9B%E8%8E%89%E5%AE%89%E5%8C%96%E5%A6%86 | SQL: SELECT * FROM `y_account` ORDER BY id desc [ RunTime:0.000135s ]
[ 2012-11-10T11:50:43+08:00 ] /index.php/Index/main?searchkey=%E7%8E%9B%E8%8E%89%E5%AE%89%E5%8C%96%E5%A6%86 | SQL: SELECT COUNT(*) AS tp_count FROM `y_account` WHERE ( website_name like '%玛莉安化妆%' OR contract_number like '%玛莉安化妆%' OR url like '%玛莉安化妆%' ) LIMIT 1  [ RunTime:0.000289s ]
[ 2012-11-10T11:50:43+08:00 ] /index.php/Index/main?searchkey=%E7%8E%9B%E8%8E%89%E5%AE%89%E5%8C%96%E5%A6%86 | SQL: SELECT * FROM `y_account` WHERE ( website_name like '%玛莉安化妆%' OR contract_number like '%玛莉安化妆%' OR url like '%玛莉安化妆%' ) ORDER BY `id` desc LIMIT 0,20  [ RunTime:0.000271s ]
[ 2012-11-10T11:50:43+08:00 ] /index.php/Index/main?searchkey=%E7%8E%9B%E8%8E%89%E5%AE%89%E5%8C%96%E5%A6%86 | NOTIC: [2048] Creating default object from empty value CommonAction.class.php 第 161 行.
[ 2012-11-10T11:50:45+08:00 ] /index.php/Account/syncWebsiteName/id/29 | SQL: SHOW COLUMNS FROM `y_account` [ RunTime:0.001229s ]
[ 2012-11-10T11:50:45+08:00 ] /index.php/Account/syncWebsiteName/id/29 | SQL: SELECT * FROM `y_account` WHERE ( `id` = '29' ) LIMIT 1  [ RunTime:0.000079s ]
[ 2012-11-10T11:50:45+08:00 ] /index.php/Account/syncWebsiteName/id/29 | SQL: SHOW COLUMNS FROM `y_category` [ RunTime:0.000433s ]
[ 2012-11-10T11:50:45+08:00 ] /index.php/Account/syncWebsiteName/id/29 | SQL: SELECT * FROM `y_account` WHERE ( `id` = '29' ) LIMIT 1  [ RunTime:0.000067s ]
[ 2012-11-10T11:50:45+08:00 ] /index.php/Account/syncWebsiteName/id/29 | SQL: SHOW COLUMNS FROM `y_system` [ RunTime:0.000440s ]
[ 2012-11-10T11:50:45+08:00 ] /index.php/Account/syncWebsiteName/id/29 | SQL: update y_system set company='广州市玛莉安化妆用品有限公司',website='广州市玛莉安化妆用品有限公司',copyright='2012版权所有  广州市玛莉安化妆用品有限公司',seo_title='广州市玛莉安化妆用品有限公司',seo_keywords='广州市玛莉安化妆用品有限公司',seo_description='广州市玛莉安化妆用品有限公司' [ RunTime:0.000241s ]
[ 2012-11-10T11:50:45+08:00 ] /index.php/Account/syncWebsiteName/id/29 | NOTIC: [2] mysql_num_rows(): supplied argument is not a valid MySQL result resource DbMysql.class.php 第 129 行.
[ 2012-11-10T11:50:45+08:00 ] /index.php/Account/syncWebsiteName/id/29 | NOTIC: [2] mysql_free_result(): supplied argument is not a valid MySQL result resource DbMysql.class.php 第 97 行.
[ 2012-11-10T11:50:45+08:00 ] /index.php/Account/syncWebsiteName/id/29 | SQL: update y_system set copyright='版权所有@广州市玛莉安化妆用品有限公司' where lang='mobile' [ RunTime:0.000182s ]
[ 2012-11-10T11:50:45+08:00 ] /index.php/Account/syncWebsiteName/id/29 | NOTIC: [2] mysql_num_rows(): supplied argument is not a valid MySQL result resource DbMysql.class.php 第 129 行.
[ 2012-11-10T11:50:46+08:00 ] /index.php/Index/main?searchkey=%E7%8E%9B%E8%8E%89%E5%AE%89%E5%8C%96%E5%A6%86 | SQL: SHOW COLUMNS FROM `y_account` [ RunTime:0.001012s ]
[ 2012-11-10T11:50:46+08:00 ] /index.php/Index/main?searchkey=%E7%8E%9B%E8%8E%89%E5%AE%89%E5%8C%96%E5%A6%86 | SQL: SELECT * FROM `y_account` WHERE ( `id` = '29' ) LIMIT 1  [ RunTime:0.000127s ]
[ 2012-11-10T11:50:46+08:00 ] /index.php/Index/main?searchkey=%E7%8E%9B%E8%8E%89%E5%AE%89%E5%8C%96%E5%A6%86 | SQL: SHOW COLUMNS FROM `y_category` [ RunTime:0.000513s ]
[ 2012-11-10T11:50:46+08:00 ] /index.php/Index/main?searchkey=%E7%8E%9B%E8%8E%89%E5%AE%89%E5%8C%96%E5%A6%86 | SQL: SELECT * FROM `y_account` ORDER BY id desc [ RunTime:0.000176s ]
[ 2012-11-10T11:50:46+08:00 ] /index.php/Index/main?searchkey=%E7%8E%9B%E8%8E%89%E5%AE%89%E5%8C%96%E5%A6%86 | SQL: SELECT COUNT(*) AS tp_count FROM `y_account` WHERE ( website_name like '%玛莉安化妆%' OR contract_number like '%玛莉安化妆%' OR url like '%玛莉安化妆%' ) LIMIT 1  [ RunTime:0.000081s ]
[ 2012-11-10T11:50:46+08:00 ] /index.php/Index/main?searchkey=%E7%8E%9B%E8%8E%89%E5%AE%89%E5%8C%96%E5%A6%86 | SQL: SELECT * FROM `y_account` WHERE ( website_name like '%玛莉安化妆%' OR contract_number like '%玛莉安化妆%' OR url like '%玛莉安化妆%' ) ORDER BY `id` desc LIMIT 0,20  [ RunTime:0.000091s ]
[ 2012-11-10T11:50:46+08:00 ] /index.php/Index/main?searchkey=%E7%8E%9B%E8%8E%89%E5%AE%89%E5%8C%96%E5%A6%86 | NOTIC: [2048] Creating default object from empty value CommonAction.class.php 第 161 行.
[ 2012-11-10T11:51:08+08:00 ] /index.php/Account/syncWebsiteName/id/29 | SQL: SHOW COLUMNS FROM `y_account` [ RunTime:0.001097s ]
[ 2012-11-10T11:51:08+08:00 ] /index.php/Account/syncWebsiteName/id/29 | SQL: SELECT * FROM `y_account` WHERE ( `id` = '29' ) LIMIT 1  [ RunTime:0.000076s ]
[ 2012-11-10T11:51:08+08:00 ] /index.php/Account/syncWebsiteName/id/29 | SQL: SHOW COLUMNS FROM `y_category` [ RunTime:0.000646s ]
[ 2012-11-10T11:51:08+08:00 ] /index.php/Account/syncWebsiteName/id/29 | SQL: SELECT * FROM `y_account` WHERE ( `id` = '29' ) LIMIT 1  [ RunTime:0.000079s ]
[ 2012-11-10T11:51:08+08:00 ] /index.php/Account/syncWebsiteName/id/29 | SQL: SHOW COLUMNS FROM `y_system` [ RunTime:0.000399s ]
[ 2012-11-10T11:51:08+08:00 ] /index.php/Account/syncWebsiteName/id/29 | SQL: update y_system set company='广州市玛莉安化妆用品有限公司',website='广州市玛莉安化妆用品有限公司',copyright='2012版权所有  广州市玛莉安化妆用品有限公司',seo_title='广州市玛莉安化妆用品有限公司',seo_keywords='广州市玛莉安化妆用品有限公司',seo_description='广州市玛莉安化妆用品有限公司' [ RunTime:0.000238s ]
[ 2012-11-10T11:51:08+08:00 ] /index.php/Account/syncWebsiteName/id/29 | NOTIC: [2] mysql_num_rows(): supplied argument is not a valid MySQL result resource DbMysql.class.php 第 129 行.
[ 2012-11-10T11:51:08+08:00 ] /index.php/Account/syncWebsiteName/id/29 | NOTIC: [2] mysql_free_result(): supplied argument is not a valid MySQL result resource DbMysql.class.php 第 97 行.
[ 2012-11-10T11:51:08+08:00 ] /index.php/Account/syncWebsiteName/id/29 | SQL: update y_system set copyright='版权所有@广州市玛莉安化妆用品有限公司' where lang='mobile' [ RunTime:0.000149s ]
[ 2012-11-10T11:51:08+08:00 ] /index.php/Account/syncWebsiteName/id/29 | NOTIC: [2] mysql_num_rows(): supplied argument is not a valid MySQL result resource DbMysql.class.php 第 129 行.
[ 2012-11-10T11:51:09+08:00 ] /index.php/Index/main?searchkey=%E7%8E%9B%E8%8E%89%E5%AE%89%E5%8C%96%E5%A6%86 | SQL: SHOW COLUMNS FROM `y_account` [ RunTime:0.001393s ]
[ 2012-11-10T11:51:09+08:00 ] /index.php/Index/main?searchkey=%E7%8E%9B%E8%8E%89%E5%AE%89%E5%8C%96%E5%A6%86 | SQL: SELECT * FROM `y_account` WHERE ( `id` = '29' ) LIMIT 1  [ RunTime:0.000089s ]
[ 2012-11-10T11:51:09+08:00 ] /index.php/Index/main?searchkey=%E7%8E%9B%E8%8E%89%E5%AE%89%E5%8C%96%E5%A6%86 | SQL: SHOW COLUMNS FROM `y_category` [ RunTime:0.000632s ]
[ 2012-11-10T11:51:09+08:00 ] /index.php/Index/main?searchkey=%E7%8E%9B%E8%8E%89%E5%AE%89%E5%8C%96%E5%A6%86 | SQL: SELECT * FROM `y_account` ORDER BY id desc [ RunTime:0.000132s ]
[ 2012-11-10T11:51:09+08:00 ] /index.php/Index/main?searchkey=%E7%8E%9B%E8%8E%89%E5%AE%89%E5%8C%96%E5%A6%86 | SQL: SELECT COUNT(*) AS tp_count FROM `y_account` WHERE ( website_name like '%玛莉安化妆%' OR contract_number like '%玛莉安化妆%' OR url like '%玛莉安化妆%' ) LIMIT 1  [ RunTime:0.000083s ]
[ 2012-11-10T11:51:09+08:00 ] /index.php/Index/main?searchkey=%E7%8E%9B%E8%8E%89%E5%AE%89%E5%8C%96%E5%A6%86 | SQL: SELECT * FROM `y_account` WHERE ( website_name like '%玛莉安化妆%' OR contract_number like '%玛莉安化妆%' OR url like '%玛莉安化妆%' ) ORDER BY `id` desc LIMIT 0,20  [ RunTime:0.000068s ]
[ 2012-11-10T11:51:09+08:00 ] /index.php/Index/main?searchkey=%E7%8E%9B%E8%8E%89%E5%AE%89%E5%8C%96%E5%A6%86 | NOTIC: [2048] Creating default object from empty value CommonAction.class.php 第 161 行.
[ 2012-11-10T11:51:16+08:00 ] /index.php/Account/edit/id/29 | SQL: SHOW COLUMNS FROM `y_account` [ RunTime:0.001015s ]
[ 2012-11-10T11:51:16+08:00 ] /index.php/Account/edit/id/29 | SQL: SELECT * FROM `y_account` WHERE ( `id` = '29' ) LIMIT 1  [ RunTime:0.000072s ]
[ 2012-11-10T11:51:16+08:00 ] /index.php/Account/edit/id/29 | SQL: SHOW COLUMNS FROM `y_category` [ RunTime:0.000708s ]
[ 2012-11-10T11:51:16+08:00 ] /index.php/Account/edit/id/29 | SQL: SELECT `modules` FROM `y_account` WHERE ( `id` = '29' ) LIMIT 1  [ RunTime:0.000060s ]
[ 2012-11-10T11:51:16+08:00 ] /index.php/Account/edit/id/29 | SQL: SELECT * FROM `y_category` WHERE ( `id` IN ('36','19','20','21','22','23','27','37') ) ORDER BY ordernum desc [ RunTime:0.000098s ]
[ 2012-11-10T11:51:16+08:00 ] /index.php/Account/edit/id/29 | SQL: SELECT * FROM `y_category` WHERE ( `pid` = 11 ) ORDER BY ordernum desc [ RunTime:0.000074s ]
[ 2012-11-10T11:51:16+08:00 ] /index.php/Account/edit/id/29 | NOTIC: [8] Undefined index:  tab_id 196c657f8b82048b1beeb0f9599f5fdc.php 第 287 行.
[ 2012-11-10T12:03:20+08:00 ] /index.php/Account/edit/id/29 | SQL: SHOW COLUMNS FROM `y_account` [ RunTime:0.001204s ]
[ 2012-11-10T12:03:20+08:00 ] /index.php/Account/edit/id/29 | SQL: SELECT * FROM `y_account` WHERE ( `id` = '29' ) LIMIT 1  [ RunTime:0.000077s ]
[ 2012-11-10T12:03:20+08:00 ] /index.php/Account/edit/id/29 | SQL: SHOW COLUMNS FROM `y_category` [ RunTime:0.000514s ]
[ 2012-11-10T12:03:20+08:00 ] /index.php/Account/edit/id/29 | SQL: SELECT `modules` FROM `y_account` WHERE ( `id` = '29' ) LIMIT 1  [ RunTime:0.000057s ]
[ 2012-11-10T12:03:20+08:00 ] /index.php/Account/edit/id/29 | SQL: SELECT * FROM `y_category` WHERE ( `id` IN ('36','19','20','21','22','23','27','37') ) ORDER BY ordernum desc [ RunTime:0.000064s ]
[ 2012-11-10T12:03:20+08:00 ] /index.php/Account/edit/id/29 | SQL: SELECT * FROM `y_category` WHERE ( `pid` = 11 ) ORDER BY ordernum desc [ RunTime:0.000073s ]
[ 2012-11-10T12:03:20+08:00 ] /index.php/Account/edit/id/29 | NOTIC: [8] Undefined index:  tab_id 196c657f8b82048b1beeb0f9599f5fdc.php 第 287 行.
[ 2012-11-10T12:04:02+08:00 ] /index.php/Account/edit/id/29/tab_id/test1 | SQL: SHOW COLUMNS FROM `y_account` [ RunTime:0.000953s ]
[ 2012-11-10T12:04:02+08:00 ] /index.php/Account/edit/id/29/tab_id/test1 | SQL: SELECT * FROM `y_account` WHERE ( `id` = '29' ) LIMIT 1  [ RunTime:0.000202s ]
[ 2012-11-10T12:04:02+08:00 ] /index.php/Account/edit/id/29/tab_id/test1 | SQL: SHOW COLUMNS FROM `y_category` [ RunTime:0.000667s ]
[ 2012-11-10T12:04:02+08:00 ] /index.php/Account/edit/id/29/tab_id/test1 | SQL: SELECT `modules` FROM `y_account` WHERE ( `id` = '29' ) LIMIT 1  [ RunTime:0.000827s ]
[ 2012-11-10T12:04:02+08:00 ] /index.php/Account/edit/id/29/tab_id/test1 | SQL: SELECT * FROM `y_category` WHERE ( `id` IN ('36','19','20','21','22','23','27','37') ) ORDER BY ordernum desc [ RunTime:0.000077s ]
[ 2012-11-10T12:04:02+08:00 ] /index.php/Account/edit/id/29/tab_id/test1 | SQL: SELECT * FROM `y_category` WHERE ( `pid` = 11 ) ORDER BY ordernum desc [ RunTime:0.000064s ]
[ 2012-11-10T12:04:04+08:00 ] /index.php/Index/main | SQL: SHOW COLUMNS FROM `y_account` [ RunTime:0.001046s ]
[ 2012-11-10T12:04:04+08:00 ] /index.php/Index/main | SQL: SELECT * FROM `y_account` WHERE ( `id` = '29' ) LIMIT 1  [ RunTime:0.000073s ]
[ 2012-11-10T12:04:04+08:00 ] /index.php/Index/main | SQL: SHOW COLUMNS FROM `y_category` [ RunTime:0.000491s ]
[ 2012-11-10T12:04:04+08:00 ] /index.php/Index/main | SQL: SELECT * FROM `y_account` ORDER BY id desc [ RunTime:0.000658s ]
[ 2012-11-10T12:04:04+08:00 ] /index.php/Index/main | NOTIC: [8] Undefined index:  searchkey IndexAction.class.php 第 27 行.
[ 2012-11-10T12:04:04+08:00 ] /index.php/Index/main | NOTIC: [8] Undefined variable: where IndexAction.class.php 第 31 行.
[ 2012-11-10T12:04:04+08:00 ] /index.php/Index/main | SQL: SELECT COUNT(*) AS tp_count FROM `y_account` LIMIT 1  [ RunTime:0.000196s ]
[ 2012-11-10T12:04:04+08:00 ] /index.php/Index/main | SQL: SELECT * FROM `y_account` ORDER BY `id` desc LIMIT 0,20  [ RunTime:0.000421s ]
[ 2012-11-10T12:04:04+08:00 ] /index.php/Index/main | NOTIC: [2] Invalid argument supplied for foreach() CommonAction.class.php 第 159 行.
[ 2012-11-10T12:04:04+08:00 ] /index.php/Account/edit/id/29/tab_id/test2 | SQL: SHOW COLUMNS FROM `y_account` [ RunTime:0.001329s ]
[ 2012-11-10T12:04:04+08:00 ] /index.php/Account/edit/id/29/tab_id/test2 | SQL: SELECT * FROM `y_account` WHERE ( `id` = '29' ) LIMIT 1  [ RunTime:0.000093s ]
[ 2012-11-10T12:04:04+08:00 ] /index.php/Account/edit/id/29/tab_id/test2 | SQL: SHOW COLUMNS FROM `y_category` [ RunTime:0.000593s ]
[ 2012-11-10T12:04:04+08:00 ] /index.php/Account/edit/id/29/tab_id/test2 | SQL: SELECT `modules` FROM `y_account` WHERE ( `id` = '29' ) LIMIT 1  [ RunTime:0.000079s ]
[ 2012-11-10T12:04:04+08:00 ] /index.php/Account/edit/id/29/tab_id/test2 | SQL: SELECT * FROM `y_category` WHERE ( `id` IN ('36','19','20','21','22','23','27','37') ) ORDER BY ordernum desc [ RunTime:0.000090s ]
[ 2012-11-10T12:04:04+08:00 ] /index.php/Account/edit/id/29/tab_id/test2 | SQL: SELECT * FROM `y_category` WHERE ( `pid` = 11 ) ORDER BY ordernum desc [ RunTime:0.000113s ]
[ 2012-11-10T12:04:08+08:00 ] /index.php/Index/main | SQL: SHOW COLUMNS FROM `y_account` [ RunTime:0.001344s ]
[ 2012-11-10T12:04:08+08:00 ] /index.php/Index/main | SQL: SELECT * FROM `y_account` WHERE ( `id` = '29' ) LIMIT 1  [ RunTime:0.000074s ]
[ 2012-11-10T12:04:08+08:00 ] /index.php/Index/main | SQL: SHOW COLUMNS FROM `y_category` [ RunTime:0.000424s ]
[ 2012-11-10T12:04:08+08:00 ] /index.php/Index/main | SQL: SELECT * FROM `y_account` ORDER BY id desc [ RunTime:0.000143s ]
[ 2012-11-10T12:04:08+08:00 ] /index.php/Index/main | NOTIC: [8] Undefined index:  searchkey IndexAction.class.php 第 27 行.
[ 2012-11-10T12:04:08+08:00 ] /index.php/Index/main | NOTIC: [8] Undefined variable: where IndexAction.class.php 第 31 行.
[ 2012-11-10T12:04:08+08:00 ] /index.php/Index/main | SQL: SELECT COUNT(*) AS tp_count FROM `y_account` LIMIT 1  [ RunTime:0.000072s ]
[ 2012-11-10T12:04:08+08:00 ] /index.php/Index/main | SQL: SELECT * FROM `y_account` ORDER BY `id` desc LIMIT 0,20  [ RunTime:0.000087s ]
[ 2012-11-10T12:04:08+08:00 ] /index.php/Index/main | NOTIC: [2] Invalid argument supplied for foreach() CommonAction.class.php 第 159 行.
[ 2012-11-10T12:04:48+08:00 ] /index.php/Index/main?searchkey=%E7%8E%9B%E8%8E%89%E5%AE%89%E5%8C%96%E5%A6%86 | SQL: SHOW COLUMNS FROM `y_account` [ RunTime:0.001393s ]
[ 2012-11-10T12:04:48+08:00 ] /index.php/Index/main?searchkey=%E7%8E%9B%E8%8E%89%E5%AE%89%E5%8C%96%E5%A6%86 | SQL: SELECT * FROM `y_account` WHERE ( `id` = '29' ) LIMIT 1  [ RunTime:0.000076s ]
[ 2012-11-10T12:04:48+08:00 ] /index.php/Index/main?searchkey=%E7%8E%9B%E8%8E%89%E5%AE%89%E5%8C%96%E5%A6%86 | SQL: SHOW COLUMNS FROM `y_category` [ RunTime:0.000482s ]
[ 2012-11-10T12:04:48+08:00 ] /index.php/Index/main?searchkey=%E7%8E%9B%E8%8E%89%E5%AE%89%E5%8C%96%E5%A6%86 | SQL: SELECT * FROM `y_account` ORDER BY id desc [ RunTime:0.000183s ]
[ 2012-11-10T12:04:48+08:00 ] /index.php/Index/main?searchkey=%E7%8E%9B%E8%8E%89%E5%AE%89%E5%8C%96%E5%A6%86 | SQL: SELECT COUNT(*) AS tp_count FROM `y_account` WHERE ( website_name like '%玛莉安化妆%' OR contract_number like '%玛莉安化妆%' OR url like '%玛莉安化妆%' ) LIMIT 1  [ RunTime:0.000304s ]
[ 2012-11-10T12:04:48+08:00 ] /index.php/Index/main?searchkey=%E7%8E%9B%E8%8E%89%E5%AE%89%E5%8C%96%E5%A6%86 | SQL: SELECT * FROM `y_account` WHERE ( website_name like '%玛莉安化妆%' OR contract_number like '%玛莉安化妆%' OR url like '%玛莉安化妆%' ) ORDER BY `id` desc LIMIT 0,20  [ RunTime:0.000302s ]
[ 2012-11-10T12:04:48+08:00 ] /index.php/Index/main?searchkey=%E7%8E%9B%E8%8E%89%E5%AE%89%E5%8C%96%E5%A6%86 | NOTIC: [2048] Creating default object from empty value CommonAction.class.php 第 161 行.
[ 2012-11-10T12:04:55+08:00 ] /index.php/Index/main?searchkey=%E7%8E%9B%E8%8E%89%E5%AE%89%E5%8C%96%E5%A6%86 | SQL: SHOW COLUMNS FROM `y_account` [ RunTime:0.001102s ]
[ 2012-11-10T12:04:55+08:00 ] /index.php/Index/main?searchkey=%E7%8E%9B%E8%8E%89%E5%AE%89%E5%8C%96%E5%A6%86 | SQL: SELECT * FROM `y_account` WHERE ( `id` = '29' ) LIMIT 1  [ RunTime:0.000094s ]
[ 2012-11-10T12:04:55+08:00 ] /index.php/Index/main?searchkey=%E7%8E%9B%E8%8E%89%E5%AE%89%E5%8C%96%E5%A6%86 | SQL: SHOW COLUMNS FROM `y_category` [ RunTime:0.000435s ]
[ 2012-11-10T12:04:55+08:00 ] /index.php/Index/main?searchkey=%E7%8E%9B%E8%8E%89%E5%AE%89%E5%8C%96%E5%A6%86 | SQL: SELECT * FROM `y_account` ORDER BY id desc [ RunTime:0.000204s ]
[ 2012-11-10T12:04:55+08:00 ] /index.php/Index/main?searchkey=%E7%8E%9B%E8%8E%89%E5%AE%89%E5%8C%96%E5%A6%86 | SQL: SELECT COUNT(*) AS tp_count FROM `y_account` WHERE ( website_name like '%玛莉安化妆%' OR contract_number like '%玛莉安化妆%' OR url like '%玛莉安化妆%' ) LIMIT 1  [ RunTime:0.000059s ]
[ 2012-11-10T12:04:55+08:00 ] /index.php/Index/main?searchkey=%E7%8E%9B%E8%8E%89%E5%AE%89%E5%8C%96%E5%A6%86 | SQL: SELECT * FROM `y_account` WHERE ( website_name like '%玛莉安化妆%' OR contract_number like '%玛莉安化妆%' OR url like '%玛莉安化妆%' ) ORDER BY `id` desc LIMIT 0,20  [ RunTime:0.000093s ]
[ 2012-11-10T12:04:55+08:00 ] /index.php/Index/main?searchkey=%E7%8E%9B%E8%8E%89%E5%AE%89%E5%8C%96%E5%A6%86 | NOTIC: [2048] Creating default object from empty value CommonAction.class.php 第 161 行.
[ 2012-11-10T12:05:47+08:00 ] /index.php/Account/syncWebsiteName/id/29 | SQL: SHOW COLUMNS FROM `y_account` [ RunTime:0.001116s ]
[ 2012-11-10T12:05:47+08:00 ] /index.php/Account/syncWebsiteName/id/29 | SQL: SELECT * FROM `y_account` WHERE ( `id` = '29' ) LIMIT 1  [ RunTime:0.000076s ]
[ 2012-11-10T12:05:47+08:00 ] /index.php/Account/syncWebsiteName/id/29 | SQL: SHOW COLUMNS FROM `y_category` [ RunTime:0.000390s ]
[ 2012-11-10T12:05:47+08:00 ] /index.php/Account/syncWebsiteName/id/29 | SQL: SELECT * FROM `y_account` WHERE ( `id` = '29' ) LIMIT 1  [ RunTime:0.000065s ]
[ 2012-11-10T12:05:47+08:00 ] /index.php/Account/syncWebsiteName/id/29 | SQL: SHOW COLUMNS FROM `y_system` [ RunTime:0.000375s ]
[ 2012-11-10T12:05:47+08:00 ] /index.php/Account/syncWebsiteName/id/29 | SQL: update y_system set company='广州市玛莉安化妆用品有限公司',website='广州市玛莉安化妆用品有限公司',copyright='2012版权所有  广州市玛莉安化妆用品有限公司',seo_title='广州市玛莉安化妆用品有限公司',seo_keywords='广州市玛莉安化妆用品有限公司',seo_description='广州市玛莉安化妆用品有限公司' [ RunTime:0.000320s ]
[ 2012-11-10T12:05:47+08:00 ] /index.php/Account/syncWebsiteName/id/29 | NOTIC: [2] mysql_num_rows(): supplied argument is not a valid MySQL result resource DbMysql.class.php 第 129 行.
[ 2012-11-10T12:05:47+08:00 ] /index.php/Account/syncWebsiteName/id/29 | NOTIC: [2] mysql_free_result(): supplied argument is not a valid MySQL result resource DbMysql.class.php 第 97 行.
[ 2012-11-10T12:05:47+08:00 ] /index.php/Account/syncWebsiteName/id/29 | SQL: update y_system set copyright='版权所有@广州市玛莉安化妆用品有限公司' where lang='mobile' [ RunTime:0.000186s ]
[ 2012-11-10T12:05:47+08:00 ] /index.php/Account/syncWebsiteName/id/29 | NOTIC: [2] mysql_num_rows(): supplied argument is not a valid MySQL result resource DbMysql.class.php 第 129 行.
[ 2012-11-10T12:05:48+08:00 ] /index.php/Index/main?searchkey=%E7%8E%9B%E8%8E%89%E5%AE%89%E5%8C%96%E5%A6%86 | SQL: SHOW COLUMNS FROM `y_account` [ RunTime:0.000994s ]
[ 2012-11-10T12:05:48+08:00 ] /index.php/Index/main?searchkey=%E7%8E%9B%E8%8E%89%E5%AE%89%E5%8C%96%E5%A6%86 | SQL: SELECT * FROM `y_account` WHERE ( `id` = '29' ) LIMIT 1  [ RunTime:0.000119s ]
[ 2012-11-10T12:05:48+08:00 ] /index.php/Index/main?searchkey=%E7%8E%9B%E8%8E%89%E5%AE%89%E5%8C%96%E5%A6%86 | SQL: SHOW COLUMNS FROM `y_category` [ RunTime:0.000628s ]
[ 2012-11-10T12:05:48+08:00 ] /index.php/Index/main?searchkey=%E7%8E%9B%E8%8E%89%E5%AE%89%E5%8C%96%E5%A6%86 | SQL: SELECT * FROM `y_account` ORDER BY id desc [ RunTime:0.000174s ]
[ 2012-11-10T12:05:48+08:00 ] /index.php/Index/main?searchkey=%E7%8E%9B%E8%8E%89%E5%AE%89%E5%8C%96%E5%A6%86 | SQL: SELECT COUNT(*) AS tp_count FROM `y_account` WHERE ( website_name like '%玛莉安化妆%' OR contract_number like '%玛莉安化妆%' OR url like '%玛莉安化妆%' ) LIMIT 1  [ RunTime:0.000078s ]
[ 2012-11-10T12:05:48+08:00 ] /index.php/Index/main?searchkey=%E7%8E%9B%E8%8E%89%E5%AE%89%E5%8C%96%E5%A6%86 | SQL: SELECT * FROM `y_account` WHERE ( website_name like '%玛莉安化妆%' OR contract_number like '%玛莉安化妆%' OR url like '%玛莉安化妆%' ) ORDER BY `id` desc LIMIT 0,20  [ RunTime:0.000091s ]
[ 2012-11-10T12:05:48+08:00 ] /index.php/Index/main?searchkey=%E7%8E%9B%E8%8E%89%E5%AE%89%E5%8C%96%E5%A6%86 | NOTIC: [2048] Creating default object from empty value CommonAction.class.php 第 161 行.
[ 2012-11-10T15:00:34+08:00 ] /index.php/Index/main?searchkey=%E5%88%98%E6%96%87%E5%88%A9 | SQL: SHOW COLUMNS FROM `y_account` [ RunTime:0.001098s ]
[ 2012-11-10T15:00:34+08:00 ] /index.php/Index/main?searchkey=%E5%88%98%E6%96%87%E5%88%A9 | SQL: SELECT * FROM `y_account` WHERE ( `id` = '29' ) LIMIT 1  [ RunTime:0.000250s ]
[ 2012-11-10T15:00:34+08:00 ] /index.php/Index/main?searchkey=%E5%88%98%E6%96%87%E5%88%A9 | SQL: SHOW COLUMNS FROM `y_category` [ RunTime:0.000482s ]
[ 2012-11-10T15:00:34+08:00 ] /index.php/Index/main?searchkey=%E5%88%98%E6%96%87%E5%88%A9 | SQL: SELECT * FROM `y_account` ORDER BY id desc [ RunTime:0.000683s ]
[ 2012-11-10T15:00:34+08:00 ] /index.php/Index/main?searchkey=%E5%88%98%E6%96%87%E5%88%A9 | SQL: SELECT COUNT(*) AS tp_count FROM `y_account` WHERE ( website_name like '%刘文利%' OR contract_number like '%刘文利%' OR url like '%刘文利%' ) LIMIT 1  [ RunTime:0.000394s ]
[ 2012-11-10T15:00:34+08:00 ] /index.php/Index/main?searchkey=%E5%88%98%E6%96%87%E5%88%A9 | SQL: SELECT * FROM `y_account` WHERE ( website_name like '%刘文利%' OR contract_number like '%刘文利%' OR url like '%刘文利%' ) ORDER BY `id` desc LIMIT 0,20  [ RunTime:0.000389s ]
[ 2012-11-10T15:00:34+08:00 ] /index.php/Index/main?searchkey=%E5%88%98%E6%96%87%E5%88%A9 | NOTIC: [2048] Creating default object from empty value CommonAction.class.php 第 161 行.
[ 2012-11-10T15:00:41+08:00 ] /index.php/Account/edit/id/3 | SQL: SHOW COLUMNS FROM `y_account` [ RunTime:0.001188s ]
[ 2012-11-10T15:00:41+08:00 ] /index.php/Account/edit/id/3 | SQL: SELECT * FROM `y_account` WHERE ( `id` = '3' ) LIMIT 1  [ RunTime:0.000230s ]
[ 2012-11-10T15:00:41+08:00 ] /index.php/Account/edit/id/3 | SQL: SHOW COLUMNS FROM `y_category` [ RunTime:0.000438s ]
[ 2012-11-10T15:00:41+08:00 ] /index.php/Account/edit/id/3 | SQL: SELECT `modules` FROM `y_account` WHERE ( `id` = '3' ) LIMIT 1  [ RunTime:0.000141s ]
[ 2012-11-10T15:00:41+08:00 ] /index.php/Account/edit/id/3 | SQL: SELECT * FROM `y_category` WHERE ( `id` IN ('36','19','20','21','22','23','27','37') ) ORDER BY ordernum desc [ RunTime:0.000109s ]
[ 2012-11-10T15:00:41+08:00 ] /index.php/Account/edit/id/3 | SQL: SELECT * FROM `y_category` WHERE ( `pid` = 11 ) ORDER BY ordernum desc [ RunTime:0.000083s ]
[ 2012-11-10T15:00:41+08:00 ] /index.php/Account/edit/id/3 | NOTIC: [8] Undefined index:  tab_id 196c657f8b82048b1beeb0f9599f5fdc.php 第 287 行.
[ 2012-11-10T15:00:52+08:00 ] /index.php/Account/edit/id/3/tab_id/test1 | SQL: SHOW COLUMNS FROM `y_account` [ RunTime:0.001122s ]
[ 2012-11-10T15:00:52+08:00 ] /index.php/Account/edit/id/3/tab_id/test1 | SQL: SELECT * FROM `y_account` WHERE ( `id` = '3' ) LIMIT 1  [ RunTime:0.000238s ]
[ 2012-11-10T15:00:52+08:00 ] /index.php/Account/edit/id/3/tab_id/test1 | SQL: SHOW COLUMNS FROM `y_category` [ RunTime:0.000417s ]
[ 2012-11-10T15:00:52+08:00 ] /index.php/Account/edit/id/3/tab_id/test1 | SQL: SELECT `modules` FROM `y_account` WHERE ( `id` = '3' ) LIMIT 1  [ RunTime:0.000136s ]
[ 2012-11-10T15:00:52+08:00 ] /index.php/Account/edit/id/3/tab_id/test1 | SQL: SELECT * FROM `y_category` WHERE ( `id` IN ('36','19','20','21','22','23','27','37') ) ORDER BY ordernum desc [ RunTime:0.000063s ]
[ 2012-11-10T15:00:52+08:00 ] /index.php/Account/edit/id/3/tab_id/test1 | SQL: SELECT * FROM `y_category` WHERE ( `pid` = 11 ) ORDER BY ordernum desc [ RunTime:0.000065s ]
[ 2012-11-10T15:00:54+08:00 ] /index.php/Index/main | SQL: SHOW COLUMNS FROM `y_account` [ RunTime:0.000991s ]
[ 2012-11-10T15:00:54+08:00 ] /index.php/Index/main | SQL: SELECT * FROM `y_account` WHERE ( `id` = '3' ) LIMIT 1  [ RunTime:0.000148s ]
[ 2012-11-10T15:00:54+08:00 ] /index.php/Index/main | SQL: SHOW COLUMNS FROM `y_category` [ RunTime:0.000463s ]
[ 2012-11-10T15:00:54+08:00 ] /index.php/Index/main | SQL: SELECT * FROM `y_account` ORDER BY id desc [ RunTime:0.000487s ]
[ 2012-11-10T15:00:54+08:00 ] /index.php/Index/main | NOTIC: [8] Undefined index:  searchkey IndexAction.class.php 第 27 行.
[ 2012-11-10T15:00:54+08:00 ] /index.php/Index/main | NOTIC: [8] Undefined variable: where IndexAction.class.php 第 31 行.
[ 2012-11-10T15:00:54+08:00 ] /index.php/Index/main | SQL: SELECT COUNT(*) AS tp_count FROM `y_account` LIMIT 1  [ RunTime:0.000150s ]
[ 2012-11-10T15:00:54+08:00 ] /index.php/Index/main | SQL: SELECT * FROM `y_account` ORDER BY `id` desc LIMIT 0,20  [ RunTime:0.000297s ]
[ 2012-11-10T15:00:54+08:00 ] /index.php/Index/main | NOTIC: [2] Invalid argument supplied for foreach() CommonAction.class.php 第 159 行.
[ 2012-11-10T15:00:54+08:00 ] /index.php/Account/edit/id/3/tab_id/test2 | SQL: SHOW COLUMNS FROM `y_account` [ RunTime:0.001499s ]
[ 2012-11-10T15:00:54+08:00 ] /index.php/Account/edit/id/3/tab_id/test2 | SQL: SELECT * FROM `y_account` WHERE ( `id` = '3' ) LIMIT 1  [ RunTime:0.000094s ]
[ 2012-11-10T15:00:54+08:00 ] /index.php/Account/edit/id/3/tab_id/test2 | SQL: SHOW COLUMNS FROM `y_category` [ RunTime:0.000539s ]
[ 2012-11-10T15:00:54+08:00 ] /index.php/Account/edit/id/3/tab_id/test2 | SQL: SELECT `modules` FROM `y_account` WHERE ( `id` = '3' ) LIMIT 1  [ RunTime:0.000066s ]
[ 2012-11-10T15:00:54+08:00 ] /index.php/Account/edit/id/3/tab_id/test2 | SQL: SELECT * FROM `y_category` WHERE ( `id` IN ('36','19','20','21','22','23','27','37') ) ORDER BY ordernum desc [ RunTime:0.000093s ]
[ 2012-11-10T15:00:54+08:00 ] /index.php/Account/edit/id/3/tab_id/test2 | SQL: SELECT * FROM `y_category` WHERE ( `pid` = 11 ) ORDER BY ordernum desc [ RunTime:0.000082s ]
[ 2012-11-10T15:00:59+08:00 ] /index.php/Index/main | SQL: SHOW COLUMNS FROM `y_account` [ RunTime:0.001023s ]
[ 2012-11-10T15:00:59+08:00 ] /index.php/Index/main | SQL: SELECT * FROM `y_account` WHERE ( `id` = '3' ) LIMIT 1  [ RunTime:0.000072s ]
[ 2012-11-10T15:00:59+08:00 ] /index.php/Index/main | SQL: SHOW COLUMNS FROM `y_category` [ RunTime:0.000732s ]
[ 2012-11-10T15:00:59+08:00 ] /index.php/Index/main | SQL: SELECT * FROM `y_account` ORDER BY id desc [ RunTime:0.000135s ]
[ 2012-11-10T15:00:59+08:00 ] /index.php/Index/main | NOTIC: [8] Undefined index:  searchkey IndexAction.class.php 第 27 行.
[ 2012-11-10T15:00:59+08:00 ] /index.php/Index/main | NOTIC: [8] Undefined variable: where IndexAction.class.php 第 31 行.
[ 2012-11-10T15:00:59+08:00 ] /index.php/Index/main | SQL: SELECT COUNT(*) AS tp_count FROM `y_account` LIMIT 1  [ RunTime:0.000090s ]
[ 2012-11-10T15:00:59+08:00 ] /index.php/Index/main | SQL: SELECT * FROM `y_account` ORDER BY `id` desc LIMIT 0,20  [ RunTime:0.000111s ]
[ 2012-11-10T15:00:59+08:00 ] /index.php/Index/main | NOTIC: [2] Invalid argument supplied for foreach() CommonAction.class.php 第 159 行.
[ 2012-11-10T15:01:01+08:00 ] /index.php/Index/main | SQL: SHOW COLUMNS FROM `y_account` [ RunTime:0.000918s ]
[ 2012-11-10T15:01:01+08:00 ] /index.php/Index/main | SQL: SELECT * FROM `y_account` WHERE ( `id` = '3' ) LIMIT 1  [ RunTime:0.000068s ]
[ 2012-11-10T15:01:01+08:00 ] /index.php/Index/main | SQL: SHOW COLUMNS FROM `y_category` [ RunTime:0.000836s ]
[ 2012-11-10T15:01:01+08:00 ] /index.php/Index/main | SQL: SELECT * FROM `y_account` ORDER BY id desc [ RunTime:0.000127s ]
[ 2012-11-10T15:01:01+08:00 ] /index.php/Index/main | NOTIC: [8] Undefined index:  searchkey IndexAction.class.php 第 27 行.
[ 2012-11-10T15:01:01+08:00 ] /index.php/Index/main | NOTIC: [8] Undefined variable: where IndexAction.class.php 第 31 行.
[ 2012-11-10T15:01:01+08:00 ] /index.php/Index/main | SQL: SELECT COUNT(*) AS tp_count FROM `y_account` LIMIT 1  [ RunTime:0.000055s ]
[ 2012-11-10T15:01:01+08:00 ] /index.php/Index/main | SQL: SELECT * FROM `y_account` ORDER BY `id` desc LIMIT 0,20  [ RunTime:0.000086s ]
[ 2012-11-10T15:01:01+08:00 ] /index.php/Index/main | NOTIC: [2] Invalid argument supplied for foreach() CommonAction.class.php 第 159 行.
[ 2012-11-10T15:20:50+08:00 ] /index.php/Index/main?searchkey=y00170165.huyionline.cn | SQL: SHOW COLUMNS FROM `y_account` [ RunTime:0.001086s ]
[ 2012-11-10T15:20:50+08:00 ] /index.php/Index/main?searchkey=y00170165.huyionline.cn | SQL: SELECT * FROM `y_account` WHERE ( `id` = '3' ) LIMIT 1  [ RunTime:0.000227s ]
[ 2012-11-10T15:20:50+08:00 ] /index.php/Index/main?searchkey=y00170165.huyionline.cn | SQL: SHOW COLUMNS FROM `y_category` [ RunTime:0.000527s ]
[ 2012-11-10T15:20:50+08:00 ] /index.php/Index/main?searchkey=y00170165.huyionline.cn | SQL: SELECT * FROM `y_account` ORDER BY id desc [ RunTime:0.000532s ]
[ 2012-11-10T15:20:50+08:00 ] /index.php/Index/main?searchkey=y00170165.huyionline.cn | SQL: SELECT COUNT(*) AS tp_count FROM `y_account` WHERE ( website_name like '%y00170165.huyionline.cn%' OR contract_number like '%y00170165.huyionline.cn%' OR url like '%y00170165.huyionline.cn%' ) LIMIT 1  [ RunTime:0.000368s ]
[ 2012-11-10T15:20:50+08:00 ] /index.php/Index/main?searchkey=y00170165.huyionline.cn | SQL: SELECT * FROM `y_account` WHERE ( website_name like '%y00170165.huyionline.cn%' OR contract_number like '%y00170165.huyionline.cn%' OR url like '%y00170165.huyionline.cn%' ) ORDER BY `id` desc LIMIT 0,20  [ RunTime:0.000360s ]
[ 2012-11-10T15:20:50+08:00 ] /index.php/Index/main?searchkey=y00170165.huyionline.cn | NOTIC: [2048] Creating default object from empty value CommonAction.class.php 第 161 行.
[ 2012-11-10T15:21:08+08:00 ] /index.php/Index/main?searchkey=y00170165.huyionline.cn | SQL: SHOW COLUMNS FROM `y_account` [ RunTime:0.001387s ]
[ 2012-11-10T15:21:08+08:00 ] /index.php/Index/main?searchkey=y00170165.huyionline.cn | SQL: SELECT * FROM `y_account` WHERE ( `id` = '61' ) LIMIT 1  [ RunTime:0.000088s ]
[ 2012-11-10T15:21:08+08:00 ] /index.php/Index/main?searchkey=y00170165.huyionline.cn | SQL: SHOW COLUMNS FROM `y_category` [ RunTime:0.000533s ]
[ 2012-11-10T15:21:08+08:00 ] /index.php/Index/main?searchkey=y00170165.huyionline.cn | SQL: SELECT * FROM `y_account` ORDER BY id desc [ RunTime:0.000172s ]
[ 2012-11-10T15:21:08+08:00 ] /index.php/Index/main?searchkey=y00170165.huyionline.cn | SQL: SELECT COUNT(*) AS tp_count FROM `y_account` WHERE ( website_name like '%y00170165.huyionline.cn%' OR contract_number like '%y00170165.huyionline.cn%' OR url like '%y00170165.huyionline.cn%' ) LIMIT 1  [ RunTime:0.000061s ]
[ 2012-11-10T15:21:08+08:00 ] /index.php/Index/main?searchkey=y00170165.huyionline.cn | SQL: SELECT * FROM `y_account` WHERE ( website_name like '%y00170165.huyionline.cn%' OR contract_number like '%y00170165.huyionline.cn%' OR url like '%y00170165.huyionline.cn%' ) ORDER BY `id` desc LIMIT 0,20  [ RunTime:0.000065s ]
[ 2012-11-10T15:21:08+08:00 ] /index.php/Index/main?searchkey=y00170165.huyionline.cn | NOTIC: [2048] Creating default object from empty value CommonAction.class.php 第 161 行.
[ 2012-11-10T15:21:51+08:00 ] /index.php/Index/main?searchkey=y00164755.huyionline.cn | SQL: SHOW COLUMNS FROM `y_account` [ RunTime:0.001200s ]
[ 2012-11-10T15:21:51+08:00 ] /index.php/Index/main?searchkey=y00164755.huyionline.cn | SQL: SELECT * FROM `y_account` WHERE ( `id` = '61' ) LIMIT 1  [ RunTime:0.000071s ]
[ 2012-11-10T15:21:51+08:00 ] /index.php/Index/main?searchkey=y00164755.huyionline.cn | SQL: SHOW COLUMNS FROM `y_category` [ RunTime:0.000443s ]
[ 2012-11-10T15:21:51+08:00 ] /index.php/Index/main?searchkey=y00164755.huyionline.cn | SQL: SELECT * FROM `y_account` ORDER BY id desc [ RunTime:0.000166s ]
[ 2012-11-10T15:21:51+08:00 ] /index.php/Index/main?searchkey=y00164755.huyionline.cn | SQL: SELECT COUNT(*) AS tp_count FROM `y_account` WHERE ( website_name like '%y00164755.huyionline.cn%' OR contract_number like '%y00164755.huyionline.cn%' OR url like '%y00164755.huyionline.cn%' ) LIMIT 1  [ RunTime:0.000334s ]
[ 2012-11-10T15:21:51+08:00 ] /index.php/Index/main?searchkey=y00164755.huyionline.cn | SQL: SELECT * FROM `y_account` WHERE ( website_name like '%y00164755.huyionline.cn%' OR contract_number like '%y00164755.huyionline.cn%' OR url like '%y00164755.huyionline.cn%' ) ORDER BY `id` desc LIMIT 0,20  [ RunTime:0.000335s ]
[ 2012-11-10T15:21:51+08:00 ] /index.php/Index/main?searchkey=y00164755.huyionline.cn | NOTIC: [2048] Creating default object from empty value CommonAction.class.php 第 161 行.
[ 2012-11-10T15:21:53+08:00 ] /index.php/Index/main?searchkey= | SQL: SHOW COLUMNS FROM `y_account` [ RunTime:0.001112s ]
[ 2012-11-10T15:21:53+08:00 ] /index.php/Index/main?searchkey= | SQL: SELECT * FROM `y_account` WHERE ( `id` = '61' ) LIMIT 1  [ RunTime:0.000072s ]
[ 2012-11-10T15:21:53+08:00 ] /index.php/Index/main?searchkey= | SQL: SHOW COLUMNS FROM `y_category` [ RunTime:0.000389s ]
[ 2012-11-10T15:21:53+08:00 ] /index.php/Index/main?searchkey= | SQL: SELECT * FROM `y_account` ORDER BY id desc [ RunTime:0.000156s ]
[ 2012-11-10T15:21:53+08:00 ] /index.php/Index/main?searchkey= | NOTIC: [8] Undefined variable: where IndexAction.class.php 第 31 行.
[ 2012-11-10T15:21:53+08:00 ] /index.php/Index/main?searchkey= | SQL: SELECT COUNT(*) AS tp_count FROM `y_account` LIMIT 1  [ RunTime:0.000139s ]
[ 2012-11-10T15:21:53+08:00 ] /index.php/Index/main?searchkey= | SQL: SELECT * FROM `y_account` ORDER BY `id` desc LIMIT 0,20  [ RunTime:0.000307s ]
[ 2012-11-10T15:21:53+08:00 ] /index.php/Index/main?searchkey= | NOTIC: [2] Invalid argument supplied for foreach() CommonAction.class.php 第 159 行.
[ 2012-11-10T15:21:56+08:00 ] /index.php/Index/main?searchkey=y00164755.huyionline.cn%2F | SQL: SHOW COLUMNS FROM `y_account` [ RunTime:0.000918s ]
[ 2012-11-10T15:21:56+08:00 ] /index.php/Index/main?searchkey=y00164755.huyionline.cn%2F | SQL: SELECT * FROM `y_account` WHERE ( `id` = '61' ) LIMIT 1  [ RunTime:0.000067s ]
[ 2012-11-10T15:21:56+08:00 ] /index.php/Index/main?searchkey=y00164755.huyionline.cn%2F | SQL: SHOW COLUMNS FROM `y_category` [ RunTime:0.000380s ]
[ 2012-11-10T15:21:56+08:00 ] /index.php/Index/main?searchkey=y00164755.huyionline.cn%2F | SQL: SELECT * FROM `y_account` ORDER BY id desc [ RunTime:0.000123s ]
[ 2012-11-10T15:21:56+08:00 ] /index.php/Index/main?searchkey=y00164755.huyionline.cn%2F | SQL: SELECT COUNT(*) AS tp_count FROM `y_account` WHERE ( website_name like '%y00164755.huyionline.cn/%' OR contract_number like '%y00164755.huyionline.cn/%' OR url like '%y00164755.huyionline.cn/%' ) LIMIT 1  [ RunTime:0.000298s ]
[ 2012-11-10T15:21:56+08:00 ] /index.php/Index/main?searchkey=y00164755.huyionline.cn%2F | SQL: SELECT * FROM `y_account` WHERE ( website_name like '%y00164755.huyionline.cn/%' OR contract_number like '%y00164755.huyionline.cn/%' OR url like '%y00164755.huyionline.cn/%' ) ORDER BY `id` desc LIMIT 0,20  [ RunTime:0.000270s ]
[ 2012-11-10T15:21:56+08:00 ] /index.php/Index/main?searchkey=y00164755.huyionline.cn%2F | NOTIC: [2048] Creating default object from empty value CommonAction.class.php 第 161 行.
[ 2012-11-10T15:21:59+08:00 ] /index.php/Index/main?searchkey=y00164755.huyionline.cn | SQL: SHOW COLUMNS FROM `y_account` [ RunTime:0.001250s ]
[ 2012-11-10T15:21:59+08:00 ] /index.php/Index/main?searchkey=y00164755.huyionline.cn | SQL: SELECT * FROM `y_account` WHERE ( `id` = '61' ) LIMIT 1  [ RunTime:0.000069s ]
[ 2012-11-10T15:21:59+08:00 ] /index.php/Index/main?searchkey=y00164755.huyionline.cn | SQL: SHOW COLUMNS FROM `y_category` [ RunTime:0.000398s ]
[ 2012-11-10T15:21:59+08:00 ] /index.php/Index/main?searchkey=y00164755.huyionline.cn | SQL: SELECT * FROM `y_account` ORDER BY id desc [ RunTime:0.000124s ]
[ 2012-11-10T15:21:59+08:00 ] /index.php/Index/main?searchkey=y00164755.huyionline.cn | SQL: SELECT COUNT(*) AS tp_count FROM `y_account` WHERE ( website_name like '%y00164755.huyionline.cn%' OR contract_number like '%y00164755.huyionline.cn%' OR url like '%y00164755.huyionline.cn%' ) LIMIT 1  [ RunTime:0.000069s ]
[ 2012-11-10T15:21:59+08:00 ] /index.php/Index/main?searchkey=y00164755.huyionline.cn | SQL: SELECT * FROM `y_account` WHERE ( website_name like '%y00164755.huyionline.cn%' OR contract_number like '%y00164755.huyionline.cn%' OR url like '%y00164755.huyionline.cn%' ) ORDER BY `id` desc LIMIT 0,20  [ RunTime:0.000067s ]
[ 2012-11-10T15:21:59+08:00 ] /index.php/Index/main?searchkey=y00164755.huyionline.cn | NOTIC: [2048] Creating default object from empty value CommonAction.class.php 第 161 行.
[ 2012-11-10T15:22:02+08:00 ] /index.php/Index/main?searchkey=y00164755.huyionline.cn | SQL: SHOW COLUMNS FROM `y_account` [ RunTime:0.001177s ]
[ 2012-11-10T15:22:02+08:00 ] /index.php/Index/main?searchkey=y00164755.huyionline.cn | SQL: SELECT * FROM `y_account` WHERE ( `id` = '3' ) LIMIT 1  [ RunTime:0.000074s ]
[ 2012-11-10T15:22:02+08:00 ] /index.php/Index/main?searchkey=y00164755.huyionline.cn | SQL: SHOW COLUMNS FROM `y_category` [ RunTime:0.000422s ]
[ 2012-11-10T15:22:02+08:00 ] /index.php/Index/main?searchkey=y00164755.huyionline.cn | SQL: SELECT * FROM `y_account` ORDER BY id desc [ RunTime:0.000140s ]
[ 2012-11-10T15:22:02+08:00 ] /index.php/Index/main?searchkey=y00164755.huyionline.cn | SQL: SELECT COUNT(*) AS tp_count FROM `y_account` WHERE ( website_name like '%y00164755.huyionline.cn%' OR contract_number like '%y00164755.huyionline.cn%' OR url like '%y00164755.huyionline.cn%' ) LIMIT 1  [ RunTime:0.000057s ]
[ 2012-11-10T15:22:02+08:00 ] /index.php/Index/main?searchkey=y00164755.huyionline.cn | SQL: SELECT * FROM `y_account` WHERE ( website_name like '%y00164755.huyionline.cn%' OR contract_number like '%y00164755.huyionline.cn%' OR url like '%y00164755.huyionline.cn%' ) ORDER BY `id` desc LIMIT 0,20  [ RunTime:0.000081s ]
[ 2012-11-10T15:22:02+08:00 ] /index.php/Index/main?searchkey=y00164755.huyionline.cn | NOTIC: [2048] Creating default object from empty value CommonAction.class.php 第 161 行.
