[ 2012-11-09T09:58:47+08:00 ] / | NOTIC: [8] Undefined index:  account_id CommonAction.class.php 第 17 行.
[ 2012-11-09T09:58:47+08:00 ] / | SQL: SHOW COLUMNS FROM `y_account` [ RunTime:0.001149s ]
[ 2012-11-09T09:58:47+08:00 ] / | NOTIC: [2] mysql_connect() [<a href='function.mysql-connect'>function.mysql-connect</a>]: Access denied for user 'xiaoluo'@'localhost' (using password: NO) CommonAction.class.php 第 125 行.
[ 2012-11-09T09:58:47+08:00 ] /index.php/Account/edit/id/47 | SQL: SHOW COLUMNS FROM `y_account` [ RunTime:0.000880s ]
[ 2012-11-09T09:58:47+08:00 ] /index.php/Account/edit/id/47 | SQL: SELECT * FROM `y_account` WHERE ( `id` = '47' ) LIMIT 1  [ RunTime:0.000219s ]
[ 2012-11-09T09:58:47+08:00 ] /index.php/Account/edit/id/47 | SQL: SHOW COLUMNS FROM `y_category` [ RunTime:0.000412s ]
[ 2012-11-09T09:58:47+08:00 ] /index.php/Account/edit/id/47 | SQL: SELECT `modules` FROM `y_account` WHERE ( `id` = '47' ) LIMIT 1  [ RunTime:0.000141s ]
[ 2012-11-09T09:58:47+08:00 ] /index.php/Account/edit/id/47 | SQL: SELECT * FROM `y_category` WHERE ( `id` IN ('36','19','20','21','22','23','27','37') ) ORDER BY ordernum desc [ RunTime:0.000087s ]
[ 2012-11-09T09:58:47+08:00 ] /index.php/Account/edit/id/47 | SQL: SELECT * FROM `y_category` WHERE ( `pid` = 11 ) ORDER BY ordernum desc [ RunTime:0.000567s ]
[ 2012-11-09T09:58:47+08:00 ] /index.php/Account/edit/id/47 | NOTIC: [8] Undefined index:  tab_id 196c657f8b82048b1beeb0f9599f5fdc.php 第 287 行.
[ 2012-11-09T09:58:54+08:00 ] /index.php/Index/main | SQL: SHOW COLUMNS FROM `y_account` [ RunTime:0.000940s ]
[ 2012-11-09T09:58:54+08:00 ] /index.php/Index/main | SQL: SELECT * FROM `y_account` WHERE ( `id` = '47' ) LIMIT 1  [ RunTime:0.000072s ]
[ 2012-11-09T09:58:54+08:00 ] /index.php/Index/main | SQL: SHOW COLUMNS FROM `y_category` [ RunTime:0.000657s ]
[ 2012-11-09T09:58:54+08:00 ] /index.php/Index/main | SQL: SELECT * FROM `y_account` ORDER BY id desc [ RunTime:0.000512s ]
[ 2012-11-09T09:58:54+08:00 ] /index.php/Index/main | NOTIC: [8] Undefined index:  searchkey IndexAction.class.php 第 27 行.
[ 2012-11-09T09:58:54+08:00 ] /index.php/Index/main | NOTIC: [8] Undefined variable: where IndexAction.class.php 第 31 行.
[ 2012-11-09T09:58:54+08:00 ] /index.php/Index/main | SQL: SELECT COUNT(*) AS tp_count FROM `y_account` LIMIT 1  [ RunTime:0.000126s ]
[ 2012-11-09T09:58:54+08:00 ] /index.php/Index/main | SQL: SELECT * FROM `y_account` ORDER BY `id` desc LIMIT 0,20  [ RunTime:0.000329s ]
[ 2012-11-09T09:58:54+08:00 ] /index.php/Index/main | NOTIC: [2] Invalid argument supplied for foreach() CommonAction.class.php 第 159 行.
[ 2012-11-09T10:00:14+08:00 ] /index.php/Account/edit/id/68 | SQL: SHOW COLUMNS FROM `y_account` [ RunTime:0.001160s ]
[ 2012-11-09T10:00:14+08:00 ] /index.php/Account/edit/id/68 | SQL: SELECT * FROM `y_account` WHERE ( `id` = '68' ) LIMIT 1  [ RunTime:0.000218s ]
[ 2012-11-09T10:00:14+08:00 ] /index.php/Account/edit/id/68 | SQL: SHOW COLUMNS FROM `y_category` [ RunTime:0.000419s ]
[ 2012-11-09T10:00:14+08:00 ] /index.php/Account/edit/id/68 | SQL: SELECT `modules` FROM `y_account` WHERE ( `id` = '68' ) LIMIT 1  [ RunTime:0.000132s ]
[ 2012-11-09T10:00:14+08:00 ] /index.php/Account/edit/id/68 | SQL: SELECT * FROM `y_category` WHERE ( `id` IN ('36','19','20','21','22','23','27','37') ) ORDER BY ordernum desc [ RunTime:0.000069s ]
[ 2012-11-09T10:00:14+08:00 ] /index.php/Account/edit/id/68 | SQL: SELECT * FROM `y_category` WHERE ( `pid` = 11 ) ORDER BY ordernum desc [ RunTime:0.000355s ]
[ 2012-11-09T10:00:14+08:00 ] /index.php/Account/edit/id/68 | NOTIC: [8] Undefined index:  tab_id 196c657f8b82048b1beeb0f9599f5fdc.php 第 287 行.
[ 2012-11-09T10:00:27+08:00 ] /index.php/Account/edit/id/52 | SQL: SHOW COLUMNS FROM `y_account` [ RunTime:0.000994s ]
[ 2012-11-09T10:00:27+08:00 ] /index.php/Account/edit/id/52 | SQL: SELECT * FROM `y_account` WHERE ( `id` = '52' ) LIMIT 1  [ RunTime:0.000223s ]
[ 2012-11-09T10:00:27+08:00 ] /index.php/Account/edit/id/52 | SQL: SHOW COLUMNS FROM `y_category` [ RunTime:0.000445s ]
[ 2012-11-09T10:00:27+08:00 ] /index.php/Account/edit/id/52 | SQL: SELECT `modules` FROM `y_account` WHERE ( `id` = '52' ) LIMIT 1  [ RunTime:0.000134s ]
[ 2012-11-09T10:00:27+08:00 ] /index.php/Account/edit/id/52 | SQL: SELECT * FROM `y_category` WHERE ( `id` IN ('36','19','20','21','22','23','27','37') ) ORDER BY ordernum desc [ RunTime:0.000367s ]
[ 2012-11-09T10:00:27+08:00 ] /index.php/Account/edit/id/52 | SQL: SELECT * FROM `y_category` WHERE ( `pid` = 11 ) ORDER BY ordernum desc [ RunTime:0.000443s ]
[ 2012-11-09T10:00:27+08:00 ] /index.php/Account/edit/id/52 | NOTIC: [8] Undefined index:  tab_id 196c657f8b82048b1beeb0f9599f5fdc.php 第 287 行.
[ 2012-11-09T10:01:12+08:00 ] / | SQL: SHOW COLUMNS FROM `y_account` [ RunTime:0.001168s ]
[ 2012-11-09T10:01:12+08:00 ] / | SQL: SELECT * FROM `y_account` WHERE ( `id` = '52' ) LIMIT 1  [ RunTime:0.000075s ]
[ 2012-11-09T10:01:12+08:00 ] / | SQL: SHOW COLUMNS FROM `y_category` [ RunTime:0.000651s ]
[ 2012-11-09T10:12:03+08:00 ] / | NOTIC: [8] Undefined index:  account_id CommonAction.class.php 第 17 行.
[ 2012-11-09T10:12:03+08:00 ] / | SQL: SHOW COLUMNS FROM `y_account` [ RunTime:0.000957s ]
[ 2012-11-09T10:12:03+08:00 ] / | NOTIC: [2] mysql_connect() [<a href='function.mysql-connect'>function.mysql-connect</a>]: Access denied for user 'xiaoluo'@'localhost' (using password: NO) CommonAction.class.php 第 125 行.
[ 2012-11-09T10:12:03+08:00 ] /index.php/Index/main | NOTIC: [8] Undefined index:  account_id CommonAction.class.php 第 17 行.
[ 2012-11-09T10:12:03+08:00 ] /index.php/Index/main | SQL: SHOW COLUMNS FROM `y_account` [ RunTime:0.001212s ]
[ 2012-11-09T10:12:03+08:00 ] /index.php/Index/main | NOTIC: [2] mysql_connect() [<a href='function.mysql-connect'>function.mysql-connect</a>]: Access denied for user 'xiaoluo'@'localhost' (using password: NO) CommonAction.class.php 第 125 行.
[ 2012-11-09T10:12:03+08:00 ] /index.php/Index/main | SQL: SELECT * FROM `y_account` ORDER BY id desc [ RunTime:0.000190s ]
[ 2012-11-09T10:12:03+08:00 ] /index.php/Index/main | NOTIC: [8] Undefined index:  searchkey IndexAction.class.php 第 27 行.
[ 2012-11-09T10:12:03+08:00 ] /index.php/Index/main | NOTIC: [8] Undefined variable: where IndexAction.class.php 第 31 行.
[ 2012-11-09T10:12:03+08:00 ] /index.php/Index/main | SQL: SELECT COUNT(*) AS tp_count FROM `y_account` LIMIT 1  [ RunTime:0.000054s ]
[ 2012-11-09T10:12:03+08:00 ] /index.php/Index/main | SQL: SELECT * FROM `y_account` ORDER BY `id` desc LIMIT 0,20  [ RunTime:0.000083s ]
[ 2012-11-09T10:12:03+08:00 ] /index.php/Index/main | NOTIC: [2] Invalid argument supplied for foreach() CommonAction.class.php 第 159 行.
[ 2012-11-09T10:12:03+08:00 ] /index.php/Index/left | NOTIC: [8] Undefined index:  account_id CommonAction.class.php 第 17 行.
[ 2012-11-09T10:12:03+08:00 ] /index.php/Index/left | SQL: SHOW COLUMNS FROM `y_account` [ RunTime:0.001402s ]
[ 2012-11-09T10:12:03+08:00 ] /index.php/Index/left | NOTIC: [2] mysql_connect() [<a href='function.mysql-connect'>function.mysql-connect</a>]: Access denied for user 'xiaoluo'@'localhost' (using password: NO) CommonAction.class.php 第 125 行.
[ 2012-11-09T10:12:03+08:00 ] /index.php/Index/left | NOTIC: [8] Undefined index:  account_id 196c657f8b82048b1beeb0f9599f5fdc.php 第 15 行.
[ 2012-11-09T10:12:03+08:00 ] /index.php/Index/left | NOTIC: [8] Undefined variable: isConnect 196c657f8b82048b1beeb0f9599f5fdc.php 第 59 行.
[ 2012-11-09T10:12:03+08:00 ] /index.php/Index/left | NOTIC: [8] Undefined variable: langList 196c657f8b82048b1beeb0f9599f5fdc.php 第 114 行.
[ 2012-11-09T10:12:03+08:00 ] /index.php/Index/left | NOTIC: [8] Undefined variable: moduleList 196c657f8b82048b1beeb0f9599f5fdc.php 第 220 行.
[ 2012-11-09T10:12:03+08:00 ] /index.php/Index/left | NOTIC: [8] Undefined index:  tab_id 196c657f8b82048b1beeb0f9599f5fdc.php 第 287 行.
[ 2012-11-09T15:03:17+08:00 ] / | NOTIC: [8] Undefined index:  account_id CommonAction.class.php 第 17 行.
[ 2012-11-09T15:03:17+08:00 ] / | SQL: SHOW COLUMNS FROM `y_account` [ RunTime:0.001077s ]
[ 2012-11-09T15:03:17+08:00 ] / | NOTIC: [2] mysql_connect() [<a href='function.mysql-connect'>function.mysql-connect</a>]: Access denied for user 'xiaoluo'@'localhost' (using password: NO) CommonAction.class.php 第 125 行.
[ 2012-11-09T15:03:18+08:00 ] /index.php/Index/main | NOTIC: [8] Undefined index:  account_id CommonAction.class.php 第 17 行.
[ 2012-11-09T15:03:18+08:00 ] /index.php/Index/main | SQL: SHOW COLUMNS FROM `y_account` [ RunTime:0.001160s ]
[ 2012-11-09T15:03:18+08:00 ] /index.php/Index/main | NOTIC: [2] mysql_connect() [<a href='function.mysql-connect'>function.mysql-connect</a>]: Access denied for user 'xiaoluo'@'localhost' (using password: NO) CommonAction.class.php 第 125 行.
[ 2012-11-09T15:03:18+08:00 ] /index.php/Index/main | SQL: SELECT * FROM `y_account` ORDER BY id desc [ RunTime:0.000522s ]
[ 2012-11-09T15:03:18+08:00 ] /index.php/Index/main | NOTIC: [8] Undefined index:  searchkey IndexAction.class.php 第 27 行.
[ 2012-11-09T15:03:18+08:00 ] /index.php/Index/main | NOTIC: [8] Undefined variable: where IndexAction.class.php 第 31 行.
[ 2012-11-09T15:03:18+08:00 ] /index.php/Index/main | SQL: SELECT COUNT(*) AS tp_count FROM `y_account` LIMIT 1  [ RunTime:0.000133s ]
[ 2012-11-09T15:03:18+08:00 ] /index.php/Index/main | SQL: SELECT * FROM `y_account` ORDER BY `id` desc LIMIT 0,20  [ RunTime:0.000292s ]
[ 2012-11-09T15:03:18+08:00 ] /index.php/Index/main | NOTIC: [2] Invalid argument supplied for foreach() CommonAction.class.php 第 159 行.
[ 2012-11-09T15:03:18+08:00 ] /index.php/Index/left | NOTIC: [8] Undefined index:  account_id CommonAction.class.php 第 17 行.
[ 2012-11-09T15:03:18+08:00 ] /index.php/Index/left | SQL: SHOW COLUMNS FROM `y_account` [ RunTime:0.000914s ]
[ 2012-11-09T15:03:18+08:00 ] /index.php/Index/left | NOTIC: [2] mysql_connect() [<a href='function.mysql-connect'>function.mysql-connect</a>]: Access denied for user 'xiaoluo'@'localhost' (using password: NO) CommonAction.class.php 第 125 行.
[ 2012-11-09T15:03:18+08:00 ] /index.php/Index/left | NOTIC: [8] Undefined index:  account_id 196c657f8b82048b1beeb0f9599f5fdc.php 第 15 行.
[ 2012-11-09T15:03:18+08:00 ] /index.php/Index/left | NOTIC: [8] Undefined variable: isConnect 196c657f8b82048b1beeb0f9599f5fdc.php 第 59 行.
[ 2012-11-09T15:03:18+08:00 ] /index.php/Index/left | NOTIC: [8] Undefined variable: langList 196c657f8b82048b1beeb0f9599f5fdc.php 第 114 行.
[ 2012-11-09T15:03:18+08:00 ] /index.php/Index/left | NOTIC: [8] Undefined variable: moduleList 196c657f8b82048b1beeb0f9599f5fdc.php 第 220 行.
[ 2012-11-09T15:03:18+08:00 ] /index.php/Index/left | NOTIC: [8] Undefined index:  tab_id 196c657f8b82048b1beeb0f9599f5fdc.php 第 287 行.
[ 2012-11-09T15:03:18+08:00 ] /index.php/Index/main | NOTIC: [8] Undefined index:  account_id CommonAction.class.php 第 17 行.
[ 2012-11-09T15:03:18+08:00 ] /index.php/Index/main | SQL: SHOW COLUMNS FROM `y_account` [ RunTime:0.001458s ]
[ 2012-11-09T15:03:18+08:00 ] /index.php/Index/main | NOTIC: [2] mysql_connect() [<a href='function.mysql-connect'>function.mysql-connect</a>]: Access denied for user 'xiaoluo'@'localhost' (using password: NO) CommonAction.class.php 第 125 行.
[ 2012-11-09T15:03:18+08:00 ] /index.php/Index/main | SQL: SELECT * FROM `y_account` ORDER BY id desc [ RunTime:0.000211s ]
[ 2012-11-09T15:03:18+08:00 ] /index.php/Index/main | NOTIC: [8] Undefined index:  searchkey IndexAction.class.php 第 27 行.
[ 2012-11-09T15:03:18+08:00 ] /index.php/Index/main | NOTIC: [8] Undefined variable: where IndexAction.class.php 第 31 行.
[ 2012-11-09T15:03:18+08:00 ] /index.php/Index/main | SQL: SELECT COUNT(*) AS tp_count FROM `y_account` LIMIT 1  [ RunTime:0.000073s ]
[ 2012-11-09T15:03:18+08:00 ] /index.php/Index/main | SQL: SELECT * FROM `y_account` ORDER BY `id` desc LIMIT 0,20  [ RunTime:0.000111s ]
[ 2012-11-09T15:03:18+08:00 ] /index.php/Index/main | NOTIC: [2] Invalid argument supplied for foreach() CommonAction.class.php 第 159 行.
[ 2012-11-09T15:03:22+08:00 ] /index.php/Account/edit/id/68 | SQL: SHOW COLUMNS FROM `y_account` [ RunTime:0.001125s ]
[ 2012-11-09T15:03:22+08:00 ] /index.php/Account/edit/id/68 | SQL: SELECT * FROM `y_account` WHERE ( `id` = '68' ) LIMIT 1  [ RunTime:0.000217s ]
[ 2012-11-09T15:03:22+08:00 ] /index.php/Account/edit/id/68 | SQL: SHOW COLUMNS FROM `y_category` [ RunTime:0.000514s ]
[ 2012-11-09T15:03:22+08:00 ] /index.php/Account/edit/id/68 | SQL: SELECT `modules` FROM `y_account` WHERE ( `id` = '68' ) LIMIT 1  [ RunTime:0.000138s ]
[ 2012-11-09T15:03:22+08:00 ] /index.php/Account/edit/id/68 | SQL: SELECT * FROM `y_category` WHERE ( `id` IN ('36','19','20','21','22','23','27','37') ) ORDER BY ordernum desc [ RunTime:0.000065s ]
[ 2012-11-09T15:03:22+08:00 ] /index.php/Account/edit/id/68 | SQL: SELECT * FROM `y_category` WHERE ( `pid` = 11 ) ORDER BY ordernum desc [ RunTime:0.000066s ]
[ 2012-11-09T15:03:22+08:00 ] /index.php/Account/edit/id/68 | NOTIC: [8] Undefined index:  tab_id 196c657f8b82048b1beeb0f9599f5fdc.php 第 287 行.
[ 2012-11-09T15:03:32+08:00 ] /index.php/Index/main | SQL: SHOW COLUMNS FROM `y_account` [ RunTime:0.001112s ]
[ 2012-11-09T15:03:32+08:00 ] /index.php/Index/main | SQL: SELECT * FROM `y_account` WHERE ( `id` = '68' ) LIMIT 1  [ RunTime:0.000077s ]
[ 2012-11-09T15:03:32+08:00 ] /index.php/Index/main | SQL: SHOW COLUMNS FROM `y_category` [ RunTime:0.000457s ]
[ 2012-11-09T15:03:32+08:00 ] /index.php/Index/main | SQL: SELECT * FROM `y_account` ORDER BY id desc [ RunTime:0.000168s ]
[ 2012-11-09T15:03:32+08:00 ] /index.php/Index/main | NOTIC: [8] Undefined index:  searchkey IndexAction.class.php 第 27 行.
[ 2012-11-09T15:03:32+08:00 ] /index.php/Index/main | NOTIC: [8] Undefined variable: where IndexAction.class.php 第 31 行.
[ 2012-11-09T15:03:32+08:00 ] /index.php/Index/main | SQL: SELECT COUNT(*) AS tp_count FROM `y_account` LIMIT 1  [ RunTime:0.000058s ]
[ 2012-11-09T15:03:32+08:00 ] /index.php/Index/main | SQL: SELECT * FROM `y_account` ORDER BY `id` desc LIMIT 0,20  [ RunTime:0.000092s ]
[ 2012-11-09T15:03:32+08:00 ] /index.php/Index/main | NOTIC: [2] Invalid argument supplied for foreach() CommonAction.class.php 第 159 行.
[ 2012-11-09T15:10:58+08:00 ] /index.php/Account/edit/id/68 | SQL: SHOW COLUMNS FROM `y_account` [ RunTime:0.001030s ]
[ 2012-11-09T15:10:58+08:00 ] /index.php/Account/edit/id/68 | SQL: SELECT * FROM `y_account` WHERE ( `id` = '68' ) LIMIT 1  [ RunTime:0.000076s ]
[ 2012-11-09T15:10:58+08:00 ] /index.php/Account/edit/id/68 | SQL: SHOW COLUMNS FROM `y_category` [ RunTime:0.000423s ]
[ 2012-11-09T15:10:58+08:00 ] /index.php/Account/edit/id/68 | SQL: SELECT `modules` FROM `y_account` WHERE ( `id` = '68' ) LIMIT 1  [ RunTime:0.000055s ]
[ 2012-11-09T15:10:58+08:00 ] /index.php/Account/edit/id/68 | SQL: SELECT * FROM `y_category` WHERE ( `id` IN ('36','19','20','21','22','23','27','37') ) ORDER BY ordernum desc [ RunTime:0.000100s ]
[ 2012-11-09T15:10:58+08:00 ] /index.php/Account/edit/id/68 | SQL: SELECT * FROM `y_category` WHERE ( `pid` = 11 ) ORDER BY ordernum desc [ RunTime:0.000076s ]
[ 2012-11-09T15:10:58+08:00 ] /index.php/Account/edit/id/68 | NOTIC: [8] Undefined index:  tab_id 196c657f8b82048b1beeb0f9599f5fdc.php 第 287 行.
[ 2012-11-09T15:10:59+08:00 ] /index.php/Account/edit/id/68 | SQL: SHOW COLUMNS FROM `y_account` [ RunTime:0.001230s ]
[ 2012-11-09T15:10:59+08:00 ] /index.php/Account/edit/id/68 | SQL: SELECT * FROM `y_account` WHERE ( `id` = '68' ) LIMIT 1  [ RunTime:0.000078s ]
[ 2012-11-09T15:10:59+08:00 ] /index.php/Account/edit/id/68 | SQL: SHOW COLUMNS FROM `y_category` [ RunTime:0.000507s ]
[ 2012-11-09T15:10:59+08:00 ] /index.php/Account/edit/id/68 | SQL: SELECT `modules` FROM `y_account` WHERE ( `id` = '68' ) LIMIT 1  [ RunTime:0.000059s ]
[ 2012-11-09T15:10:59+08:00 ] /index.php/Account/edit/id/68 | SQL: SELECT * FROM `y_category` WHERE ( `id` IN ('36','19','20','21','22','23','27','37') ) ORDER BY ordernum desc [ RunTime:0.000104s ]
[ 2012-11-09T15:10:59+08:00 ] /index.php/Account/edit/id/68 | SQL: SELECT * FROM `y_category` WHERE ( `pid` = 11 ) ORDER BY ordernum desc [ RunTime:0.000067s ]
[ 2012-11-09T15:10:59+08:00 ] /index.php/Account/edit/id/68 | NOTIC: [8] Undefined index:  tab_id 196c657f8b82048b1beeb0f9599f5fdc.php 第 287 行.
[ 2012-11-09T15:11:02+08:00 ] /index.php/Index/main | SQL: SHOW COLUMNS FROM `y_account` [ RunTime:0.001195s ]
[ 2012-11-09T15:11:02+08:00 ] /index.php/Index/main | SQL: SELECT * FROM `y_account` WHERE ( `id` = '68' ) LIMIT 1  [ RunTime:0.000081s ]
[ 2012-11-09T15:11:02+08:00 ] /index.php/Index/main | SQL: SHOW COLUMNS FROM `y_category` [ RunTime:0.000744s ]
[ 2012-11-09T15:11:02+08:00 ] /index.php/Index/main | SQL: SELECT * FROM `y_account` ORDER BY id desc [ RunTime:0.000219s ]
[ 2012-11-09T15:11:02+08:00 ] /index.php/Index/main | NOTIC: [8] Undefined index:  searchkey IndexAction.class.php 第 27 行.
[ 2012-11-09T15:11:02+08:00 ] /index.php/Index/main | NOTIC: [8] Undefined variable: where IndexAction.class.php 第 31 行.
[ 2012-11-09T15:11:02+08:00 ] /index.php/Index/main | SQL: SELECT COUNT(*) AS tp_count FROM `y_account` LIMIT 1  [ RunTime:0.000071s ]
[ 2012-11-09T15:11:02+08:00 ] /index.php/Index/main | SQL: SELECT * FROM `y_account` ORDER BY `id` desc LIMIT 0,20  [ RunTime:0.000112s ]
[ 2012-11-09T15:11:02+08:00 ] /index.php/Index/main | NOTIC: [2] Invalid argument supplied for foreach() CommonAction.class.php 第 159 行.
[ 2012-11-09T15:19:29+08:00 ] / | NOTIC: [8] Undefined index:  account_id CommonAction.class.php 第 17 行.
[ 2012-11-09T15:19:29+08:00 ] / | SQL: SHOW COLUMNS FROM `y_account` [ RunTime:0.001453s ]
[ 2012-11-09T15:19:29+08:00 ] / | NOTIC: [2] mysql_connect() [<a href='function.mysql-connect'>function.mysql-connect</a>]: Access denied for user 'xiaoluo'@'localhost' (using password: NO) CommonAction.class.php 第 125 行.
[ 2012-11-09T15:19:30+08:00 ] /index.php/Index/main | NOTIC: [8] Undefined index:  account_id CommonAction.class.php 第 17 行.
[ 2012-11-09T15:19:30+08:00 ] /index.php/Index/main | SQL: SHOW COLUMNS FROM `y_account` [ RunTime:0.001109s ]
[ 2012-11-09T15:19:30+08:00 ] /index.php/Index/main | NOTIC: [2] mysql_connect() [<a href='function.mysql-connect'>function.mysql-connect</a>]: Access denied for user 'xiaoluo'@'localhost' (using password: NO) CommonAction.class.php 第 125 行.
[ 2012-11-09T15:19:30+08:00 ] /index.php/Index/main | SQL: SELECT * FROM `y_account` ORDER BY id desc [ RunTime:0.000149s ]
[ 2012-11-09T15:19:30+08:00 ] /index.php/Index/main | NOTIC: [8] Undefined index:  searchkey IndexAction.class.php 第 27 行.
[ 2012-11-09T15:19:30+08:00 ] /index.php/Index/main | NOTIC: [8] Undefined variable: where IndexAction.class.php 第 31 行.
[ 2012-11-09T15:19:30+08:00 ] /index.php/Index/main | SQL: SELECT COUNT(*) AS tp_count FROM `y_account` LIMIT 1  [ RunTime:0.000055s ]
[ 2012-11-09T15:19:30+08:00 ] /index.php/Index/main | SQL: SELECT * FROM `y_account` ORDER BY `id` desc LIMIT 0,20  [ RunTime:0.000085s ]
[ 2012-11-09T15:19:30+08:00 ] /index.php/Index/main | NOTIC: [2] Invalid argument supplied for foreach() CommonAction.class.php 第 159 行.
[ 2012-11-09T15:19:30+08:00 ] /index.php/Index/left | NOTIC: [8] Undefined index:  account_id CommonAction.class.php 第 17 行.
[ 2012-11-09T15:19:30+08:00 ] /index.php/Index/left | SQL: SHOW COLUMNS FROM `y_account` [ RunTime:0.001124s ]
[ 2012-11-09T15:19:30+08:00 ] /index.php/Index/left | NOTIC: [2] mysql_connect() [<a href='function.mysql-connect'>function.mysql-connect</a>]: Access denied for user 'xiaoluo'@'localhost' (using password: NO) CommonAction.class.php 第 125 行.
[ 2012-11-09T15:19:30+08:00 ] /index.php/Index/left | NOTIC: [8] Undefined index:  account_id 196c657f8b82048b1beeb0f9599f5fdc.php 第 15 行.
[ 2012-11-09T15:19:30+08:00 ] /index.php/Index/left | NOTIC: [8] Undefined variable: isConnect 196c657f8b82048b1beeb0f9599f5fdc.php 第 59 行.
[ 2012-11-09T15:19:30+08:00 ] /index.php/Index/left | NOTIC: [8] Undefined variable: langList 196c657f8b82048b1beeb0f9599f5fdc.php 第 114 行.
[ 2012-11-09T15:19:30+08:00 ] /index.php/Index/left | NOTIC: [8] Undefined variable: moduleList 196c657f8b82048b1beeb0f9599f5fdc.php 第 220 行.
[ 2012-11-09T15:19:30+08:00 ] /index.php/Index/left | NOTIC: [8] Undefined index:  tab_id 196c657f8b82048b1beeb0f9599f5fdc.php 第 287 行.
[ 2012-11-09T15:21:22+08:00 ] /index.php/Account/edit/id/61 | SQL: SHOW COLUMNS FROM `y_account` [ RunTime:0.000965s ]
[ 2012-11-09T15:21:22+08:00 ] /index.php/Account/edit/id/61 | SQL: SELECT * FROM `y_account` WHERE ( `id` = '61' ) LIMIT 1  [ RunTime:0.000278s ]
[ 2012-11-09T15:21:22+08:00 ] /index.php/Account/edit/id/61 | SQL: SHOW COLUMNS FROM `y_category` [ RunTime:0.000588s ]
[ 2012-11-09T15:21:22+08:00 ] /index.php/Account/edit/id/61 | SQL: SELECT `modules` FROM `y_account` WHERE ( `id` = '61' ) LIMIT 1  [ RunTime:0.000198s ]
[ 2012-11-09T15:21:22+08:00 ] /index.php/Account/edit/id/61 | SQL: SELECT * FROM `y_category` WHERE ( `id` IN ('36','19','20','21','22','23','27','37') ) ORDER BY ordernum desc [ RunTime:0.000118s ]
[ 2012-11-09T15:21:22+08:00 ] /index.php/Account/edit/id/61 | SQL: SELECT * FROM `y_category` WHERE ( `pid` = 11 ) ORDER BY ordernum desc [ RunTime:0.000085s ]
[ 2012-11-09T15:21:22+08:00 ] /index.php/Account/edit/id/61 | NOTIC: [8] Undefined index:  tab_id 196c657f8b82048b1beeb0f9599f5fdc.php 第 287 行.
[ 2012-11-09T15:21:28+08:00 ] /index.php/Account/edit/id/61/tab_id/test1 | SQL: SHOW COLUMNS FROM `y_account` [ RunTime:0.000920s ]
[ 2012-11-09T15:21:28+08:00 ] /index.php/Account/edit/id/61/tab_id/test1 | SQL: SELECT * FROM `y_account` WHERE ( `id` = '61' ) LIMIT 1  [ RunTime:0.000209s ]
[ 2012-11-09T15:21:28+08:00 ] /index.php/Account/edit/id/61/tab_id/test1 | SQL: SHOW COLUMNS FROM `y_category` [ RunTime:0.000417s ]
[ 2012-11-09T15:21:28+08:00 ] /index.php/Account/edit/id/61/tab_id/test1 | SQL: SELECT `modules` FROM `y_account` WHERE ( `id` = '61' ) LIMIT 1  [ RunTime:0.000135s ]
[ 2012-11-09T15:21:28+08:00 ] /index.php/Account/edit/id/61/tab_id/test1 | SQL: SELECT * FROM `y_category` WHERE ( `id` IN ('36','19','20','21','22','23','27','37') ) ORDER BY ordernum desc [ RunTime:0.000062s ]
[ 2012-11-09T15:21:28+08:00 ] /index.php/Account/edit/id/61/tab_id/test1 | SQL: SELECT * FROM `y_category` WHERE ( `pid` = 11 ) ORDER BY ordernum desc [ RunTime:0.000065s ]
[ 2012-11-09T15:21:30+08:00 ] /index.php/Index/main | SQL: SHOW COLUMNS FROM `y_account` [ RunTime:0.001408s ]
[ 2012-11-09T15:21:30+08:00 ] /index.php/Index/main | SQL: SELECT * FROM `y_account` WHERE ( `id` = '61' ) LIMIT 1  [ RunTime:0.000090s ]
[ 2012-11-09T15:21:30+08:00 ] /index.php/Index/main | SQL: SHOW COLUMNS FROM `y_category` [ RunTime:0.000576s ]
[ 2012-11-09T15:21:30+08:00 ] /index.php/Index/main | SQL: SELECT * FROM `y_account` ORDER BY id desc [ RunTime:0.000696s ]
[ 2012-11-09T15:21:30+08:00 ] /index.php/Index/main | NOTIC: [8] Undefined index:  searchkey IndexAction.class.php 第 27 行.
[ 2012-11-09T15:21:30+08:00 ] /index.php/Index/main | NOTIC: [8] Undefined variable: where IndexAction.class.php 第 31 行.
[ 2012-11-09T15:21:30+08:00 ] /index.php/Index/main | SQL: SELECT COUNT(*) AS tp_count FROM `y_account` LIMIT 1  [ RunTime:0.000154s ]
[ 2012-11-09T15:21:30+08:00 ] /index.php/Index/main | SQL: SELECT * FROM `y_account` ORDER BY `id` desc LIMIT 0,20  [ RunTime:0.000399s ]
[ 2012-11-09T15:21:30+08:00 ] /index.php/Index/main | NOTIC: [2] Invalid argument supplied for foreach() CommonAction.class.php 第 159 行.
[ 2012-11-09T15:21:30+08:00 ] /index.php/Account/edit/id/61/tab_id/test2 | SQL: SHOW COLUMNS FROM `y_account` [ RunTime:0.001328s ]
[ 2012-11-09T15:21:30+08:00 ] /index.php/Account/edit/id/61/tab_id/test2 | SQL: SELECT * FROM `y_account` WHERE ( `id` = '61' ) LIMIT 1  [ RunTime:0.000093s ]
[ 2012-11-09T15:21:30+08:00 ] /index.php/Account/edit/id/61/tab_id/test2 | SQL: SHOW COLUMNS FROM `y_category` [ RunTime:0.000469s ]
[ 2012-11-09T15:21:30+08:00 ] /index.php/Account/edit/id/61/tab_id/test2 | SQL: SELECT `modules` FROM `y_account` WHERE ( `id` = '61' ) LIMIT 1  [ RunTime:0.000061s ]
[ 2012-11-09T15:21:30+08:00 ] /index.php/Account/edit/id/61/tab_id/test2 | SQL: SELECT * FROM `y_category` WHERE ( `id` IN ('36','19','20','21','22','23','27','37') ) ORDER BY ordernum desc [ RunTime:0.000075s ]
[ 2012-11-09T15:21:30+08:00 ] /index.php/Account/edit/id/61/tab_id/test2 | SQL: SELECT * FROM `y_category` WHERE ( `pid` = 11 ) ORDER BY ordernum desc [ RunTime:0.000066s ]
[ 2012-11-09T15:21:40+08:00 ] /index.php/Index/main | SQL: SHOW COLUMNS FROM `y_account` [ RunTime:0.001300s ]
[ 2012-11-09T15:21:40+08:00 ] /index.php/Index/main | SQL: SELECT * FROM `y_account` WHERE ( `id` = '61' ) LIMIT 1  [ RunTime:0.000092s ]
[ 2012-11-09T15:21:40+08:00 ] /index.php/Index/main | SQL: SHOW COLUMNS FROM `y_category` [ RunTime:0.000537s ]
[ 2012-11-09T15:21:40+08:00 ] /index.php/Index/main | SQL: SELECT * FROM `y_account` ORDER BY id desc [ RunTime:0.000167s ]
[ 2012-11-09T15:21:40+08:00 ] /index.php/Index/main | NOTIC: [8] Undefined index:  searchkey IndexAction.class.php 第 27 行.
[ 2012-11-09T15:21:40+08:00 ] /index.php/Index/main | NOTIC: [8] Undefined variable: where IndexAction.class.php 第 31 行.
[ 2012-11-09T15:21:40+08:00 ] /index.php/Index/main | SQL: SELECT COUNT(*) AS tp_count FROM `y_account` LIMIT 1  [ RunTime:0.000078s ]
[ 2012-11-09T15:21:40+08:00 ] /index.php/Index/main | SQL: SELECT * FROM `y_account` ORDER BY `id` desc LIMIT 0,20  [ RunTime:0.000108s ]
[ 2012-11-09T15:21:40+08:00 ] /index.php/Index/main | NOTIC: [2] Invalid argument supplied for foreach() CommonAction.class.php 第 159 行.
[ 2012-11-09T15:44:17+08:00 ] /index.php/Index/main | SQL: SHOW COLUMNS FROM `y_account` [ RunTime:0.001143s ]
[ 2012-11-09T15:44:17+08:00 ] /index.php/Index/main | SQL: SELECT * FROM `y_account` WHERE ( `id` = '68' ) LIMIT 1  [ RunTime:0.000251s ]
[ 2012-11-09T15:44:17+08:00 ] /index.php/Index/main | SQL: SHOW COLUMNS FROM `y_category` [ RunTime:0.000463s ]
[ 2012-11-09T15:44:17+08:00 ] /index.php/Index/main | SQL: SELECT * FROM `y_account` ORDER BY id desc [ RunTime:0.000160s ]
[ 2012-11-09T15:44:17+08:00 ] /index.php/Index/main | NOTIC: [8] Undefined index:  searchkey IndexAction.class.php 第 27 行.
[ 2012-11-09T15:44:17+08:00 ] /index.php/Index/main | NOTIC: [8] Undefined variable: where IndexAction.class.php 第 31 行.
[ 2012-11-09T15:44:17+08:00 ] /index.php/Index/main | SQL: SELECT COUNT(*) AS tp_count FROM `y_account` LIMIT 1  [ RunTime:0.000055s ]
[ 2012-11-09T15:44:17+08:00 ] /index.php/Index/main | SQL: SELECT * FROM `y_account` ORDER BY `id` desc LIMIT 0,20  [ RunTime:0.000084s ]
[ 2012-11-09T15:44:17+08:00 ] /index.php/Index/main | NOTIC: [2] Invalid argument supplied for foreach() CommonAction.class.php 第 159 行.
[ 2012-11-09T15:44:20+08:00 ] /index.php/Index/newAccount | SQL: SHOW COLUMNS FROM `y_account` [ RunTime:0.001310s ]
[ 2012-11-09T15:44:20+08:00 ] /index.php/Index/newAccount | SQL: SELECT * FROM `y_account` WHERE ( `id` = '68' ) LIMIT 1  [ RunTime:0.000091s ]
[ 2012-11-09T15:44:20+08:00 ] /index.php/Index/newAccount | SQL: SHOW COLUMNS FROM `y_category` [ RunTime:0.000527s ]
[ 2012-11-09T15:44:20+08:00 ] /index.php/Index/newAccount | NOTIC: [8] Undefined index:  account_id 196c657f8b82048b1beeb0f9599f5fdc.php 第 15 行.
[ 2012-11-09T15:44:20+08:00 ] /index.php/Index/newAccount | NOTIC: [8] Undefined variable: isConnect 196c657f8b82048b1beeb0f9599f5fdc.php 第 59 行.
[ 2012-11-09T15:44:20+08:00 ] /index.php/Index/newAccount | NOTIC: [8] Undefined variable: langList 196c657f8b82048b1beeb0f9599f5fdc.php 第 114 行.
[ 2012-11-09T15:44:20+08:00 ] /index.php/Index/newAccount | NOTIC: [8] Undefined variable: moduleList 196c657f8b82048b1beeb0f9599f5fdc.php 第 220 行.
[ 2012-11-09T15:44:20+08:00 ] /index.php/Index/newAccount | NOTIC: [8] Undefined index:  tab_id 196c657f8b82048b1beeb0f9599f5fdc.php 第 287 行.
[ 2012-11-09T15:56:09+08:00 ] /index.php/Index/newAccount | SQL: SHOW COLUMNS FROM `y_account` [ RunTime:0.000923s ]
[ 2012-11-09T15:56:09+08:00 ] /index.php/Index/newAccount | SQL: SELECT * FROM `y_account` WHERE ( `id` = '61' ) LIMIT 1  [ RunTime:0.000068s ]
[ 2012-11-09T15:56:09+08:00 ] /index.php/Index/newAccount | SQL: SHOW COLUMNS FROM `y_category` [ RunTime:0.000377s ]
[ 2012-11-09T15:56:09+08:00 ] /index.php/Index/newAccount | NOTIC: [8] Undefined index:  account_id 196c657f8b82048b1beeb0f9599f5fdc.php 第 15 行.
[ 2012-11-09T15:56:09+08:00 ] /index.php/Index/newAccount | NOTIC: [8] Undefined variable: isConnect 196c657f8b82048b1beeb0f9599f5fdc.php 第 59 行.
[ 2012-11-09T15:56:09+08:00 ] /index.php/Index/newAccount | NOTIC: [8] Undefined variable: langList 196c657f8b82048b1beeb0f9599f5fdc.php 第 114 行.
[ 2012-11-09T15:56:09+08:00 ] /index.php/Index/newAccount | NOTIC: [8] Undefined variable: moduleList 196c657f8b82048b1beeb0f9599f5fdc.php 第 220 行.
[ 2012-11-09T15:56:09+08:00 ] /index.php/Index/newAccount | NOTIC: [8] Undefined index:  tab_id 196c657f8b82048b1beeb0f9599f5fdc.php 第 287 行.
[ 2012-11-09T15:56:10+08:00 ] /index.php/Index/main | NOTIC: [8] Undefined index:  account_id CommonAction.class.php 第 17 行.
[ 2012-11-09T15:56:10+08:00 ] /index.php/Index/main | SQL: SHOW COLUMNS FROM `y_account` [ RunTime:0.000918s ]
[ 2012-11-09T15:56:10+08:00 ] /index.php/Index/main | NOTIC: [2] mysql_connect() [<a href='function.mysql-connect'>function.mysql-connect</a>]: Access denied for user 'xiaoluo'@'localhost' (using password: NO) CommonAction.class.php 第 125 行.
[ 2012-11-09T15:56:10+08:00 ] /index.php/Index/main | SQL: SELECT * FROM `y_account` ORDER BY id desc [ RunTime:0.000149s ]
[ 2012-11-09T15:56:10+08:00 ] /index.php/Index/main | NOTIC: [8] Undefined index:  searchkey IndexAction.class.php 第 27 行.
[ 2012-11-09T15:56:10+08:00 ] /index.php/Index/main | NOTIC: [8] Undefined variable: where IndexAction.class.php 第 31 行.
[ 2012-11-09T15:56:10+08:00 ] /index.php/Index/main | SQL: SELECT COUNT(*) AS tp_count FROM `y_account` LIMIT 1  [ RunTime:0.000054s ]
[ 2012-11-09T15:56:10+08:00 ] /index.php/Index/main | SQL: SELECT * FROM `y_account` ORDER BY `id` desc LIMIT 0,20  [ RunTime:0.000084s ]
[ 2012-11-09T15:56:10+08:00 ] /index.php/Index/main | NOTIC: [2] Invalid argument supplied for foreach() CommonAction.class.php 第 159 行.
[ 2012-11-09T15:56:13+08:00 ] /index.php/Index/main?searchkey=ledavenue.com.cn | NOTIC: [8] Undefined index:  account_id CommonAction.class.php 第 17 行.
[ 2012-11-09T15:56:13+08:00 ] /index.php/Index/main?searchkey=ledavenue.com.cn | SQL: SHOW COLUMNS FROM `y_account` [ RunTime:0.000931s ]
[ 2012-11-09T15:56:13+08:00 ] /index.php/Index/main?searchkey=ledavenue.com.cn | NOTIC: [2] mysql_connect() [<a href='function.mysql-connect'>function.mysql-connect</a>]: Access denied for user 'xiaoluo'@'localhost' (using password: NO) CommonAction.class.php 第 125 行.
[ 2012-11-09T15:56:13+08:00 ] /index.php/Index/main?searchkey=ledavenue.com.cn | SQL: SELECT * FROM `y_account` ORDER BY id desc [ RunTime:0.000124s ]
[ 2012-11-09T15:56:13+08:00 ] /index.php/Index/main?searchkey=ledavenue.com.cn | SQL: SELECT COUNT(*) AS tp_count FROM `y_account` WHERE ( website_name like '%ledavenue.com.cn%' OR contract_number like '%ledavenue.com.cn%' OR url like '%ledavenue.com.cn%' ) LIMIT 1  [ RunTime:0.000266s ]
[ 2012-11-09T15:56:13+08:00 ] /index.php/Index/main?searchkey=ledavenue.com.cn | SQL: SELECT * FROM `y_account` WHERE ( website_name like '%ledavenue.com.cn%' OR contract_number like '%ledavenue.com.cn%' OR url like '%ledavenue.com.cn%' ) ORDER BY `id` desc LIMIT 0,20  [ RunTime:0.000303s ]
[ 2012-11-09T15:56:13+08:00 ] /index.php/Index/main?searchkey=ledavenue.com.cn | NOTIC: [2048] Creating default object from empty value CommonAction.class.php 第 161 行.
[ 2012-11-09T17:40:05+08:00 ] /index.php/Index/main | NOTIC: [8] Undefined index:  account_id CommonAction.class.php 第 17 行.
[ 2012-11-09T17:40:05+08:00 ] /index.php/Index/main | SQL: SHOW COLUMNS FROM `y_account` [ RunTime:0.001113s ]
[ 2012-11-09T17:40:05+08:00 ] /index.php/Index/main | NOTIC: [2] mysql_connect() [<a href='function.mysql-connect'>function.mysql-connect</a>]: Access denied for user 'xiaoluo'@'localhost' (using password: NO) CommonAction.class.php 第 125 行.
[ 2012-11-09T17:40:05+08:00 ] /index.php/Index/main | SQL: SELECT * FROM `y_account` ORDER BY id desc [ RunTime:0.000134s ]
[ 2012-11-09T17:40:05+08:00 ] /index.php/Index/main | NOTIC: [8] Undefined index:  searchkey IndexAction.class.php 第 27 行.
[ 2012-11-09T17:40:05+08:00 ] /index.php/Index/main | NOTIC: [8] Undefined variable: where IndexAction.class.php 第 31 行.
[ 2012-11-09T17:40:05+08:00 ] /index.php/Index/main | SQL: SELECT COUNT(*) AS tp_count FROM `y_account` LIMIT 1  [ RunTime:0.000066s ]
[ 2012-11-09T17:40:05+08:00 ] /index.php/Index/main | SQL: SELECT * FROM `y_account` ORDER BY `id` desc LIMIT 0,20  [ RunTime:0.000087s ]
[ 2012-11-09T17:40:05+08:00 ] /index.php/Index/main | NOTIC: [2] Invalid argument supplied for foreach() CommonAction.class.php 第 159 行.
[ 2012-11-09T17:40:08+08:00 ] /index.php/Index/main?searchkey=ledavenue.com.cn | NOTIC: [8] Undefined index:  account_id CommonAction.class.php 第 17 行.
[ 2012-11-09T17:40:08+08:00 ] /index.php/Index/main?searchkey=ledavenue.com.cn | SQL: SHOW COLUMNS FROM `y_account` [ RunTime:0.001126s ]
[ 2012-11-09T17:40:08+08:00 ] /index.php/Index/main?searchkey=ledavenue.com.cn | NOTIC: [2] mysql_connect() [<a href='function.mysql-connect'>function.mysql-connect</a>]: Access denied for user 'xiaoluo'@'localhost' (using password: NO) CommonAction.class.php 第 125 行.
[ 2012-11-09T17:40:08+08:00 ] /index.php/Index/main?searchkey=ledavenue.com.cn | SQL: SELECT * FROM `y_account` ORDER BY id desc [ RunTime:0.000148s ]
[ 2012-11-09T17:40:08+08:00 ] /index.php/Index/main?searchkey=ledavenue.com.cn | SQL: SELECT COUNT(*) AS tp_count FROM `y_account` WHERE ( website_name like '%ledavenue.com.cn%' OR contract_number like '%ledavenue.com.cn%' OR url like '%ledavenue.com.cn%' ) LIMIT 1  [ RunTime:0.000056s ]
[ 2012-11-09T17:40:08+08:00 ] /index.php/Index/main?searchkey=ledavenue.com.cn | SQL: SELECT * FROM `y_account` WHERE ( website_name like '%ledavenue.com.cn%' OR contract_number like '%ledavenue.com.cn%' OR url like '%ledavenue.com.cn%' ) ORDER BY `id` desc LIMIT 0,20  [ RunTime:0.000067s ]
[ 2012-11-09T17:40:08+08:00 ] /index.php/Index/main?searchkey=ledavenue.com.cn | NOTIC: [2048] Creating default object from empty value CommonAction.class.php 第 161 行.
[ 2012-11-09T18:16:15+08:00 ] / | NOTIC: [8] Undefined index:  account_id CommonAction.class.php 第 17 行.
[ 2012-11-09T18:16:15+08:00 ] / | SQL: SHOW COLUMNS FROM `y_account` [ RunTime:0.001138s ]
[ 2012-11-09T18:16:15+08:00 ] / | NOTIC: [2] mysql_connect() [<a href='function.mysql-connect'>function.mysql-connect</a>]: Access denied for user 'xiaoluo'@'localhost' (using password: NO) CommonAction.class.php 第 125 行.
[ 2012-11-09T18:16:16+08:00 ] /index.php/Index/main | NOTIC: [8] Undefined index:  account_id CommonAction.class.php 第 17 行.
[ 2012-11-09T18:16:16+08:00 ] /index.php/Index/main | SQL: SHOW COLUMNS FROM `y_account` [ RunTime:0.001087s ]
[ 2012-11-09T18:16:16+08:00 ] /index.php/Index/main | NOTIC: [2] mysql_connect() [<a href='function.mysql-connect'>function.mysql-connect</a>]: Access denied for user 'xiaoluo'@'localhost' (using password: NO) CommonAction.class.php 第 125 行.
[ 2012-11-09T18:16:16+08:00 ] /index.php/Index/main | SQL: SELECT * FROM `y_account` ORDER BY id desc [ RunTime:0.000135s ]
[ 2012-11-09T18:16:16+08:00 ] /index.php/Index/main | NOTIC: [8] Undefined index:  searchkey IndexAction.class.php 第 27 行.
[ 2012-11-09T18:16:16+08:00 ] /index.php/Index/main | NOTIC: [8] Undefined variable: where IndexAction.class.php 第 31 行.
[ 2012-11-09T18:16:16+08:00 ] /index.php/Index/main | SQL: SELECT COUNT(*) AS tp_count FROM `y_account` LIMIT 1  [ RunTime:0.000057s ]
[ 2012-11-09T18:16:16+08:00 ] /index.php/Index/main | SQL: SELECT * FROM `y_account` ORDER BY `id` desc LIMIT 0,20  [ RunTime:0.000086s ]
[ 2012-11-09T18:16:16+08:00 ] /index.php/Index/main | NOTIC: [2] Invalid argument supplied for foreach() CommonAction.class.php 第 159 行.
[ 2012-11-09T18:16:16+08:00 ] /index.php/Index/left | NOTIC: [8] Undefined index:  account_id CommonAction.class.php 第 17 行.
[ 2012-11-09T18:16:16+08:00 ] /index.php/Index/left | SQL: SHOW COLUMNS FROM `y_account` [ RunTime:0.001098s ]
[ 2012-11-09T18:16:16+08:00 ] /index.php/Index/left | NOTIC: [2] mysql_connect() [<a href='function.mysql-connect'>function.mysql-connect</a>]: Access denied for user 'xiaoluo'@'localhost' (using password: NO) CommonAction.class.php 第 125 行.
[ 2012-11-09T18:16:16+08:00 ] /index.php/Index/left | NOTIC: [8] Undefined index:  account_id 196c657f8b82048b1beeb0f9599f5fdc.php 第 15 行.
[ 2012-11-09T18:16:16+08:00 ] /index.php/Index/left | NOTIC: [8] Undefined variable: isConnect 196c657f8b82048b1beeb0f9599f5fdc.php 第 59 行.
[ 2012-11-09T18:16:16+08:00 ] /index.php/Index/left | NOTIC: [8] Undefined variable: langList 196c657f8b82048b1beeb0f9599f5fdc.php 第 114 行.
[ 2012-11-09T18:16:16+08:00 ] /index.php/Index/left | NOTIC: [8] Undefined variable: moduleList 196c657f8b82048b1beeb0f9599f5fdc.php 第 220 行.
[ 2012-11-09T18:16:16+08:00 ] /index.php/Index/left | NOTIC: [8] Undefined index:  tab_id 196c657f8b82048b1beeb0f9599f5fdc.php 第 287 行.
[ 2012-11-09T18:16:27+08:00 ] /index.php/Index/main?searchkey=http%3A%2F%2Fy00166347.huyionline.cn%2F++ | NOTIC: [8] Undefined index:  account_id CommonAction.class.php 第 17 行.
[ 2012-11-09T18:16:27+08:00 ] /index.php/Index/main?searchkey=http%3A%2F%2Fy00166347.huyionline.cn%2F++ | SQL: SHOW COLUMNS FROM `y_account` [ RunTime:0.001593s ]
[ 2012-11-09T18:16:27+08:00 ] /index.php/Index/main?searchkey=http%3A%2F%2Fy00166347.huyionline.cn%2F++ | NOTIC: [2] mysql_connect() [<a href='function.mysql-connect'>function.mysql-connect</a>]: Access denied for user 'xiaoluo'@'localhost' (using password: NO) CommonAction.class.php 第 125 行.
[ 2012-11-09T18:16:27+08:00 ] /index.php/Index/main?searchkey=http%3A%2F%2Fy00166347.huyionline.cn%2F++ | SQL: SELECT * FROM `y_account` ORDER BY id desc [ RunTime:0.000179s ]
[ 2012-11-09T18:16:27+08:00 ] /index.php/Index/main?searchkey=http%3A%2F%2Fy00166347.huyionline.cn%2F++ | SQL: SELECT COUNT(*) AS tp_count FROM `y_account` WHERE ( website_name like '%http://y00166347.huyionline.cn/  %' OR contract_number like '%http://y00166347.huyionline.cn/  %' OR url like '%http://y00166347.huyionline.cn/  %' ) LIMIT 1  [ RunTime:0.000390s ]
[ 2012-11-09T18:16:27+08:00 ] /index.php/Index/main?searchkey=http%3A%2F%2Fy00166347.huyionline.cn%2F++ | SQL: SELECT * FROM `y_account` WHERE ( website_name like '%http://y00166347.huyionline.cn/  %' OR contract_number like '%http://y00166347.huyionline.cn/  %' OR url like '%http://y00166347.huyionline.cn/  %' ) ORDER BY `id` desc LIMIT 0,20  [ RunTime:0.000335s ]
[ 2012-11-09T18:16:27+08:00 ] /index.php/Index/main?searchkey=http%3A%2F%2Fy00166347.huyionline.cn%2F++ | NOTIC: [2048] Creating default object from empty value CommonAction.class.php 第 161 行.
[ 2012-11-09T18:16:37+08:00 ] /index.php/Index/main?searchkey=y00166347.huyionline | NOTIC: [8] Undefined index:  account_id CommonAction.class.php 第 17 行.
[ 2012-11-09T18:16:37+08:00 ] /index.php/Index/main?searchkey=y00166347.huyionline | SQL: SHOW COLUMNS FROM `y_account` [ RunTime:0.000925s ]
[ 2012-11-09T18:16:37+08:00 ] /index.php/Index/main?searchkey=y00166347.huyionline | NOTIC: [2] mysql_connect() [<a href='function.mysql-connect'>function.mysql-connect</a>]: Access denied for user 'xiaoluo'@'localhost' (using password: NO) CommonAction.class.php 第 125 行.
[ 2012-11-09T18:16:37+08:00 ] /index.php/Index/main?searchkey=y00166347.huyionline | SQL: SELECT * FROM `y_account` ORDER BY id desc [ RunTime:0.000133s ]
[ 2012-11-09T18:16:37+08:00 ] /index.php/Index/main?searchkey=y00166347.huyionline | SQL: SELECT COUNT(*) AS tp_count FROM `y_account` WHERE ( website_name like '%y00166347.huyionline%' OR contract_number like '%y00166347.huyionline%' OR url like '%y00166347.huyionline%' ) LIMIT 1  [ RunTime:0.000320s ]
[ 2012-11-09T18:16:37+08:00 ] /index.php/Index/main?searchkey=y00166347.huyionline | SQL: SELECT * FROM `y_account` WHERE ( website_name like '%y00166347.huyionline%' OR contract_number like '%y00166347.huyionline%' OR url like '%y00166347.huyionline%' ) ORDER BY `id` desc LIMIT 0,20  [ RunTime:0.000291s ]
[ 2012-11-09T18:16:37+08:00 ] /index.php/Index/main?searchkey=y00166347.huyionline | NOTIC: [2048] Creating default object from empty value CommonAction.class.php 第 161 行.
[ 2012-11-09T18:16:41+08:00 ] /index.php/Account/edit/id/47 | SQL: SHOW COLUMNS FROM `y_account` [ RunTime:0.001153s ]
[ 2012-11-09T18:16:41+08:00 ] /index.php/Account/edit/id/47 | SQL: SELECT * FROM `y_account` WHERE ( `id` = '47' ) LIMIT 1  [ RunTime:0.000234s ]
[ 2012-11-09T18:16:41+08:00 ] /index.php/Account/edit/id/47 | SQL: SHOW COLUMNS FROM `y_category` [ RunTime:0.000424s ]
[ 2012-11-09T18:16:41+08:00 ] /index.php/Account/edit/id/47 | SQL: SELECT `modules` FROM `y_account` WHERE ( `id` = '47' ) LIMIT 1  [ RunTime:0.000139s ]
[ 2012-11-09T18:16:41+08:00 ] /index.php/Account/edit/id/47 | SQL: SELECT * FROM `y_category` WHERE ( `id` IN ('36','19','20','21','22','23','27','37') ) ORDER BY ordernum desc [ RunTime:0.000068s ]
[ 2012-11-09T18:16:41+08:00 ] /index.php/Account/edit/id/47 | SQL: SELECT * FROM `y_category` WHERE ( `pid` = 11 ) ORDER BY ordernum desc [ RunTime:0.000409s ]
[ 2012-11-09T18:16:41+08:00 ] /index.php/Account/edit/id/47 | NOTIC: [8] Undefined index:  tab_id 196c657f8b82048b1beeb0f9599f5fdc.php 第 287 行.
[ 2012-11-09T18:16:56+08:00 ] /index.php/Category/edit/id/36/aid/47 | SQL: SHOW COLUMNS FROM `y_account` [ RunTime:0.001095s ]
[ 2012-11-09T18:16:56+08:00 ] /index.php/Category/edit/id/36/aid/47 | SQL: SELECT * FROM `y_account` WHERE ( `id` = '47' ) LIMIT 1  [ RunTime:0.000072s ]
[ 2012-11-09T18:16:56+08:00 ] /index.php/Category/edit/id/36/aid/47 | SQL: SHOW COLUMNS FROM `y_category` [ RunTime:0.000811s ]
[ 2012-11-09T18:16:56+08:00 ] /index.php/Category/edit/id/36/aid/47 | NOTIC: [8] Undefined index:  act CategoryAction.class.php 第 16 行.
[ 2012-11-09T18:16:56+08:00 ] /index.php/Category/edit/id/36/aid/47 | SQL: SELECT * FROM `y_category` WHERE ( `id` = '36' ) LIMIT 1  [ RunTime:0.000245s ]
[ 2012-11-09T18:16:56+08:00 ] /index.php/Category/edit/id/36/aid/47 | SQL: SELECT `modules` FROM `y_account` WHERE ( `id` = '47' ) LIMIT 1  [ RunTime:0.000073s ]
[ 2012-11-09T18:16:56+08:00 ] /index.php/Category/edit/id/36/aid/47 | SQL: SELECT * FROM `y_category` WHERE ( `id` IN ('36','19','20','21','22','23','27','37') ) ORDER BY ordernum desc [ RunTime:0.000090s ]
[ 2012-11-09T18:16:56+08:00 ] /index.php/Category/edit/id/36/aid/47 | SQL: SELECT `langs` FROM `y_account` WHERE ( `id` = '47' ) LIMIT 1  [ RunTime:0.000182s ]
[ 2012-11-09T18:16:56+08:00 ] /index.php/Category/edit/id/36/aid/47 | SQL: SELECT * FROM `y_category` WHERE ( `alias` IN ('mobile','zh-cn') ) ORDER BY ordernum desc [ RunTime:0.000086s ]
[ 2012-11-09T18:16:56+08:00 ] /index.php/Category/edit/id/36/aid/47 | NOTIC: [8] Undefined variable: obj 5c3c2ff56e16b6b6ee1bdeb1ff3f266a.php 第 14 行.
[ 2012-11-09T18:16:56+08:00 ] /index.php/Category/edit/id/36/aid/47 | NOTIC: [8] Undefined variable: obj 5c3c2ff56e16b6b6ee1bdeb1ff3f266a.php 第 15 行.
[ 2012-11-09T18:16:56+08:00 ] /index.php/Category/edit/id/36/aid/47 | NOTIC: [8] Undefined variable: obj 5c3c2ff56e16b6b6ee1bdeb1ff3f266a.php 第 38 行.
[ 2012-11-09T18:16:56+08:00 ] /index.php/Category/edit/id/36/aid/47 | NOTIC: [8] Undefined variable: obj 5c3c2ff56e16b6b6ee1bdeb1ff3f266a.php 第 42 行.
[ 2012-11-09T18:16:56+08:00 ] /index.php/Category/edit/id/36/aid/47 | NOTIC: [8] Undefined variable: obj 5c3c2ff56e16b6b6ee1bdeb1ff3f266a.php 第 56 行.
[ 2012-11-09T18:16:56+08:00 ] /index.php/Category/edit/id/36/aid/47 | NOTIC: [8] Undefined variable: obj 5c3c2ff56e16b6b6ee1bdeb1ff3f266a.php 第 60 行.
[ 2012-11-09T18:16:56+08:00 ] /index.php/Category/edit/id/36/aid/47 | NOTIC: [8] Undefined variable: obj 5c3c2ff56e16b6b6ee1bdeb1ff3f266a.php 第 64 行.
[ 2012-11-09T18:16:56+08:00 ] /index.php/Category/edit/id/36/aid/47 | NOTIC: [8] Undefined variable: obj 5c3c2ff56e16b6b6ee1bdeb1ff3f266a.php 第 68 行.
[ 2012-11-09T18:16:56+08:00 ] /index.php/Category/edit/id/36/aid/47 | NOTIC: [8] Undefined variable: obj 5c3c2ff56e16b6b6ee1bdeb1ff3f266a.php 第 72 行.
[ 2012-11-09T18:16:56+08:00 ] /index.php/Category/edit/id/36/aid/47 | NOTIC: [8] Undefined variable: obj 5c3c2ff56e16b6b6ee1bdeb1ff3f266a.php 第 93 行.
[ 2012-11-09T18:16:56+08:00 ] /index.php/Category/edit/id/36/aid/47 | NOTIC: [8] Undefined variable: obj 5c3c2ff56e16b6b6ee1bdeb1ff3f266a.php 第 101 行.
[ 2012-11-09T18:16:56+08:00 ] /index.php/Category/edit/id/36/aid/47 | NOTIC: [8] Undefined variable: obj 5c3c2ff56e16b6b6ee1bdeb1ff3f266a.php 第 102 行.
[ 2012-11-09T18:16:56+08:00 ] /index.php/Category/edit/id/36/aid/47 | NOTIC: [8] Undefined variable: obj 5c3c2ff56e16b6b6ee1bdeb1ff3f266a.php 第 103 行.
[ 2012-11-09T18:16:58+08:00 ] /index.php/Category/edit/id/1241/aid/47 | SQL: SHOW COLUMNS FROM `y_account` [ RunTime:0.000927s ]
[ 2012-11-09T18:16:58+08:00 ] /index.php/Category/edit/id/1241/aid/47 | SQL: SELECT * FROM `y_account` WHERE ( `id` = '47' ) LIMIT 1  [ RunTime:0.000066s ]
[ 2012-11-09T18:16:58+08:00 ] /index.php/Category/edit/id/1241/aid/47 | SQL: SHOW COLUMNS FROM `y_category` [ RunTime:0.000374s ]
[ 2012-11-09T18:16:58+08:00 ] /index.php/Category/edit/id/1241/aid/47 | NOTIC: [8] Undefined index:  act CategoryAction.class.php 第 16 行.
[ 2012-11-09T18:16:58+08:00 ] /index.php/Category/edit/id/1241/aid/47 | SQL: SELECT * FROM `y_category` WHERE ( `id` = '1241' ) LIMIT 1  [ RunTime:0.000178s ]
[ 2012-11-09T18:16:58+08:00 ] /index.php/Category/edit/id/1241/aid/47 | SQL: SELECT * FROM `y_category` WHERE ( `pid` = '36' ) ORDER BY lang desc,ordernum desc [ RunTime:0.000065s ]
[ 2012-11-09T18:16:58+08:00 ] /index.php/Category/edit/id/1241/aid/47 | SQL: SELECT `title` FROM `y_category` WHERE ( `alias` = 'zh-tw' ) LIMIT 1  [ RunTime:0.000051s ]
[ 2012-11-09T18:16:58+08:00 ] /index.php/Category/edit/id/1241/aid/47 | SQL: SELECT `title` FROM `y_category` WHERE ( `alias` = 'zh-tw' ) LIMIT 1  [ RunTime:0.000050s ]
[ 2012-11-09T18:16:58+08:00 ] /index.php/Category/edit/id/1241/aid/47 | SQL: SELECT `title` FROM `y_category` WHERE ( `alias` = 'zh-cn' ) LIMIT 1  [ RunTime:0.000050s ]
[ 2012-11-09T18:16:58+08:00 ] /index.php/Category/edit/id/1241/aid/47 | SQL: SELECT `title` FROM `y_category` WHERE ( `alias` = 'zh-cn' ) LIMIT 1  [ RunTime:0.000051s ]
[ 2012-11-09T18:16:58+08:00 ] /index.php/Category/edit/id/1241/aid/47 | SQL: SELECT `title` FROM `y_category` WHERE ( `alias` = 'mobile' ) LIMIT 1  [ RunTime:0.000050s ]
[ 2012-11-09T18:16:58+08:00 ] /index.php/Category/edit/id/1241/aid/47 | SQL: SELECT `title` FROM `y_category` WHERE ( `alias` = 'mobile' ) LIMIT 1  [ RunTime:0.000050s ]
[ 2012-11-09T18:16:58+08:00 ] /index.php/Category/edit/id/1241/aid/47 | SQL: SELECT `title` FROM `y_category` WHERE ( `alias` = 'en-us' ) LIMIT 1  [ RunTime:0.000051s ]
[ 2012-11-09T18:16:58+08:00 ] /index.php/Category/edit/id/1241/aid/47 | SQL: SELECT `title` FROM `y_category` WHERE ( `alias` = 'en-us' ) LIMIT 1  [ RunTime:0.000049s ]
[ 2012-11-09T18:16:58+08:00 ] /index.php/Category/edit/id/1241/aid/47 | SQL: SELECT `langs` FROM `y_account` WHERE ( `id` = '47' ) LIMIT 1  [ RunTime:0.000053s ]
[ 2012-11-09T18:16:58+08:00 ] /index.php/Category/edit/id/1241/aid/47 | SQL: SELECT * FROM `y_category` WHERE ( `alias` IN ('mobile','zh-cn') ) ORDER BY ordernum desc [ RunTime:0.000066s ]
[ 2012-11-09T18:16:58+08:00 ] /index.php/Category/edit/id/1241/aid/47 | NOTIC: [8] Undefined variable: obj 5c3c2ff56e16b6b6ee1bdeb1ff3f266a.php 第 14 行.
[ 2012-11-09T18:16:58+08:00 ] /index.php/Category/edit/id/1241/aid/47 | NOTIC: [8] Undefined variable: obj 5c3c2ff56e16b6b6ee1bdeb1ff3f266a.php 第 15 行.
[ 2012-11-09T18:16:58+08:00 ] /index.php/Category/edit/id/1241/aid/47 | NOTIC: [8] Undefined variable: obj 5c3c2ff56e16b6b6ee1bdeb1ff3f266a.php 第 38 行.
[ 2012-11-09T18:16:58+08:00 ] /index.php/Category/edit/id/1241/aid/47 | NOTIC: [8] Undefined variable: obj 5c3c2ff56e16b6b6ee1bdeb1ff3f266a.php 第 42 行.
[ 2012-11-09T18:16:58+08:00 ] /index.php/Category/edit/id/1241/aid/47 | NOTIC: [8] Undefined variable: obj 5c3c2ff56e16b6b6ee1bdeb1ff3f266a.php 第 56 行.
[ 2012-11-09T18:16:58+08:00 ] /index.php/Category/edit/id/1241/aid/47 | NOTIC: [8] Undefined variable: obj 5c3c2ff56e16b6b6ee1bdeb1ff3f266a.php 第 60 行.
[ 2012-11-09T18:16:58+08:00 ] /index.php/Category/edit/id/1241/aid/47 | NOTIC: [8] Undefined variable: obj 5c3c2ff56e16b6b6ee1bdeb1ff3f266a.php 第 64 行.
[ 2012-11-09T18:16:58+08:00 ] /index.php/Category/edit/id/1241/aid/47 | NOTIC: [8] Undefined variable: obj 5c3c2ff56e16b6b6ee1bdeb1ff3f266a.php 第 68 行.
[ 2012-11-09T18:16:58+08:00 ] /index.php/Category/edit/id/1241/aid/47 | NOTIC: [8] Undefined variable: obj 5c3c2ff56e16b6b6ee1bdeb1ff3f266a.php 第 72 行.
[ 2012-11-09T18:16:58+08:00 ] /index.php/Category/edit/id/1241/aid/47 | NOTIC: [8] Undefined variable: obj 5c3c2ff56e16b6b6ee1bdeb1ff3f266a.php 第 93 行.
[ 2012-11-09T18:16:58+08:00 ] /index.php/Category/edit/id/1241/aid/47 | NOTIC: [8] Undefined variable: obj 5c3c2ff56e16b6b6ee1bdeb1ff3f266a.php 第 101 行.
[ 2012-11-09T18:16:58+08:00 ] /index.php/Category/edit/id/1241/aid/47 | NOTIC: [8] Undefined variable: obj 5c3c2ff56e16b6b6ee1bdeb1ff3f266a.php 第 102 行.
[ 2012-11-09T18:16:58+08:00 ] /index.php/Category/edit/id/1241/aid/47 | NOTIC: [8] Undefined variable: obj 5c3c2ff56e16b6b6ee1bdeb1ff3f266a.php 第 103 行.
[ 2012-11-09T18:17:01+08:00 ] /index.php/Category/edit/id/1159/aid/47 | SQL: SHOW COLUMNS FROM `y_account` [ RunTime:0.001183s ]
[ 2012-11-09T18:17:01+08:00 ] /index.php/Category/edit/id/1159/aid/47 | SQL: SELECT * FROM `y_account` WHERE ( `id` = '47' ) LIMIT 1  [ RunTime:0.000086s ]
[ 2012-11-09T18:17:01+08:00 ] /index.php/Category/edit/id/1159/aid/47 | SQL: SHOW COLUMNS FROM `y_category` [ RunTime:0.000536s ]
[ 2012-11-09T18:17:01+08:00 ] /index.php/Category/edit/id/1159/aid/47 | NOTIC: [8] Undefined index:  act CategoryAction.class.php 第 16 行.
[ 2012-11-09T18:17:01+08:00 ] /index.php/Category/edit/id/1159/aid/47 | SQL: SELECT * FROM `y_category` WHERE ( `id` = '1159' ) LIMIT 1  [ RunTime:0.000244s ]
[ 2012-11-09T18:17:01+08:00 ] /index.php/Category/edit/id/1159/aid/47 | SQL: SELECT * FROM `y_category` WHERE ( `pid` = '36' ) ORDER BY lang desc,ordernum desc [ RunTime:0.000084s ]
[ 2012-11-09T18:17:01+08:00 ] /index.php/Category/edit/id/1159/aid/47 | SQL: SELECT `title` FROM `y_category` WHERE ( `alias` = 'zh-tw' ) LIMIT 1  [ RunTime:0.000064s ]
[ 2012-11-09T18:17:01+08:00 ] /index.php/Category/edit/id/1159/aid/47 | SQL: SELECT `title` FROM `y_category` WHERE ( `alias` = 'zh-tw' ) LIMIT 1  [ RunTime:0.000064s ]
[ 2012-11-09T18:17:01+08:00 ] /index.php/Category/edit/id/1159/aid/47 | SQL: SELECT `title` FROM `y_category` WHERE ( `alias` = 'zh-cn' ) LIMIT 1  [ RunTime:0.000072s ]
[ 2012-11-09T18:17:01+08:00 ] /index.php/Category/edit/id/1159/aid/47 | SQL: SELECT `title` FROM `y_category` WHERE ( `alias` = 'zh-cn' ) LIMIT 1  [ RunTime:0.000068s ]
[ 2012-11-09T18:17:01+08:00 ] /index.php/Category/edit/id/1159/aid/47 | SQL: SELECT `title` FROM `y_category` WHERE ( `alias` = 'mobile' ) LIMIT 1  [ RunTime:0.000067s ]
[ 2012-11-09T18:17:01+08:00 ] /index.php/Category/edit/id/1159/aid/47 | SQL: SELECT `title` FROM `y_category` WHERE ( `alias` = 'mobile' ) LIMIT 1  [ RunTime:0.000070s ]
[ 2012-11-09T18:17:01+08:00 ] /index.php/Category/edit/id/1159/aid/47 | SQL: SELECT `title` FROM `y_category` WHERE ( `alias` = 'en-us' ) LIMIT 1  [ RunTime:0.000073s ]
[ 2012-11-09T18:17:01+08:00 ] /index.php/Category/edit/id/1159/aid/47 | SQL: SELECT `title` FROM `y_category` WHERE ( `alias` = 'en-us' ) LIMIT 1  [ RunTime:0.000072s ]
[ 2012-11-09T18:17:01+08:00 ] /index.php/Category/edit/id/1159/aid/47 | SQL: SELECT `langs` FROM `y_account` WHERE ( `id` = '47' ) LIMIT 1  [ RunTime:0.000100s ]
[ 2012-11-09T18:17:01+08:00 ] /index.php/Category/edit/id/1159/aid/47 | SQL: SELECT * FROM `y_category` WHERE ( `alias` IN ('mobile','zh-cn') ) ORDER BY ordernum desc [ RunTime:0.000068s ]
[ 2012-11-09T18:17:02+08:00 ] /index.php/Category/edit/id/1159/aid/47 | NOTIC: [8] Undefined variable: obj 5c3c2ff56e16b6b6ee1bdeb1ff3f266a.php 第 14 行.
[ 2012-11-09T18:17:02+08:00 ] /index.php/Category/edit/id/1159/aid/47 | NOTIC: [8] Undefined variable: obj 5c3c2ff56e16b6b6ee1bdeb1ff3f266a.php 第 15 行.
[ 2012-11-09T18:17:02+08:00 ] /index.php/Category/edit/id/1159/aid/47 | NOTIC: [8] Undefined variable: obj 5c3c2ff56e16b6b6ee1bdeb1ff3f266a.php 第 38 行.
[ 2012-11-09T18:17:02+08:00 ] /index.php/Category/edit/id/1159/aid/47 | NOTIC: [8] Undefined variable: obj 5c3c2ff56e16b6b6ee1bdeb1ff3f266a.php 第 42 行.
[ 2012-11-09T18:17:02+08:00 ] /index.php/Category/edit/id/1159/aid/47 | NOTIC: [8] Undefined variable: obj 5c3c2ff56e16b6b6ee1bdeb1ff3f266a.php 第 56 行.
[ 2012-11-09T18:17:02+08:00 ] /index.php/Category/edit/id/1159/aid/47 | NOTIC: [8] Undefined variable: obj 5c3c2ff56e16b6b6ee1bdeb1ff3f266a.php 第 60 行.
[ 2012-11-09T18:17:02+08:00 ] /index.php/Category/edit/id/1159/aid/47 | NOTIC: [8] Undefined variable: obj 5c3c2ff56e16b6b6ee1bdeb1ff3f266a.php 第 64 行.
[ 2012-11-09T18:17:02+08:00 ] /index.php/Category/edit/id/1159/aid/47 | NOTIC: [8] Undefined variable: obj 5c3c2ff56e16b6b6ee1bdeb1ff3f266a.php 第 68 行.
[ 2012-11-09T18:17:02+08:00 ] /index.php/Category/edit/id/1159/aid/47 | NOTIC: [8] Undefined variable: obj 5c3c2ff56e16b6b6ee1bdeb1ff3f266a.php 第 72 行.
[ 2012-11-09T18:17:02+08:00 ] /index.php/Category/edit/id/1159/aid/47 | NOTIC: [8] Undefined variable: obj 5c3c2ff56e16b6b6ee1bdeb1ff3f266a.php 第 93 行.
[ 2012-11-09T18:17:02+08:00 ] /index.php/Category/edit/id/1159/aid/47 | NOTIC: [8] Undefined variable: obj 5c3c2ff56e16b6b6ee1bdeb1ff3f266a.php 第 101 行.
[ 2012-11-09T18:17:02+08:00 ] /index.php/Category/edit/id/1159/aid/47 | NOTIC: [8] Undefined variable: obj 5c3c2ff56e16b6b6ee1bdeb1ff3f266a.php 第 102 行.
[ 2012-11-09T18:17:02+08:00 ] /index.php/Category/edit/id/1159/aid/47 | NOTIC: [8] Undefined variable: obj 5c3c2ff56e16b6b6ee1bdeb1ff3f266a.php 第 103 行.
[ 2012-11-09T18:17:04+08:00 ] /index.php/Category/edit/id/1171/aid/47 | SQL: SHOW COLUMNS FROM `y_account` [ RunTime:0.001134s ]
[ 2012-11-09T18:17:04+08:00 ] /index.php/Category/edit/id/1171/aid/47 | SQL: SELECT * FROM `y_account` WHERE ( `id` = '47' ) LIMIT 1  [ RunTime:0.000071s ]
[ 2012-11-09T18:17:04+08:00 ] /index.php/Category/edit/id/1171/aid/47 | SQL: SHOW COLUMNS FROM `y_category` [ RunTime:0.000383s ]
[ 2012-11-09T18:17:04+08:00 ] /index.php/Category/edit/id/1171/aid/47 | NOTIC: [8] Undefined index:  act CategoryAction.class.php 第 16 行.
[ 2012-11-09T18:17:04+08:00 ] /index.php/Category/edit/id/1171/aid/47 | SQL: SELECT * FROM `y_category` WHERE ( `id` = '1171' ) LIMIT 1  [ RunTime:0.000057s ]
[ 2012-11-09T18:17:04+08:00 ] /index.php/Category/edit/id/1171/aid/47 | SQL: SELECT * FROM `y_category` WHERE ( `pid` = '1159' ) ORDER BY lang desc,ordernum desc [ RunTime:0.000065s ]
[ 2012-11-09T18:17:04+08:00 ] /index.php/Category/edit/id/1171/aid/47 | SQL: SELECT `title` FROM `y_category` WHERE ( `alias` = 'zh-cn' ) LIMIT 1  [ RunTime:0.000054s ]
[ 2012-11-09T18:17:04+08:00 ] /index.php/Category/edit/id/1171/aid/47 | SQL: SELECT `title` FROM `y_category` WHERE ( `alias` = 'zh-cn' ) LIMIT 1  [ RunTime:0.000052s ]
[ 2012-11-09T18:17:04+08:00 ] /index.php/Category/edit/id/1171/aid/47 | SQL: SELECT `title` FROM `y_category` WHERE ( `alias` = 'zh-cn' ) LIMIT 1  [ RunTime:0.000052s ]
[ 2012-11-09T18:17:04+08:00 ] /index.php/Category/edit/id/1171/aid/47 | SQL: SELECT `title` FROM `y_category` WHERE ( `alias` = 'zh-cn' ) LIMIT 1  [ RunTime:0.000060s ]
[ 2012-11-09T18:17:04+08:00 ] /index.php/Category/edit/id/1171/aid/47 | SQL: SELECT `langs` FROM `y_account` WHERE ( `id` = '47' ) LIMIT 1  [ RunTime:0.000057s ]
[ 2012-11-09T18:17:04+08:00 ] /index.php/Category/edit/id/1171/aid/47 | SQL: SELECT * FROM `y_category` WHERE ( `alias` IN ('mobile','zh-cn') ) ORDER BY ordernum desc [ RunTime:0.000066s ]
[ 2012-11-09T18:17:04+08:00 ] /index.php/Category/edit/id/1171/aid/47 | NOTIC: [8] Undefined variable: obj 5c3c2ff56e16b6b6ee1bdeb1ff3f266a.php 第 14 行.
[ 2012-11-09T18:17:04+08:00 ] /index.php/Category/edit/id/1171/aid/47 | NOTIC: [8] Undefined variable: obj 5c3c2ff56e16b6b6ee1bdeb1ff3f266a.php 第 15 行.
[ 2012-11-09T18:17:04+08:00 ] /index.php/Category/edit/id/1171/aid/47 | NOTIC: [8] Undefined variable: obj 5c3c2ff56e16b6b6ee1bdeb1ff3f266a.php 第 38 行.
[ 2012-11-09T18:17:04+08:00 ] /index.php/Category/edit/id/1171/aid/47 | NOTIC: [8] Undefined variable: obj 5c3c2ff56e16b6b6ee1bdeb1ff3f266a.php 第 42 行.
[ 2012-11-09T18:17:04+08:00 ] /index.php/Category/edit/id/1171/aid/47 | NOTIC: [8] Undefined variable: obj 5c3c2ff56e16b6b6ee1bdeb1ff3f266a.php 第 56 行.
[ 2012-11-09T18:17:04+08:00 ] /index.php/Category/edit/id/1171/aid/47 | NOTIC: [8] Undefined variable: obj 5c3c2ff56e16b6b6ee1bdeb1ff3f266a.php 第 60 行.
[ 2012-11-09T18:17:04+08:00 ] /index.php/Category/edit/id/1171/aid/47 | NOTIC: [8] Undefined variable: obj 5c3c2ff56e16b6b6ee1bdeb1ff3f266a.php 第 64 行.
[ 2012-11-09T18:17:04+08:00 ] /index.php/Category/edit/id/1171/aid/47 | NOTIC: [8] Undefined variable: obj 5c3c2ff56e16b6b6ee1bdeb1ff3f266a.php 第 68 行.
[ 2012-11-09T18:17:04+08:00 ] /index.php/Category/edit/id/1171/aid/47 | NOTIC: [8] Undefined variable: obj 5c3c2ff56e16b6b6ee1bdeb1ff3f266a.php 第 72 行.
[ 2012-11-09T18:17:04+08:00 ] /index.php/Category/edit/id/1171/aid/47 | NOTIC: [8] Undefined variable: obj 5c3c2ff56e16b6b6ee1bdeb1ff3f266a.php 第 93 行.
[ 2012-11-09T18:17:04+08:00 ] /index.php/Category/edit/id/1171/aid/47 | NOTIC: [8] Undefined variable: obj 5c3c2ff56e16b6b6ee1bdeb1ff3f266a.php 第 101 行.
[ 2012-11-09T18:17:04+08:00 ] /index.php/Category/edit/id/1171/aid/47 | NOTIC: [8] Undefined variable: obj 5c3c2ff56e16b6b6ee1bdeb1ff3f266a.php 第 102 行.
[ 2012-11-09T18:17:04+08:00 ] /index.php/Category/edit/id/1171/aid/47 | NOTIC: [8] Undefined variable: obj 5c3c2ff56e16b6b6ee1bdeb1ff3f266a.php 第 103 行.
[ 2012-11-09T18:17:05+08:00 ] /index.php/Category/edit/act/update/id/1171/aid/47 | SQL: SHOW COLUMNS FROM `y_account` [ RunTime:0.000934s ]
[ 2012-11-09T18:17:05+08:00 ] /index.php/Category/edit/act/update/id/1171/aid/47 | SQL: SELECT * FROM `y_account` WHERE ( `id` = '47' ) LIMIT 1  [ RunTime:0.000068s ]
[ 2012-11-09T18:17:05+08:00 ] /index.php/Category/edit/act/update/id/1171/aid/47 | SQL: SHOW COLUMNS FROM `y_category` [ RunTime:0.000390s ]
[ 2012-11-09T18:17:05+08:00 ] /index.php/Category/edit/act/update/id/1171/aid/47 | SQL: SELECT * FROM `y_category` WHERE ( `id` = '1171' ) LIMIT 1  [ RunTime:0.000058s ]
[ 2012-11-09T18:17:05+08:00 ] /index.php/Category/edit/act/update/id/1171/aid/47 | SQL: SELECT * FROM `y_category` WHERE ( `pid` = '1159' ) ORDER BY lang desc,ordernum desc [ RunTime:0.000069s ]
[ 2012-11-09T18:17:05+08:00 ] /index.php/Category/edit/act/update/id/1171/aid/47 | SQL: SELECT `title` FROM `y_category` WHERE ( `alias` = 'zh-cn' ) LIMIT 1  [ RunTime:0.000053s ]
[ 2012-11-09T18:17:05+08:00 ] /index.php/Category/edit/act/update/id/1171/aid/47 | SQL: SELECT `title` FROM `y_category` WHERE ( `alias` = 'zh-cn' ) LIMIT 1  [ RunTime:0.000052s ]
[ 2012-11-09T18:17:05+08:00 ] /index.php/Category/edit/act/update/id/1171/aid/47 | SQL: SELECT `title` FROM `y_category` WHERE ( `alias` = 'zh-cn' ) LIMIT 1  [ RunTime:0.000052s ]
[ 2012-11-09T18:17:05+08:00 ] /index.php/Category/edit/act/update/id/1171/aid/47 | SQL: SELECT `title` FROM `y_category` WHERE ( `alias` = 'zh-cn' ) LIMIT 1  [ RunTime:0.000059s ]
[ 2012-11-09T18:17:05+08:00 ] /index.php/Category/edit/act/update/id/1171/aid/47 | SQL: SELECT `langs` FROM `y_account` WHERE ( `id` = '47' ) LIMIT 1  [ RunTime:0.000055s ]
[ 2012-11-09T18:17:05+08:00 ] /index.php/Category/edit/act/update/id/1171/aid/47 | SQL: SELECT * FROM `y_category` WHERE ( `alias` IN ('mobile','zh-cn') ) ORDER BY ordernum desc [ RunTime:0.000064s ]
[ 2012-11-09T18:17:22+08:00 ] /index.php/Category/edit/id/1194/aid/47 | SQL: SHOW COLUMNS FROM `y_account` [ RunTime:0.001119s ]
[ 2012-11-09T18:17:22+08:00 ] /index.php/Category/edit/id/1194/aid/47 | SQL: SELECT * FROM `y_account` WHERE ( `id` = '47' ) LIMIT 1  [ RunTime:0.000115s ]
[ 2012-11-09T18:17:22+08:00 ] /index.php/Category/edit/id/1194/aid/47 | SQL: SHOW COLUMNS FROM `y_category` [ RunTime:0.000469s ]
[ 2012-11-09T18:17:22+08:00 ] /index.php/Category/edit/id/1194/aid/47 | NOTIC: [8] Undefined index:  act CategoryAction.class.php 第 16 行.
[ 2012-11-09T18:17:22+08:00 ] /index.php/Category/edit/id/1194/aid/47 | SQL: SELECT * FROM `y_category` WHERE ( `id` = '1194' ) LIMIT 1  [ RunTime:0.000238s ]
[ 2012-11-09T18:17:22+08:00 ] /index.php/Category/edit/id/1194/aid/47 | SQL: SELECT * FROM `y_category` WHERE ( `pid` = '36' ) ORDER BY lang desc,ordernum desc [ RunTime:0.000395s ]
[ 2012-11-09T18:17:22+08:00 ] /index.php/Category/edit/id/1194/aid/47 | SQL: SELECT `title` FROM `y_category` WHERE ( `alias` = 'zh-tw' ) LIMIT 1  [ RunTime:0.000228s ]
[ 2012-11-09T18:17:22+08:00 ] /index.php/Category/edit/id/1194/aid/47 | SQL: SELECT `title` FROM `y_category` WHERE ( `alias` = 'zh-tw' ) LIMIT 1  [ RunTime:0.000052s ]
[ 2012-11-09T18:17:22+08:00 ] /index.php/Category/edit/id/1194/aid/47 | SQL: SELECT `title` FROM `y_category` WHERE ( `alias` = 'zh-cn' ) LIMIT 1  [ RunTime:0.000204s ]
[ 2012-11-09T18:17:22+08:00 ] /index.php/Category/edit/id/1194/aid/47 | SQL: SELECT `title` FROM `y_category` WHERE ( `alias` = 'zh-cn' ) LIMIT 1  [ RunTime:0.000054s ]
[ 2012-11-09T18:17:22+08:00 ] /index.php/Category/edit/id/1194/aid/47 | SQL: SELECT `title` FROM `y_category` WHERE ( `alias` = 'mobile' ) LIMIT 1  [ RunTime:0.000051s ]
[ 2012-11-09T18:17:22+08:00 ] /index.php/Category/edit/id/1194/aid/47 | SQL: SELECT `title` FROM `y_category` WHERE ( `alias` = 'mobile' ) LIMIT 1  [ RunTime:0.000051s ]
[ 2012-11-09T18:17:22+08:00 ] /index.php/Category/edit/id/1194/aid/47 | SQL: SELECT `title` FROM `y_category` WHERE ( `alias` = 'en-us' ) LIMIT 1  [ RunTime:0.000168s ]
[ 2012-11-09T18:17:22+08:00 ] /index.php/Category/edit/id/1194/aid/47 | SQL: SELECT `title` FROM `y_category` WHERE ( `alias` = 'en-us' ) LIMIT 1  [ RunTime:0.000052s ]
[ 2012-11-09T18:17:22+08:00 ] /index.php/Category/edit/id/1194/aid/47 | SQL: SELECT `langs` FROM `y_account` WHERE ( `id` = '47' ) LIMIT 1  [ RunTime:0.000061s ]
[ 2012-11-09T18:17:22+08:00 ] /index.php/Category/edit/id/1194/aid/47 | SQL: SELECT * FROM `y_category` WHERE ( `alias` IN ('mobile','zh-cn') ) ORDER BY ordernum desc [ RunTime:0.000395s ]
[ 2012-11-09T18:17:22+08:00 ] /index.php/Category/edit/id/1194/aid/47 | NOTIC: [8] Undefined variable: obj 5c3c2ff56e16b6b6ee1bdeb1ff3f266a.php 第 14 行.
[ 2012-11-09T18:17:22+08:00 ] /index.php/Category/edit/id/1194/aid/47 | NOTIC: [8] Undefined variable: obj 5c3c2ff56e16b6b6ee1bdeb1ff3f266a.php 第 15 行.
[ 2012-11-09T18:17:22+08:00 ] /index.php/Category/edit/id/1194/aid/47 | NOTIC: [8] Undefined variable: obj 5c3c2ff56e16b6b6ee1bdeb1ff3f266a.php 第 38 行.
[ 2012-11-09T18:17:22+08:00 ] /index.php/Category/edit/id/1194/aid/47 | NOTIC: [8] Undefined variable: obj 5c3c2ff56e16b6b6ee1bdeb1ff3f266a.php 第 42 行.
[ 2012-11-09T18:17:22+08:00 ] /index.php/Category/edit/id/1194/aid/47 | NOTIC: [8] Undefined variable: obj 5c3c2ff56e16b6b6ee1bdeb1ff3f266a.php 第 56 行.
[ 2012-11-09T18:17:22+08:00 ] /index.php/Category/edit/id/1194/aid/47 | NOTIC: [8] Undefined variable: obj 5c3c2ff56e16b6b6ee1bdeb1ff3f266a.php 第 60 行.
[ 2012-11-09T18:17:22+08:00 ] /index.php/Category/edit/id/1194/aid/47 | NOTIC: [8] Undefined variable: obj 5c3c2ff56e16b6b6ee1bdeb1ff3f266a.php 第 64 行.
[ 2012-11-09T18:17:22+08:00 ] /index.php/Category/edit/id/1194/aid/47 | NOTIC: [8] Undefined variable: obj 5c3c2ff56e16b6b6ee1bdeb1ff3f266a.php 第 68 行.
[ 2012-11-09T18:17:22+08:00 ] /index.php/Category/edit/id/1194/aid/47 | NOTIC: [8] Undefined variable: obj 5c3c2ff56e16b6b6ee1bdeb1ff3f266a.php 第 72 行.
[ 2012-11-09T18:17:22+08:00 ] /index.php/Category/edit/id/1194/aid/47 | NOTIC: [8] Undefined variable: obj 5c3c2ff56e16b6b6ee1bdeb1ff3f266a.php 第 93 行.
[ 2012-11-09T18:17:22+08:00 ] /index.php/Category/edit/id/1194/aid/47 | NOTIC: [8] Undefined variable: obj 5c3c2ff56e16b6b6ee1bdeb1ff3f266a.php 第 101 行.
[ 2012-11-09T18:17:22+08:00 ] /index.php/Category/edit/id/1194/aid/47 | NOTIC: [8] Undefined variable: obj 5c3c2ff56e16b6b6ee1bdeb1ff3f266a.php 第 102 行.
[ 2012-11-09T18:17:22+08:00 ] /index.php/Category/edit/id/1194/aid/47 | NOTIC: [8] Undefined variable: obj 5c3c2ff56e16b6b6ee1bdeb1ff3f266a.php 第 103 行.
[ 2012-11-09T18:17:23+08:00 ] /index.php/Category/edit/id/1238/aid/47 | SQL: SHOW COLUMNS FROM `y_account` [ RunTime:0.001531s ]
[ 2012-11-09T18:17:23+08:00 ] /index.php/Category/edit/id/1238/aid/47 | SQL: SELECT * FROM `y_account` WHERE ( `id` = '47' ) LIMIT 1  [ RunTime:0.000100s ]
[ 2012-11-09T18:17:23+08:00 ] /index.php/Category/edit/id/1238/aid/47 | SQL: SHOW COLUMNS FROM `y_category` [ RunTime:0.000614s ]
[ 2012-11-09T18:17:23+08:00 ] /index.php/Category/edit/id/1238/aid/47 | NOTIC: [8] Undefined index:  act CategoryAction.class.php 第 16 行.
[ 2012-11-09T18:17:23+08:00 ] /index.php/Category/edit/id/1238/aid/47 | SQL: SELECT * FROM `y_category` WHERE ( `id` = '1238' ) LIMIT 1  [ RunTime:0.000305s ]
[ 2012-11-09T18:17:23+08:00 ] /index.php/Category/edit/id/1238/aid/47 | SQL: SELECT * FROM `y_category` WHERE ( `pid` = '1194' ) ORDER BY lang desc,ordernum desc [ RunTime:0.000084s ]
[ 2012-11-09T18:17:23+08:00 ] /index.php/Category/edit/id/1238/aid/47 | SQL: SELECT `title` FROM `y_category` WHERE ( `alias` = 'mobile' ) LIMIT 1  [ RunTime:0.000066s ]
[ 2012-11-09T18:17:23+08:00 ] /index.php/Category/edit/id/1238/aid/47 | SQL: SELECT `title` FROM `y_category` WHERE ( `alias` = 'mobile' ) LIMIT 1  [ RunTime:0.000066s ]
[ 2012-11-09T18:17:23+08:00 ] /index.php/Category/edit/id/1238/aid/47 | SQL: SELECT `title` FROM `y_category` WHERE ( `alias` = 'mobile' ) LIMIT 1  [ RunTime:0.000071s ]
[ 2012-11-09T18:17:23+08:00 ] /index.php/Category/edit/id/1238/aid/47 | SQL: SELECT `title` FROM `y_category` WHERE ( `alias` = 'mobile' ) LIMIT 1  [ RunTime:0.000120s ]
[ 2012-11-09T18:17:23+08:00 ] /index.php/Category/edit/id/1238/aid/47 | SQL: SELECT `langs` FROM `y_account` WHERE ( `id` = '47' ) LIMIT 1  [ RunTime:0.000066s ]
[ 2012-11-09T18:17:23+08:00 ] /index.php/Category/edit/id/1238/aid/47 | SQL: SELECT * FROM `y_category` WHERE ( `alias` IN ('mobile','zh-cn') ) ORDER BY ordernum desc [ RunTime:0.000074s ]
[ 2012-11-09T18:17:23+08:00 ] /index.php/Category/edit/id/1238/aid/47 | NOTIC: [8] Undefined variable: obj 5c3c2ff56e16b6b6ee1bdeb1ff3f266a.php 第 14 行.
[ 2012-11-09T18:17:23+08:00 ] /index.php/Category/edit/id/1238/aid/47 | NOTIC: [8] Undefined variable: obj 5c3c2ff56e16b6b6ee1bdeb1ff3f266a.php 第 15 行.
[ 2012-11-09T18:17:23+08:00 ] /index.php/Category/edit/id/1238/aid/47 | NOTIC: [8] Undefined variable: obj 5c3c2ff56e16b6b6ee1bdeb1ff3f266a.php 第 38 行.
[ 2012-11-09T18:17:23+08:00 ] /index.php/Category/edit/id/1238/aid/47 | NOTIC: [8] Undefined variable: obj 5c3c2ff56e16b6b6ee1bdeb1ff3f266a.php 第 42 行.
[ 2012-11-09T18:17:23+08:00 ] /index.php/Category/edit/id/1238/aid/47 | NOTIC: [8] Undefined variable: obj 5c3c2ff56e16b6b6ee1bdeb1ff3f266a.php 第 56 行.
[ 2012-11-09T18:17:23+08:00 ] /index.php/Category/edit/id/1238/aid/47 | NOTIC: [8] Undefined variable: obj 5c3c2ff56e16b6b6ee1bdeb1ff3f266a.php 第 60 行.
[ 2012-11-09T18:17:23+08:00 ] /index.php/Category/edit/id/1238/aid/47 | NOTIC: [8] Undefined variable: obj 5c3c2ff56e16b6b6ee1bdeb1ff3f266a.php 第 64 行.
[ 2012-11-09T18:17:23+08:00 ] /index.php/Category/edit/id/1238/aid/47 | NOTIC: [8] Undefined variable: obj 5c3c2ff56e16b6b6ee1bdeb1ff3f266a.php 第 68 行.
[ 2012-11-09T18:17:23+08:00 ] /index.php/Category/edit/id/1238/aid/47 | NOTIC: [8] Undefined variable: obj 5c3c2ff56e16b6b6ee1bdeb1ff3f266a.php 第 72 行.
[ 2012-11-09T18:17:23+08:00 ] /index.php/Category/edit/id/1238/aid/47 | NOTIC: [8] Undefined variable: obj 5c3c2ff56e16b6b6ee1bdeb1ff3f266a.php 第 93 行.
[ 2012-11-09T18:17:23+08:00 ] /index.php/Category/edit/id/1238/aid/47 | NOTIC: [8] Undefined variable: obj 5c3c2ff56e16b6b6ee1bdeb1ff3f266a.php 第 101 行.
[ 2012-11-09T18:17:23+08:00 ] /index.php/Category/edit/id/1238/aid/47 | NOTIC: [8] Undefined variable: obj 5c3c2ff56e16b6b6ee1bdeb1ff3f266a.php 第 102 行.
[ 2012-11-09T18:17:23+08:00 ] /index.php/Category/edit/id/1238/aid/47 | NOTIC: [8] Undefined variable: obj 5c3c2ff56e16b6b6ee1bdeb1ff3f266a.php 第 103 行.
[ 2012-11-09T18:17:26+08:00 ] /index.php/Category/edit/act/update/id/1238/aid/47 | SQL: SHOW COLUMNS FROM `y_account` [ RunTime:0.000928s ]
[ 2012-11-09T18:17:26+08:00 ] /index.php/Category/edit/act/update/id/1238/aid/47 | SQL: SELECT * FROM `y_account` WHERE ( `id` = '47' ) LIMIT 1  [ RunTime:0.000070s ]
[ 2012-11-09T18:17:26+08:00 ] /index.php/Category/edit/act/update/id/1238/aid/47 | SQL: SHOW COLUMNS FROM `y_category` [ RunTime:0.000403s ]
[ 2012-11-09T18:17:26+08:00 ] /index.php/Category/edit/act/update/id/1238/aid/47 | SQL: SELECT * FROM `y_category` WHERE ( `id` = '1238' ) LIMIT 1  [ RunTime:0.000085s ]
[ 2012-11-09T18:17:26+08:00 ] /index.php/Category/edit/act/update/id/1238/aid/47 | SQL: SELECT * FROM `y_category` WHERE ( `pid` = '1194' ) ORDER BY lang desc,ordernum desc [ RunTime:0.000117s ]
[ 2012-11-09T18:17:26+08:00 ] /index.php/Category/edit/act/update/id/1238/aid/47 | SQL: SELECT `title` FROM `y_category` WHERE ( `alias` = 'mobile' ) LIMIT 1  [ RunTime:0.000074s ]
[ 2012-11-09T18:17:26+08:00 ] /index.php/Category/edit/act/update/id/1238/aid/47 | SQL: SELECT `title` FROM `y_category` WHERE ( `alias` = 'mobile' ) LIMIT 1  [ RunTime:0.000072s ]
[ 2012-11-09T18:17:26+08:00 ] /index.php/Category/edit/act/update/id/1238/aid/47 | SQL: SELECT `title` FROM `y_category` WHERE ( `alias` = 'mobile' ) LIMIT 1  [ RunTime:0.000072s ]
[ 2012-11-09T18:17:26+08:00 ] /index.php/Category/edit/act/update/id/1238/aid/47 | SQL: SELECT `title` FROM `y_category` WHERE ( `alias` = 'mobile' ) LIMIT 1  [ RunTime:0.000069s ]
[ 2012-11-09T18:17:26+08:00 ] /index.php/Category/edit/act/update/id/1238/aid/47 | SQL: SELECT `langs` FROM `y_account` WHERE ( `id` = '47' ) LIMIT 1  [ RunTime:0.000080s ]
[ 2012-11-09T18:17:26+08:00 ] /index.php/Category/edit/act/update/id/1238/aid/47 | SQL: SELECT * FROM `y_category` WHERE ( `alias` IN ('mobile','zh-cn') ) ORDER BY ordernum desc [ RunTime:0.000088s ]
