[ 2012-12-29T11:06:19+08:00 ] / | NOTIC: [8] Undefined index:  account_id CommonAction.class.php 第 19 行.
[ 2012-12-29T11:06:20+08:00 ] / | SQL: SHOW COLUMNS FROM `y_account` [ RunTime:0.001156s ]
[ 2012-12-29T11:06:20+08:00 ] / | NOTIC: [2] mysql_connect() [<a href='function.mysql-connect'>function.mysql-connect</a>]: Access denied for user 'xiaoluo'@'localhost' (using password: NO) CommonAction.class.php 第 153 行.
[ 2012-12-29T11:06:20+08:00 ] /index.php/Index/main | NOTIC: [8] Undefined index:  account_id CommonAction.class.php 第 19 行.
[ 2012-12-29T11:06:20+08:00 ] /index.php/Index/main | SQL: SHOW COLUMNS FROM `y_account` [ RunTime:0.001159s ]
[ 2012-12-29T11:06:20+08:00 ] /index.php/Index/main | NOTIC: [2] mysql_connect() [<a href='function.mysql-connect'>function.mysql-connect</a>]: Access denied for user 'xiaoluo'@'localhost' (using password: NO) CommonAction.class.php 第 153 行.
[ 2012-12-29T11:06:20+08:00 ] /index.php/Index/main | SQL: SELECT * FROM `y_account` ORDER BY id desc [ RunTime:0.000237s ]
[ 2012-12-29T11:06:20+08:00 ] /index.php/Index/main | NOTIC: [8] Undefined index:  searchkey IndexAction.class.php 第 28 行.
[ 2012-12-29T11:06:20+08:00 ] /index.php/Index/main | NOTIC: [8] Undefined variable: where IndexAction.class.php 第 32 行.
[ 2012-12-29T11:06:20+08:00 ] /index.php/Index/main | SQL: SELECT COUNT(*) AS tp_count FROM `y_account` LIMIT 1  [ RunTime:0.000059s ]
[ 2012-12-29T11:06:20+08:00 ] /index.php/Index/main | SQL: SELECT * FROM `y_account` ORDER BY `id` desc LIMIT 0,20  [ RunTime:0.000086s ]
[ 2012-12-29T11:06:20+08:00 ] /index.php/Index/main | NOTIC: [2] Invalid argument supplied for foreach() CommonAction.class.php 第 258 行.
[ 2012-12-29T11:06:20+08:00 ] /index.php/Index/left | NOTIC: [8] Undefined index:  account_id CommonAction.class.php 第 19 行.
[ 2012-12-29T11:06:20+08:00 ] /index.php/Index/left | SQL: SHOW COLUMNS FROM `y_account` [ RunTime:0.001525s ]
[ 2012-12-29T11:06:20+08:00 ] /index.php/Index/left | NOTIC: [2] mysql_connect() [<a href='function.mysql-connect'>function.mysql-connect</a>]: Access denied for user 'xiaoluo'@'localhost' (using password: NO) CommonAction.class.php 第 153 行.
[ 2012-12-29T11:06:20+08:00 ] /index.php/Index/left | NOTIC: [8] Undefined index:  account_id 196c657f8b82048b1beeb0f9599f5fdc.php 第 15 行.
[ 2012-12-29T11:06:20+08:00 ] /index.php/Index/left | NOTIC: [8] Undefined variable: isConnect 196c657f8b82048b1beeb0f9599f5fdc.php 第 72 行.
[ 2012-12-29T11:06:20+08:00 ] /index.php/Index/left | NOTIC: [8] Undefined variable: langList 196c657f8b82048b1beeb0f9599f5fdc.php 第 125 行.
[ 2012-12-29T11:06:20+08:00 ] /index.php/Index/left | NOTIC: [8] Undefined variable: langList 196c657f8b82048b1beeb0f9599f5fdc.php 第 137 行.
[ 2012-12-29T11:06:20+08:00 ] /index.php/Index/left | NOTIC: [8] Undefined variable: moduleList 196c657f8b82048b1beeb0f9599f5fdc.php 第 167 行.
[ 2012-12-29T11:06:20+08:00 ] /index.php/Index/left | NOTIC: [8] Undefined variable: moduleList2 196c657f8b82048b1beeb0f9599f5fdc.php 第 189 行.
[ 2012-12-29T11:06:20+08:00 ] /index.php/Index/left | NOTIC: [8] Undefined index:  tab_id 196c657f8b82048b1beeb0f9599f5fdc.php 第 256 行.
[ 2012-12-29T11:06:27+08:00 ] /index.php/Account/edit/id/195 | SQL: SHOW COLUMNS FROM `y_account` [ RunTime:0.001545s ]
[ 2012-12-29T11:06:27+08:00 ] /index.php/Account/edit/id/195 | SQL: SELECT * FROM `y_account` WHERE ( `id` = '195' ) LIMIT 1  [ RunTime:0.000337s ]
[ 2012-12-29T11:06:27+08:00 ] /index.php/Account/edit/id/195 | SQL: SHOW COLUMNS FROM `y_category` [ RunTime:0.000509s ]
[ 2012-12-29T11:06:27+08:00 ] /index.php/Account/edit/id/195 | SQL: SELECT `alias` FROM `y_category` WHERE ( `pid` = 3 ) AND ( `is_default` = 1 ) LIMIT 1  [ RunTime:0.000231s ]
[ 2012-12-29T11:06:27+08:00 ] /index.php/Account/edit/id/195 | SQL: SELECT * FROM `y_category` WHERE ( `pid` = 12 ) ORDER BY ordernum desc [ RunTime:0.000463s ]
[ 2012-12-29T11:06:27+08:00 ] /index.php/Account/edit/id/195 | SQL: SELECT * FROM `y_category` WHERE ( `pid` = 12 ) AND ( `is_publish` = 1 ) ORDER BY ordernum desc [ RunTime:0.000420s ]
[ 2012-12-29T11:06:27+08:00 ] /index.php/Account/edit/id/195 | SQL: SELECT * FROM `y_category` WHERE ( `pid` IN ('3','4') ) ORDER BY ordernum desc [ RunTime:0.000345s ]
[ 2012-12-29T11:06:27+08:00 ] /index.php/Account/edit/id/195 | NOTIC: [8] Undefined index:  tab_id 196c657f8b82048b1beeb0f9599f5fdc.php 第 256 行.
[ 2012-12-29T11:33:08+08:00 ] / | NOTIC: [8] Undefined index:  account_id CommonAction.class.php 第 19 行.
[ 2012-12-29T11:33:08+08:00 ] / | SQL: SHOW COLUMNS FROM `y_account` [ RunTime:0.001473s ]
[ 2012-12-29T11:33:08+08:00 ] / | NOTIC: [2] mysql_connect() [<a href='function.mysql-connect'>function.mysql-connect</a>]: Access denied for user 'xiaoluo'@'localhost' (using password: NO) CommonAction.class.php 第 153 行.
[ 2012-12-29T11:33:10+08:00 ] /index.php/Index/left | NOTIC: [8] Undefined index:  account_id CommonAction.class.php 第 19 行.
[ 2012-12-29T11:33:10+08:00 ] /index.php/Index/left | SQL: SHOW COLUMNS FROM `y_account` [ RunTime:0.001415s ]
[ 2012-12-29T11:33:10+08:00 ] /index.php/Index/left | NOTIC: [2] mysql_connect() [<a href='function.mysql-connect'>function.mysql-connect</a>]: Access denied for user 'xiaoluo'@'localhost' (using password: NO) CommonAction.class.php 第 153 行.
[ 2012-12-29T11:33:10+08:00 ] /index.php/Index/left | NOTIC: [8] Undefined index:  account_id 196c657f8b82048b1beeb0f9599f5fdc.php 第 15 行.
[ 2012-12-29T11:33:10+08:00 ] /index.php/Index/left | NOTIC: [8] Undefined variable: isConnect 196c657f8b82048b1beeb0f9599f5fdc.php 第 72 行.
[ 2012-12-29T11:33:10+08:00 ] /index.php/Index/left | NOTIC: [8] Undefined variable: langList 196c657f8b82048b1beeb0f9599f5fdc.php 第 125 行.
[ 2012-12-29T11:33:10+08:00 ] /index.php/Index/left | NOTIC: [8] Undefined variable: langList 196c657f8b82048b1beeb0f9599f5fdc.php 第 137 行.
[ 2012-12-29T11:33:10+08:00 ] /index.php/Index/left | NOTIC: [8] Undefined variable: moduleList 196c657f8b82048b1beeb0f9599f5fdc.php 第 167 行.
[ 2012-12-29T11:33:10+08:00 ] /index.php/Index/left | NOTIC: [8] Undefined variable: moduleList2 196c657f8b82048b1beeb0f9599f5fdc.php 第 189 行.
[ 2012-12-29T11:33:10+08:00 ] /index.php/Index/left | NOTIC: [8] Undefined index:  tab_id 196c657f8b82048b1beeb0f9599f5fdc.php 第 256 行.
[ 2012-12-29T11:33:10+08:00 ] /index.php/Index/main | NOTIC: [8] Undefined index:  account_id CommonAction.class.php 第 19 行.
[ 2012-12-29T11:33:10+08:00 ] /index.php/Index/main | SQL: SHOW COLUMNS FROM `y_account` [ RunTime:0.001554s ]
[ 2012-12-29T11:33:10+08:00 ] /index.php/Index/main | NOTIC: [2] mysql_connect() [<a href='function.mysql-connect'>function.mysql-connect</a>]: Access denied for user 'xiaoluo'@'localhost' (using password: NO) CommonAction.class.php 第 153 行.
[ 2012-12-29T11:33:10+08:00 ] /index.php/Index/main | SQL: SELECT * FROM `y_account` ORDER BY id desc [ RunTime:0.000319s ]
[ 2012-12-29T11:33:10+08:00 ] /index.php/Index/main | NOTIC: [8] Undefined index:  searchkey IndexAction.class.php 第 28 行.
[ 2012-12-29T11:33:10+08:00 ] /index.php/Index/main | NOTIC: [8] Undefined variable: where IndexAction.class.php 第 32 行.
[ 2012-12-29T11:33:10+08:00 ] /index.php/Index/main | SQL: SELECT COUNT(*) AS tp_count FROM `y_account` LIMIT 1  [ RunTime:0.000077s ]
[ 2012-12-29T11:33:10+08:00 ] /index.php/Index/main | SQL: SELECT * FROM `y_account` ORDER BY `id` desc LIMIT 0,20  [ RunTime:0.000104s ]
[ 2012-12-29T11:33:10+08:00 ] /index.php/Index/main | NOTIC: [2] Invalid argument supplied for foreach() CommonAction.class.php 第 258 行.
[ 2012-12-29T11:33:46+08:00 ] /index.php/Index/main?searchkey=gov | NOTIC: [8] Undefined index:  account_id CommonAction.class.php 第 19 行.
[ 2012-12-29T11:33:46+08:00 ] /index.php/Index/main?searchkey=gov | SQL: SHOW COLUMNS FROM `y_account` [ RunTime:0.001613s ]
[ 2012-12-29T11:33:46+08:00 ] /index.php/Index/main?searchkey=gov | NOTIC: [2] mysql_connect() [<a href='function.mysql-connect'>function.mysql-connect</a>]: Access denied for user 'xiaoluo'@'localhost' (using password: NO) CommonAction.class.php 第 153 行.
[ 2012-12-29T11:33:46+08:00 ] /index.php/Index/main?searchkey=gov | SQL: SELECT * FROM `y_account` ORDER BY id desc [ RunTime:0.000323s ]
[ 2012-12-29T11:33:46+08:00 ] /index.php/Index/main?searchkey=gov | SQL: SELECT COUNT(*) AS tp_count FROM `y_account` WHERE ( website_name like '%gov%' OR contract_number like '%gov%' OR url like '%gov%' ) LIMIT 1  [ RunTime:0.000061s ]
[ 2012-12-29T11:33:46+08:00 ] /index.php/Index/main?searchkey=gov | SQL: SELECT * FROM `y_account` WHERE ( website_name like '%gov%' OR contract_number like '%gov%' OR url like '%gov%' ) ORDER BY `id` desc LIMIT 0,20  [ RunTime:0.000069s ]
[ 2012-12-29T11:33:46+08:00 ] /index.php/Index/main?searchkey=gov | NOTIC: [2048] Creating default object from empty value CommonAction.class.php 第 260 行.
[ 2012-12-29T11:33:48+08:00 ] /index.php/Account/edit/id/190 | SQL: SHOW COLUMNS FROM `y_account` [ RunTime:0.001954s ]
[ 2012-12-29T11:33:48+08:00 ] /index.php/Account/edit/id/190 | SQL: SELECT * FROM `y_account` WHERE ( `id` = '190' ) LIMIT 1  [ RunTime:0.000076s ]
[ 2012-12-29T11:33:48+08:00 ] /index.php/Account/edit/id/190 | SQL: SHOW COLUMNS FROM `y_category` [ RunTime:0.000676s ]
[ 2012-12-29T11:33:48+08:00 ] /index.php/Account/edit/id/190 | SQL: SELECT `alias` FROM `y_category` WHERE ( `pid` = 3 ) AND ( `is_default` = 1 ) LIMIT 1  [ RunTime:0.000050s ]
[ 2012-12-29T11:33:48+08:00 ] /index.php/Account/edit/id/190 | SQL: SELECT * FROM `y_category` WHERE ( `pid` = 12 ) ORDER BY ordernum desc [ RunTime:0.000082s ]
[ 2012-12-29T11:33:48+08:00 ] /index.php/Account/edit/id/190 | SQL: SELECT * FROM `y_category` WHERE ( `pid` = 12 ) AND ( `is_publish` = 1 ) ORDER BY ordernum desc [ RunTime:0.000090s ]
[ 2012-12-29T11:33:48+08:00 ] /index.php/Account/edit/id/190 | SQL: SELECT * FROM `y_category` WHERE ( `pid` IN ('3','4') ) ORDER BY ordernum desc [ RunTime:0.000122s ]
[ 2012-12-29T11:33:48+08:00 ] /index.php/Account/edit/id/190 | NOTIC: [8] Undefined index:  tab_id 196c657f8b82048b1beeb0f9599f5fdc.php 第 256 行.
[ 2012-12-29T11:33:56+08:00 ] /index.php/Category/edit/id/19/aid/190 | SQL: SHOW COLUMNS FROM `y_account` [ RunTime:0.001405s ]
[ 2012-12-29T11:33:56+08:00 ] /index.php/Category/edit/id/19/aid/190 | SQL: SELECT * FROM `y_account` WHERE ( `id` = '190' ) LIMIT 1  [ RunTime:0.000074s ]
[ 2012-12-29T11:33:56+08:00 ] /index.php/Category/edit/id/19/aid/190 | SQL: SHOW COLUMNS FROM `y_category` [ RunTime:0.000556s ]
[ 2012-12-29T11:33:56+08:00 ] /index.php/Category/edit/id/19/aid/190 | NOTIC: [8] Undefined index:  act CategoryAction.class.php 第 16 行.
[ 2012-12-29T11:33:56+08:00 ] /index.php/Category/edit/id/19/aid/190 | SQL: SELECT * FROM `y_category` WHERE ( `id` = '19' ) LIMIT 1  [ RunTime:0.000314s ]
[ 2012-12-29T11:33:56+08:00 ] /index.php/Category/edit/id/19/aid/190 | SQL: SELECT * FROM `y_category` WHERE ( `pid` = '12' ) ORDER BY ordernum desc [ RunTime:0.000499s ]
[ 2012-12-29T11:33:56+08:00 ] /index.php/Category/edit/id/19/aid/190 | SQL: SELECT * FROM `y_category` WHERE ( `pid` = 3 ) AND ( `is_publish` = 1 ) ORDER BY is_default desc,ordernum desc [ RunTime:0.000539s ]
[ 2012-12-29T11:33:56+08:00 ] /index.php/Category/edit/id/19/aid/190 | NOTIC: [8] Undefined variable: obj 5c3c2ff56e16b6b6ee1bdeb1ff3f266a.php 第 14 行.
[ 2012-12-29T11:33:56+08:00 ] /index.php/Category/edit/id/19/aid/190 | NOTIC: [8] Undefined variable: obj 5c3c2ff56e16b6b6ee1bdeb1ff3f266a.php 第 15 行.
[ 2012-12-29T11:33:56+08:00 ] /index.php/Category/edit/id/19/aid/190 | NOTIC: [8] Undefined variable: obj 5c3c2ff56e16b6b6ee1bdeb1ff3f266a.php 第 41 行.
[ 2012-12-29T11:33:56+08:00 ] /index.php/Category/edit/id/19/aid/190 | NOTIC: [8] Undefined variable: obj 5c3c2ff56e16b6b6ee1bdeb1ff3f266a.php 第 45 行.
[ 2012-12-29T11:33:56+08:00 ] /index.php/Category/edit/id/19/aid/190 | NOTIC: [8] Undefined variable: obj 5c3c2ff56e16b6b6ee1bdeb1ff3f266a.php 第 63 行.
[ 2012-12-29T11:33:56+08:00 ] /index.php/Category/edit/id/19/aid/190 | NOTIC: [8] Undefined variable: obj 5c3c2ff56e16b6b6ee1bdeb1ff3f266a.php 第 67 行.
[ 2012-12-29T11:33:56+08:00 ] /index.php/Category/edit/id/19/aid/190 | NOTIC: [8] Undefined variable: obj 5c3c2ff56e16b6b6ee1bdeb1ff3f266a.php 第 71 行.
[ 2012-12-29T11:33:56+08:00 ] /index.php/Category/edit/id/19/aid/190 | NOTIC: [8] Undefined variable: obj 5c3c2ff56e16b6b6ee1bdeb1ff3f266a.php 第 75 行.
[ 2012-12-29T11:33:56+08:00 ] /index.php/Category/edit/id/19/aid/190 | NOTIC: [8] Undefined variable: obj 5c3c2ff56e16b6b6ee1bdeb1ff3f266a.php 第 79 行.
[ 2012-12-29T11:33:56+08:00 ] /index.php/Category/edit/id/19/aid/190 | NOTIC: [8] Undefined variable: obj 5c3c2ff56e16b6b6ee1bdeb1ff3f266a.php 第 100 行.
[ 2012-12-29T11:33:56+08:00 ] /index.php/Category/edit/id/19/aid/190 | NOTIC: [8] Undefined variable: obj 5c3c2ff56e16b6b6ee1bdeb1ff3f266a.php 第 101 行.
[ 2012-12-29T11:33:56+08:00 ] /index.php/Category/edit/id/19/aid/190 | NOTIC: [8] Undefined variable: obj 5c3c2ff56e16b6b6ee1bdeb1ff3f266a.php 第 130 行.
[ 2012-12-29T11:33:56+08:00 ] /index.php/Category/edit/id/19/aid/190 | NOTIC: [8] Undefined variable: obj 5c3c2ff56e16b6b6ee1bdeb1ff3f266a.php 第 131 行.
[ 2012-12-29T11:33:56+08:00 ] /index.php/Category/edit/id/19/aid/190 | NOTIC: [8] Undefined variable: obj 5c3c2ff56e16b6b6ee1bdeb1ff3f266a.php 第 132 行.
[ 2012-12-29T11:33:56+08:00 ] /index.php/Category/edit/id/19/aid/190 | NOTIC: [8] Undefined variable: obj 5c3c2ff56e16b6b6ee1bdeb1ff3f266a.php 第 133 行.
[ 2012-12-29T11:33:56+08:00 ] /index.php/Category/edit/id/19/aid/190 | NOTIC: [8] Undefined variable: obj 5c3c2ff56e16b6b6ee1bdeb1ff3f266a.php 第 212 行.
[ 2012-12-29T11:34:07+08:00 ] /index.php/Category/edit/id/1510/aid/190 | SQL: SHOW COLUMNS FROM `y_account` [ RunTime:0.001328s ]
[ 2012-12-29T11:34:07+08:00 ] /index.php/Category/edit/id/1510/aid/190 | SQL: SELECT * FROM `y_account` WHERE ( `id` = '190' ) LIMIT 1  [ RunTime:0.000074s ]
[ 2012-12-29T11:34:07+08:00 ] /index.php/Category/edit/id/1510/aid/190 | SQL: SHOW COLUMNS FROM `y_category` [ RunTime:0.000476s ]
[ 2012-12-29T11:34:07+08:00 ] /index.php/Category/edit/id/1510/aid/190 | NOTIC: [8] Undefined index:  act CategoryAction.class.php 第 16 行.
[ 2012-12-29T11:34:07+08:00 ] /index.php/Category/edit/id/1510/aid/190 | SQL: SELECT * FROM `y_category` WHERE ( `id` = '1510' ) LIMIT 1  [ RunTime:0.000218s ]
[ 2012-12-29T11:34:07+08:00 ] /index.php/Category/edit/id/1510/aid/190 | SQL: SELECT * FROM `y_category` WHERE ( `pid` = '19' ) ORDER BY ordernum desc [ RunTime:0.000516s ]
[ 2012-12-29T11:34:07+08:00 ] /index.php/Category/edit/id/1510/aid/190 | SQL: SELECT * FROM `y_category` WHERE ( `pid` = 3 ) AND ( `is_publish` = 1 ) ORDER BY is_default desc,ordernum desc [ RunTime:0.000086s ]
[ 2012-12-29T11:34:07+08:00 ] /index.php/Category/edit/id/1510/aid/190 | NOTIC: [8] Undefined variable: obj 5c3c2ff56e16b6b6ee1bdeb1ff3f266a.php 第 14 行.
[ 2012-12-29T11:34:07+08:00 ] /index.php/Category/edit/id/1510/aid/190 | NOTIC: [8] Undefined variable: obj 5c3c2ff56e16b6b6ee1bdeb1ff3f266a.php 第 15 行.
[ 2012-12-29T11:34:07+08:00 ] /index.php/Category/edit/id/1510/aid/190 | NOTIC: [8] Undefined variable: obj 5c3c2ff56e16b6b6ee1bdeb1ff3f266a.php 第 41 行.
[ 2012-12-29T11:34:07+08:00 ] /index.php/Category/edit/id/1510/aid/190 | NOTIC: [8] Undefined variable: obj 5c3c2ff56e16b6b6ee1bdeb1ff3f266a.php 第 45 行.
[ 2012-12-29T11:34:07+08:00 ] /index.php/Category/edit/id/1510/aid/190 | NOTIC: [8] Undefined variable: obj 5c3c2ff56e16b6b6ee1bdeb1ff3f266a.php 第 63 行.
[ 2012-12-29T11:34:07+08:00 ] /index.php/Category/edit/id/1510/aid/190 | NOTIC: [8] Undefined variable: obj 5c3c2ff56e16b6b6ee1bdeb1ff3f266a.php 第 67 行.
[ 2012-12-29T11:34:07+08:00 ] /index.php/Category/edit/id/1510/aid/190 | NOTIC: [8] Undefined variable: obj 5c3c2ff56e16b6b6ee1bdeb1ff3f266a.php 第 71 行.
[ 2012-12-29T11:34:07+08:00 ] /index.php/Category/edit/id/1510/aid/190 | NOTIC: [8] Undefined variable: obj 5c3c2ff56e16b6b6ee1bdeb1ff3f266a.php 第 75 行.
[ 2012-12-29T11:34:07+08:00 ] /index.php/Category/edit/id/1510/aid/190 | NOTIC: [8] Undefined variable: obj 5c3c2ff56e16b6b6ee1bdeb1ff3f266a.php 第 79 行.
[ 2012-12-29T11:34:07+08:00 ] /index.php/Category/edit/id/1510/aid/190 | NOTIC: [8] Undefined variable: obj 5c3c2ff56e16b6b6ee1bdeb1ff3f266a.php 第 100 行.
[ 2012-12-29T11:34:07+08:00 ] /index.php/Category/edit/id/1510/aid/190 | NOTIC: [8] Undefined variable: obj 5c3c2ff56e16b6b6ee1bdeb1ff3f266a.php 第 101 行.
[ 2012-12-29T11:34:07+08:00 ] /index.php/Category/edit/id/1510/aid/190 | NOTIC: [8] Undefined variable: obj 5c3c2ff56e16b6b6ee1bdeb1ff3f266a.php 第 130 行.
[ 2012-12-29T11:34:07+08:00 ] /index.php/Category/edit/id/1510/aid/190 | NOTIC: [8] Undefined variable: obj 5c3c2ff56e16b6b6ee1bdeb1ff3f266a.php 第 131 行.
[ 2012-12-29T11:34:07+08:00 ] /index.php/Category/edit/id/1510/aid/190 | NOTIC: [8] Undefined variable: obj 5c3c2ff56e16b6b6ee1bdeb1ff3f266a.php 第 132 行.
[ 2012-12-29T11:34:07+08:00 ] /index.php/Category/edit/id/1510/aid/190 | NOTIC: [8] Undefined variable: obj 5c3c2ff56e16b6b6ee1bdeb1ff3f266a.php 第 133 行.
[ 2012-12-29T11:34:07+08:00 ] /index.php/Category/edit/id/1510/aid/190 | NOTIC: [8] Undefined variable: obj 5c3c2ff56e16b6b6ee1bdeb1ff3f266a.php 第 212 行.
[ 2012-12-29T11:34:08+08:00 ] /index.php/Category/edit/act/update/id/1510/aid/190 | SQL: SHOW COLUMNS FROM `y_account` [ RunTime:0.001513s ]
[ 2012-12-29T11:34:08+08:00 ] /index.php/Category/edit/act/update/id/1510/aid/190 | SQL: SELECT * FROM `y_account` WHERE ( `id` = '190' ) LIMIT 1  [ RunTime:0.000097s ]
[ 2012-12-29T11:34:08+08:00 ] /index.php/Category/edit/act/update/id/1510/aid/190 | SQL: SHOW COLUMNS FROM `y_category` [ RunTime:0.000570s ]
[ 2012-12-29T11:34:08+08:00 ] /index.php/Category/edit/act/update/id/1510/aid/190 | SQL: SELECT * FROM `y_category` WHERE ( `id` = '1510' ) LIMIT 1  [ RunTime:0.000071s ]
[ 2012-12-29T11:34:08+08:00 ] /index.php/Category/edit/act/update/id/1510/aid/190 | SQL: SELECT * FROM `y_category` WHERE ( `pid` = '19' ) ORDER BY ordernum desc [ RunTime:0.000093s ]
[ 2012-12-29T11:34:08+08:00 ] /index.php/Category/edit/act/update/id/1510/aid/190 | SQL: SELECT * FROM `y_category` WHERE ( `pid` = 3 ) AND ( `is_publish` = 1 ) ORDER BY is_default desc,ordernum desc [ RunTime:0.000064s ]
[ 2012-12-29T11:34:15+08:00 ] /index.php/Category/edit/id/1207/aid/190 | SQL: SHOW COLUMNS FROM `y_account` [ RunTime:0.001367s ]
[ 2012-12-29T11:34:15+08:00 ] /index.php/Category/edit/id/1207/aid/190 | SQL: SELECT * FROM `y_account` WHERE ( `id` = '190' ) LIMIT 1  [ RunTime:0.000100s ]
[ 2012-12-29T11:34:15+08:00 ] /index.php/Category/edit/id/1207/aid/190 | SQL: SHOW COLUMNS FROM `y_category` [ RunTime:0.000515s ]
[ 2012-12-29T11:34:15+08:00 ] /index.php/Category/edit/id/1207/aid/190 | NOTIC: [8] Undefined index:  act CategoryAction.class.php 第 16 行.
[ 2012-12-29T11:34:15+08:00 ] /index.php/Category/edit/id/1207/aid/190 | SQL: SELECT * FROM `y_category` WHERE ( `id` = '1207' ) LIMIT 1  [ RunTime:0.000219s ]
[ 2012-12-29T11:34:15+08:00 ] /index.php/Category/edit/id/1207/aid/190 | SQL: SELECT * FROM `y_category` WHERE ( `pid` = '19' ) ORDER BY ordernum desc [ RunTime:0.000091s ]
[ 2012-12-29T11:34:15+08:00 ] /index.php/Category/edit/id/1207/aid/190 | SQL: SELECT * FROM `y_category` WHERE ( `pid` = 3 ) AND ( `is_publish` = 1 ) ORDER BY is_default desc,ordernum desc [ RunTime:0.000063s ]
[ 2012-12-29T11:34:15+08:00 ] /index.php/Category/edit/id/1207/aid/190 | NOTIC: [8] Undefined variable: obj 5c3c2ff56e16b6b6ee1bdeb1ff3f266a.php 第 14 行.
[ 2012-12-29T11:34:15+08:00 ] /index.php/Category/edit/id/1207/aid/190 | NOTIC: [8] Undefined variable: obj 5c3c2ff56e16b6b6ee1bdeb1ff3f266a.php 第 15 行.
[ 2012-12-29T11:34:15+08:00 ] /index.php/Category/edit/id/1207/aid/190 | NOTIC: [8] Undefined variable: obj 5c3c2ff56e16b6b6ee1bdeb1ff3f266a.php 第 41 行.
[ 2012-12-29T11:34:15+08:00 ] /index.php/Category/edit/id/1207/aid/190 | NOTIC: [8] Undefined variable: obj 5c3c2ff56e16b6b6ee1bdeb1ff3f266a.php 第 45 行.
[ 2012-12-29T11:34:15+08:00 ] /index.php/Category/edit/id/1207/aid/190 | NOTIC: [8] Undefined variable: obj 5c3c2ff56e16b6b6ee1bdeb1ff3f266a.php 第 63 行.
[ 2012-12-29T11:34:15+08:00 ] /index.php/Category/edit/id/1207/aid/190 | NOTIC: [8] Undefined variable: obj 5c3c2ff56e16b6b6ee1bdeb1ff3f266a.php 第 67 行.
[ 2012-12-29T11:34:15+08:00 ] /index.php/Category/edit/id/1207/aid/190 | NOTIC: [8] Undefined variable: obj 5c3c2ff56e16b6b6ee1bdeb1ff3f266a.php 第 71 行.
[ 2012-12-29T11:34:15+08:00 ] /index.php/Category/edit/id/1207/aid/190 | NOTIC: [8] Undefined variable: obj 5c3c2ff56e16b6b6ee1bdeb1ff3f266a.php 第 75 行.
[ 2012-12-29T11:34:15+08:00 ] /index.php/Category/edit/id/1207/aid/190 | NOTIC: [8] Undefined variable: obj 5c3c2ff56e16b6b6ee1bdeb1ff3f266a.php 第 79 行.
[ 2012-12-29T11:34:15+08:00 ] /index.php/Category/edit/id/1207/aid/190 | NOTIC: [8] Undefined variable: obj 5c3c2ff56e16b6b6ee1bdeb1ff3f266a.php 第 100 行.
[ 2012-12-29T11:34:15+08:00 ] /index.php/Category/edit/id/1207/aid/190 | NOTIC: [8] Undefined variable: obj 5c3c2ff56e16b6b6ee1bdeb1ff3f266a.php 第 101 行.
[ 2012-12-29T11:34:15+08:00 ] /index.php/Category/edit/id/1207/aid/190 | NOTIC: [8] Undefined variable: obj 5c3c2ff56e16b6b6ee1bdeb1ff3f266a.php 第 130 行.
[ 2012-12-29T11:34:15+08:00 ] /index.php/Category/edit/id/1207/aid/190 | NOTIC: [8] Undefined variable: obj 5c3c2ff56e16b6b6ee1bdeb1ff3f266a.php 第 131 行.
[ 2012-12-29T11:34:15+08:00 ] /index.php/Category/edit/id/1207/aid/190 | NOTIC: [8] Undefined variable: obj 5c3c2ff56e16b6b6ee1bdeb1ff3f266a.php 第 132 行.
[ 2012-12-29T11:34:15+08:00 ] /index.php/Category/edit/id/1207/aid/190 | NOTIC: [8] Undefined variable: obj 5c3c2ff56e16b6b6ee1bdeb1ff3f266a.php 第 133 行.
[ 2012-12-29T11:34:15+08:00 ] /index.php/Category/edit/id/1207/aid/190 | NOTIC: [8] Undefined variable: obj 5c3c2ff56e16b6b6ee1bdeb1ff3f266a.php 第 212 行.
[ 2012-12-29T11:34:15+08:00 ] /index.php/Category/edit/id/1208/aid/190 | SQL: SHOW COLUMNS FROM `y_account` [ RunTime:0.001445s ]
[ 2012-12-29T11:34:15+08:00 ] /index.php/Category/edit/id/1208/aid/190 | SQL: SELECT * FROM `y_account` WHERE ( `id` = '190' ) LIMIT 1  [ RunTime:0.000077s ]
[ 2012-12-29T11:34:15+08:00 ] /index.php/Category/edit/id/1208/aid/190 | SQL: SHOW COLUMNS FROM `y_category` [ RunTime:0.000481s ]
[ 2012-12-29T11:34:15+08:00 ] /index.php/Category/edit/id/1208/aid/190 | NOTIC: [8] Undefined index:  act CategoryAction.class.php 第 16 行.
[ 2012-12-29T11:34:15+08:00 ] /index.php/Category/edit/id/1208/aid/190 | SQL: SELECT * FROM `y_category` WHERE ( `id` = '1208' ) LIMIT 1  [ RunTime:0.000275s ]
[ 2012-12-29T11:34:15+08:00 ] /index.php/Category/edit/id/1208/aid/190 | SQL: SELECT * FROM `y_category` WHERE ( `pid` = '19' ) ORDER BY ordernum desc [ RunTime:0.000090s ]
[ 2012-12-29T11:34:15+08:00 ] /index.php/Category/edit/id/1208/aid/190 | SQL: SELECT * FROM `y_category` WHERE ( `pid` = 3 ) AND ( `is_publish` = 1 ) ORDER BY is_default desc,ordernum desc [ RunTime:0.000086s ]
[ 2012-12-29T11:34:15+08:00 ] /index.php/Category/edit/id/1208/aid/190 | NOTIC: [8] Undefined variable: obj 5c3c2ff56e16b6b6ee1bdeb1ff3f266a.php 第 14 行.
[ 2012-12-29T11:34:15+08:00 ] /index.php/Category/edit/id/1208/aid/190 | NOTIC: [8] Undefined variable: obj 5c3c2ff56e16b6b6ee1bdeb1ff3f266a.php 第 15 行.
[ 2012-12-29T11:34:15+08:00 ] /index.php/Category/edit/id/1208/aid/190 | NOTIC: [8] Undefined variable: obj 5c3c2ff56e16b6b6ee1bdeb1ff3f266a.php 第 41 行.
[ 2012-12-29T11:34:15+08:00 ] /index.php/Category/edit/id/1208/aid/190 | NOTIC: [8] Undefined variable: obj 5c3c2ff56e16b6b6ee1bdeb1ff3f266a.php 第 45 行.
[ 2012-12-29T11:34:15+08:00 ] /index.php/Category/edit/id/1208/aid/190 | NOTIC: [8] Undefined variable: obj 5c3c2ff56e16b6b6ee1bdeb1ff3f266a.php 第 63 行.
[ 2012-12-29T11:34:15+08:00 ] /index.php/Category/edit/id/1208/aid/190 | NOTIC: [8] Undefined variable: obj 5c3c2ff56e16b6b6ee1bdeb1ff3f266a.php 第 67 行.
[ 2012-12-29T11:34:15+08:00 ] /index.php/Category/edit/id/1208/aid/190 | NOTIC: [8] Undefined variable: obj 5c3c2ff56e16b6b6ee1bdeb1ff3f266a.php 第 71 行.
[ 2012-12-29T11:34:15+08:00 ] /index.php/Category/edit/id/1208/aid/190 | NOTIC: [8] Undefined variable: obj 5c3c2ff56e16b6b6ee1bdeb1ff3f266a.php 第 75 行.
[ 2012-12-29T11:34:15+08:00 ] /index.php/Category/edit/id/1208/aid/190 | NOTIC: [8] Undefined variable: obj 5c3c2ff56e16b6b6ee1bdeb1ff3f266a.php 第 79 行.
[ 2012-12-29T11:34:15+08:00 ] /index.php/Category/edit/id/1208/aid/190 | NOTIC: [8] Undefined variable: obj 5c3c2ff56e16b6b6ee1bdeb1ff3f266a.php 第 100 行.
[ 2012-12-29T11:34:15+08:00 ] /index.php/Category/edit/id/1208/aid/190 | NOTIC: [8] Undefined variable: obj 5c3c2ff56e16b6b6ee1bdeb1ff3f266a.php 第 101 行.
[ 2012-12-29T11:34:15+08:00 ] /index.php/Category/edit/id/1208/aid/190 | NOTIC: [8] Undefined variable: obj 5c3c2ff56e16b6b6ee1bdeb1ff3f266a.php 第 130 行.
[ 2012-12-29T11:34:15+08:00 ] /index.php/Category/edit/id/1208/aid/190 | NOTIC: [8] Undefined variable: obj 5c3c2ff56e16b6b6ee1bdeb1ff3f266a.php 第 131 行.
[ 2012-12-29T11:34:15+08:00 ] /index.php/Category/edit/id/1208/aid/190 | NOTIC: [8] Undefined variable: obj 5c3c2ff56e16b6b6ee1bdeb1ff3f266a.php 第 132 行.
[ 2012-12-29T11:34:15+08:00 ] /index.php/Category/edit/id/1208/aid/190 | NOTIC: [8] Undefined variable: obj 5c3c2ff56e16b6b6ee1bdeb1ff3f266a.php 第 133 行.
[ 2012-12-29T11:34:15+08:00 ] /index.php/Category/edit/id/1208/aid/190 | NOTIC: [8] Undefined variable: obj 5c3c2ff56e16b6b6ee1bdeb1ff3f266a.php 第 212 行.
[ 2012-12-29T11:34:16+08:00 ] /index.php/Category/edit/id/1563/aid/190 | SQL: SHOW COLUMNS FROM `y_account` [ RunTime:0.001138s ]
[ 2012-12-29T11:34:16+08:00 ] /index.php/Category/edit/id/1563/aid/190 | SQL: SELECT * FROM `y_account` WHERE ( `id` = '190' ) LIMIT 1  [ RunTime:0.000074s ]
[ 2012-12-29T11:34:16+08:00 ] /index.php/Category/edit/id/1563/aid/190 | SQL: SHOW COLUMNS FROM `y_category` [ RunTime:0.000459s ]
[ 2012-12-29T11:34:16+08:00 ] /index.php/Category/edit/id/1563/aid/190 | NOTIC: [8] Undefined index:  act CategoryAction.class.php 第 16 行.
[ 2012-12-29T11:34:16+08:00 ] /index.php/Category/edit/id/1563/aid/190 | SQL: SELECT * FROM `y_category` WHERE ( `id` = '1563' ) LIMIT 1  [ RunTime:0.000265s ]
[ 2012-12-29T11:34:16+08:00 ] /index.php/Category/edit/id/1563/aid/190 | SQL: SELECT * FROM `y_category` WHERE ( `pid` = '19' ) ORDER BY ordernum desc [ RunTime:0.000087s ]
[ 2012-12-29T11:34:16+08:00 ] /index.php/Category/edit/id/1563/aid/190 | SQL: SELECT * FROM `y_category` WHERE ( `pid` = 3 ) AND ( `is_publish` = 1 ) ORDER BY is_default desc,ordernum desc [ RunTime:0.000067s ]
[ 2012-12-29T11:34:16+08:00 ] /index.php/Category/edit/id/1563/aid/190 | NOTIC: [8] Undefined variable: obj 5c3c2ff56e16b6b6ee1bdeb1ff3f266a.php 第 14 行.
[ 2012-12-29T11:34:16+08:00 ] /index.php/Category/edit/id/1563/aid/190 | NOTIC: [8] Undefined variable: obj 5c3c2ff56e16b6b6ee1bdeb1ff3f266a.php 第 15 行.
[ 2012-12-29T11:34:16+08:00 ] /index.php/Category/edit/id/1563/aid/190 | NOTIC: [8] Undefined variable: obj 5c3c2ff56e16b6b6ee1bdeb1ff3f266a.php 第 41 行.
[ 2012-12-29T11:34:16+08:00 ] /index.php/Category/edit/id/1563/aid/190 | NOTIC: [8] Undefined variable: obj 5c3c2ff56e16b6b6ee1bdeb1ff3f266a.php 第 45 行.
[ 2012-12-29T11:34:16+08:00 ] /index.php/Category/edit/id/1563/aid/190 | NOTIC: [8] Undefined variable: obj 5c3c2ff56e16b6b6ee1bdeb1ff3f266a.php 第 63 行.
[ 2012-12-29T11:34:16+08:00 ] /index.php/Category/edit/id/1563/aid/190 | NOTIC: [8] Undefined variable: obj 5c3c2ff56e16b6b6ee1bdeb1ff3f266a.php 第 67 行.
[ 2012-12-29T11:34:16+08:00 ] /index.php/Category/edit/id/1563/aid/190 | NOTIC: [8] Undefined variable: obj 5c3c2ff56e16b6b6ee1bdeb1ff3f266a.php 第 71 行.
[ 2012-12-29T11:34:16+08:00 ] /index.php/Category/edit/id/1563/aid/190 | NOTIC: [8] Undefined variable: obj 5c3c2ff56e16b6b6ee1bdeb1ff3f266a.php 第 75 行.
[ 2012-12-29T11:34:16+08:00 ] /index.php/Category/edit/id/1563/aid/190 | NOTIC: [8] Undefined variable: obj 5c3c2ff56e16b6b6ee1bdeb1ff3f266a.php 第 79 行.
[ 2012-12-29T11:34:16+08:00 ] /index.php/Category/edit/id/1563/aid/190 | NOTIC: [8] Undefined variable: obj 5c3c2ff56e16b6b6ee1bdeb1ff3f266a.php 第 100 行.
[ 2012-12-29T11:34:16+08:00 ] /index.php/Category/edit/id/1563/aid/190 | NOTIC: [8] Undefined variable: obj 5c3c2ff56e16b6b6ee1bdeb1ff3f266a.php 第 101 行.
[ 2012-12-29T11:34:16+08:00 ] /index.php/Category/edit/id/1563/aid/190 | NOTIC: [8] Undefined variable: obj 5c3c2ff56e16b6b6ee1bdeb1ff3f266a.php 第 130 行.
[ 2012-12-29T11:34:16+08:00 ] /index.php/Category/edit/id/1563/aid/190 | NOTIC: [8] Undefined variable: obj 5c3c2ff56e16b6b6ee1bdeb1ff3f266a.php 第 131 行.
[ 2012-12-29T11:34:16+08:00 ] /index.php/Category/edit/id/1563/aid/190 | NOTIC: [8] Undefined variable: obj 5c3c2ff56e16b6b6ee1bdeb1ff3f266a.php 第 132 行.
[ 2012-12-29T11:34:16+08:00 ] /index.php/Category/edit/id/1563/aid/190 | NOTIC: [8] Undefined variable: obj 5c3c2ff56e16b6b6ee1bdeb1ff3f266a.php 第 133 行.
[ 2012-12-29T11:34:16+08:00 ] /index.php/Category/edit/id/1563/aid/190 | NOTIC: [8] Undefined variable: obj 5c3c2ff56e16b6b6ee1bdeb1ff3f266a.php 第 212 行.
[ 2012-12-29T11:34:17+08:00 ] /index.php/Category/edit/act/update/id/1563/aid/190 | SQL: SHOW COLUMNS FROM `y_account` [ RunTime:0.001567s ]
[ 2012-12-29T11:34:17+08:00 ] /index.php/Category/edit/act/update/id/1563/aid/190 | SQL: SELECT * FROM `y_account` WHERE ( `id` = '190' ) LIMIT 1  [ RunTime:0.000079s ]
[ 2012-12-29T11:34:17+08:00 ] /index.php/Category/edit/act/update/id/1563/aid/190 | SQL: SHOW COLUMNS FROM `y_category` [ RunTime:0.000760s ]
[ 2012-12-29T11:34:17+08:00 ] /index.php/Category/edit/act/update/id/1563/aid/190 | SQL: SELECT * FROM `y_category` WHERE ( `id` = '1563' ) LIMIT 1  [ RunTime:0.000088s ]
[ 2012-12-29T11:34:17+08:00 ] /index.php/Category/edit/act/update/id/1563/aid/190 | SQL: SELECT * FROM `y_category` WHERE ( `pid` = '19' ) ORDER BY ordernum desc [ RunTime:0.000092s ]
[ 2012-12-29T11:34:17+08:00 ] /index.php/Category/edit/act/update/id/1563/aid/190 | SQL: SELECT * FROM `y_category` WHERE ( `pid` = 3 ) AND ( `is_publish` = 1 ) ORDER BY is_default desc,ordernum desc [ RunTime:0.000067s ]
[ 2012-12-29T11:35:14+08:00 ] /index.php/Category/edit/id/36/aid/190 | SQL: SHOW COLUMNS FROM `y_account` [ RunTime:0.001276s ]
[ 2012-12-29T11:35:14+08:00 ] /index.php/Category/edit/id/36/aid/190 | SQL: SELECT * FROM `y_account` WHERE ( `id` = '190' ) LIMIT 1  [ RunTime:0.000107s ]
[ 2012-12-29T11:35:14+08:00 ] /index.php/Category/edit/id/36/aid/190 | SQL: SHOW COLUMNS FROM `y_category` [ RunTime:0.000550s ]
[ 2012-12-29T11:35:14+08:00 ] /index.php/Category/edit/id/36/aid/190 | NOTIC: [8] Undefined index:  act CategoryAction.class.php 第 16 行.
[ 2012-12-29T11:35:14+08:00 ] /index.php/Category/edit/id/36/aid/190 | SQL: SELECT * FROM `y_category` WHERE ( `id` = '36' ) LIMIT 1  [ RunTime:0.000276s ]
[ 2012-12-29T11:35:14+08:00 ] /index.php/Category/edit/id/36/aid/190 | SQL: SELECT * FROM `y_category` WHERE ( `pid` = '12' ) ORDER BY ordernum desc [ RunTime:0.000601s ]
[ 2012-12-29T11:35:14+08:00 ] /index.php/Category/edit/id/36/aid/190 | SQL: SELECT * FROM `y_category` WHERE ( `pid` = 3 ) AND ( `is_publish` = 1 ) ORDER BY is_default desc,ordernum desc [ RunTime:0.000607s ]
[ 2012-12-29T11:35:14+08:00 ] /index.php/Category/edit/id/36/aid/190 | NOTIC: [8] Undefined variable: obj 5c3c2ff56e16b6b6ee1bdeb1ff3f266a.php 第 14 行.
[ 2012-12-29T11:35:14+08:00 ] /index.php/Category/edit/id/36/aid/190 | NOTIC: [8] Undefined variable: obj 5c3c2ff56e16b6b6ee1bdeb1ff3f266a.php 第 15 行.
[ 2012-12-29T11:35:14+08:00 ] /index.php/Category/edit/id/36/aid/190 | NOTIC: [8] Undefined variable: obj 5c3c2ff56e16b6b6ee1bdeb1ff3f266a.php 第 41 行.
[ 2012-12-29T11:35:14+08:00 ] /index.php/Category/edit/id/36/aid/190 | NOTIC: [8] Undefined variable: obj 5c3c2ff56e16b6b6ee1bdeb1ff3f266a.php 第 45 行.
[ 2012-12-29T11:35:14+08:00 ] /index.php/Category/edit/id/36/aid/190 | NOTIC: [8] Undefined variable: obj 5c3c2ff56e16b6b6ee1bdeb1ff3f266a.php 第 63 行.
[ 2012-12-29T11:35:14+08:00 ] /index.php/Category/edit/id/36/aid/190 | NOTIC: [8] Undefined variable: obj 5c3c2ff56e16b6b6ee1bdeb1ff3f266a.php 第 67 行.
[ 2012-12-29T11:35:14+08:00 ] /index.php/Category/edit/id/36/aid/190 | NOTIC: [8] Undefined variable: obj 5c3c2ff56e16b6b6ee1bdeb1ff3f266a.php 第 71 行.
[ 2012-12-29T11:35:14+08:00 ] /index.php/Category/edit/id/36/aid/190 | NOTIC: [8] Undefined variable: obj 5c3c2ff56e16b6b6ee1bdeb1ff3f266a.php 第 75 行.
[ 2012-12-29T11:35:14+08:00 ] /index.php/Category/edit/id/36/aid/190 | NOTIC: [8] Undefined variable: obj 5c3c2ff56e16b6b6ee1bdeb1ff3f266a.php 第 79 行.
[ 2012-12-29T11:35:14+08:00 ] /index.php/Category/edit/id/36/aid/190 | NOTIC: [8] Undefined variable: obj 5c3c2ff56e16b6b6ee1bdeb1ff3f266a.php 第 100 行.
[ 2012-12-29T11:35:14+08:00 ] /index.php/Category/edit/id/36/aid/190 | NOTIC: [8] Undefined variable: obj 5c3c2ff56e16b6b6ee1bdeb1ff3f266a.php 第 101 行.
[ 2012-12-29T11:35:14+08:00 ] /index.php/Category/edit/id/36/aid/190 | NOTIC: [8] Undefined variable: obj 5c3c2ff56e16b6b6ee1bdeb1ff3f266a.php 第 130 行.
[ 2012-12-29T11:35:14+08:00 ] /index.php/Category/edit/id/36/aid/190 | NOTIC: [8] Undefined variable: obj 5c3c2ff56e16b6b6ee1bdeb1ff3f266a.php 第 131 行.
[ 2012-12-29T11:35:14+08:00 ] /index.php/Category/edit/id/36/aid/190 | NOTIC: [8] Undefined variable: obj 5c3c2ff56e16b6b6ee1bdeb1ff3f266a.php 第 132 行.
[ 2012-12-29T11:35:14+08:00 ] /index.php/Category/edit/id/36/aid/190 | NOTIC: [8] Undefined variable: obj 5c3c2ff56e16b6b6ee1bdeb1ff3f266a.php 第 133 行.
[ 2012-12-29T11:35:14+08:00 ] /index.php/Category/edit/id/36/aid/190 | NOTIC: [8] Undefined variable: obj 5c3c2ff56e16b6b6ee1bdeb1ff3f266a.php 第 212 行.
[ 2012-12-29T11:35:18+08:00 ] /index.php/Category/edit/id/1588/aid/190 | SQL: SHOW COLUMNS FROM `y_account` [ RunTime:0.001208s ]
[ 2012-12-29T11:35:18+08:00 ] /index.php/Category/edit/id/1588/aid/190 | SQL: SELECT * FROM `y_account` WHERE ( `id` = '190' ) LIMIT 1  [ RunTime:0.000071s ]
[ 2012-12-29T11:35:18+08:00 ] /index.php/Category/edit/id/1588/aid/190 | SQL: SHOW COLUMNS FROM `y_category` [ RunTime:0.000471s ]
[ 2012-12-29T11:35:18+08:00 ] /index.php/Category/edit/id/1588/aid/190 | NOTIC: [8] Undefined index:  act CategoryAction.class.php 第 16 行.
[ 2012-12-29T11:35:18+08:00 ] /index.php/Category/edit/id/1588/aid/190 | SQL: SELECT * FROM `y_category` WHERE ( `id` = '1588' ) LIMIT 1  [ RunTime:0.000183s ]
[ 2012-12-29T11:35:18+08:00 ] /index.php/Category/edit/id/1588/aid/190 | SQL: SELECT * FROM `y_category` WHERE ( `pid` = '36' ) ORDER BY ordernum desc [ RunTime:0.000503s ]
[ 2012-12-29T11:35:18+08:00 ] /index.php/Category/edit/id/1588/aid/190 | SQL: SELECT * FROM `y_category` WHERE ( `pid` = 3 ) AND ( `is_publish` = 1 ) ORDER BY is_default desc,ordernum desc [ RunTime:0.000065s ]
[ 2012-12-29T11:35:18+08:00 ] /index.php/Category/edit/id/1588/aid/190 | NOTIC: [8] Undefined variable: obj 5c3c2ff56e16b6b6ee1bdeb1ff3f266a.php 第 14 行.
[ 2012-12-29T11:35:18+08:00 ] /index.php/Category/edit/id/1588/aid/190 | NOTIC: [8] Undefined variable: obj 5c3c2ff56e16b6b6ee1bdeb1ff3f266a.php 第 15 行.
[ 2012-12-29T11:35:18+08:00 ] /index.php/Category/edit/id/1588/aid/190 | NOTIC: [8] Undefined variable: obj 5c3c2ff56e16b6b6ee1bdeb1ff3f266a.php 第 41 行.
[ 2012-12-29T11:35:18+08:00 ] /index.php/Category/edit/id/1588/aid/190 | NOTIC: [8] Undefined variable: obj 5c3c2ff56e16b6b6ee1bdeb1ff3f266a.php 第 45 行.
[ 2012-12-29T11:35:18+08:00 ] /index.php/Category/edit/id/1588/aid/190 | NOTIC: [8] Undefined variable: obj 5c3c2ff56e16b6b6ee1bdeb1ff3f266a.php 第 63 行.
[ 2012-12-29T11:35:18+08:00 ] /index.php/Category/edit/id/1588/aid/190 | NOTIC: [8] Undefined variable: obj 5c3c2ff56e16b6b6ee1bdeb1ff3f266a.php 第 67 行.
[ 2012-12-29T11:35:18+08:00 ] /index.php/Category/edit/id/1588/aid/190 | NOTIC: [8] Undefined variable: obj 5c3c2ff56e16b6b6ee1bdeb1ff3f266a.php 第 71 行.
[ 2012-12-29T11:35:18+08:00 ] /index.php/Category/edit/id/1588/aid/190 | NOTIC: [8] Undefined variable: obj 5c3c2ff56e16b6b6ee1bdeb1ff3f266a.php 第 75 行.
[ 2012-12-29T11:35:18+08:00 ] /index.php/Category/edit/id/1588/aid/190 | NOTIC: [8] Undefined variable: obj 5c3c2ff56e16b6b6ee1bdeb1ff3f266a.php 第 79 行.
[ 2012-12-29T11:35:18+08:00 ] /index.php/Category/edit/id/1588/aid/190 | NOTIC: [8] Undefined variable: obj 5c3c2ff56e16b6b6ee1bdeb1ff3f266a.php 第 100 行.
[ 2012-12-29T11:35:18+08:00 ] /index.php/Category/edit/id/1588/aid/190 | NOTIC: [8] Undefined variable: obj 5c3c2ff56e16b6b6ee1bdeb1ff3f266a.php 第 101 行.
[ 2012-12-29T11:35:18+08:00 ] /index.php/Category/edit/id/1588/aid/190 | NOTIC: [8] Undefined variable: obj 5c3c2ff56e16b6b6ee1bdeb1ff3f266a.php 第 130 行.
[ 2012-12-29T11:35:18+08:00 ] /index.php/Category/edit/id/1588/aid/190 | NOTIC: [8] Undefined variable: obj 5c3c2ff56e16b6b6ee1bdeb1ff3f266a.php 第 131 行.
[ 2012-12-29T11:35:18+08:00 ] /index.php/Category/edit/id/1588/aid/190 | NOTIC: [8] Undefined variable: obj 5c3c2ff56e16b6b6ee1bdeb1ff3f266a.php 第 132 行.
[ 2012-12-29T11:35:18+08:00 ] /index.php/Category/edit/id/1588/aid/190 | NOTIC: [8] Undefined variable: obj 5c3c2ff56e16b6b6ee1bdeb1ff3f266a.php 第 133 行.
[ 2012-12-29T11:35:18+08:00 ] /index.php/Category/edit/id/1588/aid/190 | NOTIC: [8] Undefined variable: obj 5c3c2ff56e16b6b6ee1bdeb1ff3f266a.php 第 212 行.
[ 2012-12-29T11:35:19+08:00 ] /index.php/Category/edit/act/update/id/1588/aid/190 | SQL: SHOW COLUMNS FROM `y_account` [ RunTime:0.001734s ]
[ 2012-12-29T11:35:19+08:00 ] /index.php/Category/edit/act/update/id/1588/aid/190 | SQL: SELECT * FROM `y_account` WHERE ( `id` = '190' ) LIMIT 1  [ RunTime:0.000076s ]
[ 2012-12-29T11:35:19+08:00 ] /index.php/Category/edit/act/update/id/1588/aid/190 | SQL: SHOW COLUMNS FROM `y_category` [ RunTime:0.000525s ]
[ 2012-12-29T11:35:19+08:00 ] /index.php/Category/edit/act/update/id/1588/aid/190 | SQL: SELECT * FROM `y_category` WHERE ( `id` = '1588' ) LIMIT 1  [ RunTime:0.000076s ]
[ 2012-12-29T11:35:19+08:00 ] /index.php/Category/edit/act/update/id/1588/aid/190 | SQL: SELECT * FROM `y_category` WHERE ( `pid` = '36' ) ORDER BY ordernum desc [ RunTime:0.000119s ]
[ 2012-12-29T11:35:19+08:00 ] /index.php/Category/edit/act/update/id/1588/aid/190 | SQL: SELECT * FROM `y_category` WHERE ( `pid` = 3 ) AND ( `is_publish` = 1 ) ORDER BY is_default desc,ordernum desc [ RunTime:0.000086s ]
[ 2012-12-29T11:37:32+08:00 ] /index.php/Category/edit/id/19/aid/190 | SQL: SHOW COLUMNS FROM `y_account` [ RunTime:0.001627s ]
[ 2012-12-29T11:37:32+08:00 ] /index.php/Category/edit/id/19/aid/190 | SQL: SELECT * FROM `y_account` WHERE ( `id` = '190' ) LIMIT 1  [ RunTime:0.000076s ]
[ 2012-12-29T11:37:32+08:00 ] /index.php/Category/edit/id/19/aid/190 | SQL: SHOW COLUMNS FROM `y_category` [ RunTime:0.000512s ]
[ 2012-12-29T11:37:32+08:00 ] /index.php/Category/edit/id/19/aid/190 | NOTIC: [8] Undefined index:  act CategoryAction.class.php 第 16 行.
[ 2012-12-29T11:37:32+08:00 ] /index.php/Category/edit/id/19/aid/190 | SQL: SELECT * FROM `y_category` WHERE ( `id` = '19' ) LIMIT 1  [ RunTime:0.000200s ]
[ 2012-12-29T11:37:32+08:00 ] /index.php/Category/edit/id/19/aid/190 | SQL: SELECT * FROM `y_category` WHERE ( `pid` = '12' ) ORDER BY ordernum desc [ RunTime:0.000436s ]
[ 2012-12-29T11:37:32+08:00 ] /index.php/Category/edit/id/19/aid/190 | SQL: SELECT * FROM `y_category` WHERE ( `pid` = 3 ) AND ( `is_publish` = 1 ) ORDER BY is_default desc,ordernum desc [ RunTime:0.000385s ]
[ 2012-12-29T11:37:32+08:00 ] /index.php/Category/edit/id/19/aid/190 | NOTIC: [8] Undefined variable: obj 5c3c2ff56e16b6b6ee1bdeb1ff3f266a.php 第 14 行.
[ 2012-12-29T11:37:32+08:00 ] /index.php/Category/edit/id/19/aid/190 | NOTIC: [8] Undefined variable: obj 5c3c2ff56e16b6b6ee1bdeb1ff3f266a.php 第 15 行.
[ 2012-12-29T11:37:32+08:00 ] /index.php/Category/edit/id/19/aid/190 | NOTIC: [8] Undefined variable: obj 5c3c2ff56e16b6b6ee1bdeb1ff3f266a.php 第 41 行.
[ 2012-12-29T11:37:32+08:00 ] /index.php/Category/edit/id/19/aid/190 | NOTIC: [8] Undefined variable: obj 5c3c2ff56e16b6b6ee1bdeb1ff3f266a.php 第 45 行.
[ 2012-12-29T11:37:32+08:00 ] /index.php/Category/edit/id/19/aid/190 | NOTIC: [8] Undefined variable: obj 5c3c2ff56e16b6b6ee1bdeb1ff3f266a.php 第 63 行.
[ 2012-12-29T11:37:32+08:00 ] /index.php/Category/edit/id/19/aid/190 | NOTIC: [8] Undefined variable: obj 5c3c2ff56e16b6b6ee1bdeb1ff3f266a.php 第 67 行.
[ 2012-12-29T11:37:32+08:00 ] /index.php/Category/edit/id/19/aid/190 | NOTIC: [8] Undefined variable: obj 5c3c2ff56e16b6b6ee1bdeb1ff3f266a.php 第 71 行.
[ 2012-12-29T11:37:32+08:00 ] /index.php/Category/edit/id/19/aid/190 | NOTIC: [8] Undefined variable: obj 5c3c2ff56e16b6b6ee1bdeb1ff3f266a.php 第 75 行.
[ 2012-12-29T11:37:32+08:00 ] /index.php/Category/edit/id/19/aid/190 | NOTIC: [8] Undefined variable: obj 5c3c2ff56e16b6b6ee1bdeb1ff3f266a.php 第 79 行.
[ 2012-12-29T11:37:32+08:00 ] /index.php/Category/edit/id/19/aid/190 | NOTIC: [8] Undefined variable: obj 5c3c2ff56e16b6b6ee1bdeb1ff3f266a.php 第 100 行.
[ 2012-12-29T11:37:32+08:00 ] /index.php/Category/edit/id/19/aid/190 | NOTIC: [8] Undefined variable: obj 5c3c2ff56e16b6b6ee1bdeb1ff3f266a.php 第 101 行.
[ 2012-12-29T11:37:32+08:00 ] /index.php/Category/edit/id/19/aid/190 | NOTIC: [8] Undefined variable: obj 5c3c2ff56e16b6b6ee1bdeb1ff3f266a.php 第 130 行.
[ 2012-12-29T11:37:32+08:00 ] /index.php/Category/edit/id/19/aid/190 | NOTIC: [8] Undefined variable: obj 5c3c2ff56e16b6b6ee1bdeb1ff3f266a.php 第 131 行.
[ 2012-12-29T11:37:32+08:00 ] /index.php/Category/edit/id/19/aid/190 | NOTIC: [8] Undefined variable: obj 5c3c2ff56e16b6b6ee1bdeb1ff3f266a.php 第 132 行.
[ 2012-12-29T11:37:32+08:00 ] /index.php/Category/edit/id/19/aid/190 | NOTIC: [8] Undefined variable: obj 5c3c2ff56e16b6b6ee1bdeb1ff3f266a.php 第 133 行.
[ 2012-12-29T11:37:32+08:00 ] /index.php/Category/edit/id/19/aid/190 | NOTIC: [8] Undefined variable: obj 5c3c2ff56e16b6b6ee1bdeb1ff3f266a.php 第 212 行.
[ 2012-12-29T11:37:37+08:00 ] /index.php/Category/editNav/account_id/190/id/1598 | SQL: SHOW COLUMNS FROM `y_account` [ RunTime:0.001364s ]
[ 2012-12-29T11:37:37+08:00 ] /index.php/Category/editNav/account_id/190/id/1598 | SQL: SELECT * FROM `y_account` WHERE ( `id` = '190' ) LIMIT 1  [ RunTime:0.000075s ]
[ 2012-12-29T11:37:37+08:00 ] /index.php/Category/editNav/account_id/190/id/1598 | SQL: SHOW COLUMNS FROM `y_category` [ RunTime:0.000564s ]
[ 2012-12-29T11:37:37+08:00 ] /index.php/Category/editNav/account_id/190/id/1598 | SQL: SELECT * FROM `y_category` WHERE ( `id` = '1598' ) LIMIT 1  [ RunTime:0.000255s ]
[ 2012-12-29T11:37:37+08:00 ] /index.php/Category/editNav/account_id/190/id/1598 | SQL: SELECT * FROM `y_category` WHERE ( `pid` = 3 ) AND ( `is_publish` = 1 ) ORDER BY is_default desc,ordernum desc [ RunTime:0.000064s ]
[ 2012-12-29T11:37:39+08:00 ] /index.php/Account/edit/id/190/tab_id/test3 | SQL: SHOW COLUMNS FROM `y_account` [ RunTime:0.001904s ]
[ 2012-12-29T11:37:39+08:00 ] /index.php/Account/edit/id/190/tab_id/test3 | SQL: SELECT * FROM `y_account` WHERE ( `id` = '190' ) LIMIT 1  [ RunTime:0.000078s ]
[ 2012-12-29T11:37:39+08:00 ] /index.php/Account/edit/id/190/tab_id/test3 | SQL: SHOW COLUMNS FROM `y_category` [ RunTime:0.000662s ]
[ 2012-12-29T11:37:39+08:00 ] /index.php/Account/edit/id/190/tab_id/test3 | SQL: SELECT `alias` FROM `y_category` WHERE ( `pid` = 3 ) AND ( `is_default` = 1 ) LIMIT 1  [ RunTime:0.000277s ]
[ 2012-12-29T11:37:39+08:00 ] /index.php/Account/edit/id/190/tab_id/test3 | SQL: SELECT * FROM `y_category` WHERE ( `pid` = 12 ) ORDER BY ordernum desc [ RunTime:0.000482s ]
[ 2012-12-29T11:37:39+08:00 ] /index.php/Account/edit/id/190/tab_id/test3 | SQL: SELECT * FROM `y_category` WHERE ( `pid` = 12 ) AND ( `is_publish` = 1 ) ORDER BY ordernum desc [ RunTime:0.000468s ]
[ 2012-12-29T11:37:39+08:00 ] /index.php/Account/edit/id/190/tab_id/test3 | SQL: SELECT * FROM `y_category` WHERE ( `pid` IN ('3','4') ) ORDER BY ordernum desc [ RunTime:0.000406s ]
[ 2012-12-29T11:37:48+08:00 ] /index.php/Category/editNav/account_id/190/id/1598 | SQL: SHOW COLUMNS FROM `y_account` [ RunTime:0.001399s ]
[ 2012-12-29T11:37:48+08:00 ] /index.php/Category/editNav/account_id/190/id/1598 | SQL: SELECT * FROM `y_account` WHERE ( `id` = '190' ) LIMIT 1  [ RunTime:0.000079s ]
[ 2012-12-29T11:37:48+08:00 ] /index.php/Category/editNav/account_id/190/id/1598 | SQL: SHOW COLUMNS FROM `y_category` [ RunTime:0.000494s ]
[ 2012-12-29T11:37:48+08:00 ] /index.php/Category/editNav/account_id/190/id/1598 | SQL: SELECT * FROM `y_category` WHERE ( `id` = '1598' ) LIMIT 1  [ RunTime:0.000311s ]
[ 2012-12-29T11:37:48+08:00 ] /index.php/Category/editNav/account_id/190/id/1598 | SQL: SELECT * FROM `y_category` WHERE ( `pid` = 3 ) AND ( `is_publish` = 1 ) ORDER BY is_default desc,ordernum desc [ RunTime:0.000433s ]
[ 2012-12-29T11:37:52+08:00 ] / | SQL: SHOW COLUMNS FROM `y_account` [ RunTime:0.001514s ]
[ 2012-12-29T11:37:52+08:00 ] / | SQL: SELECT * FROM `y_account` WHERE ( `id` = '190' ) LIMIT 1  [ RunTime:0.000122s ]
[ 2012-12-29T11:37:52+08:00 ] / | SQL: SHOW COLUMNS FROM `y_category` [ RunTime:0.000642s ]
[ 2012-12-29T11:37:53+08:00 ] /index.php/Index/left | NOTIC: [8] Undefined index:  account_id CommonAction.class.php 第 19 行.
[ 2012-12-29T11:37:53+08:00 ] /index.php/Index/left | SQL: SHOW COLUMNS FROM `y_account` [ RunTime:0.001225s ]
[ 2012-12-29T11:37:53+08:00 ] /index.php/Index/left | NOTIC: [2] mysql_connect() [<a href='function.mysql-connect'>function.mysql-connect</a>]: Access denied for user 'xiaoluo'@'localhost' (using password: NO) CommonAction.class.php 第 153 行.
[ 2012-12-29T11:37:53+08:00 ] /index.php/Index/left | NOTIC: [8] Undefined index:  account_id 196c657f8b82048b1beeb0f9599f5fdc.php 第 15 行.
[ 2012-12-29T11:37:53+08:00 ] /index.php/Index/left | NOTIC: [8] Undefined variable: isConnect 196c657f8b82048b1beeb0f9599f5fdc.php 第 72 行.
[ 2012-12-29T11:37:53+08:00 ] /index.php/Index/left | NOTIC: [8] Undefined variable: langList 196c657f8b82048b1beeb0f9599f5fdc.php 第 125 行.
[ 2012-12-29T11:37:53+08:00 ] /index.php/Index/left | NOTIC: [8] Undefined variable: langList 196c657f8b82048b1beeb0f9599f5fdc.php 第 137 行.
[ 2012-12-29T11:37:53+08:00 ] /index.php/Index/left | NOTIC: [8] Undefined variable: moduleList 196c657f8b82048b1beeb0f9599f5fdc.php 第 167 行.
[ 2012-12-29T11:37:53+08:00 ] /index.php/Index/left | NOTIC: [8] Undefined variable: moduleList2 196c657f8b82048b1beeb0f9599f5fdc.php 第 189 行.
[ 2012-12-29T11:37:53+08:00 ] /index.php/Index/left | NOTIC: [8] Undefined index:  tab_id 196c657f8b82048b1beeb0f9599f5fdc.php 第 256 行.
[ 2012-12-29T11:37:53+08:00 ] /index.php/Index/main | NOTIC: [8] Undefined index:  account_id CommonAction.class.php 第 19 行.
[ 2012-12-29T11:37:53+08:00 ] /index.php/Index/main | SQL: SHOW COLUMNS FROM `y_account` [ RunTime:0.001366s ]
[ 2012-12-29T11:37:53+08:00 ] /index.php/Index/main | NOTIC: [2] mysql_connect() [<a href='function.mysql-connect'>function.mysql-connect</a>]: Access denied for user 'xiaoluo'@'localhost' (using password: NO) CommonAction.class.php 第 153 行.
[ 2012-12-29T11:37:53+08:00 ] /index.php/Index/main | SQL: SELECT * FROM `y_account` ORDER BY id desc [ RunTime:0.000267s ]
[ 2012-12-29T11:37:53+08:00 ] /index.php/Index/main | NOTIC: [8] Undefined index:  searchkey IndexAction.class.php 第 28 行.
[ 2012-12-29T11:37:53+08:00 ] /index.php/Index/main | NOTIC: [8] Undefined variable: where IndexAction.class.php 第 32 行.
[ 2012-12-29T11:37:53+08:00 ] /index.php/Index/main | SQL: SELECT COUNT(*) AS tp_count FROM `y_account` LIMIT 1  [ RunTime:0.000114s ]
[ 2012-12-29T11:37:53+08:00 ] /index.php/Index/main | SQL: SELECT * FROM `y_account` ORDER BY `id` desc LIMIT 0,20  [ RunTime:0.000090s ]
[ 2012-12-29T11:37:53+08:00 ] /index.php/Index/main | NOTIC: [2] Invalid argument supplied for foreach() CommonAction.class.php 第 258 行.
[ 2012-12-29T11:37:55+08:00 ] /index.php/Index/main?searchkey=gov | NOTIC: [8] Undefined index:  account_id CommonAction.class.php 第 19 行.
[ 2012-12-29T11:37:55+08:00 ] /index.php/Index/main?searchkey=gov | SQL: SHOW COLUMNS FROM `y_account` [ RunTime:0.001443s ]
[ 2012-12-29T11:37:55+08:00 ] /index.php/Index/main?searchkey=gov | NOTIC: [2] mysql_connect() [<a href='function.mysql-connect'>function.mysql-connect</a>]: Access denied for user 'xiaoluo'@'localhost' (using password: NO) CommonAction.class.php 第 153 行.
[ 2012-12-29T11:37:55+08:00 ] /index.php/Index/main?searchkey=gov | SQL: SELECT * FROM `y_account` ORDER BY id desc [ RunTime:0.000295s ]
[ 2012-12-29T11:37:55+08:00 ] /index.php/Index/main?searchkey=gov | SQL: SELECT COUNT(*) AS tp_count FROM `y_account` WHERE ( website_name like '%gov%' OR contract_number like '%gov%' OR url like '%gov%' ) LIMIT 1  [ RunTime:0.000064s ]
[ 2012-12-29T11:37:55+08:00 ] /index.php/Index/main?searchkey=gov | SQL: SELECT * FROM `y_account` WHERE ( website_name like '%gov%' OR contract_number like '%gov%' OR url like '%gov%' ) ORDER BY `id` desc LIMIT 0,20  [ RunTime:0.000108s ]
[ 2012-12-29T11:37:55+08:00 ] /index.php/Index/main?searchkey=gov | NOTIC: [2048] Creating default object from empty value CommonAction.class.php 第 260 行.
[ 2012-12-29T11:37:57+08:00 ] /index.php/Account/edit/id/190 | SQL: SHOW COLUMNS FROM `y_account` [ RunTime:0.001040s ]
[ 2012-12-29T11:37:57+08:00 ] /index.php/Account/edit/id/190 | SQL: SELECT * FROM `y_account` WHERE ( `id` = '190' ) LIMIT 1  [ RunTime:0.000106s ]
[ 2012-12-29T11:37:57+08:00 ] /index.php/Account/edit/id/190 | SQL: SHOW COLUMNS FROM `y_category` [ RunTime:0.000460s ]
[ 2012-12-29T11:37:57+08:00 ] /index.php/Account/edit/id/190 | SQL: SELECT `alias` FROM `y_category` WHERE ( `pid` = 3 ) AND ( `is_default` = 1 ) LIMIT 1  [ RunTime:0.000049s ]
[ 2012-12-29T11:37:57+08:00 ] /index.php/Account/edit/id/190 | SQL: SELECT * FROM `y_category` WHERE ( `pid` = 12 ) ORDER BY ordernum desc [ RunTime:0.000078s ]
[ 2012-12-29T11:37:57+08:00 ] /index.php/Account/edit/id/190 | SQL: SELECT * FROM `y_category` WHERE ( `pid` = 12 ) AND ( `is_publish` = 1 ) ORDER BY ordernum desc [ RunTime:0.000072s ]
[ 2012-12-29T11:37:57+08:00 ] /index.php/Account/edit/id/190 | SQL: SELECT * FROM `y_category` WHERE ( `pid` IN ('3','4') ) ORDER BY ordernum desc [ RunTime:0.000071s ]
[ 2012-12-29T11:37:57+08:00 ] /index.php/Account/edit/id/190 | NOTIC: [8] Undefined index:  tab_id 196c657f8b82048b1beeb0f9599f5fdc.php 第 256 行.
[ 2012-12-29T11:38:03+08:00 ] /index.php/Category/editNav/account_id/190/id/1598 | SQL: SHOW COLUMNS FROM `y_account` [ RunTime:0.001422s ]
[ 2012-12-29T11:38:03+08:00 ] /index.php/Category/editNav/account_id/190/id/1598 | SQL: SELECT * FROM `y_account` WHERE ( `id` = '190' ) LIMIT 1  [ RunTime:0.000078s ]
[ 2012-12-29T11:38:03+08:00 ] /index.php/Category/editNav/account_id/190/id/1598 | SQL: SHOW COLUMNS FROM `y_category` [ RunTime:0.000844s ]
[ 2012-12-29T11:38:03+08:00 ] /index.php/Category/editNav/account_id/190/id/1598 | SQL: SELECT * FROM `y_category` WHERE ( `id` = '1598' ) LIMIT 1  [ RunTime:0.000073s ]
[ 2012-12-29T11:38:03+08:00 ] /index.php/Category/editNav/account_id/190/id/1598 | SQL: SELECT * FROM `y_category` WHERE ( `pid` = 3 ) AND ( `is_publish` = 1 ) ORDER BY is_default desc,ordernum desc [ RunTime:0.000071s ]
[ 2012-12-29T11:38:06+08:00 ] /index.php/Account/edit/id/190/tab_id/test3 | SQL: SHOW COLUMNS FROM `y_account` [ RunTime:0.001856s ]
[ 2012-12-29T11:38:06+08:00 ] /index.php/Account/edit/id/190/tab_id/test3 | SQL: SELECT * FROM `y_account` WHERE ( `id` = '190' ) LIMIT 1  [ RunTime:0.000082s ]
[ 2012-12-29T11:38:06+08:00 ] /index.php/Account/edit/id/190/tab_id/test3 | SQL: SHOW COLUMNS FROM `y_category` [ RunTime:0.000645s ]
[ 2012-12-29T11:38:06+08:00 ] /index.php/Account/edit/id/190/tab_id/test3 | SQL: SELECT `alias` FROM `y_category` WHERE ( `pid` = 3 ) AND ( `is_default` = 1 ) LIMIT 1  [ RunTime:0.000283s ]
[ 2012-12-29T11:38:06+08:00 ] /index.php/Account/edit/id/190/tab_id/test3 | SQL: SELECT * FROM `y_category` WHERE ( `pid` = 12 ) ORDER BY ordernum desc [ RunTime:0.000489s ]
[ 2012-12-29T11:38:06+08:00 ] /index.php/Account/edit/id/190/tab_id/test3 | SQL: SELECT * FROM `y_category` WHERE ( `pid` = 12 ) AND ( `is_publish` = 1 ) ORDER BY ordernum desc [ RunTime:0.000426s ]
[ 2012-12-29T11:38:06+08:00 ] /index.php/Account/edit/id/190/tab_id/test3 | SQL: SELECT * FROM `y_category` WHERE ( `pid` IN ('3','4') ) ORDER BY ordernum desc [ RunTime:0.000413s ]
[ 2012-12-29T11:38:27+08:00 ] /index.php/Category/edit/id/1598/aid/190 | SQL: SHOW COLUMNS FROM `y_account` [ RunTime:0.001168s ]
[ 2012-12-29T11:38:27+08:00 ] /index.php/Category/edit/id/1598/aid/190 | SQL: SELECT * FROM `y_account` WHERE ( `id` = '190' ) LIMIT 1  [ RunTime:0.000079s ]
[ 2012-12-29T11:38:27+08:00 ] /index.php/Category/edit/id/1598/aid/190 | SQL: SHOW COLUMNS FROM `y_category` [ RunTime:0.000821s ]
[ 2012-12-29T11:38:27+08:00 ] /index.php/Category/edit/id/1598/aid/190 | NOTIC: [8] Undefined index:  act CategoryAction.class.php 第 16 行.
[ 2012-12-29T11:38:27+08:00 ] /index.php/Category/edit/id/1598/aid/190 | SQL: SELECT * FROM `y_category` WHERE ( `id` = '1598' ) LIMIT 1  [ RunTime:0.000249s ]
[ 2012-12-29T11:38:27+08:00 ] /index.php/Category/edit/id/1598/aid/190 | SQL: SELECT * FROM `y_category` WHERE ( `pid` = '12' ) ORDER BY ordernum desc [ RunTime:0.000495s ]
[ 2012-12-29T11:38:27+08:00 ] /index.php/Category/edit/id/1598/aid/190 | SQL: SELECT * FROM `y_category` WHERE ( `pid` = 3 ) AND ( `is_publish` = 1 ) ORDER BY is_default desc,ordernum desc [ RunTime:0.000457s ]
[ 2012-12-29T11:38:27+08:00 ] /index.php/Category/edit/id/1598/aid/190 | NOTIC: [8] Undefined variable: obj 5c3c2ff56e16b6b6ee1bdeb1ff3f266a.php 第 14 行.
[ 2012-12-29T11:38:27+08:00 ] /index.php/Category/edit/id/1598/aid/190 | NOTIC: [8] Undefined variable: obj 5c3c2ff56e16b6b6ee1bdeb1ff3f266a.php 第 15 行.
[ 2012-12-29T11:38:27+08:00 ] /index.php/Category/edit/id/1598/aid/190 | NOTIC: [8] Undefined variable: obj 5c3c2ff56e16b6b6ee1bdeb1ff3f266a.php 第 41 行.
[ 2012-12-29T11:38:27+08:00 ] /index.php/Category/edit/id/1598/aid/190 | NOTIC: [8] Undefined variable: obj 5c3c2ff56e16b6b6ee1bdeb1ff3f266a.php 第 45 行.
[ 2012-12-29T11:38:27+08:00 ] /index.php/Category/edit/id/1598/aid/190 | NOTIC: [8] Undefined variable: obj 5c3c2ff56e16b6b6ee1bdeb1ff3f266a.php 第 63 行.
[ 2012-12-29T11:38:27+08:00 ] /index.php/Category/edit/id/1598/aid/190 | NOTIC: [8] Undefined variable: obj 5c3c2ff56e16b6b6ee1bdeb1ff3f266a.php 第 67 行.
[ 2012-12-29T11:38:27+08:00 ] /index.php/Category/edit/id/1598/aid/190 | NOTIC: [8] Undefined variable: obj 5c3c2ff56e16b6b6ee1bdeb1ff3f266a.php 第 71 行.
[ 2012-12-29T11:38:27+08:00 ] /index.php/Category/edit/id/1598/aid/190 | NOTIC: [8] Undefined variable: obj 5c3c2ff56e16b6b6ee1bdeb1ff3f266a.php 第 75 行.
[ 2012-12-29T11:38:27+08:00 ] /index.php/Category/edit/id/1598/aid/190 | NOTIC: [8] Undefined variable: obj 5c3c2ff56e16b6b6ee1bdeb1ff3f266a.php 第 79 行.
[ 2012-12-29T11:38:27+08:00 ] /index.php/Category/edit/id/1598/aid/190 | NOTIC: [8] Undefined variable: obj 5c3c2ff56e16b6b6ee1bdeb1ff3f266a.php 第 100 行.
[ 2012-12-29T11:38:27+08:00 ] /index.php/Category/edit/id/1598/aid/190 | NOTIC: [8] Undefined variable: obj 5c3c2ff56e16b6b6ee1bdeb1ff3f266a.php 第 101 行.
[ 2012-12-29T11:38:27+08:00 ] /index.php/Category/edit/id/1598/aid/190 | NOTIC: [8] Undefined variable: obj 5c3c2ff56e16b6b6ee1bdeb1ff3f266a.php 第 130 行.
[ 2012-12-29T11:38:27+08:00 ] /index.php/Category/edit/id/1598/aid/190 | NOTIC: [8] Undefined variable: obj 5c3c2ff56e16b6b6ee1bdeb1ff3f266a.php 第 131 行.
[ 2012-12-29T11:38:27+08:00 ] /index.php/Category/edit/id/1598/aid/190 | NOTIC: [8] Undefined variable: obj 5c3c2ff56e16b6b6ee1bdeb1ff3f266a.php 第 132 行.
[ 2012-12-29T11:38:27+08:00 ] /index.php/Category/edit/id/1598/aid/190 | NOTIC: [8] Undefined variable: obj 5c3c2ff56e16b6b6ee1bdeb1ff3f266a.php 第 133 行.
[ 2012-12-29T11:38:27+08:00 ] /index.php/Category/edit/id/1598/aid/190 | NOTIC: [8] Undefined variable: obj 5c3c2ff56e16b6b6ee1bdeb1ff3f266a.php 第 212 行.
[ 2012-12-29T11:45:17+08:00 ] /index.php/Category/editNav/account_id/190 | SQL: SHOW COLUMNS FROM `y_account` [ RunTime:0.001565s ]
[ 2012-12-29T11:45:17+08:00 ] /index.php/Category/editNav/account_id/190 | SQL: SELECT * FROM `y_account` WHERE ( `id` = '190' ) LIMIT 1  [ RunTime:0.000089s ]
[ 2012-12-29T11:45:17+08:00 ] /index.php/Category/editNav/account_id/190 | SQL: SHOW COLUMNS FROM `y_category` [ RunTime:0.000493s ]
[ 2012-12-29T11:45:17+08:00 ] /index.php/Category/editNav/account_id/190 | NOTIC: [8] Undefined index:  id CategoryAction.class.php 第 32 行.
[ 2012-12-29T11:45:17+08:00 ] /index.php/Category/editNav/account_id/190 | SQL: SELECT * FROM `y_category` WHERE ( `pid` = 3 ) AND ( `is_publish` = 1 ) ORDER BY is_default desc,ordernum desc [ RunTime:0.000643s ]
[ 2012-12-29T11:45:17+08:00 ] /index.php/Category/editNav/account_id/190 | NOTIC: [8] Undefined variable: obj b6429ff52f8d536ff60360bbd111a597.php 第 14 行.
[ 2012-12-29T11:45:17+08:00 ] /index.php/Category/editNav/account_id/190 | NOTIC: [8] Undefined variable: title_langs b6429ff52f8d536ff60360bbd111a597.php 第 45 行.
[ 2012-12-29T11:45:17+08:00 ] /index.php/Category/editNav/account_id/190 | NOTIC: [8] Undefined variable: obj b6429ff52f8d536ff60360bbd111a597.php 第 54 行.
[ 2012-12-29T11:45:17+08:00 ] /index.php/Category/editNav/account_id/190 | NOTIC: [8] Undefined variable: obj b6429ff52f8d536ff60360bbd111a597.php 第 62 行.
[ 2012-12-29T11:45:17+08:00 ] /index.php/Category/editNav/account_id/190 | NOTIC: [8] Undefined variable: obj b6429ff52f8d536ff60360bbd111a597.php 第 66 行.
[ 2012-12-29T11:45:17+08:00 ] /index.php/Category/editNav/account_id/190 | NOTIC: [8] Undefined variable: obj b6429ff52f8d536ff60360bbd111a597.php 第 70 行.
[ 2012-12-29T11:45:17+08:00 ] /index.php/Category/editNav/account_id/190 | NOTIC: [8] Undefined variable: obj b6429ff52f8d536ff60360bbd111a597.php 第 74 行.
[ 2012-12-29T11:45:17+08:00 ] /index.php/Category/editNav/account_id/190 | NOTIC: [8] Undefined variable: obj b6429ff52f8d536ff60360bbd111a597.php 第 93 行.
[ 2012-12-29T11:45:17+08:00 ] /index.php/Category/editNav/account_id/190 | NOTIC: [8] Undefined variable: obj b6429ff52f8d536ff60360bbd111a597.php 第 96 行.
[ 2012-12-29T11:45:17+08:00 ] /index.php/Category/editNav/account_id/190 | NOTIC: [8] Undefined variable: obj b6429ff52f8d536ff60360bbd111a597.php 第 97 行.
[ 2012-12-29T11:45:17+08:00 ] /index.php/Category/editNav/account_id/190 | NOTIC: [8] Undefined variable: obj b6429ff52f8d536ff60360bbd111a597.php 第 98 行.
[ 2012-12-29T11:45:33+08:00 ] /index.php/Account/edit/id/190/tab_id/test3 | SQL: SHOW COLUMNS FROM `y_account` [ RunTime:0.001164s ]
[ 2012-12-29T11:45:33+08:00 ] /index.php/Account/edit/id/190/tab_id/test3 | SQL: SELECT * FROM `y_account` WHERE ( `id` = '190' ) LIMIT 1  [ RunTime:0.000071s ]
[ 2012-12-29T11:45:33+08:00 ] /index.php/Account/edit/id/190/tab_id/test3 | SQL: SHOW COLUMNS FROM `y_category` [ RunTime:0.000463s ]
[ 2012-12-29T11:45:33+08:00 ] /index.php/Account/edit/id/190/tab_id/test3 | SQL: SELECT `alias` FROM `y_category` WHERE ( `pid` = 3 ) AND ( `is_default` = 1 ) LIMIT 1  [ RunTime:0.000340s ]
[ 2012-12-29T11:45:33+08:00 ] /index.php/Account/edit/id/190/tab_id/test3 | SQL: SELECT * FROM `y_category` WHERE ( `pid` = 12 ) ORDER BY ordernum desc [ RunTime:0.000533s ]
[ 2012-12-29T11:45:33+08:00 ] /index.php/Account/edit/id/190/tab_id/test3 | SQL: SELECT * FROM `y_category` WHERE ( `pid` = 12 ) AND ( `is_publish` = 1 ) ORDER BY ordernum desc [ RunTime:0.000497s ]
[ 2012-12-29T11:45:33+08:00 ] /index.php/Account/edit/id/190/tab_id/test3 | SQL: SELECT * FROM `y_category` WHERE ( `pid` IN ('3','4') ) ORDER BY ordernum desc [ RunTime:0.000474s ]
[ 2012-12-29T11:45:36+08:00 ] /index.php/Category/edit/id/1603/aid/190 | SQL: SHOW COLUMNS FROM `y_account` [ RunTime:0.001682s ]
[ 2012-12-29T11:45:36+08:00 ] /index.php/Category/edit/id/1603/aid/190 | SQL: SELECT * FROM `y_account` WHERE ( `id` = '190' ) LIMIT 1  [ RunTime:0.000090s ]
[ 2012-12-29T11:45:36+08:00 ] /index.php/Category/edit/id/1603/aid/190 | SQL: SHOW COLUMNS FROM `y_category` [ RunTime:0.000794s ]
[ 2012-12-29T11:45:36+08:00 ] /index.php/Category/edit/id/1603/aid/190 | NOTIC: [8] Undefined index:  act CategoryAction.class.php 第 16 行.
[ 2012-12-29T11:45:36+08:00 ] /index.php/Category/edit/id/1603/aid/190 | SQL: SELECT * FROM `y_category` WHERE ( `id` = '1603' ) LIMIT 1  [ RunTime:0.000289s ]
[ 2012-12-29T11:45:36+08:00 ] /index.php/Category/edit/id/1603/aid/190 | SQL: SELECT * FROM `y_category` WHERE ( `pid` = '12' ) ORDER BY ordernum desc [ RunTime:0.000470s ]
[ 2012-12-29T11:45:36+08:00 ] /index.php/Category/edit/id/1603/aid/190 | SQL: SELECT * FROM `y_category` WHERE ( `pid` = 3 ) AND ( `is_publish` = 1 ) ORDER BY is_default desc,ordernum desc [ RunTime:0.000447s ]
[ 2012-12-29T11:45:36+08:00 ] /index.php/Category/edit/id/1603/aid/190 | NOTIC: [8] Undefined variable: obj 5c3c2ff56e16b6b6ee1bdeb1ff3f266a.php 第 14 行.
[ 2012-12-29T11:45:36+08:00 ] /index.php/Category/edit/id/1603/aid/190 | NOTIC: [8] Undefined variable: obj 5c3c2ff56e16b6b6ee1bdeb1ff3f266a.php 第 15 行.
[ 2012-12-29T11:45:36+08:00 ] /index.php/Category/edit/id/1603/aid/190 | NOTIC: [8] Undefined variable: obj 5c3c2ff56e16b6b6ee1bdeb1ff3f266a.php 第 41 行.
[ 2012-12-29T11:45:36+08:00 ] /index.php/Category/edit/id/1603/aid/190 | NOTIC: [8] Undefined variable: obj 5c3c2ff56e16b6b6ee1bdeb1ff3f266a.php 第 45 行.
[ 2012-12-29T11:45:36+08:00 ] /index.php/Category/edit/id/1603/aid/190 | NOTIC: [8] Undefined variable: obj 5c3c2ff56e16b6b6ee1bdeb1ff3f266a.php 第 63 行.
[ 2012-12-29T11:45:36+08:00 ] /index.php/Category/edit/id/1603/aid/190 | NOTIC: [8] Undefined variable: obj 5c3c2ff56e16b6b6ee1bdeb1ff3f266a.php 第 67 行.
[ 2012-12-29T11:45:36+08:00 ] /index.php/Category/edit/id/1603/aid/190 | NOTIC: [8] Undefined variable: obj 5c3c2ff56e16b6b6ee1bdeb1ff3f266a.php 第 71 行.
[ 2012-12-29T11:45:36+08:00 ] /index.php/Category/edit/id/1603/aid/190 | NOTIC: [8] Undefined variable: obj 5c3c2ff56e16b6b6ee1bdeb1ff3f266a.php 第 75 行.
[ 2012-12-29T11:45:36+08:00 ] /index.php/Category/edit/id/1603/aid/190 | NOTIC: [8] Undefined variable: obj 5c3c2ff56e16b6b6ee1bdeb1ff3f266a.php 第 79 行.
[ 2012-12-29T11:45:36+08:00 ] /index.php/Category/edit/id/1603/aid/190 | NOTIC: [8] Undefined variable: obj 5c3c2ff56e16b6b6ee1bdeb1ff3f266a.php 第 100 行.
[ 2012-12-29T11:45:36+08:00 ] /index.php/Category/edit/id/1603/aid/190 | NOTIC: [8] Undefined variable: obj 5c3c2ff56e16b6b6ee1bdeb1ff3f266a.php 第 101 行.
[ 2012-12-29T11:45:36+08:00 ] /index.php/Category/edit/id/1603/aid/190 | NOTIC: [8] Undefined variable: obj 5c3c2ff56e16b6b6ee1bdeb1ff3f266a.php 第 130 行.
[ 2012-12-29T11:45:36+08:00 ] /index.php/Category/edit/id/1603/aid/190 | NOTIC: [8] Undefined variable: obj 5c3c2ff56e16b6b6ee1bdeb1ff3f266a.php 第 131 行.
[ 2012-12-29T11:45:36+08:00 ] /index.php/Category/edit/id/1603/aid/190 | NOTIC: [8] Undefined variable: obj 5c3c2ff56e16b6b6ee1bdeb1ff3f266a.php 第 132 行.
[ 2012-12-29T11:45:36+08:00 ] /index.php/Category/edit/id/1603/aid/190 | NOTIC: [8] Undefined variable: obj 5c3c2ff56e16b6b6ee1bdeb1ff3f266a.php 第 133 行.
[ 2012-12-29T11:45:36+08:00 ] /index.php/Category/edit/id/1603/aid/190 | NOTIC: [8] Undefined variable: obj 5c3c2ff56e16b6b6ee1bdeb1ff3f266a.php 第 212 行.
[ 2012-12-29T11:46:31+08:00 ] /index.php/Category/editNav/account_id/190/id/1603 | SQL: SHOW COLUMNS FROM `y_account` [ RunTime:0.001703s ]
[ 2012-12-29T11:46:31+08:00 ] /index.php/Category/editNav/account_id/190/id/1603 | SQL: SELECT * FROM `y_account` WHERE ( `id` = '190' ) LIMIT 1  [ RunTime:0.000094s ]
[ 2012-12-29T11:46:31+08:00 ] /index.php/Category/editNav/account_id/190/id/1603 | SQL: SHOW COLUMNS FROM `y_category` [ RunTime:0.000544s ]
[ 2012-12-29T11:46:31+08:00 ] /index.php/Category/editNav/account_id/190/id/1603 | SQL: SELECT * FROM `y_category` WHERE ( `id` = '1603' ) LIMIT 1  [ RunTime:0.000300s ]
[ 2012-12-29T11:46:31+08:00 ] /index.php/Category/editNav/account_id/190/id/1603 | SQL: SELECT * FROM `y_category` WHERE ( `pid` = 3 ) AND ( `is_publish` = 1 ) ORDER BY is_default desc,ordernum desc [ RunTime:0.000561s ]
[ 2012-12-29T11:46:35+08:00 ] /index.php/Account/edit/id/190/tab_id/test3 | SQL: SHOW COLUMNS FROM `y_account` [ RunTime:0.001408s ]
[ 2012-12-29T11:46:35+08:00 ] /index.php/Account/edit/id/190/tab_id/test3 | SQL: SELECT * FROM `y_account` WHERE ( `id` = '190' ) LIMIT 1  [ RunTime:0.000074s ]
[ 2012-12-29T11:46:35+08:00 ] /index.php/Account/edit/id/190/tab_id/test3 | SQL: SHOW COLUMNS FROM `y_category` [ RunTime:0.000481s ]
[ 2012-12-29T11:46:35+08:00 ] /index.php/Account/edit/id/190/tab_id/test3 | SQL: SELECT `alias` FROM `y_category` WHERE ( `pid` = 3 ) AND ( `is_default` = 1 ) LIMIT 1  [ RunTime:0.000335s ]
[ 2012-12-29T11:46:35+08:00 ] /index.php/Account/edit/id/190/tab_id/test3 | SQL: SELECT * FROM `y_category` WHERE ( `pid` = 12 ) ORDER BY ordernum desc [ RunTime:0.000540s ]
[ 2012-12-29T11:46:35+08:00 ] /index.php/Account/edit/id/190/tab_id/test3 | SQL: SELECT * FROM `y_category` WHERE ( `pid` = 12 ) AND ( `is_publish` = 1 ) ORDER BY ordernum desc [ RunTime:0.000463s ]
[ 2012-12-29T11:46:35+08:00 ] /index.php/Account/edit/id/190/tab_id/test3 | SQL: SELECT * FROM `y_category` WHERE ( `pid` IN ('3','4') ) ORDER BY ordernum desc [ RunTime:0.000415s ]
[ 2012-12-29T13:39:35+08:00 ] /index.php/Account/edit/id/196 | SQL: SHOW COLUMNS FROM `y_account` [ RunTime:0.001413s ]
[ 2012-12-29T13:39:35+08:00 ] /index.php/Account/edit/id/196 | SQL: SELECT * FROM `y_account` WHERE ( `id` = '196' ) LIMIT 1  [ RunTime:0.000254s ]
[ 2012-12-29T13:39:35+08:00 ] /index.php/Account/edit/id/196 | SQL: SHOW COLUMNS FROM `y_category` [ RunTime:0.000583s ]
[ 2012-12-29T13:39:35+08:00 ] /index.php/Account/edit/id/196 | SQL: SELECT `alias` FROM `y_category` WHERE ( `pid` = 3 ) AND ( `is_default` = 1 ) LIMIT 1  [ RunTime:0.000047s ]
[ 2012-12-29T13:39:35+08:00 ] /index.php/Account/edit/id/196 | SQL: SELECT * FROM `y_category` WHERE ( `pid` = 12 ) ORDER BY ordernum desc [ RunTime:0.000081s ]
[ 2012-12-29T13:39:35+08:00 ] /index.php/Account/edit/id/196 | SQL: SELECT * FROM `y_category` WHERE ( `pid` = 12 ) AND ( `is_publish` = 1 ) ORDER BY ordernum desc [ RunTime:0.000070s ]
[ 2012-12-29T13:39:35+08:00 ] /index.php/Account/edit/id/196 | SQL: SELECT * FROM `y_category` WHERE ( `pid` IN ('3','4') ) ORDER BY ordernum desc [ RunTime:0.000069s ]
[ 2012-12-29T13:39:35+08:00 ] /index.php/Account/edit/id/196 | NOTIC: [8] Undefined index:  tab_id 196c657f8b82048b1beeb0f9599f5fdc.php 第 256 行.
[ 2012-12-29T14:03:37+08:00 ] / | NOTIC: [8] Undefined index:  account_id CommonAction.class.php 第 19 行.
[ 2012-12-29T14:03:37+08:00 ] / | SQL: SHOW COLUMNS FROM `y_account` [ RunTime:0.001109s ]
[ 2012-12-29T14:03:37+08:00 ] / | NOTIC: [2] mysql_connect() [<a href='function.mysql-connect'>function.mysql-connect</a>]: Access denied for user 'xiaoluo'@'localhost' (using password: NO) CommonAction.class.php 第 153 行.
[ 2012-12-29T14:03:37+08:00 ] /index.php/Index/left | NOTIC: [8] Undefined index:  account_id CommonAction.class.php 第 19 行.
[ 2012-12-29T14:03:37+08:00 ] /index.php/Index/left | SQL: SHOW COLUMNS FROM `y_account` [ RunTime:0.001490s ]
[ 2012-12-29T14:03:37+08:00 ] /index.php/Index/left | NOTIC: [2] mysql_connect() [<a href='function.mysql-connect'>function.mysql-connect</a>]: Access denied for user 'xiaoluo'@'localhost' (using password: NO) CommonAction.class.php 第 153 行.
[ 2012-12-29T14:03:37+08:00 ] /index.php/Index/left | NOTIC: [8] Undefined index:  account_id 196c657f8b82048b1beeb0f9599f5fdc.php 第 15 行.
[ 2012-12-29T14:03:37+08:00 ] /index.php/Index/left | NOTIC: [8] Undefined variable: isConnect 196c657f8b82048b1beeb0f9599f5fdc.php 第 72 行.
[ 2012-12-29T14:03:37+08:00 ] /index.php/Index/left | NOTIC: [8] Undefined variable: langList 196c657f8b82048b1beeb0f9599f5fdc.php 第 125 行.
[ 2012-12-29T14:03:37+08:00 ] /index.php/Index/left | NOTIC: [8] Undefined variable: langList 196c657f8b82048b1beeb0f9599f5fdc.php 第 137 行.
[ 2012-12-29T14:03:37+08:00 ] /index.php/Index/left | NOTIC: [8] Undefined variable: moduleList 196c657f8b82048b1beeb0f9599f5fdc.php 第 167 行.
[ 2012-12-29T14:03:37+08:00 ] /index.php/Index/left | NOTIC: [8] Undefined variable: moduleList2 196c657f8b82048b1beeb0f9599f5fdc.php 第 189 行.
[ 2012-12-29T14:03:37+08:00 ] /index.php/Index/left | NOTIC: [8] Undefined index:  tab_id 196c657f8b82048b1beeb0f9599f5fdc.php 第 256 行.
[ 2012-12-29T14:03:37+08:00 ] /index.php/Index/main | NOTIC: [8] Undefined index:  account_id CommonAction.class.php 第 19 行.
[ 2012-12-29T14:03:37+08:00 ] /index.php/Index/main | SQL: SHOW COLUMNS FROM `y_account` [ RunTime:0.001385s ]
[ 2012-12-29T14:03:37+08:00 ] /index.php/Index/main | NOTIC: [2] mysql_connect() [<a href='function.mysql-connect'>function.mysql-connect</a>]: Access denied for user 'xiaoluo'@'localhost' (using password: NO) CommonAction.class.php 第 153 行.
[ 2012-12-29T14:03:37+08:00 ] /index.php/Index/main | SQL: SELECT * FROM `y_account` ORDER BY id desc [ RunTime:0.000270s ]
[ 2012-12-29T14:03:37+08:00 ] /index.php/Index/main | NOTIC: [8] Undefined index:  searchkey IndexAction.class.php 第 28 行.
[ 2012-12-29T14:03:37+08:00 ] /index.php/Index/main | NOTIC: [8] Undefined variable: where IndexAction.class.php 第 32 行.
[ 2012-12-29T14:03:37+08:00 ] /index.php/Index/main | SQL: SELECT COUNT(*) AS tp_count FROM `y_account` LIMIT 1  [ RunTime:0.000063s ]
[ 2012-12-29T14:03:37+08:00 ] /index.php/Index/main | SQL: SELECT * FROM `y_account` ORDER BY `id` desc LIMIT 0,20  [ RunTime:0.000102s ]
[ 2012-12-29T14:03:37+08:00 ] /index.php/Index/main | NOTIC: [2] Invalid argument supplied for foreach() CommonAction.class.php 第 258 行.
[ 2012-12-29T14:03:40+08:00 ] /index.php/Index/main?searchkey=gov | NOTIC: [8] Undefined index:  account_id CommonAction.class.php 第 19 行.
[ 2012-12-29T14:03:40+08:00 ] /index.php/Index/main?searchkey=gov | SQL: SHOW COLUMNS FROM `y_account` [ RunTime:0.001365s ]
[ 2012-12-29T14:03:40+08:00 ] /index.php/Index/main?searchkey=gov | NOTIC: [2] mysql_connect() [<a href='function.mysql-connect'>function.mysql-connect</a>]: Access denied for user 'xiaoluo'@'localhost' (using password: NO) CommonAction.class.php 第 153 行.
[ 2012-12-29T14:03:40+08:00 ] /index.php/Index/main?searchkey=gov | SQL: SELECT * FROM `y_account` ORDER BY id desc [ RunTime:0.000274s ]
[ 2012-12-29T14:03:40+08:00 ] /index.php/Index/main?searchkey=gov | SQL: SELECT COUNT(*) AS tp_count FROM `y_account` WHERE ( website_name like '%gov%' OR contract_number like '%gov%' OR url like '%gov%' ) LIMIT 1  [ RunTime:0.000101s ]
[ 2012-12-29T14:03:40+08:00 ] /index.php/Index/main?searchkey=gov | SQL: SELECT * FROM `y_account` WHERE ( website_name like '%gov%' OR contract_number like '%gov%' OR url like '%gov%' ) ORDER BY `id` desc LIMIT 0,20  [ RunTime:0.000072s ]
[ 2012-12-29T14:03:40+08:00 ] /index.php/Index/main?searchkey=gov | NOTIC: [2048] Creating default object from empty value CommonAction.class.php 第 260 行.
[ 2012-12-29T14:03:41+08:00 ] /index.php/Account/edit/id/190 | SQL: SHOW COLUMNS FROM `y_account` [ RunTime:0.001449s ]
[ 2012-12-29T14:03:41+08:00 ] /index.php/Account/edit/id/190 | SQL: SELECT * FROM `y_account` WHERE ( `id` = '190' ) LIMIT 1  [ RunTime:0.000080s ]
[ 2012-12-29T14:03:41+08:00 ] /index.php/Account/edit/id/190 | SQL: SHOW COLUMNS FROM `y_category` [ RunTime:0.000486s ]
[ 2012-12-29T14:03:41+08:00 ] /index.php/Account/edit/id/190 | SQL: SELECT `alias` FROM `y_category` WHERE ( `pid` = 3 ) AND ( `is_default` = 1 ) LIMIT 1  [ RunTime:0.000050s ]
[ 2012-12-29T14:03:41+08:00 ] /index.php/Account/edit/id/190 | SQL: SELECT * FROM `y_category` WHERE ( `pid` = 12 ) ORDER BY ordernum desc [ RunTime:0.000085s ]
[ 2012-12-29T14:03:41+08:00 ] /index.php/Account/edit/id/190 | SQL: SELECT * FROM `y_category` WHERE ( `pid` = 12 ) AND ( `is_publish` = 1 ) ORDER BY ordernum desc [ RunTime:0.000074s ]
[ 2012-12-29T14:03:41+08:00 ] /index.php/Account/edit/id/190 | SQL: SELECT * FROM `y_category` WHERE ( `pid` IN ('3','4') ) ORDER BY ordernum desc [ RunTime:0.000070s ]
[ 2012-12-29T14:03:41+08:00 ] /index.php/Account/edit/id/190 | NOTIC: [8] Undefined index:  tab_id 196c657f8b82048b1beeb0f9599f5fdc.php 第 256 行.
[ 2012-12-29T14:03:43+08:00 ] /index.php/Category/edit/id/1598/aid/190 | SQL: SHOW COLUMNS FROM `y_account` [ RunTime:0.001394s ]
[ 2012-12-29T14:03:43+08:00 ] /index.php/Category/edit/id/1598/aid/190 | SQL: SELECT * FROM `y_account` WHERE ( `id` = '190' ) LIMIT 1  [ RunTime:0.000076s ]
[ 2012-12-29T14:03:43+08:00 ] /index.php/Category/edit/id/1598/aid/190 | SQL: SHOW COLUMNS FROM `y_category` [ RunTime:0.000561s ]
[ 2012-12-29T14:03:43+08:00 ] /index.php/Category/edit/id/1598/aid/190 | NOTIC: [8] Undefined index:  act CategoryAction.class.php 第 16 行.
[ 2012-12-29T14:03:43+08:00 ] /index.php/Category/edit/id/1598/aid/190 | SQL: SELECT * FROM `y_category` WHERE ( `id` = '1598' ) LIMIT 1  [ RunTime:0.000259s ]
[ 2012-12-29T14:03:43+08:00 ] /index.php/Category/edit/id/1598/aid/190 | SQL: SELECT * FROM `y_category` WHERE ( `pid` = '12' ) ORDER BY ordernum desc [ RunTime:0.000491s ]
[ 2012-12-29T14:03:43+08:00 ] /index.php/Category/edit/id/1598/aid/190 | SQL: SELECT * FROM `y_category` WHERE ( `pid` = 3 ) AND ( `is_publish` = 1 ) ORDER BY is_default desc,ordernum desc [ RunTime:0.000423s ]
[ 2012-12-29T14:03:43+08:00 ] /index.php/Category/edit/id/1598/aid/190 | NOTIC: [8] Undefined variable: obj 5c3c2ff56e16b6b6ee1bdeb1ff3f266a.php 第 14 行.
[ 2012-12-29T14:03:43+08:00 ] /index.php/Category/edit/id/1598/aid/190 | NOTIC: [8] Undefined variable: obj 5c3c2ff56e16b6b6ee1bdeb1ff3f266a.php 第 15 行.
[ 2012-12-29T14:03:43+08:00 ] /index.php/Category/edit/id/1598/aid/190 | NOTIC: [8] Undefined variable: obj 5c3c2ff56e16b6b6ee1bdeb1ff3f266a.php 第 41 行.
[ 2012-12-29T14:03:43+08:00 ] /index.php/Category/edit/id/1598/aid/190 | NOTIC: [8] Undefined variable: obj 5c3c2ff56e16b6b6ee1bdeb1ff3f266a.php 第 45 行.
[ 2012-12-29T14:03:43+08:00 ] /index.php/Category/edit/id/1598/aid/190 | NOTIC: [8] Undefined variable: obj 5c3c2ff56e16b6b6ee1bdeb1ff3f266a.php 第 63 行.
[ 2012-12-29T14:03:43+08:00 ] /index.php/Category/edit/id/1598/aid/190 | NOTIC: [8] Undefined variable: obj 5c3c2ff56e16b6b6ee1bdeb1ff3f266a.php 第 67 行.
[ 2012-12-29T14:03:43+08:00 ] /index.php/Category/edit/id/1598/aid/190 | NOTIC: [8] Undefined variable: obj 5c3c2ff56e16b6b6ee1bdeb1ff3f266a.php 第 71 行.
[ 2012-12-29T14:03:43+08:00 ] /index.php/Category/edit/id/1598/aid/190 | NOTIC: [8] Undefined variable: obj 5c3c2ff56e16b6b6ee1bdeb1ff3f266a.php 第 75 行.
[ 2012-12-29T14:03:43+08:00 ] /index.php/Category/edit/id/1598/aid/190 | NOTIC: [8] Undefined variable: obj 5c3c2ff56e16b6b6ee1bdeb1ff3f266a.php 第 79 行.
[ 2012-12-29T14:03:43+08:00 ] /index.php/Category/edit/id/1598/aid/190 | NOTIC: [8] Undefined variable: obj 5c3c2ff56e16b6b6ee1bdeb1ff3f266a.php 第 100 行.
[ 2012-12-29T14:03:43+08:00 ] /index.php/Category/edit/id/1598/aid/190 | NOTIC: [8] Undefined variable: obj 5c3c2ff56e16b6b6ee1bdeb1ff3f266a.php 第 101 行.
[ 2012-12-29T14:03:43+08:00 ] /index.php/Category/edit/id/1598/aid/190 | NOTIC: [8] Undefined variable: obj 5c3c2ff56e16b6b6ee1bdeb1ff3f266a.php 第 130 行.
[ 2012-12-29T14:03:43+08:00 ] /index.php/Category/edit/id/1598/aid/190 | NOTIC: [8] Undefined variable: obj 5c3c2ff56e16b6b6ee1bdeb1ff3f266a.php 第 131 行.
[ 2012-12-29T14:03:43+08:00 ] /index.php/Category/edit/id/1598/aid/190 | NOTIC: [8] Undefined variable: obj 5c3c2ff56e16b6b6ee1bdeb1ff3f266a.php 第 132 行.
[ 2012-12-29T14:03:43+08:00 ] /index.php/Category/edit/id/1598/aid/190 | NOTIC: [8] Undefined variable: obj 5c3c2ff56e16b6b6ee1bdeb1ff3f266a.php 第 133 行.
[ 2012-12-29T14:03:43+08:00 ] /index.php/Category/edit/id/1598/aid/190 | NOTIC: [8] Undefined variable: obj 5c3c2ff56e16b6b6ee1bdeb1ff3f266a.php 第 212 行.
[ 2012-12-29T14:03:47+08:00 ] /index.php/Category/editNav/account_id/190/id/1598 | SQL: SHOW COLUMNS FROM `y_account` [ RunTime:0.001379s ]
[ 2012-12-29T14:03:47+08:00 ] /index.php/Category/editNav/account_id/190/id/1598 | SQL: SELECT * FROM `y_account` WHERE ( `id` = '190' ) LIMIT 1  [ RunTime:0.000077s ]
[ 2012-12-29T14:03:47+08:00 ] /index.php/Category/editNav/account_id/190/id/1598 | SQL: SHOW COLUMNS FROM `y_category` [ RunTime:0.000534s ]
[ 2012-12-29T14:03:47+08:00 ] /index.php/Category/editNav/account_id/190/id/1598 | SQL: SELECT * FROM `y_category` WHERE ( `id` = '1598' ) LIMIT 1  [ RunTime:0.000082s ]
[ 2012-12-29T14:03:47+08:00 ] /index.php/Category/editNav/account_id/190/id/1598 | SQL: SELECT * FROM `y_category` WHERE ( `pid` = 3 ) AND ( `is_publish` = 1 ) ORDER BY is_default desc,ordernum desc [ RunTime:0.000082s ]
[ 2012-12-29T14:03:50+08:00 ] /index.php/Account/edit/id/190/tab_id/test3 | SQL: SHOW COLUMNS FROM `y_account` [ RunTime:0.001464s ]
[ 2012-12-29T14:03:50+08:00 ] /index.php/Account/edit/id/190/tab_id/test3 | SQL: SELECT * FROM `y_account` WHERE ( `id` = '190' ) LIMIT 1  [ RunTime:0.000076s ]
[ 2012-12-29T14:03:50+08:00 ] /index.php/Account/edit/id/190/tab_id/test3 | SQL: SHOW COLUMNS FROM `y_category` [ RunTime:0.000468s ]
[ 2012-12-29T14:03:50+08:00 ] /index.php/Account/edit/id/190/tab_id/test3 | SQL: SELECT `alias` FROM `y_category` WHERE ( `pid` = 3 ) AND ( `is_default` = 1 ) LIMIT 1  [ RunTime:0.000289s ]
[ 2012-12-29T14:03:50+08:00 ] /index.php/Account/edit/id/190/tab_id/test3 | SQL: SELECT * FROM `y_category` WHERE ( `pid` = 12 ) ORDER BY ordernum desc [ RunTime:0.000504s ]
[ 2012-12-29T14:03:50+08:00 ] /index.php/Account/edit/id/190/tab_id/test3 | SQL: SELECT * FROM `y_category` WHERE ( `pid` = 12 ) AND ( `is_publish` = 1 ) ORDER BY ordernum desc [ RunTime:0.000633s ]
[ 2012-12-29T14:03:50+08:00 ] /index.php/Account/edit/id/190/tab_id/test3 | SQL: SELECT * FROM `y_category` WHERE ( `pid` IN ('3','4') ) ORDER BY ordernum desc [ RunTime:0.000455s ]
[ 2012-12-29T14:03:52+08:00 ] /index.php/Category/editNav/account_id/190/id/1603 | SQL: SHOW COLUMNS FROM `y_account` [ RunTime:0.001436s ]
[ 2012-12-29T14:03:52+08:00 ] /index.php/Category/editNav/account_id/190/id/1603 | SQL: SELECT * FROM `y_account` WHERE ( `id` = '190' ) LIMIT 1  [ RunTime:0.000076s ]
[ 2012-12-29T14:03:52+08:00 ] /index.php/Category/editNav/account_id/190/id/1603 | SQL: SHOW COLUMNS FROM `y_category` [ RunTime:0.000458s ]
[ 2012-12-29T14:03:52+08:00 ] /index.php/Category/editNav/account_id/190/id/1603 | SQL: SELECT * FROM `y_category` WHERE ( `id` = '1603' ) LIMIT 1  [ RunTime:0.000266s ]
[ 2012-12-29T14:03:52+08:00 ] /index.php/Category/editNav/account_id/190/id/1603 | SQL: SELECT * FROM `y_category` WHERE ( `pid` = 3 ) AND ( `is_publish` = 1 ) ORDER BY is_default desc,ordernum desc [ RunTime:0.000506s ]
[ 2012-12-29T14:03:54+08:00 ] /index.php/Account/edit/id/190/tab_id/test3 | SQL: SHOW COLUMNS FROM `y_account` [ RunTime:0.001153s ]
[ 2012-12-29T14:03:54+08:00 ] /index.php/Account/edit/id/190/tab_id/test3 | SQL: SELECT * FROM `y_account` WHERE ( `id` = '190' ) LIMIT 1  [ RunTime:0.000072s ]
[ 2012-12-29T14:03:54+08:00 ] /index.php/Account/edit/id/190/tab_id/test3 | SQL: SHOW COLUMNS FROM `y_category` [ RunTime:0.000912s ]
[ 2012-12-29T14:03:54+08:00 ] /index.php/Account/edit/id/190/tab_id/test3 | SQL: SELECT `alias` FROM `y_category` WHERE ( `pid` = 3 ) AND ( `is_default` = 1 ) LIMIT 1  [ RunTime:0.000312s ]
[ 2012-12-29T14:03:54+08:00 ] /index.php/Account/edit/id/190/tab_id/test3 | SQL: SELECT * FROM `y_category` WHERE ( `pid` = 12 ) ORDER BY ordernum desc [ RunTime:0.000499s ]
[ 2012-12-29T14:03:54+08:00 ] /index.php/Account/edit/id/190/tab_id/test3 | SQL: SELECT * FROM `y_category` WHERE ( `pid` = 12 ) AND ( `is_publish` = 1 ) ORDER BY ordernum desc [ RunTime:0.000442s ]
[ 2012-12-29T14:03:54+08:00 ] /index.php/Account/edit/id/190/tab_id/test3 | SQL: SELECT * FROM `y_category` WHERE ( `pid` IN ('3','4') ) ORDER BY ordernum desc [ RunTime:0.000414s ]
[ 2012-12-29T15:00:07+08:00 ] /index.php/Category/editNav/account_id/190/id/1598 | SQL: SHOW COLUMNS FROM `y_account` [ RunTime:0.001416s ]
[ 2012-12-29T15:00:07+08:00 ] /index.php/Category/editNav/account_id/190/id/1598 | SQL: SELECT * FROM `y_account` WHERE ( `id` = '190' ) LIMIT 1  [ RunTime:0.000076s ]
[ 2012-12-29T15:00:07+08:00 ] /index.php/Category/editNav/account_id/190/id/1598 | SQL: SHOW COLUMNS FROM `y_category` [ RunTime:0.000496s ]
[ 2012-12-29T15:00:07+08:00 ] /index.php/Category/editNav/account_id/190/id/1598 | SQL: SELECT * FROM `y_category` WHERE ( `id` = '1598' ) LIMIT 1  [ RunTime:0.000281s ]
[ 2012-12-29T15:00:07+08:00 ] /index.php/Category/editNav/account_id/190/id/1598 | SQL: SELECT * FROM `y_category` WHERE ( `pid` = 3 ) AND ( `is_publish` = 1 ) ORDER BY is_default desc,ordernum desc [ RunTime:0.000153s ]
[ 2012-12-29T15:00:10+08:00 ] /index.php/Account/edit/id/190/tab_id/test3 | SQL: SHOW COLUMNS FROM `y_account` [ RunTime:0.001258s ]
[ 2012-12-29T15:00:10+08:00 ] /index.php/Account/edit/id/190/tab_id/test3 | SQL: SELECT * FROM `y_account` WHERE ( `id` = '190' ) LIMIT 1  [ RunTime:0.000086s ]
[ 2012-12-29T15:00:10+08:00 ] /index.php/Account/edit/id/190/tab_id/test3 | SQL: SHOW COLUMNS FROM `y_category` [ RunTime:0.000517s ]
[ 2012-12-29T15:00:10+08:00 ] /index.php/Account/edit/id/190/tab_id/test3 | SQL: SELECT `alias` FROM `y_category` WHERE ( `pid` = 3 ) AND ( `is_default` = 1 ) LIMIT 1  [ RunTime:0.000237s ]
[ 2012-12-29T15:00:10+08:00 ] /index.php/Account/edit/id/190/tab_id/test3 | SQL: SELECT * FROM `y_category` WHERE ( `pid` = 12 ) ORDER BY ordernum desc [ RunTime:0.000629s ]
[ 2012-12-29T15:00:10+08:00 ] /index.php/Account/edit/id/190/tab_id/test3 | SQL: SELECT * FROM `y_category` WHERE ( `pid` = 12 ) AND ( `is_publish` = 1 ) ORDER BY ordernum desc [ RunTime:0.000803s ]
[ 2012-12-29T15:00:10+08:00 ] /index.php/Account/edit/id/190/tab_id/test3 | SQL: SELECT * FROM `y_category` WHERE ( `pid` IN ('3','4') ) ORDER BY ordernum desc [ RunTime:0.000598s ]
[ 2012-12-29T15:00:11+08:00 ] /index.php/Category/editNav/account_id/190/id/1603 | SQL: SHOW COLUMNS FROM `y_account` [ RunTime:0.001149s ]
[ 2012-12-29T15:00:11+08:00 ] /index.php/Category/editNav/account_id/190/id/1603 | SQL: SELECT * FROM `y_account` WHERE ( `id` = '190' ) LIMIT 1  [ RunTime:0.000074s ]
[ 2012-12-29T15:00:11+08:00 ] /index.php/Category/editNav/account_id/190/id/1603 | SQL: SHOW COLUMNS FROM `y_category` [ RunTime:0.000544s ]
[ 2012-12-29T15:00:11+08:00 ] /index.php/Category/editNav/account_id/190/id/1603 | SQL: SELECT * FROM `y_category` WHERE ( `id` = '1603' ) LIMIT 1  [ RunTime:0.000235s ]
[ 2012-12-29T15:00:11+08:00 ] /index.php/Category/editNav/account_id/190/id/1603 | SQL: SELECT * FROM `y_category` WHERE ( `pid` = 3 ) AND ( `is_publish` = 1 ) ORDER BY is_default desc,ordernum desc [ RunTime:0.000431s ]
[ 2012-12-29T15:00:14+08:00 ] /index.php/Account/edit/id/190/tab_id/test3 | SQL: SHOW COLUMNS FROM `y_account` [ RunTime:0.001409s ]
[ 2012-12-29T15:00:14+08:00 ] /index.php/Account/edit/id/190/tab_id/test3 | SQL: SELECT * FROM `y_account` WHERE ( `id` = '190' ) LIMIT 1  [ RunTime:0.000076s ]
[ 2012-12-29T15:00:14+08:00 ] /index.php/Account/edit/id/190/tab_id/test3 | SQL: SHOW COLUMNS FROM `y_category` [ RunTime:0.000503s ]
[ 2012-12-29T15:00:14+08:00 ] /index.php/Account/edit/id/190/tab_id/test3 | SQL: SELECT `alias` FROM `y_category` WHERE ( `pid` = 3 ) AND ( `is_default` = 1 ) LIMIT 1  [ RunTime:0.000298s ]
[ 2012-12-29T15:00:14+08:00 ] /index.php/Account/edit/id/190/tab_id/test3 | SQL: SELECT * FROM `y_category` WHERE ( `pid` = 12 ) ORDER BY ordernum desc [ RunTime:0.000481s ]
[ 2012-12-29T15:00:14+08:00 ] /index.php/Account/edit/id/190/tab_id/test3 | SQL: SELECT * FROM `y_category` WHERE ( `pid` = 12 ) AND ( `is_publish` = 1 ) ORDER BY ordernum desc [ RunTime:0.000538s ]
[ 2012-12-29T15:00:14+08:00 ] /index.php/Account/edit/id/190/tab_id/test3 | SQL: SELECT * FROM `y_category` WHERE ( `pid` IN ('3','4') ) ORDER BY ordernum desc [ RunTime:0.000541s ]
[ 2012-12-29T15:40:12+08:00 ] /index.php/Category/editNav/account_id/190/id/1598 | SQL: SHOW COLUMNS FROM `y_account` [ RunTime:0.001107s ]
[ 2012-12-29T15:40:12+08:00 ] /index.php/Category/editNav/account_id/190/id/1598 | SQL: SELECT * FROM `y_account` WHERE ( `id` = '190' ) LIMIT 1  [ RunTime:0.000071s ]
[ 2012-12-29T15:40:12+08:00 ] /index.php/Category/editNav/account_id/190/id/1598 | SQL: SHOW COLUMNS FROM `y_category` [ RunTime:0.000459s ]
[ 2012-12-29T15:40:12+08:00 ] /index.php/Category/editNav/account_id/190/id/1598 | SQL: SELECT * FROM `y_category` WHERE ( `id` = '1598' ) LIMIT 1  [ RunTime:0.000315s ]
[ 2012-12-29T15:40:12+08:00 ] /index.php/Category/editNav/account_id/190/id/1598 | SQL: SELECT * FROM `y_category` WHERE ( `pid` = 3 ) AND ( `is_publish` = 1 ) ORDER BY is_default desc,ordernum desc [ RunTime:0.000638s ]
[ 2012-12-29T15:40:14+08:00 ] /index.php/Account/edit/id/190/tab_id/test3 | SQL: SHOW COLUMNS FROM `y_account` [ RunTime:0.001273s ]
[ 2012-12-29T15:40:14+08:00 ] /index.php/Account/edit/id/190/tab_id/test3 | SQL: SELECT * FROM `y_account` WHERE ( `id` = '190' ) LIMIT 1  [ RunTime:0.000092s ]
[ 2012-12-29T15:40:14+08:00 ] /index.php/Account/edit/id/190/tab_id/test3 | SQL: SHOW COLUMNS FROM `y_category` [ RunTime:0.000463s ]
[ 2012-12-29T15:40:14+08:00 ] /index.php/Account/edit/id/190/tab_id/test3 | SQL: SELECT `alias` FROM `y_category` WHERE ( `pid` = 3 ) AND ( `is_default` = 1 ) LIMIT 1  [ RunTime:0.000249s ]
[ 2012-12-29T15:40:14+08:00 ] /index.php/Account/edit/id/190/tab_id/test3 | SQL: SELECT * FROM `y_category` WHERE ( `pid` = 12 ) ORDER BY ordernum desc [ RunTime:0.000460s ]
[ 2012-12-29T15:40:14+08:00 ] /index.php/Account/edit/id/190/tab_id/test3 | SQL: SELECT * FROM `y_category` WHERE ( `pid` = 12 ) AND ( `is_publish` = 1 ) ORDER BY ordernum desc [ RunTime:0.000591s ]
[ 2012-12-29T15:40:14+08:00 ] /index.php/Account/edit/id/190/tab_id/test3 | SQL: SELECT * FROM `y_category` WHERE ( `pid` IN ('3','4') ) ORDER BY ordernum desc [ RunTime:0.000448s ]
[ 2012-12-29T15:40:18+08:00 ] /index.php/Account/edit/id/190/tab_id/test3 | SQL: SHOW COLUMNS FROM `y_account` [ RunTime:0.001907s ]
[ 2012-12-29T15:40:18+08:00 ] /index.php/Account/edit/id/190/tab_id/test3 | SQL: SELECT * FROM `y_account` WHERE ( `id` = '190' ) LIMIT 1  [ RunTime:0.000101s ]
[ 2012-12-29T15:40:18+08:00 ] /index.php/Account/edit/id/190/tab_id/test3 | SQL: SHOW COLUMNS FROM `y_category` [ RunTime:0.000683s ]
[ 2012-12-29T15:40:18+08:00 ] /index.php/Account/edit/id/190/tab_id/test3 | SQL: SELECT `alias` FROM `y_category` WHERE ( `pid` = 3 ) AND ( `is_default` = 1 ) LIMIT 1  [ RunTime:0.000410s ]
[ 2012-12-29T15:40:18+08:00 ] /index.php/Account/edit/id/190/tab_id/test3 | SQL: SELECT * FROM `y_category` WHERE ( `pid` = 12 ) ORDER BY ordernum desc [ RunTime:0.000676s ]
[ 2012-12-29T15:40:18+08:00 ] /index.php/Account/edit/id/190/tab_id/test3 | SQL: SELECT * FROM `y_category` WHERE ( `pid` = 12 ) AND ( `is_publish` = 1 ) ORDER BY ordernum desc [ RunTime:0.000488s ]
[ 2012-12-29T15:40:18+08:00 ] /index.php/Account/edit/id/190/tab_id/test3 | SQL: SELECT * FROM `y_category` WHERE ( `pid` IN ('3','4') ) ORDER BY ordernum desc [ RunTime:0.000533s ]
[ 2012-12-29T15:40:19+08:00 ] /index.php/Category/editNav/account_id/190/id/1603 | SQL: SHOW COLUMNS FROM `y_account` [ RunTime:0.001579s ]
[ 2012-12-29T15:40:19+08:00 ] /index.php/Category/editNav/account_id/190/id/1603 | SQL: SELECT * FROM `y_account` WHERE ( `id` = '190' ) LIMIT 1  [ RunTime:0.000102s ]
[ 2012-12-29T15:40:19+08:00 ] /index.php/Category/editNav/account_id/190/id/1603 | SQL: SHOW COLUMNS FROM `y_category` [ RunTime:0.000865s ]
[ 2012-12-29T15:40:19+08:00 ] /index.php/Category/editNav/account_id/190/id/1603 | SQL: SELECT * FROM `y_category` WHERE ( `id` = '1603' ) LIMIT 1  [ RunTime:0.000300s ]
[ 2012-12-29T15:40:19+08:00 ] /index.php/Category/editNav/account_id/190/id/1603 | SQL: SELECT * FROM `y_category` WHERE ( `pid` = 3 ) AND ( `is_publish` = 1 ) ORDER BY is_default desc,ordernum desc [ RunTime:0.000457s ]
[ 2012-12-29T15:40:22+08:00 ] /index.php/Account/edit/id/190/tab_id/test3 | SQL: SHOW COLUMNS FROM `y_account` [ RunTime:0.001409s ]
[ 2012-12-29T15:40:22+08:00 ] /index.php/Account/edit/id/190/tab_id/test3 | SQL: SELECT * FROM `y_account` WHERE ( `id` = '190' ) LIMIT 1  [ RunTime:0.000087s ]
[ 2012-12-29T15:40:22+08:00 ] /index.php/Account/edit/id/190/tab_id/test3 | SQL: SHOW COLUMNS FROM `y_category` [ RunTime:0.000580s ]
[ 2012-12-29T15:40:22+08:00 ] /index.php/Account/edit/id/190/tab_id/test3 | SQL: SELECT `alias` FROM `y_category` WHERE ( `pid` = 3 ) AND ( `is_default` = 1 ) LIMIT 1  [ RunTime:0.000307s ]
[ 2012-12-29T15:40:22+08:00 ] /index.php/Account/edit/id/190/tab_id/test3 | SQL: SELECT * FROM `y_category` WHERE ( `pid` = 12 ) ORDER BY ordernum desc [ RunTime:0.000476s ]
[ 2012-12-29T15:40:22+08:00 ] /index.php/Account/edit/id/190/tab_id/test3 | SQL: SELECT * FROM `y_category` WHERE ( `pid` = 12 ) AND ( `is_publish` = 1 ) ORDER BY ordernum desc [ RunTime:0.000448s ]
[ 2012-12-29T15:40:22+08:00 ] /index.php/Account/edit/id/190/tab_id/test3 | SQL: SELECT * FROM `y_category` WHERE ( `pid` IN ('3','4') ) ORDER BY ordernum desc [ RunTime:0.000399s ]
[ 2012-12-29T18:08:03+08:00 ] / | NOTIC: [8] Undefined index:  account_id CommonAction.class.php 第 19 行.
[ 2012-12-29T18:08:03+08:00 ] / | SQL: SHOW COLUMNS FROM `y_account` [ RunTime:0.001114s ]
[ 2012-12-29T18:08:03+08:00 ] / | NOTIC: [2] mysql_connect() [<a href='function.mysql-connect'>function.mysql-connect</a>]: Access denied for user 'xiaoluo'@'localhost' (using password: NO) CommonAction.class.php 第 153 行.
[ 2012-12-29T18:08:12+08:00 ] /index.php/Index/main | NOTIC: [8] Undefined index:  account_id CommonAction.class.php 第 19 行.
[ 2012-12-29T18:08:12+08:00 ] /index.php/Index/main | SQL: SHOW COLUMNS FROM `y_account` [ RunTime:0.001630s ]
[ 2012-12-29T18:08:12+08:00 ] /index.php/Index/main | NOTIC: [2] mysql_connect() [<a href='function.mysql-connect'>function.mysql-connect</a>]: Access denied for user 'xiaoluo'@'localhost' (using password: NO) CommonAction.class.php 第 153 行.
[ 2012-12-29T18:08:12+08:00 ] /index.php/Index/main | SQL: SELECT * FROM `y_account` ORDER BY id desc [ RunTime:0.000311s ]
[ 2012-12-29T18:08:12+08:00 ] /index.php/Index/main | NOTIC: [8] Undefined index:  searchkey IndexAction.class.php 第 28 行.
[ 2012-12-29T18:08:12+08:00 ] /index.php/Index/main | NOTIC: [8] Undefined variable: where IndexAction.class.php 第 32 行.
[ 2012-12-29T18:08:12+08:00 ] /index.php/Index/main | SQL: SELECT COUNT(*) AS tp_count FROM `y_account` LIMIT 1  [ RunTime:0.000082s ]
[ 2012-12-29T18:08:12+08:00 ] /index.php/Index/main | SQL: SELECT * FROM `y_account` ORDER BY `id` desc LIMIT 0,20  [ RunTime:0.000116s ]
[ 2012-12-29T18:08:12+08:00 ] /index.php/Index/main | NOTIC: [2] Invalid argument supplied for foreach() CommonAction.class.php 第 258 行.
[ 2012-12-29T18:08:12+08:00 ] /index.php/Index/left | NOTIC: [8] Undefined index:  account_id CommonAction.class.php 第 19 行.
[ 2012-12-29T18:08:12+08:00 ] /index.php/Index/left | SQL: SHOW COLUMNS FROM `y_account` [ RunTime:0.001191s ]
[ 2012-12-29T18:08:12+08:00 ] /index.php/Index/left | NOTIC: [2] mysql_connect() [<a href='function.mysql-connect'>function.mysql-connect</a>]: Access denied for user 'xiaoluo'@'localhost' (using password: NO) CommonAction.class.php 第 153 行.
[ 2012-12-29T18:08:12+08:00 ] /index.php/Index/left | NOTIC: [8] Undefined index:  account_id 196c657f8b82048b1beeb0f9599f5fdc.php 第 15 行.
[ 2012-12-29T18:08:12+08:00 ] /index.php/Index/left | NOTIC: [8] Undefined variable: isConnect 196c657f8b82048b1beeb0f9599f5fdc.php 第 72 行.
[ 2012-12-29T18:08:12+08:00 ] /index.php/Index/left | NOTIC: [8] Undefined variable: langList 196c657f8b82048b1beeb0f9599f5fdc.php 第 125 行.
[ 2012-12-29T18:08:12+08:00 ] /index.php/Index/left | NOTIC: [8] Undefined variable: langList 196c657f8b82048b1beeb0f9599f5fdc.php 第 137 行.
[ 2012-12-29T18:08:12+08:00 ] /index.php/Index/left | NOTIC: [8] Undefined variable: moduleList 196c657f8b82048b1beeb0f9599f5fdc.php 第 167 行.
[ 2012-12-29T18:08:12+08:00 ] /index.php/Index/left | NOTIC: [8] Undefined variable: moduleList2 196c657f8b82048b1beeb0f9599f5fdc.php 第 189 行.
[ 2012-12-29T18:08:12+08:00 ] /index.php/Index/left | NOTIC: [8] Undefined index:  tab_id 196c657f8b82048b1beeb0f9599f5fdc.php 第 256 行.
