[ 2012-10-27T09:31:56+08:00 ] /index.php/Index/main | NOTIC: [8] Undefined index:  account_id CommonAction.class.php 第 17 行.
[ 2012-10-27T09:31:56+08:00 ] /index.php/Index/main | SQL: SHOW COLUMNS FROM `y_account` [ RunTime:0.000845s ]
[ 2012-10-27T09:31:56+08:00 ] /index.php/Index/main | NOTIC: [2] mysql_connect() [<a href='function.mysql-connect'>function.mysql-connect</a>]: Access denied for user 'xiaoluo'@'localhost' (using password: NO) CommonAction.class.php 第 125 行.
[ 2012-10-27T09:31:56+08:00 ] /index.php/Index/main | SQL: SELECT * FROM `y_account` ORDER BY id desc [ RunTime:0.000231s ]
[ 2012-10-27T09:31:56+08:00 ] /index.php/Index/main | NOTIC: [8] Undefined variable: where IndexAction.class.php 第 28 行.
[ 2012-10-27T09:31:56+08:00 ] /index.php/Index/main | SQL: SELECT COUNT(*) AS tp_count FROM `y_account` LIMIT 1  [ RunTime:0.000115s ]
[ 2012-10-27T09:31:56+08:00 ] /index.php/Index/main | SQL: SELECT * FROM `y_account` ORDER BY `id` desc LIMIT 0,20  [ RunTime:0.000212s ]
[ 2012-10-27T09:31:56+08:00 ] /index.php/Index/main | NOTIC: [2] Invalid argument supplied for foreach() CommonAction.class.php 第 159 行.
[ 2012-10-27T09:31:56+08:00 ] /index.php/Account/edit/id/19 | SQL: SHOW COLUMNS FROM `y_account` [ RunTime:0.000815s ]
[ 2012-10-27T09:31:56+08:00 ] /index.php/Account/edit/id/19 | SQL: SELECT * FROM `y_account` WHERE ( `id` = '19' ) LIMIT 1  [ RunTime:0.000229s ]
[ 2012-10-27T09:31:56+08:00 ] /index.php/Account/edit/id/19 | SQL: SHOW COLUMNS FROM `y_category` [ RunTime:0.000420s ]
[ 2012-10-27T09:31:56+08:00 ] /index.php/Account/edit/id/19 | SQL: SELECT `modules` FROM `y_account` WHERE ( `id` = '19' ) LIMIT 1  [ RunTime:0.000161s ]
[ 2012-10-27T09:31:56+08:00 ] /index.php/Account/edit/id/19 | SQL: SELECT * FROM `y_category` WHERE ( `id` IN ('36','19','20','21','22','23','27','37') ) ORDER BY ordernum desc [ RunTime:0.000069s ]
[ 2012-10-27T09:31:56+08:00 ] /index.php/Account/edit/id/19 | SQL: SELECT * FROM `y_category` WHERE ( `pid` = 11 ) ORDER BY ordernum desc [ RunTime:0.000295s ]
[ 2012-10-27T09:31:56+08:00 ] /index.php/Account/edit/id/19 | NOTIC: [8] Undefined index:  tab_id 196c657f8b82048b1beeb0f9599f5fdc.php 第 279 行.
[ 2012-10-27T14:36:49+08:00 ] / | NOTIC: [8] Undefined index:  account_id CommonAction.class.php 第 17 行.
[ 2012-10-27T14:36:49+08:00 ] / | SQL: SHOW COLUMNS FROM `y_account` [ RunTime:0.001235s ]
[ 2012-10-27T14:36:49+08:00 ] / | NOTIC: [2] mysql_connect() [<a href='function.mysql-connect'>function.mysql-connect</a>]: Access denied for user 'xiaoluo'@'localhost' (using password: NO) CommonAction.class.php 第 125 行.
[ 2012-10-27T14:36:49+08:00 ] /index.php/Index/main | NOTIC: [8] Undefined index:  account_id CommonAction.class.php 第 17 行.
[ 2012-10-27T14:36:49+08:00 ] /index.php/Index/main | SQL: SHOW COLUMNS FROM `y_account` [ RunTime:0.001110s ]
[ 2012-10-27T14:36:49+08:00 ] /index.php/Index/main | NOTIC: [2] mysql_connect() [<a href='function.mysql-connect'>function.mysql-connect</a>]: Access denied for user 'xiaoluo'@'localhost' (using password: NO) CommonAction.class.php 第 125 行.
[ 2012-10-27T14:36:49+08:00 ] /index.php/Index/main | SQL: SELECT * FROM `y_account` ORDER BY id desc [ RunTime:0.000152s ]
[ 2012-10-27T14:36:49+08:00 ] /index.php/Index/main | NOTIC: [8] Undefined variable: where IndexAction.class.php 第 28 行.
[ 2012-10-27T14:36:49+08:00 ] /index.php/Index/main | SQL: SELECT COUNT(*) AS tp_count FROM `y_account` LIMIT 1  [ RunTime:0.000069s ]
[ 2012-10-27T14:36:49+08:00 ] /index.php/Index/main | SQL: SELECT * FROM `y_account` ORDER BY `id` desc LIMIT 0,20  [ RunTime:0.000094s ]
[ 2012-10-27T14:36:49+08:00 ] /index.php/Index/main | NOTIC: [2] Invalid argument supplied for foreach() CommonAction.class.php 第 159 行.
[ 2012-10-27T14:36:49+08:00 ] /index.php/Index/left | NOTIC: [8] Undefined index:  account_id CommonAction.class.php 第 17 行.
[ 2012-10-27T14:36:50+08:00 ] /index.php/Index/left | SQL: SHOW COLUMNS FROM `y_account` [ RunTime:0.000933s ]
[ 2012-10-27T14:36:50+08:00 ] /index.php/Index/left | NOTIC: [2] mysql_connect() [<a href='function.mysql-connect'>function.mysql-connect</a>]: Access denied for user 'xiaoluo'@'localhost' (using password: NO) CommonAction.class.php 第 125 行.
[ 2012-10-27T14:36:50+08:00 ] /index.php/Index/left | NOTIC: [8] Undefined index:  account_id 196c657f8b82048b1beeb0f9599f5fdc.php 第 15 行.
[ 2012-10-27T14:36:50+08:00 ] /index.php/Index/left | NOTIC: [8] Undefined variable: isConnect 196c657f8b82048b1beeb0f9599f5fdc.php 第 51 行.
[ 2012-10-27T14:36:50+08:00 ] /index.php/Index/left | NOTIC: [8] Undefined variable: langList 196c657f8b82048b1beeb0f9599f5fdc.php 第 106 行.
[ 2012-10-27T14:36:50+08:00 ] /index.php/Index/left | NOTIC: [8] Undefined variable: moduleList 196c657f8b82048b1beeb0f9599f5fdc.php 第 212 行.
[ 2012-10-27T14:36:50+08:00 ] /index.php/Index/left | NOTIC: [8] Undefined index:  tab_id 196c657f8b82048b1beeb0f9599f5fdc.php 第 279 行.
[ 2012-10-27T14:38:01+08:00 ] /index.php/Index/main | SQL: SHOW COLUMNS FROM `y_account` [ RunTime:0.001095s ]
[ 2012-10-27T14:38:01+08:00 ] /index.php/Index/main | SQL: SELECT * FROM `y_account` WHERE ( `id` = 24 ) LIMIT 1  [ RunTime:0.000257s ]
[ 2012-10-27T14:38:01+08:00 ] /index.php/Index/main | NOTIC: [2] mysql_connect() [<a href='function.mysql-connect'>function.mysql-connect</a>]: Access denied for user 'xiaoluo'@'localhost' (using password: NO) CommonAction.class.php 第 125 行.
[ 2012-10-27T14:38:01+08:00 ] /index.php/Index/main | SQL: SELECT * FROM `y_account` ORDER BY id desc [ RunTime:0.000237s ]
[ 2012-10-27T14:38:01+08:00 ] /index.php/Index/main | NOTIC: [8] Undefined variable: where IndexAction.class.php 第 28 行.
[ 2012-10-27T14:38:01+08:00 ] /index.php/Index/main | SQL: SELECT COUNT(*) AS tp_count FROM `y_account` LIMIT 1  [ RunTime:0.000130s ]
[ 2012-10-27T14:38:01+08:00 ] /index.php/Index/main | SQL: SELECT * FROM `y_account` ORDER BY `id` desc LIMIT 0,20  [ RunTime:0.000208s ]
[ 2012-10-27T14:38:01+08:00 ] /index.php/Index/main | NOTIC: [2] Invalid argument supplied for foreach() CommonAction.class.php 第 159 行.
[ 2012-10-27T14:38:01+08:00 ] /index.php/Account/edit/id/24/tab_id/test1 | SQL: SHOW COLUMNS FROM `y_account` [ RunTime:0.000944s ]
[ 2012-10-27T14:38:01+08:00 ] /index.php/Account/edit/id/24/tab_id/test1 | SQL: SELECT * FROM `y_account` WHERE ( `id` = '24' ) LIMIT 1  [ RunTime:0.000285s ]
[ 2012-10-27T14:38:01+08:00 ] /index.php/Account/edit/id/24/tab_id/test1 | NOTIC: [2] mysql_connect() [<a href='function.mysql-connect'>function.mysql-connect</a>]: Access denied for user 'xiaoluo'@'localhost' (using password: NO) CommonAction.class.php 第 125 行.
[ 2012-10-27T14:38:01+08:00 ] /index.php/Account/edit/id/24/tab_id/test1 | NOTIC: [8] Undefined variable: langList 196c657f8b82048b1beeb0f9599f5fdc.php 第 106 行.
[ 2012-10-27T14:38:01+08:00 ] /index.php/Account/edit/id/24/tab_id/test1 | NOTIC: [8] Undefined variable: moduleList 196c657f8b82048b1beeb0f9599f5fdc.php 第 212 行.
[ 2012-10-27T14:39:10+08:00 ] /index.php/Account/edit/id/24 | SQL: SHOW COLUMNS FROM `y_account` [ RunTime:0.000820s ]
[ 2012-10-27T14:39:10+08:00 ] /index.php/Account/edit/id/24 | SQL: SELECT * FROM `y_account` WHERE ( `id` = '24' ) LIMIT 1  [ RunTime:0.000077s ]
[ 2012-10-27T14:39:10+08:00 ] /index.php/Account/edit/id/24 | NOTIC: [8] Undefined variable: langList 196c657f8b82048b1beeb0f9599f5fdc.php 第 106 行.
[ 2012-10-27T14:39:10+08:00 ] /index.php/Account/edit/id/24 | NOTIC: [8] Undefined variable: moduleList 196c657f8b82048b1beeb0f9599f5fdc.php 第 212 行.
[ 2012-10-27T14:39:10+08:00 ] /index.php/Account/edit/id/24 | NOTIC: [8] Undefined index:  tab_id 196c657f8b82048b1beeb0f9599f5fdc.php 第 279 行.
[ 2012-10-27T14:39:54+08:00 ] / | SQL: SHOW COLUMNS FROM `y_account` [ RunTime:0.001304s ]
[ 2012-10-27T14:39:54+08:00 ] / | SQL: SELECT * FROM `y_account` WHERE ( `id` = '24' ) LIMIT 1  [ RunTime:0.000089s ]
[ 2012-10-27T14:39:55+08:00 ] /index.php/Index/main | NOTIC: [8] Undefined index:  account_id CommonAction.class.php 第 17 行.
[ 2012-10-27T14:39:55+08:00 ] /index.php/Index/main | SQL: SHOW COLUMNS FROM `y_account` [ RunTime:0.000811s ]
[ 2012-10-27T14:39:55+08:00 ] /index.php/Index/main | NOTIC: [2] mysql_connect() [<a href='function.mysql-connect'>function.mysql-connect</a>]: Access denied for user 'xiaoluo'@'localhost' (using password: NO) CommonAction.class.php 第 125 行.
[ 2012-10-27T14:39:55+08:00 ] /index.php/Index/main | SQL: SELECT * FROM `y_account` ORDER BY id desc [ RunTime:0.000309s ]
[ 2012-10-27T14:39:55+08:00 ] /index.php/Index/main | NOTIC: [8] Undefined variable: where IndexAction.class.php 第 28 行.
[ 2012-10-27T14:39:55+08:00 ] /index.php/Index/main | SQL: SELECT COUNT(*) AS tp_count FROM `y_account` LIMIT 1  [ RunTime:0.000276s ]
[ 2012-10-27T14:39:55+08:00 ] /index.php/Index/main | SQL: SELECT * FROM `y_account` ORDER BY `id` desc LIMIT 0,20  [ RunTime:0.000276s ]
[ 2012-10-27T14:39:55+08:00 ] /index.php/Index/main | NOTIC: [2] Invalid argument supplied for foreach() CommonAction.class.php 第 159 行.
[ 2012-10-27T14:39:55+08:00 ] /index.php/Index/left | NOTIC: [8] Undefined index:  account_id CommonAction.class.php 第 17 行.
[ 2012-10-27T14:39:55+08:00 ] /index.php/Index/left | SQL: SHOW COLUMNS FROM `y_account` [ RunTime:0.000790s ]
[ 2012-10-27T14:39:55+08:00 ] /index.php/Index/left | NOTIC: [2] mysql_connect() [<a href='function.mysql-connect'>function.mysql-connect</a>]: Access denied for user 'xiaoluo'@'localhost' (using password: NO) CommonAction.class.php 第 125 行.
[ 2012-10-27T14:39:55+08:00 ] /index.php/Index/left | NOTIC: [8] Undefined index:  account_id 196c657f8b82048b1beeb0f9599f5fdc.php 第 15 行.
[ 2012-10-27T14:39:55+08:00 ] /index.php/Index/left | NOTIC: [8] Undefined variable: isConnect 196c657f8b82048b1beeb0f9599f5fdc.php 第 51 行.
[ 2012-10-27T14:39:55+08:00 ] /index.php/Index/left | NOTIC: [8] Undefined variable: langList 196c657f8b82048b1beeb0f9599f5fdc.php 第 106 行.
[ 2012-10-27T14:39:55+08:00 ] /index.php/Index/left | NOTIC: [8] Undefined variable: moduleList 196c657f8b82048b1beeb0f9599f5fdc.php 第 212 行.
[ 2012-10-27T14:39:55+08:00 ] /index.php/Index/left | NOTIC: [8] Undefined index:  tab_id 196c657f8b82048b1beeb0f9599f5fdc.php 第 279 行.
[ 2012-10-27T14:39:57+08:00 ] /index.php/Account/edit/id/24 | SQL: SHOW COLUMNS FROM `y_account` [ RunTime:0.000944s ]
[ 2012-10-27T14:39:57+08:00 ] /index.php/Account/edit/id/24 | SQL: SELECT * FROM `y_account` WHERE ( `id` = '24' ) LIMIT 1  [ RunTime:0.000126s ]
[ 2012-10-27T14:39:57+08:00 ] /index.php/Account/edit/id/24 | NOTIC: [8] Undefined variable: langList 196c657f8b82048b1beeb0f9599f5fdc.php 第 106 行.
[ 2012-10-27T14:39:57+08:00 ] /index.php/Account/edit/id/24 | NOTIC: [8] Undefined variable: moduleList 196c657f8b82048b1beeb0f9599f5fdc.php 第 212 行.
[ 2012-10-27T14:39:57+08:00 ] /index.php/Account/edit/id/24 | NOTIC: [8] Undefined index:  tab_id 196c657f8b82048b1beeb0f9599f5fdc.php 第 279 行.
[ 2012-10-27T14:40:43+08:00 ] /index.php/Account/edit/id/24 | SQL: SHOW COLUMNS FROM `y_account` [ RunTime:0.000943s ]
[ 2012-10-27T14:40:43+08:00 ] /index.php/Account/edit/id/24 | SQL: SELECT * FROM `y_account` WHERE ( `id` = '24' ) LIMIT 1  [ RunTime:0.000070s ]
[ 2012-10-27T14:40:43+08:00 ] /index.php/Account/edit/id/24 | NOTIC: [8] Undefined variable: langList 196c657f8b82048b1beeb0f9599f5fdc.php 第 106 行.
[ 2012-10-27T14:40:43+08:00 ] /index.php/Account/edit/id/24 | NOTIC: [8] Undefined variable: moduleList 196c657f8b82048b1beeb0f9599f5fdc.php 第 212 行.
[ 2012-10-27T14:40:43+08:00 ] /index.php/Account/edit/id/24 | NOTIC: [8] Undefined index:  tab_id 196c657f8b82048b1beeb0f9599f5fdc.php 第 279 行.
[ 2012-10-27T14:43:37+08:00 ] /index.php/Account/edit/id/24 | SQL: SHOW COLUMNS FROM `y_account` [ RunTime:0.000957s ]
[ 2012-10-27T14:43:37+08:00 ] /index.php/Account/edit/id/24 | SQL: SELECT * FROM `y_account` WHERE ( `id` = '24' ) LIMIT 1  [ RunTime:0.000110s ]
[ 2012-10-27T14:43:37+08:00 ] /index.php/Account/edit/id/24 | NOTIC: [8] Undefined variable: langList 196c657f8b82048b1beeb0f9599f5fdc.php 第 106 行.
[ 2012-10-27T14:43:37+08:00 ] /index.php/Account/edit/id/24 | NOTIC: [8] Undefined variable: moduleList 196c657f8b82048b1beeb0f9599f5fdc.php 第 212 行.
[ 2012-10-27T14:43:37+08:00 ] /index.php/Account/edit/id/24 | NOTIC: [8] Undefined index:  tab_id 196c657f8b82048b1beeb0f9599f5fdc.php 第 279 行.
[ 2012-10-27T14:44:05+08:00 ] /index.php/Account/edit/id/24 | SQL: SHOW COLUMNS FROM `y_account` [ RunTime:0.001004s ]
[ 2012-10-27T14:44:05+08:00 ] /index.php/Account/edit/id/24 | SQL: SELECT * FROM `y_account` WHERE ( `id` = '24' ) LIMIT 1  [ RunTime:0.000072s ]
[ 2012-10-27T14:44:05+08:00 ] /index.php/Account/edit/id/24 | SQL: SHOW COLUMNS FROM `y_category` [ RunTime:0.000349s ]
[ 2012-10-27T14:44:05+08:00 ] /index.php/Account/edit/id/24 | SQL: SELECT `modules` FROM `y_account` WHERE ( `id` = '24' ) LIMIT 1  [ RunTime:0.000203s ]
[ 2012-10-27T14:44:05+08:00 ] /index.php/Account/edit/id/24 | SQL: SELECT * FROM `y_category` WHERE ( `id` IN ('36','19','20','21','22','23','27','37') ) ORDER BY ordernum desc [ RunTime:0.000154s ]
[ 2012-10-27T14:44:05+08:00 ] /index.php/Account/edit/id/24 | SQL: SELECT * FROM `y_category` WHERE ( `pid` = 11 ) ORDER BY ordernum desc [ RunTime:0.000118s ]
[ 2012-10-27T14:44:05+08:00 ] /index.php/Account/edit/id/24 | NOTIC: [8] Undefined index:  tab_id 196c657f8b82048b1beeb0f9599f5fdc.php 第 279 行.
[ 2012-10-27T14:44:17+08:00 ] /index.php/Account/edit/id/24 | SQL: SHOW COLUMNS FROM `y_account` [ RunTime:0.000974s ]
[ 2012-10-27T14:44:17+08:00 ] /index.php/Account/edit/id/24 | SQL: SELECT * FROM `y_account` WHERE ( `id` = '24' ) LIMIT 1  [ RunTime:0.000089s ]
[ 2012-10-27T14:44:17+08:00 ] /index.php/Account/edit/id/24 | NOTIC: [8] Undefined variable: langList 196c657f8b82048b1beeb0f9599f5fdc.php 第 106 行.
[ 2012-10-27T14:44:17+08:00 ] /index.php/Account/edit/id/24 | NOTIC: [8] Undefined variable: moduleList 196c657f8b82048b1beeb0f9599f5fdc.php 第 212 行.
[ 2012-10-27T14:44:17+08:00 ] /index.php/Account/edit/id/24 | NOTIC: [8] Undefined index:  tab_id 196c657f8b82048b1beeb0f9599f5fdc.php 第 279 行.
[ 2012-10-27T14:57:15+08:00 ] / | SQL: SHOW COLUMNS FROM `y_account` [ RunTime:0.000953s ]
[ 2012-10-27T14:57:15+08:00 ] / | SQL: SELECT * FROM `y_account` WHERE ( `id` = '24' ) LIMIT 1  [ RunTime:0.000072s ]
[ 2012-10-27T14:57:15+08:00 ] /index.php/Index/main | NOTIC: [8] Undefined index:  account_id CommonAction.class.php 第 17 行.
[ 2012-10-27T14:57:15+08:00 ] /index.php/Index/main | SQL: SHOW COLUMNS FROM `y_account` [ RunTime:0.001037s ]
[ 2012-10-27T14:57:15+08:00 ] /index.php/Index/main | NOTIC: [2] mysql_connect() [<a href='function.mysql-connect'>function.mysql-connect</a>]: Access denied for user 'xiaoluo'@'localhost' (using password: NO) CommonAction.class.php 第 125 行.
[ 2012-10-27T14:57:15+08:00 ] /index.php/Index/main | SQL: SELECT * FROM `y_account` ORDER BY id desc [ RunTime:0.000084s ]
[ 2012-10-27T14:57:15+08:00 ] /index.php/Index/main | NOTIC: [8] Undefined variable: where IndexAction.class.php 第 28 行.
[ 2012-10-27T14:57:15+08:00 ] /index.php/Index/main | SQL: SELECT COUNT(*) AS tp_count FROM `y_account` LIMIT 1  [ RunTime:0.000066s ]
[ 2012-10-27T14:57:15+08:00 ] /index.php/Index/main | SQL: SELECT * FROM `y_account` ORDER BY `id` desc LIMIT 0,20  [ RunTime:0.000089s ]
[ 2012-10-27T14:57:15+08:00 ] /index.php/Index/main | NOTIC: [2] Invalid argument supplied for foreach() CommonAction.class.php 第 159 行.
[ 2012-10-27T14:57:15+08:00 ] /index.php/Index/left | NOTIC: [8] Undefined index:  account_id CommonAction.class.php 第 17 行.
[ 2012-10-27T14:57:15+08:00 ] /index.php/Index/left | SQL: SHOW COLUMNS FROM `y_account` [ RunTime:0.000991s ]
[ 2012-10-27T14:57:15+08:00 ] /index.php/Index/left | NOTIC: [2] mysql_connect() [<a href='function.mysql-connect'>function.mysql-connect</a>]: Access denied for user 'xiaoluo'@'localhost' (using password: NO) CommonAction.class.php 第 125 行.
[ 2012-10-27T14:57:15+08:00 ] /index.php/Index/left | NOTIC: [8] Undefined index:  account_id 196c657f8b82048b1beeb0f9599f5fdc.php 第 15 行.
[ 2012-10-27T14:57:15+08:00 ] /index.php/Index/left | NOTIC: [8] Undefined variable: isConnect 196c657f8b82048b1beeb0f9599f5fdc.php 第 51 行.
[ 2012-10-27T14:57:15+08:00 ] /index.php/Index/left | NOTIC: [8] Undefined variable: langList 196c657f8b82048b1beeb0f9599f5fdc.php 第 106 行.
[ 2012-10-27T14:57:15+08:00 ] /index.php/Index/left | NOTIC: [8] Undefined variable: moduleList 196c657f8b82048b1beeb0f9599f5fdc.php 第 212 行.
[ 2012-10-27T14:57:15+08:00 ] /index.php/Index/left | NOTIC: [8] Undefined index:  tab_id 196c657f8b82048b1beeb0f9599f5fdc.php 第 279 行.
[ 2012-10-27T14:57:21+08:00 ] /index.php/Account/edit/id/24 | SQL: SHOW COLUMNS FROM `y_account` [ RunTime:0.000758s ]
[ 2012-10-27T14:57:21+08:00 ] /index.php/Account/edit/id/24 | SQL: SELECT * FROM `y_account` WHERE ( `id` = '24' ) LIMIT 1  [ RunTime:0.000071s ]
[ 2012-10-27T14:57:21+08:00 ] /index.php/Account/edit/id/24 | NOTIC: [8] Undefined variable: langList 196c657f8b82048b1beeb0f9599f5fdc.php 第 106 行.
[ 2012-10-27T14:57:21+08:00 ] /index.php/Account/edit/id/24 | NOTIC: [8] Undefined variable: moduleList 196c657f8b82048b1beeb0f9599f5fdc.php 第 212 行.
[ 2012-10-27T14:57:21+08:00 ] /index.php/Account/edit/id/24 | NOTIC: [8] Undefined index:  tab_id 196c657f8b82048b1beeb0f9599f5fdc.php 第 279 行.
[ 2012-10-27T14:57:53+08:00 ] / | SQL: SHOW COLUMNS FROM `y_account` [ RunTime:0.000838s ]
[ 2012-10-27T14:57:53+08:00 ] / | SQL: SELECT * FROM `y_account` WHERE ( `id` = '24' ) LIMIT 1  [ RunTime:0.000082s ]
[ 2012-10-27T14:57:53+08:00 ] /index.php/Index/main | NOTIC: [8] Undefined index:  account_id CommonAction.class.php 第 17 行.
[ 2012-10-27T14:57:53+08:00 ] /index.php/Index/main | SQL: SHOW COLUMNS FROM `y_account` [ RunTime:0.001049s ]
[ 2012-10-27T14:57:53+08:00 ] /index.php/Index/main | NOTIC: [2] mysql_connect() [<a href='function.mysql-connect'>function.mysql-connect</a>]: Access denied for user 'xiaoluo'@'localhost' (using password: NO) CommonAction.class.php 第 125 行.
[ 2012-10-27T14:57:53+08:00 ] /index.php/Index/main | SQL: SELECT * FROM `y_account` ORDER BY id desc [ RunTime:0.000096s ]
[ 2012-10-27T14:57:53+08:00 ] /index.php/Index/main | NOTIC: [8] Undefined variable: where IndexAction.class.php 第 28 行.
[ 2012-10-27T14:57:53+08:00 ] /index.php/Index/main | SQL: SELECT COUNT(*) AS tp_count FROM `y_account` LIMIT 1  [ RunTime:0.000091s ]
[ 2012-10-27T14:57:53+08:00 ] /index.php/Index/main | SQL: SELECT * FROM `y_account` ORDER BY `id` desc LIMIT 0,20  [ RunTime:0.000075s ]
[ 2012-10-27T14:57:53+08:00 ] /index.php/Index/main | NOTIC: [2] Invalid argument supplied for foreach() CommonAction.class.php 第 159 行.
[ 2012-10-27T14:57:53+08:00 ] /index.php/Index/left | NOTIC: [8] Undefined index:  account_id CommonAction.class.php 第 17 行.
[ 2012-10-27T14:57:53+08:00 ] /index.php/Index/left | SQL: SHOW COLUMNS FROM `y_account` [ RunTime:0.001160s ]
[ 2012-10-27T14:57:53+08:00 ] /index.php/Index/left | NOTIC: [2] mysql_connect() [<a href='function.mysql-connect'>function.mysql-connect</a>]: Access denied for user 'xiaoluo'@'localhost' (using password: NO) CommonAction.class.php 第 125 行.
[ 2012-10-27T14:57:53+08:00 ] /index.php/Index/left | NOTIC: [8] Undefined index:  account_id 196c657f8b82048b1beeb0f9599f5fdc.php 第 15 行.
[ 2012-10-27T14:57:53+08:00 ] /index.php/Index/left | NOTIC: [8] Undefined variable: isConnect 196c657f8b82048b1beeb0f9599f5fdc.php 第 51 行.
[ 2012-10-27T14:57:53+08:00 ] /index.php/Index/left | NOTIC: [8] Undefined variable: langList 196c657f8b82048b1beeb0f9599f5fdc.php 第 106 行.
[ 2012-10-27T14:57:53+08:00 ] /index.php/Index/left | NOTIC: [8] Undefined variable: moduleList 196c657f8b82048b1beeb0f9599f5fdc.php 第 212 行.
[ 2012-10-27T14:57:53+08:00 ] /index.php/Index/left | NOTIC: [8] Undefined index:  tab_id 196c657f8b82048b1beeb0f9599f5fdc.php 第 279 行.
[ 2012-10-27T14:57:55+08:00 ] /index.php/Account/edit/id/24 | SQL: SHOW COLUMNS FROM `y_account` [ RunTime:0.001239s ]
[ 2012-10-27T14:57:55+08:00 ] /index.php/Account/edit/id/24 | SQL: SELECT * FROM `y_account` WHERE ( `id` = '24' ) LIMIT 1  [ RunTime:0.000091s ]
[ 2012-10-27T14:57:55+08:00 ] /index.php/Account/edit/id/24 | NOTIC: [8] Undefined variable: langList 196c657f8b82048b1beeb0f9599f5fdc.php 第 106 行.
[ 2012-10-27T14:57:55+08:00 ] /index.php/Account/edit/id/24 | NOTIC: [8] Undefined variable: moduleList 196c657f8b82048b1beeb0f9599f5fdc.php 第 212 行.
[ 2012-10-27T14:57:55+08:00 ] /index.php/Account/edit/id/24 | NOTIC: [8] Undefined index:  tab_id 196c657f8b82048b1beeb0f9599f5fdc.php 第 279 行.
[ 2012-10-27T14:59:02+08:00 ] / | SQL: SHOW COLUMNS FROM `y_account` [ RunTime:0.001242s ]
[ 2012-10-27T14:59:02+08:00 ] / | SQL: SELECT * FROM `y_account` WHERE ( `id` = '24' ) LIMIT 1  [ RunTime:0.000074s ]
[ 2012-10-27T14:59:02+08:00 ] / | SQL: SHOW COLUMNS FROM `y_category` [ RunTime:0.000511s ]
[ 2012-10-27T14:59:03+08:00 ] /index.php/Index/main | NOTIC: [8] Undefined index:  account_id CommonAction.class.php 第 17 行.
[ 2012-10-27T14:59:03+08:00 ] /index.php/Index/main | SQL: SHOW COLUMNS FROM `y_account` [ RunTime:0.001149s ]
[ 2012-10-27T14:59:03+08:00 ] /index.php/Index/main | NOTIC: [2] mysql_connect() [<a href='function.mysql-connect'>function.mysql-connect</a>]: Access denied for user 'xiaoluo'@'localhost' (using password: NO) CommonAction.class.php 第 125 行.
[ 2012-10-27T14:59:03+08:00 ] /index.php/Index/main | SQL: SELECT * FROM `y_account` ORDER BY id desc [ RunTime:0.000085s ]
[ 2012-10-27T14:59:03+08:00 ] /index.php/Index/main | NOTIC: [8] Undefined variable: where IndexAction.class.php 第 28 行.
[ 2012-10-27T14:59:03+08:00 ] /index.php/Index/main | SQL: SELECT COUNT(*) AS tp_count FROM `y_account` LIMIT 1  [ RunTime:0.000055s ]
[ 2012-10-27T14:59:03+08:00 ] /index.php/Index/main | SQL: SELECT * FROM `y_account` ORDER BY `id` desc LIMIT 0,20  [ RunTime:0.000073s ]
[ 2012-10-27T14:59:03+08:00 ] /index.php/Index/main | NOTIC: [2] Invalid argument supplied for foreach() CommonAction.class.php 第 159 行.
[ 2012-10-27T14:59:03+08:00 ] /index.php/Index/left | NOTIC: [8] Undefined index:  account_id CommonAction.class.php 第 17 行.
[ 2012-10-27T14:59:03+08:00 ] /index.php/Index/left | SQL: SHOW COLUMNS FROM `y_account` [ RunTime:0.000898s ]
[ 2012-10-27T14:59:03+08:00 ] /index.php/Index/left | NOTIC: [2] mysql_connect() [<a href='function.mysql-connect'>function.mysql-connect</a>]: Access denied for user 'xiaoluo'@'localhost' (using password: NO) CommonAction.class.php 第 125 行.
[ 2012-10-27T14:59:03+08:00 ] /index.php/Index/left | NOTIC: [8] Undefined index:  account_id 196c657f8b82048b1beeb0f9599f5fdc.php 第 15 行.
[ 2012-10-27T14:59:03+08:00 ] /index.php/Index/left | NOTIC: [8] Undefined variable: isConnect 196c657f8b82048b1beeb0f9599f5fdc.php 第 51 行.
[ 2012-10-27T14:59:03+08:00 ] /index.php/Index/left | NOTIC: [8] Undefined variable: langList 196c657f8b82048b1beeb0f9599f5fdc.php 第 106 行.
[ 2012-10-27T14:59:03+08:00 ] /index.php/Index/left | NOTIC: [8] Undefined variable: moduleList 196c657f8b82048b1beeb0f9599f5fdc.php 第 212 行.
[ 2012-10-27T14:59:03+08:00 ] /index.php/Index/left | NOTIC: [8] Undefined index:  tab_id 196c657f8b82048b1beeb0f9599f5fdc.php 第 279 行.
[ 2012-10-27T14:59:10+08:00 ] /index.php/Account/edit/id/24 | SQL: SHOW COLUMNS FROM `y_account` [ RunTime:0.001011s ]
[ 2012-10-27T14:59:10+08:00 ] /index.php/Account/edit/id/24 | SQL: SELECT * FROM `y_account` WHERE ( `id` = '24' ) LIMIT 1  [ RunTime:0.000080s ]
[ 2012-10-27T14:59:10+08:00 ] /index.php/Account/edit/id/24 | NOTIC: [8] Undefined variable: langList 196c657f8b82048b1beeb0f9599f5fdc.php 第 106 行.
[ 2012-10-27T14:59:10+08:00 ] /index.php/Account/edit/id/24 | NOTIC: [8] Undefined variable: moduleList 196c657f8b82048b1beeb0f9599f5fdc.php 第 212 行.
[ 2012-10-27T14:59:10+08:00 ] /index.php/Account/edit/id/24 | NOTIC: [8] Undefined index:  tab_id 196c657f8b82048b1beeb0f9599f5fdc.php 第 279 行.
[ 2012-10-27T15:05:35+08:00 ] / | SQL: SHOW COLUMNS FROM `y_account` [ RunTime:0.001052s ]
[ 2012-10-27T15:05:35+08:00 ] / | SQL: SELECT * FROM `y_account` WHERE ( `id` = '24' ) LIMIT 1  [ RunTime:0.000091s ]
[ 2012-10-27T15:05:35+08:00 ] /index.php/Index/main | NOTIC: [8] Undefined index:  account_id CommonAction.class.php 第 17 行.
[ 2012-10-27T15:05:35+08:00 ] /index.php/Index/main | SQL: SHOW COLUMNS FROM `y_account` [ RunTime:0.001327s ]
[ 2012-10-27T15:05:35+08:00 ] /index.php/Index/main | NOTIC: [2] mysql_connect() [<a href='function.mysql-connect'>function.mysql-connect</a>]: Access denied for user 'xiaoluo'@'localhost' (using password: NO) CommonAction.class.php 第 125 行.
[ 2012-10-27T15:05:35+08:00 ] /index.php/Index/main | SQL: SELECT * FROM `y_account` ORDER BY id desc [ RunTime:0.000104s ]
[ 2012-10-27T15:05:35+08:00 ] /index.php/Index/main | NOTIC: [8] Undefined variable: where IndexAction.class.php 第 28 行.
[ 2012-10-27T15:05:35+08:00 ] /index.php/Index/main | SQL: SELECT COUNT(*) AS tp_count FROM `y_account` LIMIT 1  [ RunTime:0.000081s ]
[ 2012-10-27T15:05:35+08:00 ] /index.php/Index/main | SQL: SELECT * FROM `y_account` ORDER BY `id` desc LIMIT 0,20  [ RunTime:0.000092s ]
[ 2012-10-27T15:05:35+08:00 ] /index.php/Index/main | NOTIC: [2] Invalid argument supplied for foreach() CommonAction.class.php 第 159 行.
[ 2012-10-27T15:05:35+08:00 ] /index.php/Index/left | NOTIC: [8] Undefined index:  account_id CommonAction.class.php 第 17 行.
[ 2012-10-27T15:05:35+08:00 ] /index.php/Index/left | SQL: SHOW COLUMNS FROM `y_account` [ RunTime:0.000777s ]
[ 2012-10-27T15:05:35+08:00 ] /index.php/Index/left | NOTIC: [2] mysql_connect() [<a href='function.mysql-connect'>function.mysql-connect</a>]: Access denied for user 'xiaoluo'@'localhost' (using password: NO) CommonAction.class.php 第 125 行.
[ 2012-10-27T15:05:35+08:00 ] /index.php/Index/left | NOTIC: [8] Undefined index:  account_id 196c657f8b82048b1beeb0f9599f5fdc.php 第 15 行.
[ 2012-10-27T15:05:35+08:00 ] /index.php/Index/left | NOTIC: [8] Undefined variable: isConnect 196c657f8b82048b1beeb0f9599f5fdc.php 第 51 行.
[ 2012-10-27T15:05:35+08:00 ] /index.php/Index/left | NOTIC: [8] Undefined variable: langList 196c657f8b82048b1beeb0f9599f5fdc.php 第 106 行.
[ 2012-10-27T15:05:35+08:00 ] /index.php/Index/left | NOTIC: [8] Undefined variable: moduleList 196c657f8b82048b1beeb0f9599f5fdc.php 第 212 行.
[ 2012-10-27T15:05:35+08:00 ] /index.php/Index/left | NOTIC: [8] Undefined index:  tab_id 196c657f8b82048b1beeb0f9599f5fdc.php 第 279 行.
[ 2012-10-27T15:05:40+08:00 ] /index.php/Account/edit/id/24 | SQL: SHOW COLUMNS FROM `y_account` [ RunTime:0.001356s ]
[ 2012-10-27T15:05:40+08:00 ] /index.php/Account/edit/id/24 | SQL: SELECT * FROM `y_account` WHERE ( `id` = '24' ) LIMIT 1  [ RunTime:0.000095s ]
[ 2012-10-27T15:05:40+08:00 ] /index.php/Account/edit/id/24 | NOTIC: [8] Undefined variable: langList 196c657f8b82048b1beeb0f9599f5fdc.php 第 106 行.
[ 2012-10-27T15:05:40+08:00 ] /index.php/Account/edit/id/24 | NOTIC: [8] Undefined variable: moduleList 196c657f8b82048b1beeb0f9599f5fdc.php 第 212 行.
[ 2012-10-27T15:05:40+08:00 ] /index.php/Account/edit/id/24 | NOTIC: [8] Undefined index:  tab_id 196c657f8b82048b1beeb0f9599f5fdc.php 第 279 行.
[ 2012-10-27T15:06:02+08:00 ] / | SQL: SHOW COLUMNS FROM `y_account` [ RunTime:0.001154s ]
[ 2012-10-27T15:06:02+08:00 ] / | SQL: SELECT * FROM `y_account` WHERE ( `id` = '24' ) LIMIT 1  [ RunTime:0.000076s ]
[ 2012-10-27T15:06:02+08:00 ] /index.php/Index/left | NOTIC: [8] Undefined index:  account_id CommonAction.class.php 第 17 行.
[ 2012-10-27T15:06:02+08:00 ] /index.php/Index/left | SQL: SHOW COLUMNS FROM `y_account` [ RunTime:0.000746s ]
[ 2012-10-27T15:06:02+08:00 ] /index.php/Index/left | NOTIC: [2] mysql_connect() [<a href='function.mysql-connect'>function.mysql-connect</a>]: Access denied for user 'xiaoluo'@'localhost' (using password: NO) CommonAction.class.php 第 125 行.
[ 2012-10-27T15:06:02+08:00 ] /index.php/Index/left | NOTIC: [8] Undefined index:  account_id 196c657f8b82048b1beeb0f9599f5fdc.php 第 15 行.
[ 2012-10-27T15:06:02+08:00 ] /index.php/Index/left | NOTIC: [8] Undefined variable: isConnect 196c657f8b82048b1beeb0f9599f5fdc.php 第 51 行.
[ 2012-10-27T15:06:02+08:00 ] /index.php/Index/left | NOTIC: [8] Undefined variable: langList 196c657f8b82048b1beeb0f9599f5fdc.php 第 106 行.
[ 2012-10-27T15:06:02+08:00 ] /index.php/Index/left | NOTIC: [8] Undefined variable: moduleList 196c657f8b82048b1beeb0f9599f5fdc.php 第 212 行.
[ 2012-10-27T15:06:02+08:00 ] /index.php/Index/left | NOTIC: [8] Undefined index:  tab_id 196c657f8b82048b1beeb0f9599f5fdc.php 第 279 行.
[ 2012-10-27T15:06:02+08:00 ] /index.php/Index/main | NOTIC: [8] Undefined index:  account_id CommonAction.class.php 第 17 行.
[ 2012-10-27T15:06:02+08:00 ] /index.php/Index/main | SQL: SHOW COLUMNS FROM `y_account` [ RunTime:0.000765s ]
[ 2012-10-27T15:06:02+08:00 ] /index.php/Index/main | NOTIC: [2] mysql_connect() [<a href='function.mysql-connect'>function.mysql-connect</a>]: Access denied for user 'xiaoluo'@'localhost' (using password: NO) CommonAction.class.php 第 125 行.
[ 2012-10-27T15:06:02+08:00 ] /index.php/Index/main | SQL: SELECT * FROM `y_account` ORDER BY id desc [ RunTime:0.000078s ]
[ 2012-10-27T15:06:02+08:00 ] /index.php/Index/main | NOTIC: [8] Undefined variable: where IndexAction.class.php 第 28 行.
[ 2012-10-27T15:06:02+08:00 ] /index.php/Index/main | SQL: SELECT COUNT(*) AS tp_count FROM `y_account` LIMIT 1  [ RunTime:0.000081s ]
[ 2012-10-27T15:06:02+08:00 ] /index.php/Index/main | SQL: SELECT * FROM `y_account` ORDER BY `id` desc LIMIT 0,20  [ RunTime:0.000075s ]
[ 2012-10-27T15:06:02+08:00 ] /index.php/Index/main | NOTIC: [2] Invalid argument supplied for foreach() CommonAction.class.php 第 159 行.
[ 2012-10-27T15:07:25+08:00 ] / | NOTIC: [8] Undefined index:  account_id CommonAction.class.php 第 17 行.
[ 2012-10-27T15:07:25+08:00 ] / | SQL: SHOW COLUMNS FROM `y_account` [ RunTime:0.001073s ]
[ 2012-10-27T15:07:25+08:00 ] / | NOTIC: [2] mysql_connect() [<a href='function.mysql-connect'>function.mysql-connect</a>]: Access denied for user 'xiaoluo'@'localhost' (using password: NO) CommonAction.class.php 第 125 行.
[ 2012-10-27T15:07:25+08:00 ] /index.php/Index/left | NOTIC: [8] Undefined index:  account_id CommonAction.class.php 第 17 行.
[ 2012-10-27T15:07:25+08:00 ] /index.php/Index/left | SQL: SHOW COLUMNS FROM `y_account` [ RunTime:0.001146s ]
[ 2012-10-27T15:07:25+08:00 ] /index.php/Index/left | NOTIC: [2] mysql_connect() [<a href='function.mysql-connect'>function.mysql-connect</a>]: Access denied for user 'xiaoluo'@'localhost' (using password: NO) CommonAction.class.php 第 125 行.
[ 2012-10-27T15:07:25+08:00 ] /index.php/Index/left | NOTIC: [8] Undefined index:  account_id 196c657f8b82048b1beeb0f9599f5fdc.php 第 15 行.
[ 2012-10-27T15:07:25+08:00 ] /index.php/Index/left | NOTIC: [8] Undefined variable: isConnect 196c657f8b82048b1beeb0f9599f5fdc.php 第 51 行.
[ 2012-10-27T15:07:25+08:00 ] /index.php/Index/left | NOTIC: [8] Undefined variable: langList 196c657f8b82048b1beeb0f9599f5fdc.php 第 106 行.
[ 2012-10-27T15:07:25+08:00 ] /index.php/Index/left | NOTIC: [8] Undefined variable: moduleList 196c657f8b82048b1beeb0f9599f5fdc.php 第 212 行.
[ 2012-10-27T15:07:25+08:00 ] /index.php/Index/left | NOTIC: [8] Undefined index:  tab_id 196c657f8b82048b1beeb0f9599f5fdc.php 第 279 行.
[ 2012-10-27T15:07:25+08:00 ] /index.php/Index/main | NOTIC: [8] Undefined index:  account_id CommonAction.class.php 第 17 行.
[ 2012-10-27T15:07:25+08:00 ] /index.php/Index/main | SQL: SHOW COLUMNS FROM `y_account` [ RunTime:0.000914s ]
[ 2012-10-27T15:07:25+08:00 ] /index.php/Index/main | NOTIC: [2] mysql_connect() [<a href='function.mysql-connect'>function.mysql-connect</a>]: Access denied for user 'xiaoluo'@'localhost' (using password: NO) CommonAction.class.php 第 125 行.
[ 2012-10-27T15:07:25+08:00 ] /index.php/Index/main | SQL: SELECT * FROM `y_account` ORDER BY id desc [ RunTime:0.000081s ]
[ 2012-10-27T15:07:25+08:00 ] /index.php/Index/main | NOTIC: [8] Undefined variable: where IndexAction.class.php 第 28 行.
[ 2012-10-27T15:07:25+08:00 ] /index.php/Index/main | SQL: SELECT COUNT(*) AS tp_count FROM `y_account` LIMIT 1  [ RunTime:0.000076s ]
[ 2012-10-27T15:07:25+08:00 ] /index.php/Index/main | SQL: SELECT * FROM `y_account` ORDER BY `id` desc LIMIT 0,20  [ RunTime:0.000072s ]
[ 2012-10-27T15:07:25+08:00 ] /index.php/Index/main | NOTIC: [2] Invalid argument supplied for foreach() CommonAction.class.php 第 159 行.
[ 2012-10-27T15:07:27+08:00 ] /index.php/Account/edit/id/24 | SQL: SHOW COLUMNS FROM `y_account` [ RunTime:0.000801s ]
[ 2012-10-27T15:07:27+08:00 ] /index.php/Account/edit/id/24 | SQL: SELECT * FROM `y_account` WHERE ( `id` = '24' ) LIMIT 1  [ RunTime:0.000071s ]
[ 2012-10-27T15:07:27+08:00 ] /index.php/Account/edit/id/24 | NOTIC: [8] Undefined variable: langList 196c657f8b82048b1beeb0f9599f5fdc.php 第 106 行.
[ 2012-10-27T15:07:27+08:00 ] /index.php/Account/edit/id/24 | NOTIC: [8] Undefined variable: moduleList 196c657f8b82048b1beeb0f9599f5fdc.php 第 212 行.
[ 2012-10-27T15:07:27+08:00 ] /index.php/Account/edit/id/24 | NOTIC: [8] Undefined index:  tab_id 196c657f8b82048b1beeb0f9599f5fdc.php 第 279 行.
[ 2012-10-27T15:18:21+08:00 ] /index.php/Account/edit/id/24 | SQL: SHOW COLUMNS FROM `y_account` [ RunTime:0.000745s ]
[ 2012-10-27T15:18:21+08:00 ] /index.php/Account/edit/id/24 | SQL: SELECT * FROM `y_account` WHERE ( `id` = '24' ) LIMIT 1  [ RunTime:0.000069s ]
[ 2012-10-27T15:18:21+08:00 ] /index.php/Account/edit/id/24 | SQL: SHOW COLUMNS FROM `y_category` [ RunTime:0.000349s ]
[ 2012-10-27T15:18:21+08:00 ] /index.php/Account/edit/id/24 | SQL: SELECT `modules` FROM `y_account` WHERE ( `id` = '24' ) LIMIT 1  [ RunTime:0.000054s ]
[ 2012-10-27T15:18:21+08:00 ] /index.php/Account/edit/id/24 | SQL: SELECT * FROM `y_category` WHERE ( `id` IN ('36','19','20','21','22','23','27','37') ) ORDER BY ordernum desc [ RunTime:0.000152s ]
[ 2012-10-27T15:18:21+08:00 ] /index.php/Account/edit/id/24 | SQL: SELECT * FROM `y_category` WHERE ( `pid` = 11 ) ORDER BY ordernum desc [ RunTime:0.000120s ]
[ 2012-10-27T15:18:21+08:00 ] /index.php/Account/edit/id/24 | NOTIC: [8] Undefined index:  tab_id 196c657f8b82048b1beeb0f9599f5fdc.php 第 279 行.
[ 2012-10-27T15:18:27+08:00 ] /index.php/Account/edit/id/24 | SQL: SHOW COLUMNS FROM `y_account` [ RunTime:0.000790s ]
[ 2012-10-27T15:18:27+08:00 ] /index.php/Account/edit/id/24 | SQL: SELECT * FROM `y_account` WHERE ( `id` = '24' ) LIMIT 1  [ RunTime:0.000069s ]
[ 2012-10-27T15:18:27+08:00 ] /index.php/Account/edit/id/24 | NOTIC: [8] Undefined variable: langList 196c657f8b82048b1beeb0f9599f5fdc.php 第 106 行.
[ 2012-10-27T15:18:27+08:00 ] /index.php/Account/edit/id/24 | NOTIC: [8] Undefined variable: moduleList 196c657f8b82048b1beeb0f9599f5fdc.php 第 212 行.
[ 2012-10-27T15:18:27+08:00 ] /index.php/Account/edit/id/24 | NOTIC: [8] Undefined index:  tab_id 196c657f8b82048b1beeb0f9599f5fdc.php 第 279 行.
[ 2012-10-27T15:18:44+08:00 ] / | SQL: SHOW COLUMNS FROM `y_account` [ RunTime:0.001013s ]
[ 2012-10-27T15:18:44+08:00 ] / | SQL: SELECT * FROM `y_account` WHERE ( `id` = '24' ) LIMIT 1  [ RunTime:0.000127s ]
[ 2012-10-27T15:18:44+08:00 ] / | SQL: SHOW COLUMNS FROM `y_category` [ RunTime:0.000388s ]
[ 2012-10-27T15:18:45+08:00 ] /index.php/Index/left | NOTIC: [8] Undefined index:  account_id CommonAction.class.php 第 17 行.
[ 2012-10-27T15:18:45+08:00 ] /index.php/Index/left | SQL: SHOW COLUMNS FROM `y_account` [ RunTime:0.000906s ]
[ 2012-10-27T15:18:45+08:00 ] /index.php/Index/left | NOTIC: [2] mysql_connect() [<a href='function.mysql-connect'>function.mysql-connect</a>]: Access denied for user 'xiaoluo'@'localhost' (using password: NO) CommonAction.class.php 第 125 行.
[ 2012-10-27T15:18:45+08:00 ] /index.php/Index/left | NOTIC: [8] Undefined index:  account_id 196c657f8b82048b1beeb0f9599f5fdc.php 第 15 行.
[ 2012-10-27T15:18:45+08:00 ] /index.php/Index/left | NOTIC: [8] Undefined variable: isConnect 196c657f8b82048b1beeb0f9599f5fdc.php 第 51 行.
[ 2012-10-27T15:18:45+08:00 ] /index.php/Index/left | NOTIC: [8] Undefined variable: langList 196c657f8b82048b1beeb0f9599f5fdc.php 第 106 行.
[ 2012-10-27T15:18:45+08:00 ] /index.php/Index/left | NOTIC: [8] Undefined variable: moduleList 196c657f8b82048b1beeb0f9599f5fdc.php 第 212 行.
[ 2012-10-27T15:18:45+08:00 ] /index.php/Index/left | NOTIC: [8] Undefined index:  tab_id 196c657f8b82048b1beeb0f9599f5fdc.php 第 279 行.
[ 2012-10-27T15:18:45+08:00 ] /index.php/Index/main | NOTIC: [8] Undefined index:  account_id CommonAction.class.php 第 17 行.
[ 2012-10-27T15:18:45+08:00 ] /index.php/Index/main | SQL: SHOW COLUMNS FROM `y_account` [ RunTime:0.000769s ]
[ 2012-10-27T15:18:45+08:00 ] /index.php/Index/main | NOTIC: [2] mysql_connect() [<a href='function.mysql-connect'>function.mysql-connect</a>]: Access denied for user 'xiaoluo'@'localhost' (using password: NO) CommonAction.class.php 第 125 行.
[ 2012-10-27T15:18:45+08:00 ] /index.php/Index/main | SQL: SELECT * FROM `y_account` ORDER BY id desc [ RunTime:0.000079s ]
[ 2012-10-27T15:18:45+08:00 ] /index.php/Index/main | NOTIC: [8] Undefined variable: where IndexAction.class.php 第 28 行.
[ 2012-10-27T15:18:45+08:00 ] /index.php/Index/main | SQL: SELECT COUNT(*) AS tp_count FROM `y_account` LIMIT 1  [ RunTime:0.000056s ]
[ 2012-10-27T15:18:45+08:00 ] /index.php/Index/main | SQL: SELECT * FROM `y_account` ORDER BY `id` desc LIMIT 0,20  [ RunTime:0.000072s ]
[ 2012-10-27T15:18:45+08:00 ] /index.php/Index/main | NOTIC: [2] Invalid argument supplied for foreach() CommonAction.class.php 第 159 行.
[ 2012-10-27T15:18:51+08:00 ] /index.php/Account/edit/id/24 | SQL: SHOW COLUMNS FROM `y_account` [ RunTime:0.000819s ]
[ 2012-10-27T15:18:51+08:00 ] /index.php/Account/edit/id/24 | SQL: SELECT * FROM `y_account` WHERE ( `id` = '24' ) LIMIT 1  [ RunTime:0.000074s ]
[ 2012-10-27T15:18:51+08:00 ] /index.php/Account/edit/id/24 | NOTIC: [8] Undefined variable: langList 196c657f8b82048b1beeb0f9599f5fdc.php 第 106 行.
[ 2012-10-27T15:18:51+08:00 ] /index.php/Account/edit/id/24 | NOTIC: [8] Undefined variable: moduleList 196c657f8b82048b1beeb0f9599f5fdc.php 第 212 行.
[ 2012-10-27T15:18:51+08:00 ] /index.php/Account/edit/id/24 | NOTIC: [8] Undefined index:  tab_id 196c657f8b82048b1beeb0f9599f5fdc.php 第 279 行.
[ 2012-10-27T15:20:14+08:00 ] / | SQL: SHOW COLUMNS FROM `y_account` [ RunTime:0.001112s ]
[ 2012-10-27T15:20:14+08:00 ] / | SQL: SELECT * FROM `y_account` WHERE ( `id` = '24' ) LIMIT 1  [ RunTime:0.000100s ]
[ 2012-10-27T15:20:14+08:00 ] / | SQL: SHOW COLUMNS FROM `y_category` [ RunTime:0.000498s ]
[ 2012-10-27T15:20:14+08:00 ] /index.php/Index/left | NOTIC: [8] Undefined index:  account_id CommonAction.class.php 第 17 行.
[ 2012-10-27T15:20:14+08:00 ] /index.php/Index/left | SQL: SHOW COLUMNS FROM `y_account` [ RunTime:0.000928s ]
[ 2012-10-27T15:20:14+08:00 ] /index.php/Index/left | NOTIC: [2] mysql_connect() [<a href='function.mysql-connect'>function.mysql-connect</a>]: Access denied for user 'xiaoluo'@'localhost' (using password: NO) CommonAction.class.php 第 125 行.
[ 2012-10-27T15:20:14+08:00 ] /index.php/Index/left | NOTIC: [8] Undefined index:  account_id 196c657f8b82048b1beeb0f9599f5fdc.php 第 15 行.
[ 2012-10-27T15:20:14+08:00 ] /index.php/Index/left | NOTIC: [8] Undefined variable: isConnect 196c657f8b82048b1beeb0f9599f5fdc.php 第 51 行.
[ 2012-10-27T15:20:14+08:00 ] /index.php/Index/left | NOTIC: [8] Undefined variable: langList 196c657f8b82048b1beeb0f9599f5fdc.php 第 106 行.
[ 2012-10-27T15:20:14+08:00 ] /index.php/Index/left | NOTIC: [8] Undefined variable: moduleList 196c657f8b82048b1beeb0f9599f5fdc.php 第 212 行.
[ 2012-10-27T15:20:14+08:00 ] /index.php/Index/left | NOTIC: [8] Undefined index:  tab_id 196c657f8b82048b1beeb0f9599f5fdc.php 第 279 行.
[ 2012-10-27T15:20:14+08:00 ] /index.php/Index/main | NOTIC: [8] Undefined index:  account_id CommonAction.class.php 第 17 行.
[ 2012-10-27T15:20:14+08:00 ] /index.php/Index/main | SQL: SHOW COLUMNS FROM `y_account` [ RunTime:0.001042s ]
[ 2012-10-27T15:20:14+08:00 ] /index.php/Index/main | NOTIC: [2] mysql_connect() [<a href='function.mysql-connect'>function.mysql-connect</a>]: Access denied for user 'xiaoluo'@'localhost' (using password: NO) CommonAction.class.php 第 125 行.
[ 2012-10-27T15:20:14+08:00 ] /index.php/Index/main | SQL: SELECT * FROM `y_account` ORDER BY id desc [ RunTime:0.000083s ]
[ 2012-10-27T15:20:14+08:00 ] /index.php/Index/main | NOTIC: [8] Undefined variable: where IndexAction.class.php 第 28 行.
[ 2012-10-27T15:20:14+08:00 ] /index.php/Index/main | SQL: SELECT COUNT(*) AS tp_count FROM `y_account` LIMIT 1  [ RunTime:0.000057s ]
[ 2012-10-27T15:20:14+08:00 ] /index.php/Index/main | SQL: SELECT * FROM `y_account` ORDER BY `id` desc LIMIT 0,20  [ RunTime:0.000098s ]
[ 2012-10-27T15:20:14+08:00 ] /index.php/Index/main | NOTIC: [2] Invalid argument supplied for foreach() CommonAction.class.php 第 159 行.
[ 2012-10-27T15:20:23+08:00 ] /index.php/Account/edit/id/24 | SQL: SHOW COLUMNS FROM `y_account` [ RunTime:0.000828s ]
[ 2012-10-27T15:20:23+08:00 ] /index.php/Account/edit/id/24 | SQL: SELECT * FROM `y_account` WHERE ( `id` = '24' ) LIMIT 1  [ RunTime:0.000069s ]
[ 2012-10-27T15:20:23+08:00 ] /index.php/Account/edit/id/24 | NOTIC: [8] Undefined variable: langList 196c657f8b82048b1beeb0f9599f5fdc.php 第 106 行.
[ 2012-10-27T15:20:23+08:00 ] /index.php/Account/edit/id/24 | NOTIC: [8] Undefined variable: moduleList 196c657f8b82048b1beeb0f9599f5fdc.php 第 212 行.
[ 2012-10-27T15:20:23+08:00 ] /index.php/Account/edit/id/24 | NOTIC: [8] Undefined index:  tab_id 196c657f8b82048b1beeb0f9599f5fdc.php 第 279 行.
[ 2012-10-27T15:25:21+08:00 ] /index.php/Account/edit/id/24 | SQL: SHOW COLUMNS FROM `y_account` [ RunTime:0.000782s ]
[ 2012-10-27T15:25:21+08:00 ] /index.php/Account/edit/id/24 | SQL: SELECT * FROM `y_account` WHERE ( `id` = '24' ) LIMIT 1  [ RunTime:0.000071s ]
[ 2012-10-27T15:25:21+08:00 ] /index.php/Account/edit/id/24 | NOTIC: [8] Undefined variable: langList 196c657f8b82048b1beeb0f9599f5fdc.php 第 106 行.
[ 2012-10-27T15:25:21+08:00 ] /index.php/Account/edit/id/24 | NOTIC: [8] Undefined variable: moduleList 196c657f8b82048b1beeb0f9599f5fdc.php 第 212 行.
[ 2012-10-27T15:25:21+08:00 ] /index.php/Account/edit/id/24 | NOTIC: [8] Undefined index:  tab_id 196c657f8b82048b1beeb0f9599f5fdc.php 第 279 行.
[ 2012-10-27T15:26:16+08:00 ] / | SQL: SHOW COLUMNS FROM `y_account` [ RunTime:0.000960s ]
[ 2012-10-27T15:26:16+08:00 ] / | SQL: SELECT * FROM `y_account` WHERE ( `id` = '24' ) LIMIT 1  [ RunTime:0.000072s ]
[ 2012-10-27T15:26:16+08:00 ] / | SQL: SHOW COLUMNS FROM `y_category` [ RunTime:0.000363s ]
[ 2012-10-27T15:26:16+08:00 ] /index.php/Index/main | NOTIC: [8] Undefined index:  account_id CommonAction.class.php 第 17 行.
[ 2012-10-27T15:26:16+08:00 ] /index.php/Index/main | SQL: SHOW COLUMNS FROM `y_account` [ RunTime:0.000783s ]
[ 2012-10-27T15:26:16+08:00 ] /index.php/Index/main | NOTIC: [2] mysql_connect() [<a href='function.mysql-connect'>function.mysql-connect</a>]: Access denied for user 'xiaoluo'@'localhost' (using password: NO) CommonAction.class.php 第 125 行.
[ 2012-10-27T15:26:16+08:00 ] /index.php/Index/main | SQL: SELECT * FROM `y_account` ORDER BY id desc [ RunTime:0.000076s ]
[ 2012-10-27T15:26:16+08:00 ] /index.php/Index/main | NOTIC: [8] Undefined variable: where IndexAction.class.php 第 28 行.
[ 2012-10-27T15:26:16+08:00 ] /index.php/Index/main | SQL: SELECT COUNT(*) AS tp_count FROM `y_account` LIMIT 1  [ RunTime:0.000054s ]
[ 2012-10-27T15:26:16+08:00 ] /index.php/Index/main | SQL: SELECT * FROM `y_account` ORDER BY `id` desc LIMIT 0,20  [ RunTime:0.000070s ]
[ 2012-10-27T15:26:16+08:00 ] /index.php/Index/main | NOTIC: [2] Invalid argument supplied for foreach() CommonAction.class.php 第 159 行.
[ 2012-10-27T15:26:16+08:00 ] /index.php/Index/left | NOTIC: [8] Undefined index:  account_id CommonAction.class.php 第 17 行.
[ 2012-10-27T15:26:16+08:00 ] /index.php/Index/left | SQL: SHOW COLUMNS FROM `y_account` [ RunTime:0.000749s ]
[ 2012-10-27T15:26:16+08:00 ] /index.php/Index/left | NOTIC: [2] mysql_connect() [<a href='function.mysql-connect'>function.mysql-connect</a>]: Access denied for user 'xiaoluo'@'localhost' (using password: NO) CommonAction.class.php 第 125 行.
[ 2012-10-27T15:26:16+08:00 ] /index.php/Index/left | NOTIC: [8] Undefined index:  account_id 196c657f8b82048b1beeb0f9599f5fdc.php 第 15 行.
[ 2012-10-27T15:26:16+08:00 ] /index.php/Index/left | NOTIC: [8] Undefined variable: isConnect 196c657f8b82048b1beeb0f9599f5fdc.php 第 51 行.
[ 2012-10-27T15:26:16+08:00 ] /index.php/Index/left | NOTIC: [8] Undefined variable: langList 196c657f8b82048b1beeb0f9599f5fdc.php 第 106 行.
[ 2012-10-27T15:26:16+08:00 ] /index.php/Index/left | NOTIC: [8] Undefined variable: moduleList 196c657f8b82048b1beeb0f9599f5fdc.php 第 212 行.
[ 2012-10-27T15:26:16+08:00 ] /index.php/Index/left | NOTIC: [8] Undefined index:  tab_id 196c657f8b82048b1beeb0f9599f5fdc.php 第 279 行.
[ 2012-10-27T15:26:17+08:00 ] /index.php/Account/edit/id/24 | SQL: SHOW COLUMNS FROM `y_account` [ RunTime:0.001133s ]
[ 2012-10-27T15:26:17+08:00 ] /index.php/Account/edit/id/24 | SQL: SELECT * FROM `y_account` WHERE ( `id` = '24' ) LIMIT 1  [ RunTime:0.000089s ]
[ 2012-10-27T15:26:17+08:00 ] /index.php/Account/edit/id/24 | SQL: SHOW COLUMNS FROM `y_category` [ RunTime:0.000466s ]
[ 2012-10-27T15:26:17+08:00 ] /index.php/Account/edit/id/24 | SQL: SELECT `modules` FROM `y_account` WHERE ( `id` = '24' ) LIMIT 1  [ RunTime:0.000074s ]
[ 2012-10-27T15:26:17+08:00 ] /index.php/Account/edit/id/24 | SQL: SELECT * FROM `y_category` WHERE ( `id` IN ('36','19','20','21','22','23','27','37') ) ORDER BY ordernum desc [ RunTime:0.000164s ]
[ 2012-10-27T15:26:17+08:00 ] /index.php/Account/edit/id/24 | SQL: SELECT * FROM `y_category` WHERE ( `pid` = 11 ) ORDER BY ordernum desc [ RunTime:0.000115s ]
[ 2012-10-27T15:26:17+08:00 ] /index.php/Account/edit/id/24 | NOTIC: [8] Undefined index:  tab_id 196c657f8b82048b1beeb0f9599f5fdc.php 第 279 行.
[ 2012-10-27T15:26:28+08:00 ] /index.php/Account/edit/id/24 | SQL: SHOW COLUMNS FROM `y_account` [ RunTime:0.001011s ]
[ 2012-10-27T15:26:28+08:00 ] /index.php/Account/edit/id/24 | SQL: SELECT * FROM `y_account` WHERE ( `id` = '24' ) LIMIT 1  [ RunTime:0.000097s ]
[ 2012-10-27T15:26:29+08:00 ] /index.php/Account/edit/id/24 | NOTIC: [8] Undefined variable: langList 196c657f8b82048b1beeb0f9599f5fdc.php 第 106 行.
[ 2012-10-27T15:26:29+08:00 ] /index.php/Account/edit/id/24 | NOTIC: [8] Undefined variable: moduleList 196c657f8b82048b1beeb0f9599f5fdc.php 第 212 行.
[ 2012-10-27T15:26:29+08:00 ] /index.php/Account/edit/id/24 | NOTIC: [8] Undefined index:  tab_id 196c657f8b82048b1beeb0f9599f5fdc.php 第 279 行.
[ 2012-10-27T15:26:35+08:00 ] /index.php/Index/main | SQL: SHOW COLUMNS FROM `y_account` [ RunTime:0.000944s ]
[ 2012-10-27T15:26:35+08:00 ] /index.php/Index/main | SQL: SELECT * FROM `y_account` WHERE ( `id` = '24' ) LIMIT 1  [ RunTime:0.000073s ]
[ 2012-10-27T15:26:35+08:00 ] /index.php/Index/main | SQL: SHOW COLUMNS FROM `y_category` [ RunTime:0.000343s ]
[ 2012-10-27T15:26:35+08:00 ] /index.php/Index/main | SQL: SELECT * FROM `y_account` ORDER BY id desc [ RunTime:0.000082s ]
[ 2012-10-27T15:26:35+08:00 ] /index.php/Index/main | NOTIC: [8] Undefined variable: where IndexAction.class.php 第 28 行.
[ 2012-10-27T15:26:35+08:00 ] /index.php/Index/main | SQL: SELECT COUNT(*) AS tp_count FROM `y_account` LIMIT 1  [ RunTime:0.000058s ]
[ 2012-10-27T15:26:35+08:00 ] /index.php/Index/main | SQL: SELECT * FROM `y_account` ORDER BY `id` desc LIMIT 0,20  [ RunTime:0.000073s ]
[ 2012-10-27T15:26:35+08:00 ] /index.php/Index/main | NOTIC: [2] Invalid argument supplied for foreach() CommonAction.class.php 第 159 行.
[ 2012-10-27T15:26:35+08:00 ] /index.php/Account/edit/id/24/tab_id/test2 | SQL: SHOW COLUMNS FROM `y_account` [ RunTime:0.000916s ]
[ 2012-10-27T15:26:35+08:00 ] /index.php/Account/edit/id/24/tab_id/test2 | SQL: SELECT * FROM `y_account` WHERE ( `id` = '24' ) LIMIT 1  [ RunTime:0.000068s ]
[ 2012-10-27T15:26:35+08:00 ] /index.php/Account/edit/id/24/tab_id/test2 | SQL: SHOW COLUMNS FROM `y_category` [ RunTime:0.000518s ]
[ 2012-10-27T15:26:35+08:00 ] /index.php/Account/edit/id/24/tab_id/test2 | SQL: SELECT `modules` FROM `y_account` WHERE ( `id` = '24' ) LIMIT 1  [ RunTime:0.000060s ]
[ 2012-10-27T15:26:35+08:00 ] /index.php/Account/edit/id/24/tab_id/test2 | SQL: SELECT * FROM `y_category` WHERE ( `id` IN ('36','19','20','21','22','23','27','37') ) ORDER BY ordernum desc [ RunTime:0.000337s ]
[ 2012-10-27T15:26:35+08:00 ] /index.php/Account/edit/id/24/tab_id/test2 | SQL: SELECT * FROM `y_category` WHERE ( `pid` = 11 ) ORDER BY ordernum desc [ RunTime:0.000289s ]
[ 2012-10-27T15:37:56+08:00 ] / | SQL: SHOW COLUMNS FROM `y_account` [ RunTime:0.001032s ]
[ 2012-10-27T15:37:56+08:00 ] / | SQL: SELECT * FROM `y_account` WHERE ( `id` = '24' ) LIMIT 1  [ RunTime:0.000076s ]
[ 2012-10-27T15:37:56+08:00 ] / | SQL: SHOW COLUMNS FROM `y_category` [ RunTime:0.000355s ]
[ 2012-10-27T15:37:56+08:00 ] /index.php/Index/main | NOTIC: [8] Undefined index:  account_id CommonAction.class.php 第 17 行.
[ 2012-10-27T15:37:56+08:00 ] /index.php/Index/main | SQL: SHOW COLUMNS FROM `y_account` [ RunTime:0.000787s ]
[ 2012-10-27T15:37:56+08:00 ] /index.php/Index/main | NOTIC: [2] mysql_connect() [<a href='function.mysql-connect'>function.mysql-connect</a>]: Access denied for user 'xiaoluo'@'localhost' (using password: NO) CommonAction.class.php 第 125 行.
[ 2012-10-27T15:37:56+08:00 ] /index.php/Index/main | SQL: SELECT * FROM `y_account` ORDER BY id desc [ RunTime:0.000103s ]
[ 2012-10-27T15:37:56+08:00 ] /index.php/Index/main | NOTIC: [8] Undefined variable: where IndexAction.class.php 第 28 行.
[ 2012-10-27T15:37:56+08:00 ] /index.php/Index/main | SQL: SELECT COUNT(*) AS tp_count FROM `y_account` LIMIT 1  [ RunTime:0.000070s ]
[ 2012-10-27T15:37:56+08:00 ] /index.php/Index/main | SQL: SELECT * FROM `y_account` ORDER BY `id` desc LIMIT 0,20  [ RunTime:0.000094s ]
[ 2012-10-27T15:37:56+08:00 ] /index.php/Index/main | NOTIC: [2] Invalid argument supplied for foreach() CommonAction.class.php 第 159 行.
[ 2012-10-27T15:37:56+08:00 ] /index.php/Index/left | NOTIC: [8] Undefined index:  account_id CommonAction.class.php 第 17 行.
[ 2012-10-27T15:37:56+08:00 ] /index.php/Index/left | SQL: SHOW COLUMNS FROM `y_account` [ RunTime:0.000835s ]
[ 2012-10-27T15:37:56+08:00 ] /index.php/Index/left | NOTIC: [2] mysql_connect() [<a href='function.mysql-connect'>function.mysql-connect</a>]: Access denied for user 'xiaoluo'@'localhost' (using password: NO) CommonAction.class.php 第 125 行.
[ 2012-10-27T15:37:56+08:00 ] /index.php/Index/left | NOTIC: [8] Undefined index:  account_id 196c657f8b82048b1beeb0f9599f5fdc.php 第 15 行.
[ 2012-10-27T15:37:56+08:00 ] /index.php/Index/left | NOTIC: [8] Undefined variable: isConnect 196c657f8b82048b1beeb0f9599f5fdc.php 第 51 行.
[ 2012-10-27T15:37:56+08:00 ] /index.php/Index/left | NOTIC: [8] Undefined variable: langList 196c657f8b82048b1beeb0f9599f5fdc.php 第 106 行.
[ 2012-10-27T15:37:56+08:00 ] /index.php/Index/left | NOTIC: [8] Undefined variable: moduleList 196c657f8b82048b1beeb0f9599f5fdc.php 第 212 行.
[ 2012-10-27T15:37:56+08:00 ] /index.php/Index/left | NOTIC: [8] Undefined index:  tab_id 196c657f8b82048b1beeb0f9599f5fdc.php 第 279 行.
[ 2012-10-27T15:37:57+08:00 ] /index.php/Account/edit/id/24 | SQL: SHOW COLUMNS FROM `y_account` [ RunTime:0.000951s ]
[ 2012-10-27T15:37:57+08:00 ] /index.php/Account/edit/id/24 | SQL: SELECT * FROM `y_account` WHERE ( `id` = '24' ) LIMIT 1  [ RunTime:0.000110s ]
[ 2012-10-27T15:37:57+08:00 ] /index.php/Account/edit/id/24 | SQL: SHOW COLUMNS FROM `y_category` [ RunTime:0.000474s ]
[ 2012-10-27T15:37:57+08:00 ] /index.php/Account/edit/id/24 | SQL: SELECT `modules` FROM `y_account` WHERE ( `id` = '24' ) LIMIT 1  [ RunTime:0.000056s ]
[ 2012-10-27T15:37:57+08:00 ] /index.php/Account/edit/id/24 | SQL: SELECT * FROM `y_category` WHERE ( `id` IN ('36','19','20','21','22','23','27','37') ) ORDER BY ordernum desc [ RunTime:0.000119s ]
[ 2012-10-27T15:37:57+08:00 ] /index.php/Account/edit/id/24 | SQL: SELECT * FROM `y_category` WHERE ( `pid` = 11 ) ORDER BY ordernum desc [ RunTime:0.000082s ]
[ 2012-10-27T15:37:58+08:00 ] /index.php/Account/edit/id/24 | NOTIC: [8] Undefined index:  tab_id 196c657f8b82048b1beeb0f9599f5fdc.php 第 279 行.
[ 2012-10-27T15:38:10+08:00 ] /index.php/Account/edit/id/24 | SQL: SHOW COLUMNS FROM `y_account` [ RunTime:0.001130s ]
[ 2012-10-27T15:38:10+08:00 ] /index.php/Account/edit/id/24 | SQL: SELECT * FROM `y_account` WHERE ( `id` = '24' ) LIMIT 1  [ RunTime:0.000115s ]
[ 2012-10-27T15:38:10+08:00 ] /index.php/Account/edit/id/24 | NOTIC: [8] Undefined variable: langList 196c657f8b82048b1beeb0f9599f5fdc.php 第 106 行.
[ 2012-10-27T15:38:10+08:00 ] /index.php/Account/edit/id/24 | NOTIC: [8] Undefined variable: moduleList 196c657f8b82048b1beeb0f9599f5fdc.php 第 212 行.
[ 2012-10-27T15:38:10+08:00 ] /index.php/Account/edit/id/24 | NOTIC: [8] Undefined index:  tab_id 196c657f8b82048b1beeb0f9599f5fdc.php 第 279 行.
[ 2012-10-27T15:38:12+08:00 ] /index.php/Account/edit/id/24/tab_id/test2 | SQL: SHOW COLUMNS FROM `y_account` [ RunTime:0.000975s ]
[ 2012-10-27T15:38:12+08:00 ] /index.php/Account/edit/id/24/tab_id/test2 | SQL: SELECT * FROM `y_account` WHERE ( `id` = '24' ) LIMIT 1  [ RunTime:0.000075s ]
[ 2012-10-27T15:38:12+08:00 ] /index.php/Account/edit/id/24/tab_id/test2 | SQL: SHOW COLUMNS FROM `y_category` [ RunTime:0.000378s ]
[ 2012-10-27T15:38:12+08:00 ] /index.php/Account/edit/id/24/tab_id/test2 | SQL: SELECT `modules` FROM `y_account` WHERE ( `id` = '24' ) LIMIT 1  [ RunTime:0.000056s ]
[ 2012-10-27T15:38:12+08:00 ] /index.php/Account/edit/id/24/tab_id/test2 | SQL: SELECT * FROM `y_category` WHERE ( `id` IN ('36','19','20','21','22','23','27','37') ) ORDER BY ordernum desc [ RunTime:0.000122s ]
[ 2012-10-27T15:38:12+08:00 ] /index.php/Account/edit/id/24/tab_id/test2 | SQL: SELECT * FROM `y_category` WHERE ( `pid` = 11 ) ORDER BY ordernum desc [ RunTime:0.000090s ]
[ 2012-10-27T15:38:12+08:00 ] /index.php/Index/main | SQL: SHOW COLUMNS FROM `y_account` [ RunTime:0.000780s ]
[ 2012-10-27T15:38:12+08:00 ] /index.php/Index/main | SQL: SELECT * FROM `y_account` WHERE ( `id` = '24' ) LIMIT 1  [ RunTime:0.000068s ]
[ 2012-10-27T15:38:12+08:00 ] /index.php/Index/main | SQL: SHOW COLUMNS FROM `y_category` [ RunTime:0.000336s ]
[ 2012-10-27T15:38:12+08:00 ] /index.php/Index/main | SQL: SELECT * FROM `y_account` ORDER BY id desc [ RunTime:0.000078s ]
[ 2012-10-27T15:38:12+08:00 ] /index.php/Index/main | NOTIC: [8] Undefined variable: where IndexAction.class.php 第 28 行.
[ 2012-10-27T15:38:12+08:00 ] /index.php/Index/main | SQL: SELECT COUNT(*) AS tp_count FROM `y_account` LIMIT 1  [ RunTime:0.000056s ]
[ 2012-10-27T15:38:12+08:00 ] /index.php/Index/main | SQL: SELECT * FROM `y_account` ORDER BY `id` desc LIMIT 0,20  [ RunTime:0.000071s ]
[ 2012-10-27T15:38:12+08:00 ] /index.php/Index/main | NOTIC: [2] Invalid argument supplied for foreach() CommonAction.class.php 第 159 行.
[ 2012-10-27T15:41:21+08:00 ] /index.php/Account/edit/id/24 | SQL: SHOW COLUMNS FROM `y_account` [ RunTime:0.001032s ]
[ 2012-10-27T15:41:21+08:00 ] /index.php/Account/edit/id/24 | SQL: SELECT * FROM `y_account` WHERE ( `id` = '24' ) LIMIT 1  [ RunTime:0.000076s ]
[ 2012-10-27T15:41:21+08:00 ] /index.php/Account/edit/id/24 | NOTIC: [8] Undefined variable: langList 196c657f8b82048b1beeb0f9599f5fdc.php 第 106 行.
[ 2012-10-27T15:41:21+08:00 ] /index.php/Account/edit/id/24 | NOTIC: [8] Undefined variable: moduleList 196c657f8b82048b1beeb0f9599f5fdc.php 第 212 行.
[ 2012-10-27T15:41:21+08:00 ] /index.php/Account/edit/id/24 | NOTIC: [8] Undefined index:  tab_id 196c657f8b82048b1beeb0f9599f5fdc.php 第 279 行.
[ 2012-10-27T15:41:32+08:00 ] /index.php/Account/edit/id/24 | SQL: SHOW COLUMNS FROM `y_account` [ RunTime:0.001408s ]
[ 2012-10-27T15:41:32+08:00 ] /index.php/Account/edit/id/24 | SQL: SELECT * FROM `y_account` WHERE ( `id` = '24' ) LIMIT 1  [ RunTime:0.000104s ]
[ 2012-10-27T15:41:32+08:00 ] /index.php/Account/edit/id/24 | NOTIC: [8] Undefined variable: langList 196c657f8b82048b1beeb0f9599f5fdc.php 第 106 行.
[ 2012-10-27T15:41:32+08:00 ] /index.php/Account/edit/id/24 | NOTIC: [8] Undefined variable: moduleList 196c657f8b82048b1beeb0f9599f5fdc.php 第 212 行.
[ 2012-10-27T15:41:32+08:00 ] /index.php/Account/edit/id/24 | NOTIC: [8] Undefined index:  tab_id 196c657f8b82048b1beeb0f9599f5fdc.php 第 279 行.
[ 2012-10-27T15:43:28+08:00 ] /index.php/Account/edit/id/24 | SQL: SHOW COLUMNS FROM `y_account` [ RunTime:0.001103s ]
[ 2012-10-27T15:43:28+08:00 ] /index.php/Account/edit/id/24 | SQL: SELECT * FROM `y_account` WHERE ( `id` = '24' ) LIMIT 1  [ RunTime:0.000091s ]
[ 2012-10-27T15:43:28+08:00 ] /index.php/Account/edit/id/24 | SQL: SHOW COLUMNS FROM `y_category` [ RunTime:0.000447s ]
[ 2012-10-27T15:43:28+08:00 ] /index.php/Account/edit/id/24 | SQL: SELECT `modules` FROM `y_account` WHERE ( `id` = '24' ) LIMIT 1  [ RunTime:0.000075s ]
[ 2012-10-27T15:43:28+08:00 ] /index.php/Account/edit/id/24 | SQL: SELECT * FROM `y_category` WHERE ( `id` IN ('36','19','20','21','22','23','27','37') ) ORDER BY ordernum desc [ RunTime:0.000153s ]
[ 2012-10-27T15:43:28+08:00 ] /index.php/Account/edit/id/24 | SQL: SELECT * FROM `y_category` WHERE ( `pid` = 11 ) ORDER BY ordernum desc [ RunTime:0.000121s ]
[ 2012-10-27T15:43:28+08:00 ] /index.php/Account/edit/id/24 | NOTIC: [8] Undefined index:  tab_id 196c657f8b82048b1beeb0f9599f5fdc.php 第 279 行.
[ 2012-10-27T15:45:09+08:00 ] /index.php/Account/edit/id/24 | SQL: SHOW COLUMNS FROM `y_account` [ RunTime:0.000815s ]
[ 2012-10-27T15:45:09+08:00 ] /index.php/Account/edit/id/24 | SQL: SELECT * FROM `y_account` WHERE ( `id` = '24' ) LIMIT 1  [ RunTime:0.000095s ]
[ 2012-10-27T15:45:09+08:00 ] /index.php/Account/edit/id/24 | NOTIC: [8] Undefined variable: langList 196c657f8b82048b1beeb0f9599f5fdc.php 第 106 行.
[ 2012-10-27T15:45:09+08:00 ] /index.php/Account/edit/id/24 | NOTIC: [8] Undefined variable: moduleList 196c657f8b82048b1beeb0f9599f5fdc.php 第 212 行.
[ 2012-10-27T15:45:09+08:00 ] /index.php/Account/edit/id/24 | NOTIC: [8] Undefined index:  tab_id 196c657f8b82048b1beeb0f9599f5fdc.php 第 279 行.
[ 2012-10-27T15:51:50+08:00 ] / | SQL: SHOW COLUMNS FROM `y_account` [ RunTime:0.000752s ]
[ 2012-10-27T15:51:50+08:00 ] / | SQL: SELECT * FROM `y_account` WHERE ( `id` = '24' ) LIMIT 1  [ RunTime:0.000066s ]
[ 2012-10-27T15:51:51+08:00 ] /index.php/Index/main | NOTIC: [8] Undefined index:  account_id CommonAction.class.php 第 17 行.
[ 2012-10-27T15:51:51+08:00 ] /index.php/Index/main | SQL: SHOW COLUMNS FROM `y_account` [ RunTime:0.000800s ]
[ 2012-10-27T15:51:51+08:00 ] /index.php/Index/main | NOTIC: [2] mysql_connect() [<a href='function.mysql-connect'>function.mysql-connect</a>]: Access denied for user 'xiaoluo'@'localhost' (using password: NO) CommonAction.class.php 第 125 行.
[ 2012-10-27T15:51:51+08:00 ] /index.php/Index/main | SQL: SELECT * FROM `y_account` ORDER BY id desc [ RunTime:0.000100s ]
[ 2012-10-27T15:51:51+08:00 ] /index.php/Index/main | NOTIC: [8] Undefined variable: where IndexAction.class.php 第 28 行.
[ 2012-10-27T15:51:51+08:00 ] /index.php/Index/main | SQL: SELECT COUNT(*) AS tp_count FROM `y_account` LIMIT 1  [ RunTime:0.000073s ]
[ 2012-10-27T15:51:51+08:00 ] /index.php/Index/main | SQL: SELECT * FROM `y_account` ORDER BY `id` desc LIMIT 0,20  [ RunTime:0.000075s ]
[ 2012-10-27T15:51:51+08:00 ] /index.php/Index/main | NOTIC: [2] Invalid argument supplied for foreach() CommonAction.class.php 第 159 行.
[ 2012-10-27T15:51:51+08:00 ] /index.php/Index/left | NOTIC: [8] Undefined index:  account_id CommonAction.class.php 第 17 行.
[ 2012-10-27T15:51:51+08:00 ] /index.php/Index/left | SQL: SHOW COLUMNS FROM `y_account` [ RunTime:0.000765s ]
[ 2012-10-27T15:51:51+08:00 ] /index.php/Index/left | NOTIC: [2] mysql_connect() [<a href='function.mysql-connect'>function.mysql-connect</a>]: Access denied for user 'xiaoluo'@'localhost' (using password: NO) CommonAction.class.php 第 125 行.
[ 2012-10-27T15:51:51+08:00 ] /index.php/Index/left | NOTIC: [8] Undefined index:  account_id 196c657f8b82048b1beeb0f9599f5fdc.php 第 15 行.
[ 2012-10-27T15:51:51+08:00 ] /index.php/Index/left | NOTIC: [8] Undefined variable: isConnect 196c657f8b82048b1beeb0f9599f5fdc.php 第 51 行.
[ 2012-10-27T15:51:51+08:00 ] /index.php/Index/left | NOTIC: [8] Undefined variable: langList 196c657f8b82048b1beeb0f9599f5fdc.php 第 106 行.
[ 2012-10-27T15:51:51+08:00 ] /index.php/Index/left | NOTIC: [8] Undefined variable: moduleList 196c657f8b82048b1beeb0f9599f5fdc.php 第 212 行.
[ 2012-10-27T15:51:51+08:00 ] /index.php/Index/left | NOTIC: [8] Undefined index:  tab_id 196c657f8b82048b1beeb0f9599f5fdc.php 第 279 行.
[ 2012-10-27T15:51:52+08:00 ] /index.php/Account/edit/id/24 | SQL: SHOW COLUMNS FROM `y_account` [ RunTime:0.000954s ]
[ 2012-10-27T15:51:52+08:00 ] /index.php/Account/edit/id/24 | SQL: SELECT * FROM `y_account` WHERE ( `id` = '24' ) LIMIT 1  [ RunTime:0.000115s ]
[ 2012-10-27T15:51:52+08:00 ] /index.php/Account/edit/id/24 | NOTIC: [8] Undefined variable: langList 196c657f8b82048b1beeb0f9599f5fdc.php 第 106 行.
[ 2012-10-27T15:51:52+08:00 ] /index.php/Account/edit/id/24 | NOTIC: [8] Undefined variable: moduleList 196c657f8b82048b1beeb0f9599f5fdc.php 第 212 行.
[ 2012-10-27T15:51:52+08:00 ] /index.php/Account/edit/id/24 | NOTIC: [8] Undefined index:  tab_id 196c657f8b82048b1beeb0f9599f5fdc.php 第 279 行.
[ 2012-10-27T15:52:01+08:00 ] /index.php/Account/edit/id/24 | SQL: SHOW COLUMNS FROM `y_account` [ RunTime:0.001056s ]
[ 2012-10-27T15:52:01+08:00 ] /index.php/Account/edit/id/24 | SQL: SELECT * FROM `y_account` WHERE ( `id` = '24' ) LIMIT 1  [ RunTime:0.000099s ]
[ 2012-10-27T15:52:01+08:00 ] /index.php/Account/edit/id/24 | NOTIC: [8] Undefined variable: langList 196c657f8b82048b1beeb0f9599f5fdc.php 第 106 行.
[ 2012-10-27T15:52:01+08:00 ] /index.php/Account/edit/id/24 | NOTIC: [8] Undefined variable: moduleList 196c657f8b82048b1beeb0f9599f5fdc.php 第 212 行.
[ 2012-10-27T15:52:01+08:00 ] /index.php/Account/edit/id/24 | NOTIC: [8] Undefined index:  tab_id 196c657f8b82048b1beeb0f9599f5fdc.php 第 279 行.
[ 2012-10-27T15:52:48+08:00 ] / | SQL: SHOW COLUMNS FROM `y_account` [ RunTime:0.000950s ]
[ 2012-10-27T15:52:48+08:00 ] / | SQL: SELECT * FROM `y_account` WHERE ( `id` = '24' ) LIMIT 1  [ RunTime:0.000069s ]
[ 2012-10-27T15:52:48+08:00 ] / | SQL: SHOW COLUMNS FROM `y_category` [ RunTime:0.000373s ]
[ 2012-10-27T15:52:48+08:00 ] /index.php/Index/main | NOTIC: [8] Undefined index:  account_id CommonAction.class.php 第 17 行.
[ 2012-10-27T15:52:48+08:00 ] /index.php/Index/main | SQL: SHOW COLUMNS FROM `y_account` [ RunTime:0.000925s ]
[ 2012-10-27T15:52:48+08:00 ] /index.php/Index/main | NOTIC: [2] mysql_connect() [<a href='function.mysql-connect'>function.mysql-connect</a>]: Access denied for user 'xiaoluo'@'localhost' (using password: NO) CommonAction.class.php 第 125 行.
[ 2012-10-27T15:52:48+08:00 ] /index.php/Index/main | SQL: SELECT * FROM `y_account` ORDER BY id desc [ RunTime:0.000083s ]
[ 2012-10-27T15:52:48+08:00 ] /index.php/Index/main | NOTIC: [8] Undefined variable: where IndexAction.class.php 第 28 行.
[ 2012-10-27T15:52:48+08:00 ] /index.php/Index/main | SQL: SELECT COUNT(*) AS tp_count FROM `y_account` LIMIT 1  [ RunTime:0.000059s ]
[ 2012-10-27T15:52:48+08:00 ] /index.php/Index/main | SQL: SELECT * FROM `y_account` ORDER BY `id` desc LIMIT 0,20  [ RunTime:0.000074s ]
[ 2012-10-27T15:52:48+08:00 ] /index.php/Index/main | NOTIC: [2] Invalid argument supplied for foreach() CommonAction.class.php 第 159 行.
[ 2012-10-27T15:52:48+08:00 ] /index.php/Index/left | NOTIC: [8] Undefined index:  account_id CommonAction.class.php 第 17 行.
[ 2012-10-27T15:52:48+08:00 ] /index.php/Index/left | SQL: SHOW COLUMNS FROM `y_account` [ RunTime:0.000779s ]
[ 2012-10-27T15:52:48+08:00 ] /index.php/Index/left | NOTIC: [2] mysql_connect() [<a href='function.mysql-connect'>function.mysql-connect</a>]: Access denied for user 'xiaoluo'@'localhost' (using password: NO) CommonAction.class.php 第 125 行.
[ 2012-10-27T15:52:48+08:00 ] /index.php/Index/left | NOTIC: [8] Undefined index:  account_id 196c657f8b82048b1beeb0f9599f5fdc.php 第 15 行.
[ 2012-10-27T15:52:48+08:00 ] /index.php/Index/left | NOTIC: [8] Undefined variable: isConnect 196c657f8b82048b1beeb0f9599f5fdc.php 第 51 行.
[ 2012-10-27T15:52:48+08:00 ] /index.php/Index/left | NOTIC: [8] Undefined variable: langList 196c657f8b82048b1beeb0f9599f5fdc.php 第 106 行.
[ 2012-10-27T15:52:48+08:00 ] /index.php/Index/left | NOTIC: [8] Undefined variable: moduleList 196c657f8b82048b1beeb0f9599f5fdc.php 第 212 行.
[ 2012-10-27T15:52:48+08:00 ] /index.php/Index/left | NOTIC: [8] Undefined index:  tab_id 196c657f8b82048b1beeb0f9599f5fdc.php 第 279 行.
[ 2012-10-27T15:52:56+08:00 ] /index.php/Account/edit/id/24 | SQL: SHOW COLUMNS FROM `y_account` [ RunTime:0.001004s ]
[ 2012-10-27T15:52:56+08:00 ] /index.php/Account/edit/id/24 | SQL: SELECT * FROM `y_account` WHERE ( `id` = '24' ) LIMIT 1  [ RunTime:0.000089s ]
[ 2012-10-27T15:52:56+08:00 ] /index.php/Account/edit/id/24 | NOTIC: [8] Undefined variable: langList 196c657f8b82048b1beeb0f9599f5fdc.php 第 106 行.
[ 2012-10-27T15:52:56+08:00 ] /index.php/Account/edit/id/24 | NOTIC: [8] Undefined variable: moduleList 196c657f8b82048b1beeb0f9599f5fdc.php 第 212 行.
[ 2012-10-27T15:52:56+08:00 ] /index.php/Account/edit/id/24 | NOTIC: [8] Undefined index:  tab_id 196c657f8b82048b1beeb0f9599f5fdc.php 第 279 行.
[ 2012-10-27T15:55:08+08:00 ] / | SQL: SHOW COLUMNS FROM `y_account` [ RunTime:0.001143s ]
[ 2012-10-27T15:55:08+08:00 ] / | SQL: SELECT * FROM `y_account` WHERE ( `id` = '24' ) LIMIT 1  [ RunTime:0.000095s ]
[ 2012-10-27T15:55:08+08:00 ] / | SQL: SHOW COLUMNS FROM `y_category` [ RunTime:0.000458s ]
[ 2012-10-27T15:55:09+08:00 ] /index.php/Index/main | NOTIC: [8] Undefined index:  account_id CommonAction.class.php 第 17 行.
[ 2012-10-27T15:55:09+08:00 ] /index.php/Index/main | SQL: SHOW COLUMNS FROM `y_account` [ RunTime:0.000796s ]
[ 2012-10-27T15:55:09+08:00 ] /index.php/Index/main | NOTIC: [2] mysql_connect() [<a href='function.mysql-connect'>function.mysql-connect</a>]: Access denied for user 'xiaoluo'@'localhost' (using password: NO) CommonAction.class.php 第 125 行.
[ 2012-10-27T15:55:09+08:00 ] /index.php/Index/main | SQL: SELECT * FROM `y_account` ORDER BY id desc [ RunTime:0.000080s ]
[ 2012-10-27T15:55:09+08:00 ] /index.php/Index/main | NOTIC: [8] Undefined variable: where IndexAction.class.php 第 28 行.
[ 2012-10-27T15:55:09+08:00 ] /index.php/Index/main | SQL: SELECT COUNT(*) AS tp_count FROM `y_account` LIMIT 1  [ RunTime:0.000077s ]
[ 2012-10-27T15:55:09+08:00 ] /index.php/Index/main | SQL: SELECT * FROM `y_account` ORDER BY `id` desc LIMIT 0,20  [ RunTime:0.000094s ]
[ 2012-10-27T15:55:09+08:00 ] /index.php/Index/main | NOTIC: [2] Invalid argument supplied for foreach() CommonAction.class.php 第 159 行.
[ 2012-10-27T15:55:09+08:00 ] /index.php/Index/left | NOTIC: [8] Undefined index:  account_id CommonAction.class.php 第 17 行.
[ 2012-10-27T15:55:09+08:00 ] /index.php/Index/left | SQL: SHOW COLUMNS FROM `y_account` [ RunTime:0.001208s ]
[ 2012-10-27T15:55:09+08:00 ] /index.php/Index/left | NOTIC: [2] mysql_connect() [<a href='function.mysql-connect'>function.mysql-connect</a>]: Access denied for user 'xiaoluo'@'localhost' (using password: NO) CommonAction.class.php 第 125 行.
[ 2012-10-27T15:55:09+08:00 ] /index.php/Index/left | NOTIC: [8] Undefined index:  account_id 196c657f8b82048b1beeb0f9599f5fdc.php 第 15 行.
[ 2012-10-27T15:55:09+08:00 ] /index.php/Index/left | NOTIC: [8] Undefined variable: isConnect 196c657f8b82048b1beeb0f9599f5fdc.php 第 51 行.
[ 2012-10-27T15:55:09+08:00 ] /index.php/Index/left | NOTIC: [8] Undefined variable: langList 196c657f8b82048b1beeb0f9599f5fdc.php 第 106 行.
[ 2012-10-27T15:55:09+08:00 ] /index.php/Index/left | NOTIC: [8] Undefined variable: moduleList 196c657f8b82048b1beeb0f9599f5fdc.php 第 212 行.
[ 2012-10-27T15:55:09+08:00 ] /index.php/Index/left | NOTIC: [8] Undefined index:  tab_id 196c657f8b82048b1beeb0f9599f5fdc.php 第 279 行.
[ 2012-10-27T15:55:16+08:00 ] /index.php/Account/edit/id/24 | SQL: SHOW COLUMNS FROM `y_account` [ RunTime:0.000973s ]
[ 2012-10-27T15:55:16+08:00 ] /index.php/Account/edit/id/24 | SQL: SELECT * FROM `y_account` WHERE ( `id` = '24' ) LIMIT 1  [ RunTime:0.000084s ]
[ 2012-10-27T15:55:16+08:00 ] /index.php/Account/edit/id/24 | NOTIC: [8] Undefined variable: langList 196c657f8b82048b1beeb0f9599f5fdc.php 第 106 行.
[ 2012-10-27T15:55:16+08:00 ] /index.php/Account/edit/id/24 | NOTIC: [8] Undefined variable: moduleList 196c657f8b82048b1beeb0f9599f5fdc.php 第 212 行.
[ 2012-10-27T15:55:16+08:00 ] /index.php/Account/edit/id/24 | NOTIC: [8] Undefined index:  tab_id 196c657f8b82048b1beeb0f9599f5fdc.php 第 279 行.
[ 2012-10-27T15:57:20+08:00 ] /index.php/Account/edit/id/24 | SQL: SHOW COLUMNS FROM `y_account` [ RunTime:0.001244s ]
[ 2012-10-27T15:57:20+08:00 ] /index.php/Account/edit/id/24 | SQL: SELECT * FROM `y_account` WHERE ( `id` = '24' ) LIMIT 1  [ RunTime:0.000075s ]
[ 2012-10-27T15:57:20+08:00 ] /index.php/Account/edit/id/24 | NOTIC: [8] Undefined variable: langList 196c657f8b82048b1beeb0f9599f5fdc.php 第 106 行.
[ 2012-10-27T15:57:20+08:00 ] /index.php/Account/edit/id/24 | NOTIC: [8] Undefined variable: moduleList 196c657f8b82048b1beeb0f9599f5fdc.php 第 212 行.
[ 2012-10-27T15:57:20+08:00 ] /index.php/Account/edit/id/24 | NOTIC: [8] Undefined index:  tab_id 196c657f8b82048b1beeb0f9599f5fdc.php 第 279 行.
[ 2012-10-27T16:31:03+08:00 ] / | SQL: SHOW COLUMNS FROM `y_account` [ RunTime:0.000898s ]
[ 2012-10-27T16:31:03+08:00 ] / | SQL: SELECT * FROM `y_account` WHERE ( `id` = '24' ) LIMIT 1  [ RunTime:0.000068s ]
[ 2012-10-27T16:31:03+08:00 ] /index.php/Index/left | NOTIC: [8] Undefined index:  account_id CommonAction.class.php 第 17 行.
[ 2012-10-27T16:31:03+08:00 ] /index.php/Index/left | SQL: SHOW COLUMNS FROM `y_account` [ RunTime:0.000923s ]
[ 2012-10-27T16:31:03+08:00 ] /index.php/Index/left | NOTIC: [2] mysql_connect() [<a href='function.mysql-connect'>function.mysql-connect</a>]: Access denied for user 'xiaoluo'@'localhost' (using password: NO) CommonAction.class.php 第 125 行.
[ 2012-10-27T16:31:03+08:00 ] /index.php/Index/left | NOTIC: [8] Undefined index:  account_id 196c657f8b82048b1beeb0f9599f5fdc.php 第 15 行.
[ 2012-10-27T16:31:03+08:00 ] /index.php/Index/left | NOTIC: [8] Undefined variable: isConnect 196c657f8b82048b1beeb0f9599f5fdc.php 第 51 行.
[ 2012-10-27T16:31:03+08:00 ] /index.php/Index/left | NOTIC: [8] Undefined variable: langList 196c657f8b82048b1beeb0f9599f5fdc.php 第 106 行.
[ 2012-10-27T16:31:03+08:00 ] /index.php/Index/left | NOTIC: [8] Undefined variable: moduleList 196c657f8b82048b1beeb0f9599f5fdc.php 第 212 行.
[ 2012-10-27T16:31:03+08:00 ] /index.php/Index/left | NOTIC: [8] Undefined index:  tab_id 196c657f8b82048b1beeb0f9599f5fdc.php 第 279 行.
[ 2012-10-27T16:31:03+08:00 ] /index.php/Index/main | NOTIC: [8] Undefined index:  account_id CommonAction.class.php 第 17 行.
[ 2012-10-27T16:31:03+08:00 ] /index.php/Index/main | SQL: SHOW COLUMNS FROM `y_account` [ RunTime:0.000888s ]
[ 2012-10-27T16:31:03+08:00 ] /index.php/Index/main | NOTIC: [2] mysql_connect() [<a href='function.mysql-connect'>function.mysql-connect</a>]: Access denied for user 'xiaoluo'@'localhost' (using password: NO) CommonAction.class.php 第 125 行.
[ 2012-10-27T16:31:03+08:00 ] /index.php/Index/main | SQL: SELECT * FROM `y_account` ORDER BY id desc [ RunTime:0.000086s ]
[ 2012-10-27T16:31:03+08:00 ] /index.php/Index/main | NOTIC: [8] Undefined variable: where IndexAction.class.php 第 28 行.
[ 2012-10-27T16:31:03+08:00 ] /index.php/Index/main | SQL: SELECT COUNT(*) AS tp_count FROM `y_account` LIMIT 1  [ RunTime:0.000054s ]
[ 2012-10-27T16:31:03+08:00 ] /index.php/Index/main | SQL: SELECT * FROM `y_account` ORDER BY `id` desc LIMIT 0,20  [ RunTime:0.000109s ]
[ 2012-10-27T16:31:03+08:00 ] /index.php/Index/main | NOTIC: [2] Invalid argument supplied for foreach() CommonAction.class.php 第 159 行.
[ 2012-10-27T16:31:05+08:00 ] /index.php/Account/edit/id/24 | SQL: SHOW COLUMNS FROM `y_account` [ RunTime:0.000775s ]
[ 2012-10-27T16:31:05+08:00 ] /index.php/Account/edit/id/24 | SQL: SELECT * FROM `y_account` WHERE ( `id` = '24' ) LIMIT 1  [ RunTime:0.000073s ]
[ 2012-10-27T16:31:05+08:00 ] /index.php/Account/edit/id/24 | NOTIC: [8] Undefined variable: langList 196c657f8b82048b1beeb0f9599f5fdc.php 第 106 行.
[ 2012-10-27T16:31:05+08:00 ] /index.php/Account/edit/id/24 | NOTIC: [8] Undefined variable: moduleList 196c657f8b82048b1beeb0f9599f5fdc.php 第 212 行.
[ 2012-10-27T16:31:05+08:00 ] /index.php/Account/edit/id/24 | NOTIC: [8] Undefined index:  tab_id 196c657f8b82048b1beeb0f9599f5fdc.php 第 279 行.
[ 2012-10-27T16:31:25+08:00 ] / | SQL: SHOW COLUMNS FROM `y_account` [ RunTime:0.001035s ]
[ 2012-10-27T16:31:25+08:00 ] / | SQL: SELECT * FROM `y_account` WHERE ( `id` = '24' ) LIMIT 1  [ RunTime:0.000096s ]
[ 2012-10-27T16:31:25+08:00 ] /index.php/Index/main | NOTIC: [8] Undefined index:  account_id CommonAction.class.php 第 17 行.
[ 2012-10-27T16:31:25+08:00 ] /index.php/Index/main | SQL: SHOW COLUMNS FROM `y_account` [ RunTime:0.000959s ]
[ 2012-10-27T16:31:25+08:00 ] /index.php/Index/main | NOTIC: [2] mysql_connect() [<a href='function.mysql-connect'>function.mysql-connect</a>]: Access denied for user 'xiaoluo'@'localhost' (using password: NO) CommonAction.class.php 第 125 行.
[ 2012-10-27T16:31:25+08:00 ] /index.php/Index/main | SQL: SELECT * FROM `y_account` ORDER BY id desc [ RunTime:0.000123s ]
[ 2012-10-27T16:31:25+08:00 ] /index.php/Index/main | NOTIC: [8] Undefined variable: where IndexAction.class.php 第 28 行.
[ 2012-10-27T16:31:25+08:00 ] /index.php/Index/main | SQL: SELECT COUNT(*) AS tp_count FROM `y_account` LIMIT 1  [ RunTime:0.000069s ]
[ 2012-10-27T16:31:25+08:00 ] /index.php/Index/main | SQL: SELECT * FROM `y_account` ORDER BY `id` desc LIMIT 0,20  [ RunTime:0.000091s ]
[ 2012-10-27T16:31:25+08:00 ] /index.php/Index/main | NOTIC: [2] Invalid argument supplied for foreach() CommonAction.class.php 第 159 行.
[ 2012-10-27T16:31:25+08:00 ] /index.php/Index/left | NOTIC: [8] Undefined index:  account_id CommonAction.class.php 第 17 行.
[ 2012-10-27T16:31:25+08:00 ] /index.php/Index/left | SQL: SHOW COLUMNS FROM `y_account` [ RunTime:0.000789s ]
[ 2012-10-27T16:31:25+08:00 ] /index.php/Index/left | NOTIC: [2] mysql_connect() [<a href='function.mysql-connect'>function.mysql-connect</a>]: Access denied for user 'xiaoluo'@'localhost' (using password: NO) CommonAction.class.php 第 125 行.
[ 2012-10-27T16:31:25+08:00 ] /index.php/Index/left | NOTIC: [8] Undefined index:  account_id 196c657f8b82048b1beeb0f9599f5fdc.php 第 15 行.
[ 2012-10-27T16:31:25+08:00 ] /index.php/Index/left | NOTIC: [8] Undefined variable: isConnect 196c657f8b82048b1beeb0f9599f5fdc.php 第 51 行.
[ 2012-10-27T16:31:25+08:00 ] /index.php/Index/left | NOTIC: [8] Undefined variable: langList 196c657f8b82048b1beeb0f9599f5fdc.php 第 106 行.
[ 2012-10-27T16:31:25+08:00 ] /index.php/Index/left | NOTIC: [8] Undefined variable: moduleList 196c657f8b82048b1beeb0f9599f5fdc.php 第 212 行.
[ 2012-10-27T16:31:25+08:00 ] /index.php/Index/left | NOTIC: [8] Undefined index:  tab_id 196c657f8b82048b1beeb0f9599f5fdc.php 第 279 行.
[ 2012-10-27T16:31:27+08:00 ] /index.php/Account/edit/id/24 | SQL: SHOW COLUMNS FROM `y_account` [ RunTime:0.001122s ]
[ 2012-10-27T16:31:27+08:00 ] /index.php/Account/edit/id/24 | SQL: SELECT * FROM `y_account` WHERE ( `id` = '24' ) LIMIT 1  [ RunTime:0.000085s ]
[ 2012-10-27T16:31:27+08:00 ] /index.php/Account/edit/id/24 | NOTIC: [8] Undefined variable: langList 196c657f8b82048b1beeb0f9599f5fdc.php 第 106 行.
[ 2012-10-27T16:31:27+08:00 ] /index.php/Account/edit/id/24 | NOTIC: [8] Undefined variable: moduleList 196c657f8b82048b1beeb0f9599f5fdc.php 第 212 行.
[ 2012-10-27T16:31:27+08:00 ] /index.php/Account/edit/id/24 | NOTIC: [8] Undefined index:  tab_id 196c657f8b82048b1beeb0f9599f5fdc.php 第 279 行.
[ 2012-10-27T16:46:08+08:00 ] /index.php/Account/edit/id/24 | SQL: SHOW COLUMNS FROM `y_account` [ RunTime:0.129884s ]
[ 2012-10-27T16:46:08+08:00 ] /index.php/Account/edit/id/24 | SQL: SELECT * FROM `y_account` WHERE ( `id` = '24' ) LIMIT 1  [ RunTime:0.000077s ]
[ 2012-10-27T16:46:08+08:00 ] /index.php/Account/edit/id/24 | NOTIC: [8] Undefined variable: langList 196c657f8b82048b1beeb0f9599f5fdc.php 第 106 行.
[ 2012-10-27T16:46:08+08:00 ] /index.php/Account/edit/id/24 | NOTIC: [8] Undefined variable: moduleList 196c657f8b82048b1beeb0f9599f5fdc.php 第 212 行.
[ 2012-10-27T16:46:08+08:00 ] /index.php/Account/edit/id/24 | NOTIC: [8] Undefined index:  tab_id 196c657f8b82048b1beeb0f9599f5fdc.php 第 279 行.
[ 2012-10-27T16:51:02+08:00 ] /index.php/Account/edit/id/24 | SQL: SHOW COLUMNS FROM `y_account` [ RunTime:0.001078s ]
[ 2012-10-27T16:51:02+08:00 ] /index.php/Account/edit/id/24 | SQL: SELECT * FROM `y_account` WHERE ( `id` = '24' ) LIMIT 1  [ RunTime:0.000095s ]
[ 2012-10-27T16:51:02+08:00 ] /index.php/Account/edit/id/24 | NOTIC: [8] Undefined variable: langList 196c657f8b82048b1beeb0f9599f5fdc.php 第 106 行.
[ 2012-10-27T16:51:02+08:00 ] /index.php/Account/edit/id/24 | NOTIC: [8] Undefined variable: moduleList 196c657f8b82048b1beeb0f9599f5fdc.php 第 212 行.
[ 2012-10-27T16:51:02+08:00 ] /index.php/Account/edit/id/24 | NOTIC: [8] Undefined index:  tab_id 196c657f8b82048b1beeb0f9599f5fdc.php 第 279 行.
[ 2012-10-27T16:53:40+08:00 ] /index.php/Account/edit/id/24 | SQL: SHOW COLUMNS FROM `y_account` [ RunTime:0.000785s ]
[ 2012-10-27T16:53:40+08:00 ] /index.php/Account/edit/id/24 | SQL: SELECT * FROM `y_account` WHERE ( `id` = '24' ) LIMIT 1  [ RunTime:0.000068s ]
[ 2012-10-27T16:53:40+08:00 ] /index.php/Account/edit/id/24 | SQL: SHOW COLUMNS FROM `y_category` [ RunTime:0.000332s ]
[ 2012-10-27T16:53:40+08:00 ] /index.php/Account/edit/id/24 | SQL: SELECT `modules` FROM `y_account` WHERE ( `id` = '24' ) LIMIT 1  [ RunTime:0.000056s ]
[ 2012-10-27T16:53:40+08:00 ] /index.php/Account/edit/id/24 | SQL: SELECT * FROM `y_category` WHERE ( `id` IN ('36','19','20','21','22','23','27','37') ) ORDER BY ordernum desc [ RunTime:0.000281s ]
[ 2012-10-27T16:53:40+08:00 ] /index.php/Account/edit/id/24 | SQL: SELECT * FROM `y_category` WHERE ( `pid` = 11 ) ORDER BY ordernum desc [ RunTime:0.000269s ]
[ 2012-10-27T16:53:40+08:00 ] /index.php/Account/edit/id/24 | NOTIC: [8] Undefined index:  tab_id 196c657f8b82048b1beeb0f9599f5fdc.php 第 279 行.
[ 2012-10-27T16:53:50+08:00 ] /index.php/Account/edit/id/24 | SQL: SHOW COLUMNS FROM `y_account` [ RunTime:0.000954s ]
[ 2012-10-27T16:53:50+08:00 ] /index.php/Account/edit/id/24 | SQL: SELECT * FROM `y_account` WHERE ( `id` = '24' ) LIMIT 1  [ RunTime:0.000070s ]
[ 2012-10-27T16:53:50+08:00 ] /index.php/Account/edit/id/24 | NOTIC: [8] Undefined variable: langList 196c657f8b82048b1beeb0f9599f5fdc.php 第 106 行.
[ 2012-10-27T16:53:50+08:00 ] /index.php/Account/edit/id/24 | NOTIC: [8] Undefined variable: moduleList 196c657f8b82048b1beeb0f9599f5fdc.php 第 212 行.
[ 2012-10-27T16:53:50+08:00 ] /index.php/Account/edit/id/24 | NOTIC: [8] Undefined index:  tab_id 196c657f8b82048b1beeb0f9599f5fdc.php 第 279 行.
[ 2012-10-27T16:55:56+08:00 ] /index.php/Account/edit/id/24 | SQL: SHOW COLUMNS FROM `y_account` [ RunTime:0.001133s ]
[ 2012-10-27T16:55:56+08:00 ] /index.php/Account/edit/id/24 | SQL: SELECT * FROM `y_account` WHERE ( `id` = '24' ) LIMIT 1  [ RunTime:0.000127s ]
[ 2012-10-27T16:55:56+08:00 ] /index.php/Account/edit/id/24 | NOTIC: [8] Undefined variable: langList 196c657f8b82048b1beeb0f9599f5fdc.php 第 106 行.
[ 2012-10-27T16:55:56+08:00 ] /index.php/Account/edit/id/24 | NOTIC: [8] Undefined variable: moduleList 196c657f8b82048b1beeb0f9599f5fdc.php 第 212 行.
[ 2012-10-27T16:55:56+08:00 ] /index.php/Account/edit/id/24 | NOTIC: [8] Undefined index:  tab_id 196c657f8b82048b1beeb0f9599f5fdc.php 第 279 行.
[ 2012-10-27T16:57:26+08:00 ] /index.php/Account/edit/id/24 | SQL: SHOW COLUMNS FROM `y_account` [ RunTime:0.001285s ]
[ 2012-10-27T16:57:26+08:00 ] /index.php/Account/edit/id/24 | SQL: SELECT * FROM `y_account` WHERE ( `id` = '24' ) LIMIT 1  [ RunTime:0.000091s ]
[ 2012-10-27T16:57:26+08:00 ] /index.php/Account/edit/id/24 | NOTIC: [8] Undefined variable: langList 196c657f8b82048b1beeb0f9599f5fdc.php 第 106 行.
[ 2012-10-27T16:57:26+08:00 ] /index.php/Account/edit/id/24 | NOTIC: [8] Undefined variable: moduleList 196c657f8b82048b1beeb0f9599f5fdc.php 第 212 行.
[ 2012-10-27T16:57:26+08:00 ] /index.php/Account/edit/id/24 | NOTIC: [8] Undefined index:  tab_id 196c657f8b82048b1beeb0f9599f5fdc.php 第 279 行.
[ 2012-10-27T16:57:33+08:00 ] /index.php/Index/main | SQL: SHOW COLUMNS FROM `y_account` [ RunTime:0.000933s ]
[ 2012-10-27T16:57:33+08:00 ] /index.php/Index/main | SQL: SELECT * FROM `y_account` WHERE ( `id` = '24' ) LIMIT 1  [ RunTime:0.000073s ]
[ 2012-10-27T16:57:33+08:00 ] /index.php/Index/main | SQL: SHOW COLUMNS FROM `y_category` [ RunTime:0.000340s ]
[ 2012-10-27T16:57:33+08:00 ] /index.php/Index/main | SQL: SELECT * FROM `y_account` ORDER BY id desc [ RunTime:0.000087s ]
[ 2012-10-27T16:57:33+08:00 ] /index.php/Index/main | NOTIC: [8] Undefined variable: where IndexAction.class.php 第 28 行.
[ 2012-10-27T16:57:33+08:00 ] /index.php/Index/main | SQL: SELECT COUNT(*) AS tp_count FROM `y_account` LIMIT 1  [ RunTime:0.000059s ]
[ 2012-10-27T16:57:33+08:00 ] /index.php/Index/main | SQL: SELECT * FROM `y_account` ORDER BY `id` desc LIMIT 0,20  [ RunTime:0.000074s ]
[ 2012-10-27T16:57:33+08:00 ] /index.php/Index/main | NOTIC: [2] Invalid argument supplied for foreach() CommonAction.class.php 第 159 行.
[ 2012-10-27T16:57:33+08:00 ] /index.php/Account/edit/id/24/tab_id/test2 | SQL: SHOW COLUMNS FROM `y_account` [ RunTime:0.000995s ]
[ 2012-10-27T16:57:33+08:00 ] /index.php/Account/edit/id/24/tab_id/test2 | SQL: SELECT * FROM `y_account` WHERE ( `id` = '24' ) LIMIT 1  [ RunTime:0.000084s ]
[ 2012-10-27T16:57:33+08:00 ] /index.php/Account/edit/id/24/tab_id/test2 | SQL: SHOW COLUMNS FROM `y_category` [ RunTime:0.000430s ]
[ 2012-10-27T16:57:33+08:00 ] /index.php/Account/edit/id/24/tab_id/test2 | SQL: SELECT `modules` FROM `y_account` WHERE ( `id` = '24' ) LIMIT 1  [ RunTime:0.000059s ]
[ 2012-10-27T16:57:33+08:00 ] /index.php/Account/edit/id/24/tab_id/test2 | SQL: SELECT * FROM `y_category` WHERE ( `id` IN ('36','19','20','21','22','23','27','37') ) ORDER BY ordernum desc [ RunTime:0.000378s ]
[ 2012-10-27T16:57:33+08:00 ] /index.php/Account/edit/id/24/tab_id/test2 | SQL: SELECT * FROM `y_category` WHERE ( `pid` = 11 ) ORDER BY ordernum desc [ RunTime:0.000180s ]
[ 2012-10-27T17:02:15+08:00 ] /index.php/Account/edit/id/24 | SQL: SHOW COLUMNS FROM `y_account` [ RunTime:0.000838s ]
[ 2012-10-27T17:02:15+08:00 ] /index.php/Account/edit/id/24 | SQL: SELECT * FROM `y_account` WHERE ( `id` = '24' ) LIMIT 1  [ RunTime:0.000071s ]
[ 2012-10-27T17:02:15+08:00 ] /index.php/Account/edit/id/24 | NOTIC: [8] Undefined variable: langList 196c657f8b82048b1beeb0f9599f5fdc.php 第 106 行.
[ 2012-10-27T17:02:15+08:00 ] /index.php/Account/edit/id/24 | NOTIC: [8] Undefined variable: moduleList 196c657f8b82048b1beeb0f9599f5fdc.php 第 212 行.
[ 2012-10-27T17:02:15+08:00 ] /index.php/Account/edit/id/24 | NOTIC: [8] Undefined index:  tab_id 196c657f8b82048b1beeb0f9599f5fdc.php 第 279 行.
[ 2012-10-27T17:35:18+08:00 ] /index.php/Account/edit/id/24 | SQL: SHOW COLUMNS FROM `y_account` [ RunTime:0.000921s ]
[ 2012-10-27T17:35:18+08:00 ] /index.php/Account/edit/id/24 | SQL: SELECT * FROM `y_account` WHERE ( `id` = '24' ) LIMIT 1  [ RunTime:0.000072s ]
[ 2012-10-27T17:35:18+08:00 ] /index.php/Account/edit/id/24 | NOTIC: [8] Undefined variable: langList 196c657f8b82048b1beeb0f9599f5fdc.php 第 106 行.
[ 2012-10-27T17:35:18+08:00 ] /index.php/Account/edit/id/24 | NOTIC: [8] Undefined variable: moduleList 196c657f8b82048b1beeb0f9599f5fdc.php 第 212 行.
[ 2012-10-27T17:35:18+08:00 ] /index.php/Account/edit/id/24 | NOTIC: [8] Undefined index:  tab_id 196c657f8b82048b1beeb0f9599f5fdc.php 第 279 行.
[ 2012-10-27T17:36:40+08:00 ] /index.php/Account/edit/id/24 | SQL: SHOW COLUMNS FROM `y_account` [ RunTime:0.000942s ]
[ 2012-10-27T17:36:40+08:00 ] /index.php/Account/edit/id/24 | SQL: SELECT * FROM `y_account` WHERE ( `id` = '24' ) LIMIT 1  [ RunTime:0.000071s ]
[ 2012-10-27T17:36:40+08:00 ] /index.php/Account/edit/id/24 | SQL: SHOW COLUMNS FROM `y_category` [ RunTime:0.000341s ]
[ 2012-10-27T17:36:40+08:00 ] /index.php/Account/edit/id/24 | SQL: SELECT `modules` FROM `y_account` WHERE ( `id` = '24' ) LIMIT 1  [ RunTime:0.000057s ]
[ 2012-10-27T17:36:40+08:00 ] /index.php/Account/edit/id/24 | SQL: SELECT * FROM `y_category` WHERE ( `id` IN ('36','19','20','21','22','23','27','37') ) ORDER BY ordernum desc [ RunTime:0.000387s ]
[ 2012-10-27T17:36:40+08:00 ] /index.php/Account/edit/id/24 | SQL: SELECT * FROM `y_category` WHERE ( `pid` = 11 ) ORDER BY ordernum desc [ RunTime:0.000138s ]
[ 2012-10-27T17:36:40+08:00 ] /index.php/Account/edit/id/24 | NOTIC: [8] Undefined index:  tab_id 196c657f8b82048b1beeb0f9599f5fdc.php 第 279 行.
[ 2012-10-27T17:36:47+08:00 ] /index.php/Account/edit/id/24 | SQL: SHOW COLUMNS FROM `y_account` [ RunTime:0.000972s ]
[ 2012-10-27T17:36:47+08:00 ] /index.php/Account/edit/id/24 | SQL: SELECT * FROM `y_account` WHERE ( `id` = '24' ) LIMIT 1  [ RunTime:0.000079s ]
[ 2012-10-27T17:36:47+08:00 ] /index.php/Account/edit/id/24 | NOTIC: [8] Undefined variable: langList 196c657f8b82048b1beeb0f9599f5fdc.php 第 106 行.
[ 2012-10-27T17:36:47+08:00 ] /index.php/Account/edit/id/24 | NOTIC: [8] Undefined variable: moduleList 196c657f8b82048b1beeb0f9599f5fdc.php 第 212 行.
[ 2012-10-27T17:36:47+08:00 ] /index.php/Account/edit/id/24 | NOTIC: [8] Undefined index:  tab_id 196c657f8b82048b1beeb0f9599f5fdc.php 第 279 行.
[ 2012-10-27T17:38:40+08:00 ] /index.php/Account/edit/id/24 | SQL: SHOW COLUMNS FROM `y_account` [ RunTime:0.001016s ]
[ 2012-10-27T17:38:40+08:00 ] /index.php/Account/edit/id/24 | SQL: SELECT * FROM `y_account` WHERE ( `id` = '24' ) LIMIT 1  [ RunTime:0.000099s ]
[ 2012-10-27T17:38:40+08:00 ] /index.php/Account/edit/id/24 | SQL: SHOW COLUMNS FROM `y_category` [ RunTime:0.000484s ]
[ 2012-10-27T17:38:40+08:00 ] /index.php/Account/edit/id/24 | SQL: SELECT `modules` FROM `y_account` WHERE ( `id` = '24' ) LIMIT 1  [ RunTime:0.000057s ]
[ 2012-10-27T17:38:40+08:00 ] /index.php/Account/edit/id/24 | SQL: SELECT * FROM `y_category` WHERE ( `id` IN ('36','19','20','21','22','23','27','37') ) ORDER BY ordernum desc [ RunTime:0.000301s ]
[ 2012-10-27T17:38:40+08:00 ] /index.php/Account/edit/id/24 | SQL: SELECT * FROM `y_category` WHERE ( `pid` = 11 ) ORDER BY ordernum desc [ RunTime:0.000163s ]
[ 2012-10-27T17:38:40+08:00 ] /index.php/Account/edit/id/24 | NOTIC: [8] Undefined index:  tab_id 196c657f8b82048b1beeb0f9599f5fdc.php 第 279 行.
[ 2012-10-27T17:38:48+08:00 ] /index.php/Account/edit/id/24 | SQL: SHOW COLUMNS FROM `y_account` [ RunTime:0.000992s ]
[ 2012-10-27T17:38:48+08:00 ] /index.php/Account/edit/id/24 | SQL: SELECT * FROM `y_account` WHERE ( `id` = '24' ) LIMIT 1  [ RunTime:0.000109s ]
[ 2012-10-27T17:38:48+08:00 ] /index.php/Account/edit/id/24 | NOTIC: [8] Undefined variable: langList 196c657f8b82048b1beeb0f9599f5fdc.php 第 106 行.
[ 2012-10-27T17:38:48+08:00 ] /index.php/Account/edit/id/24 | NOTIC: [8] Undefined variable: moduleList 196c657f8b82048b1beeb0f9599f5fdc.php 第 212 行.
[ 2012-10-27T17:38:48+08:00 ] /index.php/Account/edit/id/24 | NOTIC: [8] Undefined index:  tab_id 196c657f8b82048b1beeb0f9599f5fdc.php 第 279 行.
[ 2012-10-27T17:40:27+08:00 ] /index.php/Account/edit/id/24 | SQL: SHOW COLUMNS FROM `y_account` [ RunTime:0.001067s ]
[ 2012-10-27T17:40:27+08:00 ] /index.php/Account/edit/id/24 | SQL: SELECT * FROM `y_account` WHERE ( `id` = '24' ) LIMIT 1  [ RunTime:0.000087s ]
[ 2012-10-27T17:40:27+08:00 ] /index.php/Account/edit/id/24 | NOTIC: [8] Undefined variable: langList 196c657f8b82048b1beeb0f9599f5fdc.php 第 106 行.
[ 2012-10-27T17:40:27+08:00 ] /index.php/Account/edit/id/24 | NOTIC: [8] Undefined variable: moduleList 196c657f8b82048b1beeb0f9599f5fdc.php 第 212 行.
[ 2012-10-27T17:40:27+08:00 ] /index.php/Account/edit/id/24 | NOTIC: [8] Undefined index:  tab_id 196c657f8b82048b1beeb0f9599f5fdc.php 第 279 行.
[ 2012-10-27T17:40:32+08:00 ] /index.php/Index/main | SQL: SHOW COLUMNS FROM `y_account` [ RunTime:0.000860s ]
[ 2012-10-27T17:40:32+08:00 ] /index.php/Index/main | SQL: SELECT * FROM `y_account` WHERE ( `id` = '24' ) LIMIT 1  [ RunTime:0.000092s ]
[ 2012-10-27T17:40:32+08:00 ] /index.php/Index/main | SQL: SHOW COLUMNS FROM `y_category` [ RunTime:0.000365s ]
[ 2012-10-27T17:40:32+08:00 ] /index.php/Index/main | SQL: SELECT * FROM `y_account` ORDER BY id desc [ RunTime:0.000082s ]
[ 2012-10-27T17:40:32+08:00 ] /index.php/Index/main | NOTIC: [8] Undefined variable: where IndexAction.class.php 第 28 行.
[ 2012-10-27T17:40:32+08:00 ] /index.php/Index/main | SQL: SELECT COUNT(*) AS tp_count FROM `y_account` LIMIT 1  [ RunTime:0.000055s ]
[ 2012-10-27T17:40:32+08:00 ] /index.php/Index/main | SQL: SELECT * FROM `y_account` ORDER BY `id` desc LIMIT 0,20  [ RunTime:0.000115s ]
[ 2012-10-27T17:40:32+08:00 ] /index.php/Index/main | NOTIC: [2] Invalid argument supplied for foreach() CommonAction.class.php 第 159 行.
[ 2012-10-27T17:40:32+08:00 ] /index.php/Account/edit/id/24/tab_id/test2 | SQL: SHOW COLUMNS FROM `y_account` [ RunTime:0.000884s ]
[ 2012-10-27T17:40:32+08:00 ] /index.php/Account/edit/id/24/tab_id/test2 | SQL: SELECT * FROM `y_account` WHERE ( `id` = '24' ) LIMIT 1  [ RunTime:0.000098s ]
[ 2012-10-27T17:40:32+08:00 ] /index.php/Account/edit/id/24/tab_id/test2 | SQL: SHOW COLUMNS FROM `y_category` [ RunTime:0.000340s ]
[ 2012-10-27T17:40:32+08:00 ] /index.php/Account/edit/id/24/tab_id/test2 | SQL: SELECT `modules` FROM `y_account` WHERE ( `id` = '24' ) LIMIT 1  [ RunTime:0.000057s ]
[ 2012-10-27T17:40:32+08:00 ] /index.php/Account/edit/id/24/tab_id/test2 | SQL: SELECT * FROM `y_category` WHERE ( `id` IN ('36','19','20','21','22','23','27','37') ) ORDER BY ordernum desc [ RunTime:0.000488s ]
[ 2012-10-27T17:40:32+08:00 ] /index.php/Account/edit/id/24/tab_id/test2 | SQL: SELECT * FROM `y_category` WHERE ( `pid` = 11 ) ORDER BY ordernum desc [ RunTime:0.000174s ]
