[ 2013-03-06T21:38:21+08:00 ] /dd_cms_v2/config/ | ERR: (ThinkException) Unknown database 'dm_1.0'
[ 2013-03-06T21:40:19+08:00 ] /dd_cms_v2/config/ | NOTIC: [8] Undefined index: account_id CommonAction.class.php 第 20 行.
[ 2013-03-06T21:40:19+08:00 ] /dd_cms_v2/config/ | SQL: SHOW COLUMNS FROM `y_account` [ RunTime:0.042205s ]
[ 2013-03-06T21:40:19+08:00 ] /dd_cms_v2/config/ | SQL: SHOW COLUMNS FROM `y_category` [ RunTime:0.004433s ]
[ 2013-03-06T21:40:20+08:00 ] /dd_cms_v2/config/index.php/Index/main | NOTIC: [8] Undefined index: account_id CommonAction.class.php 第 20 行.
[ 2013-03-06T21:40:20+08:00 ] /dd_cms_v2/config/index.php/Index/main | SQL: SHOW COLUMNS FROM `y_account` [ RunTime:0.003708s ]
[ 2013-03-06T21:40:20+08:00 ] /dd_cms_v2/config/index.php/Index/main | SQL: SHOW COLUMNS FROM `y_category` [ RunTime:0.004534s ]
[ 2013-03-06T21:40:20+08:00 ] /dd_cms_v2/config/index.php/Index/main | SQL: SELECT * FROM `y_account` ORDER BY id desc [ RunTime:0.000485s ]
[ 2013-03-06T21:40:20+08:00 ] /dd_cms_v2/config/index.php/Index/main | NOTIC: [8] Undefined index: searchkey IndexAction.class.php 第 28 行.
[ 2013-03-06T21:40:20+08:00 ] /dd_cms_v2/config/index.php/Index/main | NOTIC: [8] Undefined variable: vo ae4ccf388766686c7b43ce2ff8116269.php 第 14 行.
[ 2013-03-06T21:40:20+08:00 ] /dd_cms_v2/config/index.php/Index/main | NOTIC: [8] Undefined index: website_name ae4ccf388766686c7b43ce2ff8116269.php 第 19 行.
[ 2013-03-06T21:40:20+08:00 ] /dd_cms_v2/config/index.php/Index/main | NOTIC: [8] Undefined index: url ae4ccf388766686c7b43ce2ff8116269.php 第 22 行.
[ 2013-03-06T21:40:20+08:00 ] /dd_cms_v2/config/index.php/Index/main | NOTIC: [8] Undefined index: contract_number ae4ccf388766686c7b43ce2ff8116269.php 第 29 行.
[ 2013-03-06T21:40:20+08:00 ] /dd_cms_v2/config/index.php/Index/main | NOTIC: [8] Undefined index: yy_price ae4ccf388766686c7b43ce2ff8116269.php 第 31 行.
[ 2013-03-06T21:40:20+08:00 ] /dd_cms_v2/config/index.php/Index/main | NOTIC: [8] Undefined index: service_price ae4ccf388766686c7b43ce2ff8116269.php 第 32 行.
[ 2013-03-06T21:40:20+08:00 ] /dd_cms_v2/config/index.php/Index/main | NOTIC: [8] Undefined index: begin_time ae4ccf388766686c7b43ce2ff8116269.php 第 35 行.
[ 2013-03-06T21:40:20+08:00 ] /dd_cms_v2/config/index.php/Index/main | NOTIC: [8] Undefined index: begin_time ae4ccf388766686c7b43ce2ff8116269.php 第 39 行.
[ 2013-03-06T21:40:20+08:00 ] /dd_cms_v2/config/index.php/Index/left | NOTIC: [8] Undefined index: account_id CommonAction.class.php 第 20 行.
[ 2013-03-06T21:40:20+08:00 ] /dd_cms_v2/config/index.php/Index/left | SQL: SHOW COLUMNS FROM `y_account` [ RunTime:0.003287s ]
[ 2013-03-06T21:40:20+08:00 ] /dd_cms_v2/config/index.php/Index/left | SQL: SHOW COLUMNS FROM `y_category` [ RunTime:0.004660s ]
[ 2013-03-06T21:40:20+08:00 ] /dd_cms_v2/config/index.php/Index/left | NOTIC: [8] Undefined index: account_id 196c657f8b82048b1beeb0f9599f5fdc.php 第 15 行.
[ 2013-03-06T21:40:20+08:00 ] /dd_cms_v2/config/index.php/Index/left | NOTIC: [8] Undefined variable: isConnect 196c657f8b82048b1beeb0f9599f5fdc.php 第 72 行.
[ 2013-03-06T21:40:20+08:00 ] /dd_cms_v2/config/index.php/Index/left | NOTIC: [8] Undefined variable: langList 196c657f8b82048b1beeb0f9599f5fdc.php 第 125 行.
[ 2013-03-06T21:40:20+08:00 ] /dd_cms_v2/config/index.php/Index/left | NOTIC: [8] Undefined variable: langList 196c657f8b82048b1beeb0f9599f5fdc.php 第 137 行.
[ 2013-03-06T21:40:20+08:00 ] /dd_cms_v2/config/index.php/Index/left | NOTIC: [8] Undefined variable: moduleList 196c657f8b82048b1beeb0f9599f5fdc.php 第 166 行.
[ 2013-03-06T21:40:20+08:00 ] /dd_cms_v2/config/index.php/Index/left | NOTIC: [8] Undefined variable: moduleList2 196c657f8b82048b1beeb0f9599f5fdc.php 第 188 行.
[ 2013-03-06T21:40:20+08:00 ] /dd_cms_v2/config/index.php/Index/left | NOTIC: [8] Undefined index: tab_id 196c657f8b82048b1beeb0f9599f5fdc.php 第 255 行.
[ 2013-03-06T21:40:21+08:00 ] /dd_cms_v2/config/index.php/Account/edit/id/ | ERR: (ThinkException) 
[ 2013-03-06T21:41:12+08:00 ] /dd_cms_v2/config/index.php/Account/edit/id/ | ERR: (ThinkException) 
[ 2013-03-06T21:41:55+08:00 ] /dd_cms_v2/config/ | NOTIC: [8] Undefined index: account_id CommonAction.class.php 第 20 行.
[ 2013-03-06T21:41:55+08:00 ] /dd_cms_v2/config/ | SQL: SHOW COLUMNS FROM `y_account` [ RunTime:0.003669s ]
[ 2013-03-06T21:41:55+08:00 ] /dd_cms_v2/config/ | SQL: SHOW COLUMNS FROM `y_category` [ RunTime:0.005229s ]
[ 2013-03-06T21:41:56+08:00 ] /dd_cms_v2/config/index.php/Index/left | NOTIC: [8] Undefined index: account_id CommonAction.class.php 第 20 行.
[ 2013-03-06T21:41:56+08:00 ] /dd_cms_v2/config/index.php/Index/left | SQL: SHOW COLUMNS FROM `y_account` [ RunTime:0.004563s ]
[ 2013-03-06T21:41:56+08:00 ] /dd_cms_v2/config/index.php/Index/left | SQL: SHOW COLUMNS FROM `y_category` [ RunTime:0.006009s ]
[ 2013-03-06T21:41:56+08:00 ] /dd_cms_v2/config/index.php/Index/left | NOTIC: [8] Undefined index: account_id 196c657f8b82048b1beeb0f9599f5fdc.php 第 15 行.
[ 2013-03-06T21:41:56+08:00 ] /dd_cms_v2/config/index.php/Index/left | NOTIC: [8] Undefined variable: isConnect 196c657f8b82048b1beeb0f9599f5fdc.php 第 72 行.
[ 2013-03-06T21:41:56+08:00 ] /dd_cms_v2/config/index.php/Index/left | NOTIC: [8] Undefined variable: langList 196c657f8b82048b1beeb0f9599f5fdc.php 第 125 行.
[ 2013-03-06T21:41:56+08:00 ] /dd_cms_v2/config/index.php/Index/left | NOTIC: [8] Undefined variable: langList 196c657f8b82048b1beeb0f9599f5fdc.php 第 137 行.
[ 2013-03-06T21:41:56+08:00 ] /dd_cms_v2/config/index.php/Index/left | NOTIC: [8] Undefined variable: moduleList 196c657f8b82048b1beeb0f9599f5fdc.php 第 166 行.
[ 2013-03-06T21:41:56+08:00 ] /dd_cms_v2/config/index.php/Index/left | NOTIC: [8] Undefined variable: moduleList2 196c657f8b82048b1beeb0f9599f5fdc.php 第 188 行.
[ 2013-03-06T21:41:56+08:00 ] /dd_cms_v2/config/index.php/Index/left | NOTIC: [8] Undefined index: tab_id 196c657f8b82048b1beeb0f9599f5fdc.php 第 255 行.
[ 2013-03-06T21:41:56+08:00 ] /dd_cms_v2/config/index.php/Index/main | NOTIC: [8] Undefined index: account_id CommonAction.class.php 第 20 行.
[ 2013-03-06T21:41:56+08:00 ] /dd_cms_v2/config/index.php/Index/main | SQL: SHOW COLUMNS FROM `y_account` [ RunTime:0.007741s ]
[ 2013-03-06T21:41:56+08:00 ] /dd_cms_v2/config/index.php/Index/main | SQL: SHOW COLUMNS FROM `y_category` [ RunTime:0.006565s ]
[ 2013-03-06T21:41:56+08:00 ] /dd_cms_v2/config/index.php/Index/main | SQL: SELECT * FROM `y_account` ORDER BY id desc [ RunTime:0.000850s ]
[ 2013-03-06T21:41:56+08:00 ] /dd_cms_v2/config/index.php/Index/main | NOTIC: [8] Undefined index: searchkey IndexAction.class.php 第 28 行.
[ 2013-03-06T21:41:56+08:00 ] /dd_cms_v2/config/index.php/Index/main | NOTIC: [8] Undefined variable: vo ae4ccf388766686c7b43ce2ff8116269.php 第 14 行.
[ 2013-03-06T21:41:56+08:00 ] /dd_cms_v2/config/index.php/Index/main | NOTIC: [8] Undefined index: website_name ae4ccf388766686c7b43ce2ff8116269.php 第 19 行.
[ 2013-03-06T21:41:56+08:00 ] /dd_cms_v2/config/index.php/Index/main | NOTIC: [8] Undefined index: url ae4ccf388766686c7b43ce2ff8116269.php 第 22 行.
[ 2013-03-06T21:41:56+08:00 ] /dd_cms_v2/config/index.php/Index/main | NOTIC: [8] Undefined index: contract_number ae4ccf388766686c7b43ce2ff8116269.php 第 29 行.
[ 2013-03-06T21:41:56+08:00 ] /dd_cms_v2/config/index.php/Index/main | NOTIC: [8] Undefined index: yy_price ae4ccf388766686c7b43ce2ff8116269.php 第 31 行.
[ 2013-03-06T21:41:56+08:00 ] /dd_cms_v2/config/index.php/Index/main | NOTIC: [8] Undefined index: service_price ae4ccf388766686c7b43ce2ff8116269.php 第 32 行.
[ 2013-03-06T21:41:56+08:00 ] /dd_cms_v2/config/index.php/Index/main | NOTIC: [8] Undefined index: begin_time ae4ccf388766686c7b43ce2ff8116269.php 第 35 行.
[ 2013-03-06T21:41:56+08:00 ] /dd_cms_v2/config/index.php/Index/main | NOTIC: [8] Undefined index: begin_time ae4ccf388766686c7b43ce2ff8116269.php 第 39 行.
[ 2013-03-06T21:41:56+08:00 ] /dd_cms_v2/config/index.php/Account/edit/id/ | ERR: (ThinkException) 
[ 2013-03-06T21:42:18+08:00 ] /dd_cms_v2/config/ | NOTIC: [8] Undefined index: account_id CommonAction.class.php 第 20 行.
[ 2013-03-06T21:42:18+08:00 ] /dd_cms_v2/config/ | SQL: SHOW COLUMNS FROM `y_account` [ RunTime:0.003073s ]
[ 2013-03-06T21:42:18+08:00 ] /dd_cms_v2/config/ | SQL: SHOW COLUMNS FROM `y_category` [ RunTime:0.003973s ]
[ 2013-03-06T21:42:18+08:00 ] /dd_cms_v2/config/index.php/Index/left | NOTIC: [8] Undefined index: account_id CommonAction.class.php 第 20 行.
[ 2013-03-06T21:42:18+08:00 ] /dd_cms_v2/config/index.php/Index/left | SQL: SHOW COLUMNS FROM `y_account` [ RunTime:0.004239s ]
[ 2013-03-06T21:42:18+08:00 ] /dd_cms_v2/config/index.php/Index/left | SQL: SHOW COLUMNS FROM `y_category` [ RunTime:0.007479s ]
[ 2013-03-06T21:42:18+08:00 ] /dd_cms_v2/config/index.php/Index/left | NOTIC: [8] Undefined index: account_id 196c657f8b82048b1beeb0f9599f5fdc.php 第 15 行.
[ 2013-03-06T21:42:18+08:00 ] /dd_cms_v2/config/index.php/Index/left | NOTIC: [8] Undefined variable: isConnect 196c657f8b82048b1beeb0f9599f5fdc.php 第 72 行.
[ 2013-03-06T21:42:18+08:00 ] /dd_cms_v2/config/index.php/Index/left | NOTIC: [8] Undefined variable: langList 196c657f8b82048b1beeb0f9599f5fdc.php 第 125 行.
[ 2013-03-06T21:42:18+08:00 ] /dd_cms_v2/config/index.php/Index/left | NOTIC: [8] Undefined variable: langList 196c657f8b82048b1beeb0f9599f5fdc.php 第 137 行.
[ 2013-03-06T21:42:18+08:00 ] /dd_cms_v2/config/index.php/Index/left | NOTIC: [8] Undefined variable: moduleList 196c657f8b82048b1beeb0f9599f5fdc.php 第 166 行.
[ 2013-03-06T21:42:18+08:00 ] /dd_cms_v2/config/index.php/Index/left | NOTIC: [8] Undefined variable: moduleList2 196c657f8b82048b1beeb0f9599f5fdc.php 第 188 行.
[ 2013-03-06T21:42:18+08:00 ] /dd_cms_v2/config/index.php/Index/left | NOTIC: [8] Undefined index: tab_id 196c657f8b82048b1beeb0f9599f5fdc.php 第 255 行.
[ 2013-03-06T21:42:18+08:00 ] /dd_cms_v2/config/index.php/Index/main | NOTIC: [8] Undefined index: account_id CommonAction.class.php 第 20 行.
[ 2013-03-06T21:42:18+08:00 ] /dd_cms_v2/config/index.php/Index/main | SQL: SHOW COLUMNS FROM `y_account` [ RunTime:0.004204s ]
[ 2013-03-06T21:42:18+08:00 ] /dd_cms_v2/config/index.php/Index/main | SQL: SHOW COLUMNS FROM `y_category` [ RunTime:0.007994s ]
[ 2013-03-06T21:42:18+08:00 ] /dd_cms_v2/config/index.php/Index/main | SQL: SELECT * FROM `y_account` ORDER BY id desc [ RunTime:0.000640s ]
[ 2013-03-06T21:42:18+08:00 ] /dd_cms_v2/config/index.php/Index/main | NOTIC: [8] Undefined index: searchkey IndexAction.class.php 第 28 行.
[ 2013-03-06T21:42:18+08:00 ] /dd_cms_v2/config/index.php/Index/main | NOTIC: [8] Undefined variable: vo ae4ccf388766686c7b43ce2ff8116269.php 第 14 行.
[ 2013-03-06T21:42:18+08:00 ] /dd_cms_v2/config/index.php/Index/main | NOTIC: [8] Undefined index: website_name ae4ccf388766686c7b43ce2ff8116269.php 第 19 行.
[ 2013-03-06T21:42:18+08:00 ] /dd_cms_v2/config/index.php/Index/main | NOTIC: [8] Undefined index: url ae4ccf388766686c7b43ce2ff8116269.php 第 22 行.
[ 2013-03-06T21:42:18+08:00 ] /dd_cms_v2/config/index.php/Index/main | NOTIC: [8] Undefined index: contract_number ae4ccf388766686c7b43ce2ff8116269.php 第 29 行.
[ 2013-03-06T21:42:18+08:00 ] /dd_cms_v2/config/index.php/Index/main | NOTIC: [8] Undefined index: yy_price ae4ccf388766686c7b43ce2ff8116269.php 第 31 行.
[ 2013-03-06T21:42:18+08:00 ] /dd_cms_v2/config/index.php/Index/main | NOTIC: [8] Undefined index: service_price ae4ccf388766686c7b43ce2ff8116269.php 第 32 行.
[ 2013-03-06T21:42:18+08:00 ] /dd_cms_v2/config/index.php/Index/main | NOTIC: [8] Undefined index: begin_time ae4ccf388766686c7b43ce2ff8116269.php 第 35 行.
[ 2013-03-06T21:42:18+08:00 ] /dd_cms_v2/config/index.php/Index/main | NOTIC: [8] Undefined index: begin_time ae4ccf388766686c7b43ce2ff8116269.php 第 39 行.
[ 2013-03-06T21:42:19+08:00 ] /dd_cms_v2/config/index.php/Account/edit/id/ | ERR: (ThinkException) 
[ 2013-03-06T21:43:49+08:00 ] /dd_cms_v2/config/ | NOTIC: [8] Undefined index: account_id CommonAction.class.php 第 20 行.
[ 2013-03-06T21:43:49+08:00 ] /dd_cms_v2/config/ | SQL: SHOW COLUMNS FROM `y_account` [ RunTime:0.003244s ]
[ 2013-03-06T21:43:49+08:00 ] /dd_cms_v2/config/ | SQL: SHOW COLUMNS FROM `y_category` [ RunTime:0.004365s ]
[ 2013-03-06T21:43:49+08:00 ] /dd_cms_v2/config/index.php/Index/left | NOTIC: [8] Undefined index: account_id CommonAction.class.php 第 20 行.
[ 2013-03-06T21:43:49+08:00 ] /dd_cms_v2/config/index.php/Index/left | SQL: SHOW COLUMNS FROM `y_account` [ RunTime:0.005192s ]
[ 2013-03-06T21:43:49+08:00 ] /dd_cms_v2/config/index.php/Index/left | SQL: SHOW COLUMNS FROM `y_category` [ RunTime:0.007177s ]
[ 2013-03-06T21:43:49+08:00 ] /dd_cms_v2/config/index.php/Index/left | NOTIC: [8] Undefined index: account_id 196c657f8b82048b1beeb0f9599f5fdc.php 第 15 行.
[ 2013-03-06T21:43:49+08:00 ] /dd_cms_v2/config/index.php/Index/left | NOTIC: [8] Undefined variable: isConnect 196c657f8b82048b1beeb0f9599f5fdc.php 第 72 行.
[ 2013-03-06T21:43:49+08:00 ] /dd_cms_v2/config/index.php/Index/left | NOTIC: [8] Undefined variable: langList 196c657f8b82048b1beeb0f9599f5fdc.php 第 125 行.
[ 2013-03-06T21:43:49+08:00 ] /dd_cms_v2/config/index.php/Index/left | NOTIC: [8] Undefined variable: langList 196c657f8b82048b1beeb0f9599f5fdc.php 第 137 行.
[ 2013-03-06T21:43:49+08:00 ] /dd_cms_v2/config/index.php/Index/left | NOTIC: [8] Undefined variable: moduleList 196c657f8b82048b1beeb0f9599f5fdc.php 第 166 行.
[ 2013-03-06T21:43:49+08:00 ] /dd_cms_v2/config/index.php/Index/left | NOTIC: [8] Undefined variable: moduleList2 196c657f8b82048b1beeb0f9599f5fdc.php 第 188 行.
[ 2013-03-06T21:43:49+08:00 ] /dd_cms_v2/config/index.php/Index/left | NOTIC: [8] Undefined index: tab_id 196c657f8b82048b1beeb0f9599f5fdc.php 第 255 行.
[ 2013-03-06T21:43:49+08:00 ] /dd_cms_v2/config/index.php/Index/main | NOTIC: [8] Undefined index: account_id CommonAction.class.php 第 20 行.
[ 2013-03-06T21:43:49+08:00 ] /dd_cms_v2/config/index.php/Index/main | SQL: SHOW COLUMNS FROM `y_account` [ RunTime:0.005900s ]
[ 2013-03-06T21:43:49+08:00 ] /dd_cms_v2/config/index.php/Index/main | SQL: SHOW COLUMNS FROM `y_category` [ RunTime:0.007531s ]
[ 2013-03-06T21:43:49+08:00 ] /dd_cms_v2/config/index.php/Index/main | SQL: SELECT * FROM `y_account` ORDER BY id desc [ RunTime:0.000574s ]
[ 2013-03-06T21:43:49+08:00 ] /dd_cms_v2/config/index.php/Index/main | NOTIC: [8] Undefined index: searchkey IndexAction.class.php 第 28 行.
[ 2013-03-06T21:43:49+08:00 ] /dd_cms_v2/config/index.php/Index/main | NOTIC: [8] Undefined variable: vo ae4ccf388766686c7b43ce2ff8116269.php 第 14 行.
[ 2013-03-06T21:43:49+08:00 ] /dd_cms_v2/config/index.php/Index/main | NOTIC: [8] Undefined index: website_name ae4ccf388766686c7b43ce2ff8116269.php 第 19 行.
[ 2013-03-06T21:43:49+08:00 ] /dd_cms_v2/config/index.php/Index/main | NOTIC: [8] Undefined index: url ae4ccf388766686c7b43ce2ff8116269.php 第 22 行.
[ 2013-03-06T21:43:49+08:00 ] /dd_cms_v2/config/index.php/Index/main | NOTIC: [8] Undefined index: contract_number ae4ccf388766686c7b43ce2ff8116269.php 第 29 行.
[ 2013-03-06T21:43:49+08:00 ] /dd_cms_v2/config/index.php/Index/main | NOTIC: [8] Undefined index: yy_price ae4ccf388766686c7b43ce2ff8116269.php 第 31 行.
[ 2013-03-06T21:43:49+08:00 ] /dd_cms_v2/config/index.php/Index/main | NOTIC: [8] Undefined index: service_price ae4ccf388766686c7b43ce2ff8116269.php 第 32 行.
[ 2013-03-06T21:43:49+08:00 ] /dd_cms_v2/config/index.php/Index/main | NOTIC: [8] Undefined index: begin_time ae4ccf388766686c7b43ce2ff8116269.php 第 35 行.
[ 2013-03-06T21:43:49+08:00 ] /dd_cms_v2/config/index.php/Index/main | NOTIC: [8] Undefined index: begin_time ae4ccf388766686c7b43ce2ff8116269.php 第 39 行.
[ 2013-03-06T21:43:50+08:00 ] /dd_cms_v2/config/index.php/Account/edit/id/ | ERR: (ThinkException) 
[ 2013-03-06T21:44:22+08:00 ] /dd_cms_v2/config/ | NOTIC: [8] Undefined index: account_id CommonAction.class.php 第 20 行.
[ 2013-03-06T21:44:22+08:00 ] /dd_cms_v2/config/ | SQL: SHOW COLUMNS FROM `y_account` [ RunTime:0.003424s ]
[ 2013-03-06T21:44:22+08:00 ] /dd_cms_v2/config/ | SQL: SHOW COLUMNS FROM `y_category` [ RunTime:0.004686s ]
[ 2013-03-06T21:44:22+08:00 ] /dd_cms_v2/config/index.php/Index/main | NOTIC: [8] Undefined index: account_id CommonAction.class.php 第 20 行.
[ 2013-03-06T21:44:22+08:00 ] /dd_cms_v2/config/index.php/Index/main | SQL: SHOW COLUMNS FROM `y_account` [ RunTime:0.004317s ]
[ 2013-03-06T21:44:22+08:00 ] /dd_cms_v2/config/index.php/Index/main | SQL: SHOW COLUMNS FROM `y_category` [ RunTime:0.006583s ]
[ 2013-03-06T21:44:22+08:00 ] /dd_cms_v2/config/index.php/Index/main | SQL: SELECT * FROM `y_account` ORDER BY id desc [ RunTime:0.002097s ]
[ 2013-03-06T21:44:22+08:00 ] /dd_cms_v2/config/index.php/Index/main | NOTIC: [8] Undefined index: searchkey IndexAction.class.php 第 28 行.
[ 2013-03-06T21:44:22+08:00 ] /dd_cms_v2/config/index.php/Index/main | NOTIC: [8] Undefined variable: vo ae4ccf388766686c7b43ce2ff8116269.php 第 14 行.
[ 2013-03-06T21:44:22+08:00 ] /dd_cms_v2/config/index.php/Index/main | NOTIC: [8] Undefined index: website_name ae4ccf388766686c7b43ce2ff8116269.php 第 19 行.
[ 2013-03-06T21:44:22+08:00 ] /dd_cms_v2/config/index.php/Index/main | NOTIC: [8] Undefined index: url ae4ccf388766686c7b43ce2ff8116269.php 第 22 行.
[ 2013-03-06T21:44:22+08:00 ] /dd_cms_v2/config/index.php/Index/main | NOTIC: [8] Undefined index: contract_number ae4ccf388766686c7b43ce2ff8116269.php 第 29 行.
[ 2013-03-06T21:44:22+08:00 ] /dd_cms_v2/config/index.php/Index/main | NOTIC: [8] Undefined index: yy_price ae4ccf388766686c7b43ce2ff8116269.php 第 31 行.
[ 2013-03-06T21:44:22+08:00 ] /dd_cms_v2/config/index.php/Index/main | NOTIC: [8] Undefined index: service_price ae4ccf388766686c7b43ce2ff8116269.php 第 32 行.
[ 2013-03-06T21:44:22+08:00 ] /dd_cms_v2/config/index.php/Index/main | NOTIC: [8] Undefined index: begin_time ae4ccf388766686c7b43ce2ff8116269.php 第 35 行.
[ 2013-03-06T21:44:22+08:00 ] /dd_cms_v2/config/index.php/Index/main | NOTIC: [8] Undefined index: begin_time ae4ccf388766686c7b43ce2ff8116269.php 第 39 行.
[ 2013-03-06T21:44:22+08:00 ] /dd_cms_v2/config/index.php/Index/left | NOTIC: [8] Undefined index: account_id CommonAction.class.php 第 20 行.
[ 2013-03-06T21:44:23+08:00 ] /dd_cms_v2/config/index.php/Index/left | SQL: SHOW COLUMNS FROM `y_account` [ RunTime:0.004389s ]
[ 2013-03-06T21:44:23+08:00 ] /dd_cms_v2/config/index.php/Index/left | SQL: SHOW COLUMNS FROM `y_category` [ RunTime:0.008770s ]
[ 2013-03-06T21:44:23+08:00 ] /dd_cms_v2/config/index.php/Index/left | NOTIC: [8] Undefined index: account_id 196c657f8b82048b1beeb0f9599f5fdc.php 第 15 行.
[ 2013-03-06T21:44:23+08:00 ] /dd_cms_v2/config/index.php/Index/left | NOTIC: [8] Undefined variable: isConnect 196c657f8b82048b1beeb0f9599f5fdc.php 第 72 行.
[ 2013-03-06T21:44:23+08:00 ] /dd_cms_v2/config/index.php/Index/left | NOTIC: [8] Undefined variable: langList 196c657f8b82048b1beeb0f9599f5fdc.php 第 125 行.
[ 2013-03-06T21:44:23+08:00 ] /dd_cms_v2/config/index.php/Index/left | NOTIC: [8] Undefined variable: langList 196c657f8b82048b1beeb0f9599f5fdc.php 第 137 行.
[ 2013-03-06T21:44:23+08:00 ] /dd_cms_v2/config/index.php/Index/left | NOTIC: [8] Undefined variable: moduleList 196c657f8b82048b1beeb0f9599f5fdc.php 第 166 行.
[ 2013-03-06T21:44:23+08:00 ] /dd_cms_v2/config/index.php/Index/left | NOTIC: [8] Undefined variable: moduleList2 196c657f8b82048b1beeb0f9599f5fdc.php 第 188 行.
[ 2013-03-06T21:44:23+08:00 ] /dd_cms_v2/config/index.php/Index/left | NOTIC: [8] Undefined index: tab_id 196c657f8b82048b1beeb0f9599f5fdc.php 第 255 行.
[ 2013-03-06T21:44:23+08:00 ] /dd_cms_v2/config/index.php/Account/edit/id/ | ERR: (ThinkException) 
[ 2013-03-06T21:44:45+08:00 ] /dd_cms_v2/config/index.php/Account/edit/id/ | ERR: (ThinkException) 
[ 2013-03-06T21:44:45+08:00 ] /dd_cms_v2/config/index.php/Account/edit/id/ | ERR: (ThinkException) 
[ 2013-03-06T21:44:45+08:00 ] /dd_cms_v2/config/index.php/Account/edit/id/ | ERR: (ThinkException) 
[ 2013-03-06T21:44:46+08:00 ] /dd_cms_v2/config/index.php/Account/edit/id/ | ERR: (ThinkException) 
[ 2013-03-06T21:44:46+08:00 ] /dd_cms_v2/config/index.php/Account/edit/id/ | ERR: (ThinkException) 
[ 2013-03-06T21:44:46+08:00 ] /dd_cms_v2/config/index.php/Account/edit/id/ | ERR: (ThinkException) 
[ 2013-03-06T21:44:46+08:00 ] /dd_cms_v2/config/index.php/Account/edit/id/ | ERR: (ThinkException) 
[ 2013-03-06T21:45:43+08:00 ] /dd_cms_v2/config/ | NOTIC: [8] Undefined index: account_id CommonAction.class.php 第 20 行.
[ 2013-03-06T21:45:43+08:00 ] /dd_cms_v2/config/ | SQL: SHOW COLUMNS FROM `y_account` [ RunTime:0.003227s ]
[ 2013-03-06T21:45:43+08:00 ] /dd_cms_v2/config/ | SQL: SHOW COLUMNS FROM `y_category` [ RunTime:0.004575s ]
[ 2013-03-06T21:45:44+08:00 ] /dd_cms_v2/config/index.php/Index/main | NOTIC: [8] Undefined index: account_id CommonAction.class.php 第 20 行.
[ 2013-03-06T21:45:44+08:00 ] /dd_cms_v2/config/index.php/Index/main | SQL: SHOW COLUMNS FROM `y_account` [ RunTime:0.003665s ]
[ 2013-03-06T21:45:44+08:00 ] /dd_cms_v2/config/index.php/Index/main | SQL: SHOW COLUMNS FROM `y_category` [ RunTime:0.005254s ]
[ 2013-03-06T21:45:44+08:00 ] /dd_cms_v2/config/index.php/Index/main | SQL: SELECT * FROM `y_account` ORDER BY id desc [ RunTime:0.000540s ]
[ 2013-03-06T21:45:44+08:00 ] /dd_cms_v2/config/index.php/Index/main | NOTIC: [8] Undefined index: searchkey IndexAction.class.php 第 28 行.
[ 2013-03-06T21:45:44+08:00 ] /dd_cms_v2/config/index.php/Index/main | NOTIC: [8] Undefined variable: vo ae4ccf388766686c7b43ce2ff8116269.php 第 14 行.
[ 2013-03-06T21:45:44+08:00 ] /dd_cms_v2/config/index.php/Index/main | NOTIC: [8] Undefined index: website_name ae4ccf388766686c7b43ce2ff8116269.php 第 19 行.
[ 2013-03-06T21:45:44+08:00 ] /dd_cms_v2/config/index.php/Index/main | NOTIC: [8] Undefined index: url ae4ccf388766686c7b43ce2ff8116269.php 第 22 行.
[ 2013-03-06T21:45:44+08:00 ] /dd_cms_v2/config/index.php/Index/main | NOTIC: [8] Undefined index: contract_number ae4ccf388766686c7b43ce2ff8116269.php 第 29 行.
[ 2013-03-06T21:45:44+08:00 ] /dd_cms_v2/config/index.php/Index/main | NOTIC: [8] Undefined index: yy_price ae4ccf388766686c7b43ce2ff8116269.php 第 31 行.
[ 2013-03-06T21:45:44+08:00 ] /dd_cms_v2/config/index.php/Index/main | NOTIC: [8] Undefined index: service_price ae4ccf388766686c7b43ce2ff8116269.php 第 32 行.
[ 2013-03-06T21:45:44+08:00 ] /dd_cms_v2/config/index.php/Index/main | NOTIC: [8] Undefined index: begin_time ae4ccf388766686c7b43ce2ff8116269.php 第 35 行.
[ 2013-03-06T21:45:44+08:00 ] /dd_cms_v2/config/index.php/Index/main | NOTIC: [8] Undefined index: begin_time ae4ccf388766686c7b43ce2ff8116269.php 第 39 行.
[ 2013-03-06T21:45:44+08:00 ] /dd_cms_v2/config/index.php/Index/left | NOTIC: [8] Undefined index: account_id CommonAction.class.php 第 20 行.
[ 2013-03-06T21:45:44+08:00 ] /dd_cms_v2/config/index.php/Index/left | SQL: SHOW COLUMNS FROM `y_account` [ RunTime:0.005418s ]
[ 2013-03-06T21:45:44+08:00 ] /dd_cms_v2/config/index.php/Index/left | SQL: SHOW COLUMNS FROM `y_category` [ RunTime:0.005177s ]
[ 2013-03-06T21:45:44+08:00 ] /dd_cms_v2/config/index.php/Index/left | NOTIC: [8] Undefined index: account_id 196c657f8b82048b1beeb0f9599f5fdc.php 第 15 行.
[ 2013-03-06T21:45:44+08:00 ] /dd_cms_v2/config/index.php/Index/left | NOTIC: [8] Undefined variable: isConnect 196c657f8b82048b1beeb0f9599f5fdc.php 第 72 行.
[ 2013-03-06T21:45:44+08:00 ] /dd_cms_v2/config/index.php/Index/left | NOTIC: [8] Undefined variable: langList 196c657f8b82048b1beeb0f9599f5fdc.php 第 125 行.
[ 2013-03-06T21:45:44+08:00 ] /dd_cms_v2/config/index.php/Index/left | NOTIC: [8] Undefined variable: langList 196c657f8b82048b1beeb0f9599f5fdc.php 第 137 行.
[ 2013-03-06T21:45:44+08:00 ] /dd_cms_v2/config/index.php/Index/left | NOTIC: [8] Undefined variable: moduleList 196c657f8b82048b1beeb0f9599f5fdc.php 第 166 行.
[ 2013-03-06T21:45:44+08:00 ] /dd_cms_v2/config/index.php/Index/left | NOTIC: [8] Undefined variable: moduleList2 196c657f8b82048b1beeb0f9599f5fdc.php 第 188 行.
[ 2013-03-06T21:45:44+08:00 ] /dd_cms_v2/config/index.php/Index/left | NOTIC: [8] Undefined index: tab_id 196c657f8b82048b1beeb0f9599f5fdc.php 第 255 行.
[ 2013-03-06T21:45:45+08:00 ] /dd_cms_v2/config/index.php/Account/edit/id/ | ERR: (ThinkException) 
[ 2013-03-06T21:45:46+08:00 ] /dd_cms_v2/config/index.php/Account/edit/id/ | ERR: (ThinkException) 
[ 2013-03-06T22:20:59+08:00 ] /dd_cms_v2/config/ | NOTIC: [8] Undefined index: account_id CommonAction.class.php 第 20 行.
[ 2013-03-06T22:20:59+08:00 ] /dd_cms_v2/config/ | SQL: SHOW COLUMNS FROM `y_account` [ RunTime:0.003000s ]
[ 2013-03-06T22:20:59+08:00 ] /dd_cms_v2/config/ | SQL: SHOW COLUMNS FROM `y_category` [ RunTime:0.003837s ]
[ 2013-03-06T22:20:59+08:00 ] /dd_cms_v2/config/index.php/Index/main | NOTIC: [8] Undefined index: account_id CommonAction.class.php 第 20 行.
[ 2013-03-06T22:20:59+08:00 ] /dd_cms_v2/config/index.php/Index/main | SQL: SHOW COLUMNS FROM `y_account` [ RunTime:0.003921s ]
[ 2013-03-06T22:20:59+08:00 ] /dd_cms_v2/config/index.php/Index/main | SQL: SHOW COLUMNS FROM `y_category` [ RunTime:0.007319s ]
[ 2013-03-06T22:20:59+08:00 ] /dd_cms_v2/config/index.php/Index/main | SQL: SELECT * FROM `y_account` ORDER BY id desc [ RunTime:0.000812s ]
[ 2013-03-06T22:20:59+08:00 ] /dd_cms_v2/config/index.php/Index/main | NOTIC: [8] Undefined index: searchkey IndexAction.class.php 第 28 行.
[ 2013-03-06T22:20:59+08:00 ] /dd_cms_v2/config/index.php/Index/main | NOTIC: [8] Undefined variable: vo ae4ccf388766686c7b43ce2ff8116269.php 第 14 行.
[ 2013-03-06T22:20:59+08:00 ] /dd_cms_v2/config/index.php/Index/main | NOTIC: [8] Undefined index: website_name ae4ccf388766686c7b43ce2ff8116269.php 第 19 行.
[ 2013-03-06T22:20:59+08:00 ] /dd_cms_v2/config/index.php/Index/main | NOTIC: [8] Undefined index: url ae4ccf388766686c7b43ce2ff8116269.php 第 22 行.
[ 2013-03-06T22:20:59+08:00 ] /dd_cms_v2/config/index.php/Index/main | NOTIC: [8] Undefined index: contract_number ae4ccf388766686c7b43ce2ff8116269.php 第 29 行.
[ 2013-03-06T22:20:59+08:00 ] /dd_cms_v2/config/index.php/Index/main | NOTIC: [8] Undefined index: yy_price ae4ccf388766686c7b43ce2ff8116269.php 第 31 行.
[ 2013-03-06T22:20:59+08:00 ] /dd_cms_v2/config/index.php/Index/main | NOTIC: [8] Undefined index: service_price ae4ccf388766686c7b43ce2ff8116269.php 第 32 行.
[ 2013-03-06T22:20:59+08:00 ] /dd_cms_v2/config/index.php/Index/main | NOTIC: [8] Undefined index: begin_time ae4ccf388766686c7b43ce2ff8116269.php 第 35 行.
[ 2013-03-06T22:20:59+08:00 ] /dd_cms_v2/config/index.php/Index/main | NOTIC: [8] Undefined index: begin_time ae4ccf388766686c7b43ce2ff8116269.php 第 39 行.
[ 2013-03-06T22:20:59+08:00 ] /dd_cms_v2/config/index.php/Index/left | NOTIC: [8] Undefined index: account_id CommonAction.class.php 第 20 行.
[ 2013-03-06T22:20:59+08:00 ] /dd_cms_v2/config/index.php/Index/left | SQL: SHOW COLUMNS FROM `y_account` [ RunTime:0.005032s ]
[ 2013-03-06T22:20:59+08:00 ] /dd_cms_v2/config/index.php/Index/left | SQL: SHOW COLUMNS FROM `y_category` [ RunTime:0.004775s ]
[ 2013-03-06T22:20:59+08:00 ] /dd_cms_v2/config/index.php/Index/left | NOTIC: [8] Undefined index: account_id 196c657f8b82048b1beeb0f9599f5fdc.php 第 15 行.
[ 2013-03-06T22:20:59+08:00 ] /dd_cms_v2/config/index.php/Index/left | NOTIC: [8] Undefined variable: isConnect 196c657f8b82048b1beeb0f9599f5fdc.php 第 72 行.
[ 2013-03-06T22:20:59+08:00 ] /dd_cms_v2/config/index.php/Index/left | NOTIC: [8] Undefined variable: langList 196c657f8b82048b1beeb0f9599f5fdc.php 第 125 行.
[ 2013-03-06T22:20:59+08:00 ] /dd_cms_v2/config/index.php/Index/left | NOTIC: [8] Undefined variable: langList 196c657f8b82048b1beeb0f9599f5fdc.php 第 137 行.
[ 2013-03-06T22:20:59+08:00 ] /dd_cms_v2/config/index.php/Index/left | NOTIC: [8] Undefined variable: moduleList 196c657f8b82048b1beeb0f9599f5fdc.php 第 166 行.
[ 2013-03-06T22:20:59+08:00 ] /dd_cms_v2/config/index.php/Index/left | NOTIC: [8] Undefined variable: moduleList2 196c657f8b82048b1beeb0f9599f5fdc.php 第 188 行.
[ 2013-03-06T22:20:59+08:00 ] /dd_cms_v2/config/index.php/Index/left | NOTIC: [8] Undefined index: tab_id 196c657f8b82048b1beeb0f9599f5fdc.php 第 255 行.
[ 2013-03-06T22:21:01+08:00 ] /dd_cms_v2/config/index.php/Account/edit/id/ | NOTIC: [8] Undefined index: id AccountAction.class.php 第 6 行.
[ 2013-03-06T22:21:01+08:00 ] /dd_cms_v2/config/index.php/Account/edit/id/ | NOTIC: [8] Undefined index: account_id CommonAction.class.php 第 20 行.
[ 2013-03-06T22:21:01+08:00 ] /dd_cms_v2/config/index.php/Account/edit/id/ | SQL: SHOW COLUMNS FROM `y_account` [ RunTime:0.002990s ]
[ 2013-03-06T22:21:01+08:00 ] /dd_cms_v2/config/index.php/Account/edit/id/ | SQL: SHOW COLUMNS FROM `y_category` [ RunTime:0.004202s ]
[ 2013-03-06T22:21:01+08:00 ] /dd_cms_v2/config/index.php/Account/edit/id/ | SQL: SELECT `alias` FROM `y_category` WHERE ( `pid` = 3 ) AND ( `is_default` = 1 ) LIMIT 1  [ RunTime:0.000294s ]
[ 2013-03-06T22:21:01+08:00 ] /dd_cms_v2/config/index.php/Account/edit/id/ | SQL: SELECT * FROM `y_category` WHERE ( `pid` = 12 ) ORDER BY ordernum desc [ RunTime:0.000802s ]
[ 2013-03-06T22:21:01+08:00 ] /dd_cms_v2/config/index.php/Account/edit/id/ | SQL: SELECT * FROM `y_category` WHERE ( `pid` = 12 ) AND ( `is_publish` = 1 ) ORDER BY ordernum desc [ RunTime:0.000849s ]
[ 2013-03-06T22:21:01+08:00 ] /dd_cms_v2/config/index.php/Account/edit/id/ | SQL: SELECT * FROM `y_category` WHERE ( `pid` IN ('3','4') ) ORDER BY ordernum desc [ RunTime:0.000772s ]
[ 2013-03-06T22:21:01+08:00 ] /dd_cms_v2/config/index.php/Account/edit/id/ | NOTIC: [8] Undefined index: account_id 196c657f8b82048b1beeb0f9599f5fdc.php 第 15 行.
[ 2013-03-06T22:21:01+08:00 ] /dd_cms_v2/config/index.php/Account/edit/id/ | NOTIC: [8] Undefined index: tab_id 196c657f8b82048b1beeb0f9599f5fdc.php 第 255 行.
[ 2013-03-06T22:21:02+08:00 ] /dd_cms_v2/config/index.php/Account/edit/id/ | NOTIC: [8] Undefined index: id AccountAction.class.php 第 6 行.
[ 2013-03-06T22:21:02+08:00 ] /dd_cms_v2/config/index.php/Account/edit/id/ | NOTIC: [8] Undefined index: account_id CommonAction.class.php 第 20 行.
[ 2013-03-06T22:21:02+08:00 ] /dd_cms_v2/config/index.php/Account/edit/id/ | SQL: SHOW COLUMNS FROM `y_account` [ RunTime:0.003056s ]
[ 2013-03-06T22:21:02+08:00 ] /dd_cms_v2/config/index.php/Account/edit/id/ | SQL: SHOW COLUMNS FROM `y_category` [ RunTime:0.003762s ]
[ 2013-03-06T22:21:02+08:00 ] /dd_cms_v2/config/index.php/Account/edit/id/ | SQL: SELECT `alias` FROM `y_category` WHERE ( `pid` = 3 ) AND ( `is_default` = 1 ) LIMIT 1  [ RunTime:0.000257s ]
[ 2013-03-06T22:21:02+08:00 ] /dd_cms_v2/config/index.php/Account/edit/id/ | SQL: SELECT * FROM `y_category` WHERE ( `pid` = 12 ) ORDER BY ordernum desc [ RunTime:0.000835s ]
[ 2013-03-06T22:21:02+08:00 ] /dd_cms_v2/config/index.php/Account/edit/id/ | SQL: SELECT * FROM `y_category` WHERE ( `pid` = 12 ) AND ( `is_publish` = 1 ) ORDER BY ordernum desc [ RunTime:0.000937s ]
[ 2013-03-06T22:21:02+08:00 ] /dd_cms_v2/config/index.php/Account/edit/id/ | SQL: SELECT * FROM `y_category` WHERE ( `pid` IN ('3','4') ) ORDER BY ordernum desc [ RunTime:0.000799s ]
[ 2013-03-06T22:21:02+08:00 ] /dd_cms_v2/config/index.php/Account/edit/id/ | NOTIC: [8] Undefined index: account_id 196c657f8b82048b1beeb0f9599f5fdc.php 第 15 行.
[ 2013-03-06T22:21:02+08:00 ] /dd_cms_v2/config/index.php/Account/edit/id/ | NOTIC: [8] Undefined index: tab_id 196c657f8b82048b1beeb0f9599f5fdc.php 第 255 行.
[ 2013-03-06T22:23:30+08:00 ] /dd_cms_v2/config/ | NOTIC: [8] Undefined index: account_id CommonAction.class.php 第 20 行.
[ 2013-03-06T22:23:30+08:00 ] /dd_cms_v2/config/ | SQL: SHOW COLUMNS FROM `y_account` [ RunTime:0.005372s ]
[ 2013-03-06T22:23:30+08:00 ] /dd_cms_v2/config/ | SQL: SHOW COLUMNS FROM `y_category` [ RunTime:0.004972s ]
[ 2013-03-06T22:23:30+08:00 ] /dd_cms_v2/config/index.php/Index/left | NOTIC: [8] Undefined index: account_id CommonAction.class.php 第 20 行.
[ 2013-03-06T22:23:30+08:00 ] /dd_cms_v2/config/index.php/Index/left | SQL: SHOW COLUMNS FROM `y_account` [ RunTime:0.003194s ]
[ 2013-03-06T22:23:30+08:00 ] /dd_cms_v2/config/index.php/Index/left | SQL: SHOW COLUMNS FROM `y_category` [ RunTime:0.004520s ]
[ 2013-03-06T22:23:30+08:00 ] /dd_cms_v2/config/index.php/Index/left | NOTIC: [8] Undefined index: account_id 196c657f8b82048b1beeb0f9599f5fdc.php 第 15 行.
[ 2013-03-06T22:23:30+08:00 ] /dd_cms_v2/config/index.php/Index/left | NOTIC: [8] Undefined variable: isConnect 196c657f8b82048b1beeb0f9599f5fdc.php 第 72 行.
[ 2013-03-06T22:23:30+08:00 ] /dd_cms_v2/config/index.php/Index/left | NOTIC: [8] Undefined variable: langList 196c657f8b82048b1beeb0f9599f5fdc.php 第 125 行.
[ 2013-03-06T22:23:30+08:00 ] /dd_cms_v2/config/index.php/Index/left | NOTIC: [8] Undefined variable: langList 196c657f8b82048b1beeb0f9599f5fdc.php 第 137 行.
[ 2013-03-06T22:23:30+08:00 ] /dd_cms_v2/config/index.php/Index/left | NOTIC: [8] Undefined variable: moduleList 196c657f8b82048b1beeb0f9599f5fdc.php 第 166 行.
[ 2013-03-06T22:23:30+08:00 ] /dd_cms_v2/config/index.php/Index/left | NOTIC: [8] Undefined variable: moduleList2 196c657f8b82048b1beeb0f9599f5fdc.php 第 188 行.
[ 2013-03-06T22:23:30+08:00 ] /dd_cms_v2/config/index.php/Index/left | NOTIC: [8] Undefined index: tab_id 196c657f8b82048b1beeb0f9599f5fdc.php 第 255 行.
[ 2013-03-06T22:23:30+08:00 ] /dd_cms_v2/config/index.php/Index/main | NOTIC: [8] Undefined index: account_id CommonAction.class.php 第 20 行.
[ 2013-03-06T22:23:30+08:00 ] /dd_cms_v2/config/index.php/Index/main | SQL: SHOW COLUMNS FROM `y_account` [ RunTime:0.004269s ]
[ 2013-03-06T22:23:30+08:00 ] /dd_cms_v2/config/index.php/Index/main | SQL: SHOW COLUMNS FROM `y_category` [ RunTime:0.004623s ]
[ 2013-03-06T22:23:30+08:00 ] /dd_cms_v2/config/index.php/Index/main | SQL: SELECT * FROM `y_account` ORDER BY id desc [ RunTime:0.000608s ]
[ 2013-03-06T22:23:30+08:00 ] /dd_cms_v2/config/index.php/Index/main | NOTIC: [8] Undefined index: searchkey IndexAction.class.php 第 28 行.
[ 2013-03-06T22:23:30+08:00 ] /dd_cms_v2/config/index.php/Index/main | NOTIC: [8] Undefined variable: vo ae4ccf388766686c7b43ce2ff8116269.php 第 14 行.
[ 2013-03-06T22:23:30+08:00 ] /dd_cms_v2/config/index.php/Index/main | NOTIC: [8] Undefined index: website_name ae4ccf388766686c7b43ce2ff8116269.php 第 19 行.
[ 2013-03-06T22:23:30+08:00 ] /dd_cms_v2/config/index.php/Index/main | NOTIC: [8] Undefined index: url ae4ccf388766686c7b43ce2ff8116269.php 第 22 行.
[ 2013-03-06T22:23:30+08:00 ] /dd_cms_v2/config/index.php/Index/main | NOTIC: [8] Undefined index: contract_number ae4ccf388766686c7b43ce2ff8116269.php 第 29 行.
[ 2013-03-06T22:23:30+08:00 ] /dd_cms_v2/config/index.php/Index/main | NOTIC: [8] Undefined index: yy_price ae4ccf388766686c7b43ce2ff8116269.php 第 31 行.
[ 2013-03-06T22:23:30+08:00 ] /dd_cms_v2/config/index.php/Index/main | NOTIC: [8] Undefined index: service_price ae4ccf388766686c7b43ce2ff8116269.php 第 32 行.
[ 2013-03-06T22:23:30+08:00 ] /dd_cms_v2/config/index.php/Index/main | NOTIC: [8] Undefined index: begin_time ae4ccf388766686c7b43ce2ff8116269.php 第 35 行.
[ 2013-03-06T22:23:30+08:00 ] /dd_cms_v2/config/index.php/Index/main | NOTIC: [8] Undefined index: begin_time ae4ccf388766686c7b43ce2ff8116269.php 第 39 行.
[ 2013-03-06T22:23:31+08:00 ] /dd_cms_v2/config/index.php/Account/edit/id/ | NOTIC: [8] Undefined index: id AccountAction.class.php 第 6 行.
[ 2013-03-06T22:23:31+08:00 ] /dd_cms_v2/config/index.php/Account/edit/id/ | NOTIC: [8] Undefined index: account_id CommonAction.class.php 第 20 行.
[ 2013-03-06T22:23:31+08:00 ] /dd_cms_v2/config/index.php/Account/edit/id/ | SQL: SHOW COLUMNS FROM `y_account` [ RunTime:0.003289s ]
[ 2013-03-06T22:23:31+08:00 ] /dd_cms_v2/config/index.php/Account/edit/id/ | SQL: SHOW COLUMNS FROM `y_category` [ RunTime:0.004051s ]
[ 2013-03-06T22:23:31+08:00 ] /dd_cms_v2/config/index.php/Account/edit/id/ | SQL: SELECT `alias` FROM `y_category` WHERE ( `pid` = 3 ) AND ( `is_default` = 1 ) LIMIT 1  [ RunTime:0.000319s ]
[ 2013-03-06T22:23:31+08:00 ] /dd_cms_v2/config/index.php/Account/edit/id/ | SQL: SELECT * FROM `y_category` WHERE ( `pid` = 12 ) ORDER BY ordernum desc [ RunTime:0.000900s ]
[ 2013-03-06T22:23:31+08:00 ] /dd_cms_v2/config/index.php/Account/edit/id/ | SQL: SELECT * FROM `y_category` WHERE ( `pid` = 12 ) AND ( `is_publish` = 1 ) ORDER BY ordernum desc [ RunTime:0.000823s ]
[ 2013-03-06T22:23:31+08:00 ] /dd_cms_v2/config/index.php/Account/edit/id/ | SQL: SELECT * FROM `y_category` WHERE ( `pid` IN ('3','4') ) ORDER BY ordernum desc [ RunTime:0.000737s ]
[ 2013-03-06T22:23:31+08:00 ] /dd_cms_v2/config/index.php/Account/edit/id/ | NOTIC: [8] Undefined index: account_id 196c657f8b82048b1beeb0f9599f5fdc.php 第 15 行.
[ 2013-03-06T22:23:31+08:00 ] /dd_cms_v2/config/index.php/Account/edit/id/ | NOTIC: [8] Undefined index: tab_id 196c657f8b82048b1beeb0f9599f5fdc.php 第 255 行.
