[ 2013-02-28T10:49:38+08:00 ] /yy_v2/y_dd/yconfig/ | NOTIC: [8] Undefined index: account_id CommonAction.class.php 第 20 行.
[ 2013-02-28T10:49:38+08:00 ] /yy_v2/y_dd/yconfig/ | SQL: SHOW COLUMNS FROM `y_account` [ RunTime:0.002187s ]
[ 2013-02-28T10:49:38+08:00 ] /yy_v2/y_dd/yconfig/ | SQL: SHOW COLUMNS FROM `y_category` [ RunTime:0.002589s ]
[ 2013-02-28T10:49:39+08:00 ] /yy_v2/y_dd/yconfig/index.php/Index/left | NOTIC: [8] Undefined index: account_id CommonAction.class.php 第 20 行.
[ 2013-02-28T10:49:39+08:00 ] /yy_v2/y_dd/yconfig/index.php/Index/left | SQL: SHOW COLUMNS FROM `y_account` [ RunTime:0.001992s ]
[ 2013-02-28T10:49:39+08:00 ] /yy_v2/y_dd/yconfig/index.php/Index/left | SQL: SHOW COLUMNS FROM `y_category` [ RunTime:0.003738s ]
[ 2013-02-28T10:49:39+08:00 ] /yy_v2/y_dd/yconfig/index.php/Index/left | NOTIC: [8] Undefined index: account_id 196c657f8b82048b1beeb0f9599f5fdc.php 第 15 行.
[ 2013-02-28T10:49:39+08:00 ] /yy_v2/y_dd/yconfig/index.php/Index/left | NOTIC: [8] Undefined variable: isConnect 196c657f8b82048b1beeb0f9599f5fdc.php 第 72 行.
[ 2013-02-28T10:49:39+08:00 ] /yy_v2/y_dd/yconfig/index.php/Index/left | NOTIC: [8] Undefined variable: langList 196c657f8b82048b1beeb0f9599f5fdc.php 第 125 行.
[ 2013-02-28T10:49:39+08:00 ] /yy_v2/y_dd/yconfig/index.php/Index/left | NOTIC: [8] Undefined variable: langList 196c657f8b82048b1beeb0f9599f5fdc.php 第 137 行.
[ 2013-02-28T10:49:39+08:00 ] /yy_v2/y_dd/yconfig/index.php/Index/left | NOTIC: [8] Undefined variable: moduleList 196c657f8b82048b1beeb0f9599f5fdc.php 第 166 行.
[ 2013-02-28T10:49:39+08:00 ] /yy_v2/y_dd/yconfig/index.php/Index/left | NOTIC: [8] Undefined variable: moduleList2 196c657f8b82048b1beeb0f9599f5fdc.php 第 188 行.
[ 2013-02-28T10:49:39+08:00 ] /yy_v2/y_dd/yconfig/index.php/Index/left | NOTIC: [8] Undefined index: tab_id 196c657f8b82048b1beeb0f9599f5fdc.php 第 255 行.
[ 2013-02-28T10:49:39+08:00 ] /yy_v2/y_dd/yconfig/index.php/Index/main | NOTIC: [8] Undefined index: account_id CommonAction.class.php 第 20 行.
[ 2013-02-28T10:49:39+08:00 ] /yy_v2/y_dd/yconfig/index.php/Index/main | SQL: SHOW COLUMNS FROM `y_account` [ RunTime:0.002644s ]
[ 2013-02-28T10:49:39+08:00 ] /yy_v2/y_dd/yconfig/index.php/Index/main | SQL: SHOW COLUMNS FROM `y_category` [ RunTime:0.006825s ]
[ 2013-02-28T10:49:39+08:00 ] /yy_v2/y_dd/yconfig/index.php/Index/main | SQL: SELECT * FROM `y_account` ORDER BY id desc [ RunTime:0.000492s ]
[ 2013-02-28T10:49:39+08:00 ] /yy_v2/y_dd/yconfig/index.php/Index/main | NOTIC: [8] Undefined index: searchkey IndexAction.class.php 第 28 行.
[ 2013-02-28T10:49:39+08:00 ] /yy_v2/y_dd/yconfig/index.php/Index/main | NOTIC: [8] Undefined variable: vo ae4ccf388766686c7b43ce2ff8116269.php 第 14 行.
[ 2013-02-28T10:49:39+08:00 ] /yy_v2/y_dd/yconfig/index.php/Index/main | NOTIC: [8] Undefined index: website_name ae4ccf388766686c7b43ce2ff8116269.php 第 19 行.
[ 2013-02-28T10:49:39+08:00 ] /yy_v2/y_dd/yconfig/index.php/Index/main | NOTIC: [8] Undefined index: url ae4ccf388766686c7b43ce2ff8116269.php 第 22 行.
[ 2013-02-28T10:49:39+08:00 ] /yy_v2/y_dd/yconfig/index.php/Index/main | NOTIC: [8] Undefined index: contract_number ae4ccf388766686c7b43ce2ff8116269.php 第 29 行.
[ 2013-02-28T10:49:39+08:00 ] /yy_v2/y_dd/yconfig/index.php/Index/main | NOTIC: [8] Undefined index: yy_price ae4ccf388766686c7b43ce2ff8116269.php 第 31 行.
[ 2013-02-28T10:49:39+08:00 ] /yy_v2/y_dd/yconfig/index.php/Index/main | NOTIC: [8] Undefined index: service_price ae4ccf388766686c7b43ce2ff8116269.php 第 32 行.
[ 2013-02-28T10:49:39+08:00 ] /yy_v2/y_dd/yconfig/index.php/Index/main | NOTIC: [8] Undefined index: begin_time ae4ccf388766686c7b43ce2ff8116269.php 第 35 行.
[ 2013-02-28T10:49:39+08:00 ] /yy_v2/y_dd/yconfig/index.php/Index/main | NOTIC: [8] Undefined index: begin_time ae4ccf388766686c7b43ce2ff8116269.php 第 39 行.
[ 2013-02-28T10:49:40+08:00 ] /yy_v2/y_dd/yconfig/index.php/Account/edit/id/ | NOTIC: [8] Undefined index: id AccountAction.class.php 第 6 行.
[ 2013-02-28T10:49:40+08:00 ] /yy_v2/y_dd/yconfig/index.php/Account/edit/id/ | NOTIC: [8] Undefined index: account_id CommonAction.class.php 第 20 行.
[ 2013-02-28T10:49:40+08:00 ] /yy_v2/y_dd/yconfig/index.php/Account/edit/id/ | SQL: SHOW COLUMNS FROM `y_account` [ RunTime:0.002051s ]
[ 2013-02-28T10:49:40+08:00 ] /yy_v2/y_dd/yconfig/index.php/Account/edit/id/ | SQL: SHOW COLUMNS FROM `y_category` [ RunTime:0.002834s ]
[ 2013-02-28T10:49:40+08:00 ] /yy_v2/y_dd/yconfig/index.php/Account/edit/id/ | SQL: SELECT `alias` FROM `y_category` WHERE ( `pid` = 3 ) AND ( `is_default` = 1 ) LIMIT 1  [ RunTime:0.000391s ]
[ 2013-02-28T10:49:40+08:00 ] /yy_v2/y_dd/yconfig/index.php/Account/edit/id/ | SQL: SELECT * FROM `y_category` WHERE ( `pid` = 12 ) ORDER BY ordernum desc [ RunTime:0.000923s ]
[ 2013-02-28T10:49:40+08:00 ] /yy_v2/y_dd/yconfig/index.php/Account/edit/id/ | SQL: SELECT * FROM `y_category` WHERE ( `pid` = 12 ) AND ( `is_publish` = 1 ) ORDER BY ordernum desc [ RunTime:0.000734s ]
[ 2013-02-28T10:49:40+08:00 ] /yy_v2/y_dd/yconfig/index.php/Account/edit/id/ | SQL: SELECT * FROM `y_category` WHERE ( `pid` IN ('3','4') ) ORDER BY ordernum desc [ RunTime:0.000709s ]
[ 2013-02-28T10:49:40+08:00 ] /yy_v2/y_dd/yconfig/index.php/Account/edit/id/ | NOTIC: [8] Undefined index: account_id 196c657f8b82048b1beeb0f9599f5fdc.php 第 15 行.
[ 2013-02-28T10:49:40+08:00 ] /yy_v2/y_dd/yconfig/index.php/Account/edit/id/ | NOTIC: [8] Undefined index: tab_id 196c657f8b82048b1beeb0f9599f5fdc.php 第 255 行.
[ 2013-02-28T10:49:43+08:00 ] /yy_v2/y_dd/yconfig/index.php/Category/editNav/account_id/231/id/37 | NOTIC: [8] Undefined index: account_id CommonAction.class.php 第 20 行.
[ 2013-02-28T10:49:43+08:00 ] /yy_v2/y_dd/yconfig/index.php/Category/editNav/account_id/231/id/37 | SQL: SHOW COLUMNS FROM `y_account` [ RunTime:0.001629s ]
[ 2013-02-28T10:49:43+08:00 ] /yy_v2/y_dd/yconfig/index.php/Category/editNav/account_id/231/id/37 | SQL: SHOW COLUMNS FROM `y_category` [ RunTime:0.002694s ]
[ 2013-02-28T10:49:43+08:00 ] /yy_v2/y_dd/yconfig/index.php/Category/editNav/account_id/231/id/37 | SQL: SELECT * FROM `y_category` WHERE ( `id` = '37' ) LIMIT 1  [ RunTime:0.000593s ]
[ 2013-02-28T10:49:43+08:00 ] /yy_v2/y_dd/yconfig/index.php/Category/editNav/account_id/231/id/37 | SQL: SELECT * FROM `y_category` WHERE ( `pid` = 3 ) AND ( `is_publish` = 1 ) ORDER BY is_default desc,ordernum desc [ RunTime:0.001445s ]
[ 2013-02-28T10:49:48+08:00 ] /yy_v2/y_dd/yconfig/index.php/Category/editNav/account_id/231/id/28 | NOTIC: [8] Undefined index: account_id CommonAction.class.php 第 20 行.
[ 2013-02-28T10:49:48+08:00 ] /yy_v2/y_dd/yconfig/index.php/Category/editNav/account_id/231/id/28 | SQL: SHOW COLUMNS FROM `y_account` [ RunTime:0.001598s ]
[ 2013-02-28T10:49:48+08:00 ] /yy_v2/y_dd/yconfig/index.php/Category/editNav/account_id/231/id/28 | SQL: SHOW COLUMNS FROM `y_category` [ RunTime:0.002819s ]
[ 2013-02-28T10:49:48+08:00 ] /yy_v2/y_dd/yconfig/index.php/Category/editNav/account_id/231/id/28 | SQL: SELECT * FROM `y_category` WHERE ( `id` = '28' ) LIMIT 1  [ RunTime:0.000434s ]
[ 2013-02-28T10:49:48+08:00 ] /yy_v2/y_dd/yconfig/index.php/Category/editNav/account_id/231/id/28 | SQL: SELECT * FROM `y_category` WHERE ( `pid` = 3 ) AND ( `is_publish` = 1 ) ORDER BY is_default desc,ordernum desc [ RunTime:0.000615s ]
[ 2013-02-28T10:50:05+08:00 ] /yy_v2/y_dd/yconfig/index.php/Category/edit/id/28/aid/ | NOTIC: [8] Undefined index: account_id CommonAction.class.php 第 20 行.
[ 2013-02-28T10:50:05+08:00 ] /yy_v2/y_dd/yconfig/index.php/Category/edit/id/28/aid/ | SQL: SHOW COLUMNS FROM `y_account` [ RunTime:0.001547s ]
[ 2013-02-28T10:50:05+08:00 ] /yy_v2/y_dd/yconfig/index.php/Category/edit/id/28/aid/ | SQL: SHOW COLUMNS FROM `y_category` [ RunTime:0.002624s ]
[ 2013-02-28T10:50:05+08:00 ] /yy_v2/y_dd/yconfig/index.php/Category/edit/id/28/aid/ | NOTIC: [8] Undefined index: aid CategoryAction.class.php 第 15 行.
[ 2013-02-28T10:50:05+08:00 ] /yy_v2/y_dd/yconfig/index.php/Category/edit/id/28/aid/ | NOTIC: [8] Undefined index: act CategoryAction.class.php 第 16 行.
[ 2013-02-28T10:50:05+08:00 ] /yy_v2/y_dd/yconfig/index.php/Category/edit/id/28/aid/ | SQL: SELECT * FROM `y_category` WHERE ( `id` = '28' ) LIMIT 1  [ RunTime:0.000465s ]
[ 2013-02-28T10:50:05+08:00 ] /yy_v2/y_dd/yconfig/index.php/Category/edit/id/28/aid/ | SQL: SELECT * FROM `y_category` WHERE ( `pid` = '12' ) ORDER BY ordernum desc [ RunTime:0.000740s ]
[ 2013-02-28T10:50:05+08:00 ] /yy_v2/y_dd/yconfig/index.php/Category/edit/id/28/aid/ | SQL: SELECT * FROM `y_category` WHERE ( `pid` = 3 ) AND ( `is_publish` = 1 ) ORDER BY is_default desc,ordernum desc [ RunTime:0.000656s ]
[ 2013-02-28T10:50:05+08:00 ] /yy_v2/y_dd/yconfig/index.php/Category/edit/id/28/aid/ | NOTIC: [8] Undefined variable: obj 5c3c2ff56e16b6b6ee1bdeb1ff3f266a.php 第 14 行.
[ 2013-02-28T10:50:05+08:00 ] /yy_v2/y_dd/yconfig/index.php/Category/edit/id/28/aid/ | NOTIC: [8] Undefined variable: obj 5c3c2ff56e16b6b6ee1bdeb1ff3f266a.php 第 15 行.
[ 2013-02-28T10:50:05+08:00 ] /yy_v2/y_dd/yconfig/index.php/Category/edit/id/28/aid/ | NOTIC: [8] Undefined variable: obj 5c3c2ff56e16b6b6ee1bdeb1ff3f266a.php 第 41 行.
[ 2013-02-28T10:50:05+08:00 ] /yy_v2/y_dd/yconfig/index.php/Category/edit/id/28/aid/ | NOTIC: [8] Undefined variable: obj 5c3c2ff56e16b6b6ee1bdeb1ff3f266a.php 第 45 行.
[ 2013-02-28T10:50:05+08:00 ] /yy_v2/y_dd/yconfig/index.php/Category/edit/id/28/aid/ | NOTIC: [8] Undefined variable: obj 5c3c2ff56e16b6b6ee1bdeb1ff3f266a.php 第 63 行.
[ 2013-02-28T10:50:05+08:00 ] /yy_v2/y_dd/yconfig/index.php/Category/edit/id/28/aid/ | NOTIC: [8] Undefined variable: obj 5c3c2ff56e16b6b6ee1bdeb1ff3f266a.php 第 67 行.
[ 2013-02-28T10:50:05+08:00 ] /yy_v2/y_dd/yconfig/index.php/Category/edit/id/28/aid/ | NOTIC: [8] Undefined variable: obj 5c3c2ff56e16b6b6ee1bdeb1ff3f266a.php 第 71 行.
[ 2013-02-28T10:50:05+08:00 ] /yy_v2/y_dd/yconfig/index.php/Category/edit/id/28/aid/ | NOTIC: [8] Undefined variable: obj 5c3c2ff56e16b6b6ee1bdeb1ff3f266a.php 第 75 行.
[ 2013-02-28T10:50:05+08:00 ] /yy_v2/y_dd/yconfig/index.php/Category/edit/id/28/aid/ | NOTIC: [8] Undefined variable: obj 5c3c2ff56e16b6b6ee1bdeb1ff3f266a.php 第 79 行.
[ 2013-02-28T10:50:05+08:00 ] /yy_v2/y_dd/yconfig/index.php/Category/edit/id/28/aid/ | NOTIC: [8] Undefined variable: obj 5c3c2ff56e16b6b6ee1bdeb1ff3f266a.php 第 100 行.
[ 2013-02-28T10:50:05+08:00 ] /yy_v2/y_dd/yconfig/index.php/Category/edit/id/28/aid/ | NOTIC: [8] Undefined variable: obj 5c3c2ff56e16b6b6ee1bdeb1ff3f266a.php 第 101 行.
[ 2013-02-28T10:50:05+08:00 ] /yy_v2/y_dd/yconfig/index.php/Category/edit/id/28/aid/ | NOTIC: [8] Undefined variable: obj 5c3c2ff56e16b6b6ee1bdeb1ff3f266a.php 第 130 行.
[ 2013-02-28T10:50:05+08:00 ] /yy_v2/y_dd/yconfig/index.php/Category/edit/id/28/aid/ | NOTIC: [8] Undefined variable: obj 5c3c2ff56e16b6b6ee1bdeb1ff3f266a.php 第 131 行.
[ 2013-02-28T10:50:05+08:00 ] /yy_v2/y_dd/yconfig/index.php/Category/edit/id/28/aid/ | NOTIC: [8] Undefined variable: obj 5c3c2ff56e16b6b6ee1bdeb1ff3f266a.php 第 132 行.
[ 2013-02-28T10:50:05+08:00 ] /yy_v2/y_dd/yconfig/index.php/Category/edit/id/28/aid/ | NOTIC: [8] Undefined variable: obj 5c3c2ff56e16b6b6ee1bdeb1ff3f266a.php 第 133 行.
[ 2013-02-28T10:50:05+08:00 ] /yy_v2/y_dd/yconfig/index.php/Category/edit/id/28/aid/ | NOTIC: [8] Undefined index: aid 5c3c2ff56e16b6b6ee1bdeb1ff3f266a.php 第 179 行.
[ 2013-02-28T10:50:05+08:00 ] /yy_v2/y_dd/yconfig/index.php/Category/edit/id/28/aid/ | NOTIC: [8] Undefined variable: obj 5c3c2ff56e16b6b6ee1bdeb1ff3f266a.php 第 212 行.
[ 2013-02-28T10:52:00+08:00 ] /yy_v2/y_dd/yconfig/index.php/Category/editNav/account_id/231/id/28 | NOTIC: [8] Undefined index: account_id CommonAction.class.php 第 20 行.
[ 2013-02-28T10:52:00+08:00 ] /yy_v2/y_dd/yconfig/index.php/Category/editNav/account_id/231/id/28 | SQL: SHOW COLUMNS FROM `y_account` [ RunTime:0.002086s ]
[ 2013-02-28T10:52:00+08:00 ] /yy_v2/y_dd/yconfig/index.php/Category/editNav/account_id/231/id/28 | SQL: SHOW COLUMNS FROM `y_category` [ RunTime:0.003582s ]
[ 2013-02-28T10:52:00+08:00 ] /yy_v2/y_dd/yconfig/index.php/Category/editNav/account_id/231/id/28 | SQL: SELECT * FROM `y_category` WHERE ( `id` = '28' ) LIMIT 1  [ RunTime:0.000453s ]
[ 2013-02-28T10:52:00+08:00 ] /yy_v2/y_dd/yconfig/index.php/Category/editNav/account_id/231/id/28 | SQL: SELECT * FROM `y_category` WHERE ( `pid` = 3 ) AND ( `is_publish` = 1 ) ORDER BY is_default desc,ordernum desc [ RunTime:0.000632s ]
[ 2013-02-28T11:19:27+08:00 ] /yy_v2/y_dd/yconfig/index.php/Category/edit/id/28/aid/ | NOTIC: [8] Undefined index: account_id CommonAction.class.php 第 20 行.
[ 2013-02-28T11:19:27+08:00 ] /yy_v2/y_dd/yconfig/index.php/Category/edit/id/28/aid/ | SQL: SHOW COLUMNS FROM `y_account` [ RunTime:0.002110s ]
[ 2013-02-28T11:19:27+08:00 ] /yy_v2/y_dd/yconfig/index.php/Category/edit/id/28/aid/ | SQL: SHOW COLUMNS FROM `y_category` [ RunTime:0.003660s ]
[ 2013-02-28T11:19:27+08:00 ] /yy_v2/y_dd/yconfig/index.php/Category/edit/id/28/aid/ | NOTIC: [8] Undefined index: aid CategoryAction.class.php 第 15 行.
[ 2013-02-28T11:19:27+08:00 ] /yy_v2/y_dd/yconfig/index.php/Category/edit/id/28/aid/ | NOTIC: [8] Undefined index: act CategoryAction.class.php 第 16 行.
[ 2013-02-28T11:19:27+08:00 ] /yy_v2/y_dd/yconfig/index.php/Category/edit/id/28/aid/ | SQL: SELECT * FROM `y_category` WHERE ( `id` = '28' ) LIMIT 1  [ RunTime:0.000555s ]
[ 2013-02-28T11:19:27+08:00 ] /yy_v2/y_dd/yconfig/index.php/Category/edit/id/28/aid/ | SQL: SELECT * FROM `y_category` WHERE ( `pid` = '12' ) ORDER BY ordernum desc [ RunTime:0.000738s ]
[ 2013-02-28T11:19:27+08:00 ] /yy_v2/y_dd/yconfig/index.php/Category/edit/id/28/aid/ | SQL: SELECT * FROM `y_category` WHERE ( `pid` = 3 ) AND ( `is_publish` = 1 ) ORDER BY is_default desc,ordernum desc [ RunTime:0.000595s ]
[ 2013-02-28T11:19:27+08:00 ] /yy_v2/y_dd/yconfig/index.php/Category/edit/id/28/aid/ | NOTIC: [8] Undefined variable: obj 5c3c2ff56e16b6b6ee1bdeb1ff3f266a.php 第 14 行.
[ 2013-02-28T11:19:27+08:00 ] /yy_v2/y_dd/yconfig/index.php/Category/edit/id/28/aid/ | NOTIC: [8] Undefined variable: obj 5c3c2ff56e16b6b6ee1bdeb1ff3f266a.php 第 15 行.
[ 2013-02-28T11:19:27+08:00 ] /yy_v2/y_dd/yconfig/index.php/Category/edit/id/28/aid/ | NOTIC: [8] Undefined variable: obj 5c3c2ff56e16b6b6ee1bdeb1ff3f266a.php 第 41 行.
[ 2013-02-28T11:19:27+08:00 ] /yy_v2/y_dd/yconfig/index.php/Category/edit/id/28/aid/ | NOTIC: [8] Undefined variable: obj 5c3c2ff56e16b6b6ee1bdeb1ff3f266a.php 第 45 行.
[ 2013-02-28T11:19:27+08:00 ] /yy_v2/y_dd/yconfig/index.php/Category/edit/id/28/aid/ | NOTIC: [8] Undefined variable: obj 5c3c2ff56e16b6b6ee1bdeb1ff3f266a.php 第 63 行.
[ 2013-02-28T11:19:27+08:00 ] /yy_v2/y_dd/yconfig/index.php/Category/edit/id/28/aid/ | NOTIC: [8] Undefined variable: obj 5c3c2ff56e16b6b6ee1bdeb1ff3f266a.php 第 67 行.
[ 2013-02-28T11:19:27+08:00 ] /yy_v2/y_dd/yconfig/index.php/Category/edit/id/28/aid/ | NOTIC: [8] Undefined variable: obj 5c3c2ff56e16b6b6ee1bdeb1ff3f266a.php 第 71 行.
[ 2013-02-28T11:19:27+08:00 ] /yy_v2/y_dd/yconfig/index.php/Category/edit/id/28/aid/ | NOTIC: [8] Undefined variable: obj 5c3c2ff56e16b6b6ee1bdeb1ff3f266a.php 第 75 行.
[ 2013-02-28T11:19:27+08:00 ] /yy_v2/y_dd/yconfig/index.php/Category/edit/id/28/aid/ | NOTIC: [8] Undefined variable: obj 5c3c2ff56e16b6b6ee1bdeb1ff3f266a.php 第 79 行.
[ 2013-02-28T11:19:27+08:00 ] /yy_v2/y_dd/yconfig/index.php/Category/edit/id/28/aid/ | NOTIC: [8] Undefined variable: obj 5c3c2ff56e16b6b6ee1bdeb1ff3f266a.php 第 100 行.
[ 2013-02-28T11:19:27+08:00 ] /yy_v2/y_dd/yconfig/index.php/Category/edit/id/28/aid/ | NOTIC: [8] Undefined variable: obj 5c3c2ff56e16b6b6ee1bdeb1ff3f266a.php 第 101 行.
[ 2013-02-28T11:19:27+08:00 ] /yy_v2/y_dd/yconfig/index.php/Category/edit/id/28/aid/ | NOTIC: [8] Undefined variable: obj 5c3c2ff56e16b6b6ee1bdeb1ff3f266a.php 第 130 行.
[ 2013-02-28T11:19:27+08:00 ] /yy_v2/y_dd/yconfig/index.php/Category/edit/id/28/aid/ | NOTIC: [8] Undefined variable: obj 5c3c2ff56e16b6b6ee1bdeb1ff3f266a.php 第 131 行.
[ 2013-02-28T11:19:27+08:00 ] /yy_v2/y_dd/yconfig/index.php/Category/edit/id/28/aid/ | NOTIC: [8] Undefined variable: obj 5c3c2ff56e16b6b6ee1bdeb1ff3f266a.php 第 132 行.
[ 2013-02-28T11:19:27+08:00 ] /yy_v2/y_dd/yconfig/index.php/Category/edit/id/28/aid/ | NOTIC: [8] Undefined variable: obj 5c3c2ff56e16b6b6ee1bdeb1ff3f266a.php 第 133 行.
[ 2013-02-28T11:19:27+08:00 ] /yy_v2/y_dd/yconfig/index.php/Category/edit/id/28/aid/ | NOTIC: [8] Undefined index: aid 5c3c2ff56e16b6b6ee1bdeb1ff3f266a.php 第 179 行.
[ 2013-02-28T11:19:27+08:00 ] /yy_v2/y_dd/yconfig/index.php/Category/edit/id/28/aid/ | NOTIC: [8] Undefined variable: obj 5c3c2ff56e16b6b6ee1bdeb1ff3f266a.php 第 212 行.
[ 2013-02-28T11:19:28+08:00 ] /yy_v2/y_dd/yconfig/index.php/Category/edit/id/28/aid/ | NOTIC: [8] Undefined index: account_id CommonAction.class.php 第 20 行.
[ 2013-02-28T11:19:28+08:00 ] /yy_v2/y_dd/yconfig/index.php/Category/edit/id/28/aid/ | SQL: SHOW COLUMNS FROM `y_account` [ RunTime:0.002318s ]
[ 2013-02-28T11:19:28+08:00 ] /yy_v2/y_dd/yconfig/index.php/Category/edit/id/28/aid/ | SQL: SHOW COLUMNS FROM `y_category` [ RunTime:0.003312s ]
[ 2013-02-28T11:19:28+08:00 ] /yy_v2/y_dd/yconfig/index.php/Category/edit/id/28/aid/ | NOTIC: [8] Undefined index: aid CategoryAction.class.php 第 15 行.
[ 2013-02-28T11:19:28+08:00 ] /yy_v2/y_dd/yconfig/index.php/Category/edit/id/28/aid/ | NOTIC: [8] Undefined index: act CategoryAction.class.php 第 16 行.
[ 2013-02-28T11:19:28+08:00 ] /yy_v2/y_dd/yconfig/index.php/Category/edit/id/28/aid/ | SQL: SELECT * FROM `y_category` WHERE ( `id` = '28' ) LIMIT 1  [ RunTime:0.000431s ]
[ 2013-02-28T11:19:28+08:00 ] /yy_v2/y_dd/yconfig/index.php/Category/edit/id/28/aid/ | SQL: SELECT * FROM `y_category` WHERE ( `pid` = '12' ) ORDER BY ordernum desc [ RunTime:0.000803s ]
[ 2013-02-28T11:19:28+08:00 ] /yy_v2/y_dd/yconfig/index.php/Category/edit/id/28/aid/ | SQL: SELECT * FROM `y_category` WHERE ( `pid` = 3 ) AND ( `is_publish` = 1 ) ORDER BY is_default desc,ordernum desc [ RunTime:0.000764s ]
[ 2013-02-28T11:19:28+08:00 ] /yy_v2/y_dd/yconfig/index.php/Category/edit/id/28/aid/ | NOTIC: [8] Undefined variable: obj 5c3c2ff56e16b6b6ee1bdeb1ff3f266a.php 第 14 行.
[ 2013-02-28T11:19:28+08:00 ] /yy_v2/y_dd/yconfig/index.php/Category/edit/id/28/aid/ | NOTIC: [8] Undefined variable: obj 5c3c2ff56e16b6b6ee1bdeb1ff3f266a.php 第 15 行.
[ 2013-02-28T11:19:28+08:00 ] /yy_v2/y_dd/yconfig/index.php/Category/edit/id/28/aid/ | NOTIC: [8] Undefined variable: obj 5c3c2ff56e16b6b6ee1bdeb1ff3f266a.php 第 41 行.
[ 2013-02-28T11:19:28+08:00 ] /yy_v2/y_dd/yconfig/index.php/Category/edit/id/28/aid/ | NOTIC: [8] Undefined variable: obj 5c3c2ff56e16b6b6ee1bdeb1ff3f266a.php 第 45 行.
[ 2013-02-28T11:19:28+08:00 ] /yy_v2/y_dd/yconfig/index.php/Category/edit/id/28/aid/ | NOTIC: [8] Undefined variable: obj 5c3c2ff56e16b6b6ee1bdeb1ff3f266a.php 第 63 行.
[ 2013-02-28T11:19:28+08:00 ] /yy_v2/y_dd/yconfig/index.php/Category/edit/id/28/aid/ | NOTIC: [8] Undefined variable: obj 5c3c2ff56e16b6b6ee1bdeb1ff3f266a.php 第 67 行.
[ 2013-02-28T11:19:28+08:00 ] /yy_v2/y_dd/yconfig/index.php/Category/edit/id/28/aid/ | NOTIC: [8] Undefined variable: obj 5c3c2ff56e16b6b6ee1bdeb1ff3f266a.php 第 71 行.
[ 2013-02-28T11:19:28+08:00 ] /yy_v2/y_dd/yconfig/index.php/Category/edit/id/28/aid/ | NOTIC: [8] Undefined variable: obj 5c3c2ff56e16b6b6ee1bdeb1ff3f266a.php 第 75 行.
[ 2013-02-28T11:19:28+08:00 ] /yy_v2/y_dd/yconfig/index.php/Category/edit/id/28/aid/ | NOTIC: [8] Undefined variable: obj 5c3c2ff56e16b6b6ee1bdeb1ff3f266a.php 第 79 行.
[ 2013-02-28T11:19:28+08:00 ] /yy_v2/y_dd/yconfig/index.php/Category/edit/id/28/aid/ | NOTIC: [8] Undefined variable: obj 5c3c2ff56e16b6b6ee1bdeb1ff3f266a.php 第 100 行.
[ 2013-02-28T11:19:28+08:00 ] /yy_v2/y_dd/yconfig/index.php/Category/edit/id/28/aid/ | NOTIC: [8] Undefined variable: obj 5c3c2ff56e16b6b6ee1bdeb1ff3f266a.php 第 101 行.
[ 2013-02-28T11:19:28+08:00 ] /yy_v2/y_dd/yconfig/index.php/Category/edit/id/28/aid/ | NOTIC: [8] Undefined variable: obj 5c3c2ff56e16b6b6ee1bdeb1ff3f266a.php 第 130 行.
[ 2013-02-28T11:19:28+08:00 ] /yy_v2/y_dd/yconfig/index.php/Category/edit/id/28/aid/ | NOTIC: [8] Undefined variable: obj 5c3c2ff56e16b6b6ee1bdeb1ff3f266a.php 第 131 行.
[ 2013-02-28T11:19:28+08:00 ] /yy_v2/y_dd/yconfig/index.php/Category/edit/id/28/aid/ | NOTIC: [8] Undefined variable: obj 5c3c2ff56e16b6b6ee1bdeb1ff3f266a.php 第 132 行.
[ 2013-02-28T11:19:28+08:00 ] /yy_v2/y_dd/yconfig/index.php/Category/edit/id/28/aid/ | NOTIC: [8] Undefined variable: obj 5c3c2ff56e16b6b6ee1bdeb1ff3f266a.php 第 133 行.
[ 2013-02-28T11:19:28+08:00 ] /yy_v2/y_dd/yconfig/index.php/Category/edit/id/28/aid/ | NOTIC: [8] Undefined index: aid 5c3c2ff56e16b6b6ee1bdeb1ff3f266a.php 第 179 行.
[ 2013-02-28T11:19:28+08:00 ] /yy_v2/y_dd/yconfig/index.php/Category/edit/id/28/aid/ | NOTIC: [8] Undefined variable: obj 5c3c2ff56e16b6b6ee1bdeb1ff3f266a.php 第 212 行.
[ 2013-02-28T11:19:36+08:00 ] /yy_v2/y_dd/yconfig/index.php/Category/editNav/account_id/231/id/28 | NOTIC: [8] Undefined index: account_id CommonAction.class.php 第 20 行.
[ 2013-02-28T11:19:36+08:00 ] /yy_v2/y_dd/yconfig/index.php/Category/editNav/account_id/231/id/28 | SQL: SHOW COLUMNS FROM `y_account` [ RunTime:0.001715s ]
[ 2013-02-28T11:19:36+08:00 ] /yy_v2/y_dd/yconfig/index.php/Category/editNav/account_id/231/id/28 | SQL: SHOW COLUMNS FROM `y_category` [ RunTime:0.002708s ]
[ 2013-02-28T11:19:36+08:00 ] /yy_v2/y_dd/yconfig/index.php/Category/editNav/account_id/231/id/28 | SQL: SELECT * FROM `y_category` WHERE ( `id` = '28' ) LIMIT 1  [ RunTime:0.000511s ]
[ 2013-02-28T11:19:36+08:00 ] /yy_v2/y_dd/yconfig/index.php/Category/editNav/account_id/231/id/28 | SQL: SELECT * FROM `y_category` WHERE ( `pid` = 3 ) AND ( `is_publish` = 1 ) ORDER BY is_default desc,ordernum desc [ RunTime:0.000610s ]
[ 2013-02-28T11:19:45+08:00 ] /yy_v2/y_dd/yconfig/index.php/Category/edit/id/28/aid/ | NOTIC: [8] Undefined index: account_id CommonAction.class.php 第 20 行.
[ 2013-02-28T11:19:45+08:00 ] /yy_v2/y_dd/yconfig/index.php/Category/edit/id/28/aid/ | SQL: SHOW COLUMNS FROM `y_account` [ RunTime:0.001618s ]
[ 2013-02-28T11:19:45+08:00 ] /yy_v2/y_dd/yconfig/index.php/Category/edit/id/28/aid/ | SQL: SHOW COLUMNS FROM `y_category` [ RunTime:0.002853s ]
[ 2013-02-28T11:19:45+08:00 ] /yy_v2/y_dd/yconfig/index.php/Category/edit/id/28/aid/ | NOTIC: [8] Undefined index: aid CategoryAction.class.php 第 15 行.
[ 2013-02-28T11:19:45+08:00 ] /yy_v2/y_dd/yconfig/index.php/Category/edit/id/28/aid/ | NOTIC: [8] Undefined index: act CategoryAction.class.php 第 16 行.
[ 2013-02-28T11:19:45+08:00 ] /yy_v2/y_dd/yconfig/index.php/Category/edit/id/28/aid/ | SQL: SELECT * FROM `y_category` WHERE ( `id` = '28' ) LIMIT 1  [ RunTime:0.000448s ]
[ 2013-02-28T11:19:45+08:00 ] /yy_v2/y_dd/yconfig/index.php/Category/edit/id/28/aid/ | SQL: SELECT * FROM `y_category` WHERE ( `pid` = '12' ) ORDER BY ordernum desc [ RunTime:0.000738s ]
[ 2013-02-28T11:19:45+08:00 ] /yy_v2/y_dd/yconfig/index.php/Category/edit/id/28/aid/ | SQL: SELECT * FROM `y_category` WHERE ( `pid` = 3 ) AND ( `is_publish` = 1 ) ORDER BY is_default desc,ordernum desc [ RunTime:0.000637s ]
[ 2013-02-28T11:19:45+08:00 ] /yy_v2/y_dd/yconfig/index.php/Category/edit/id/28/aid/ | NOTIC: [8] Undefined variable: obj 5c3c2ff56e16b6b6ee1bdeb1ff3f266a.php 第 14 行.
[ 2013-02-28T11:19:45+08:00 ] /yy_v2/y_dd/yconfig/index.php/Category/edit/id/28/aid/ | NOTIC: [8] Undefined variable: obj 5c3c2ff56e16b6b6ee1bdeb1ff3f266a.php 第 15 行.
[ 2013-02-28T11:19:45+08:00 ] /yy_v2/y_dd/yconfig/index.php/Category/edit/id/28/aid/ | NOTIC: [8] Undefined variable: obj 5c3c2ff56e16b6b6ee1bdeb1ff3f266a.php 第 41 行.
[ 2013-02-28T11:19:45+08:00 ] /yy_v2/y_dd/yconfig/index.php/Category/edit/id/28/aid/ | NOTIC: [8] Undefined variable: obj 5c3c2ff56e16b6b6ee1bdeb1ff3f266a.php 第 45 行.
[ 2013-02-28T11:19:45+08:00 ] /yy_v2/y_dd/yconfig/index.php/Category/edit/id/28/aid/ | NOTIC: [8] Undefined variable: obj 5c3c2ff56e16b6b6ee1bdeb1ff3f266a.php 第 63 行.
[ 2013-02-28T11:19:45+08:00 ] /yy_v2/y_dd/yconfig/index.php/Category/edit/id/28/aid/ | NOTIC: [8] Undefined variable: obj 5c3c2ff56e16b6b6ee1bdeb1ff3f266a.php 第 67 行.
[ 2013-02-28T11:19:45+08:00 ] /yy_v2/y_dd/yconfig/index.php/Category/edit/id/28/aid/ | NOTIC: [8] Undefined variable: obj 5c3c2ff56e16b6b6ee1bdeb1ff3f266a.php 第 71 行.
[ 2013-02-28T11:19:45+08:00 ] /yy_v2/y_dd/yconfig/index.php/Category/edit/id/28/aid/ | NOTIC: [8] Undefined variable: obj 5c3c2ff56e16b6b6ee1bdeb1ff3f266a.php 第 75 行.
[ 2013-02-28T11:19:45+08:00 ] /yy_v2/y_dd/yconfig/index.php/Category/edit/id/28/aid/ | NOTIC: [8] Undefined variable: obj 5c3c2ff56e16b6b6ee1bdeb1ff3f266a.php 第 79 行.
[ 2013-02-28T11:19:45+08:00 ] /yy_v2/y_dd/yconfig/index.php/Category/edit/id/28/aid/ | NOTIC: [8] Undefined variable: obj 5c3c2ff56e16b6b6ee1bdeb1ff3f266a.php 第 100 行.
[ 2013-02-28T11:19:45+08:00 ] /yy_v2/y_dd/yconfig/index.php/Category/edit/id/28/aid/ | NOTIC: [8] Undefined variable: obj 5c3c2ff56e16b6b6ee1bdeb1ff3f266a.php 第 101 行.
[ 2013-02-28T11:19:45+08:00 ] /yy_v2/y_dd/yconfig/index.php/Category/edit/id/28/aid/ | NOTIC: [8] Undefined variable: obj 5c3c2ff56e16b6b6ee1bdeb1ff3f266a.php 第 130 行.
[ 2013-02-28T11:19:45+08:00 ] /yy_v2/y_dd/yconfig/index.php/Category/edit/id/28/aid/ | NOTIC: [8] Undefined variable: obj 5c3c2ff56e16b6b6ee1bdeb1ff3f266a.php 第 131 行.
[ 2013-02-28T11:19:45+08:00 ] /yy_v2/y_dd/yconfig/index.php/Category/edit/id/28/aid/ | NOTIC: [8] Undefined variable: obj 5c3c2ff56e16b6b6ee1bdeb1ff3f266a.php 第 132 行.
[ 2013-02-28T11:19:45+08:00 ] /yy_v2/y_dd/yconfig/index.php/Category/edit/id/28/aid/ | NOTIC: [8] Undefined variable: obj 5c3c2ff56e16b6b6ee1bdeb1ff3f266a.php 第 133 行.
[ 2013-02-28T11:19:45+08:00 ] /yy_v2/y_dd/yconfig/index.php/Category/edit/id/28/aid/ | NOTIC: [8] Undefined index: aid 5c3c2ff56e16b6b6ee1bdeb1ff3f266a.php 第 179 行.
[ 2013-02-28T11:19:45+08:00 ] /yy_v2/y_dd/yconfig/index.php/Category/edit/id/28/aid/ | NOTIC: [8] Undefined variable: obj 5c3c2ff56e16b6b6ee1bdeb1ff3f266a.php 第 212 行.
[ 2013-02-28T11:19:47+08:00 ] /yy_v2/y_dd/yconfig/index.php/Category/edit/id/1503/aid/ | NOTIC: [8] Undefined index: account_id CommonAction.class.php 第 20 行.
[ 2013-02-28T11:19:47+08:00 ] /yy_v2/y_dd/yconfig/index.php/Category/edit/id/1503/aid/ | SQL: SHOW COLUMNS FROM `y_account` [ RunTime:0.001914s ]
[ 2013-02-28T11:19:47+08:00 ] /yy_v2/y_dd/yconfig/index.php/Category/edit/id/1503/aid/ | SQL: SHOW COLUMNS FROM `y_category` [ RunTime:0.002837s ]
[ 2013-02-28T11:19:47+08:00 ] /yy_v2/y_dd/yconfig/index.php/Category/edit/id/1503/aid/ | NOTIC: [8] Undefined index: aid CategoryAction.class.php 第 15 行.
[ 2013-02-28T11:19:47+08:00 ] /yy_v2/y_dd/yconfig/index.php/Category/edit/id/1503/aid/ | NOTIC: [8] Undefined index: act CategoryAction.class.php 第 16 行.
[ 2013-02-28T11:19:47+08:00 ] /yy_v2/y_dd/yconfig/index.php/Category/edit/id/1503/aid/ | SQL: SELECT * FROM `y_category` WHERE ( `id` = '1503' ) LIMIT 1  [ RunTime:0.000448s ]
[ 2013-02-28T11:19:47+08:00 ] /yy_v2/y_dd/yconfig/index.php/Category/edit/id/1503/aid/ | SQL: SELECT * FROM `y_category` WHERE ( `pid` = '28' ) ORDER BY ordernum desc [ RunTime:0.000770s ]
[ 2013-02-28T11:19:47+08:00 ] /yy_v2/y_dd/yconfig/index.php/Category/edit/id/1503/aid/ | SQL: SELECT * FROM `y_category` WHERE ( `pid` = 3 ) AND ( `is_publish` = 1 ) ORDER BY is_default desc,ordernum desc [ RunTime:0.000741s ]
[ 2013-02-28T11:19:47+08:00 ] /yy_v2/y_dd/yconfig/index.php/Category/edit/id/1503/aid/ | NOTIC: [8] Undefined variable: obj 5c3c2ff56e16b6b6ee1bdeb1ff3f266a.php 第 14 行.
[ 2013-02-28T11:19:47+08:00 ] /yy_v2/y_dd/yconfig/index.php/Category/edit/id/1503/aid/ | NOTIC: [8] Undefined variable: obj 5c3c2ff56e16b6b6ee1bdeb1ff3f266a.php 第 15 行.
[ 2013-02-28T11:19:47+08:00 ] /yy_v2/y_dd/yconfig/index.php/Category/edit/id/1503/aid/ | NOTIC: [8] Undefined variable: obj 5c3c2ff56e16b6b6ee1bdeb1ff3f266a.php 第 41 行.
[ 2013-02-28T11:19:47+08:00 ] /yy_v2/y_dd/yconfig/index.php/Category/edit/id/1503/aid/ | NOTIC: [8] Undefined variable: obj 5c3c2ff56e16b6b6ee1bdeb1ff3f266a.php 第 45 行.
[ 2013-02-28T11:19:47+08:00 ] /yy_v2/y_dd/yconfig/index.php/Category/edit/id/1503/aid/ | NOTIC: [8] Undefined variable: obj 5c3c2ff56e16b6b6ee1bdeb1ff3f266a.php 第 63 行.
[ 2013-02-28T11:19:47+08:00 ] /yy_v2/y_dd/yconfig/index.php/Category/edit/id/1503/aid/ | NOTIC: [8] Undefined variable: obj 5c3c2ff56e16b6b6ee1bdeb1ff3f266a.php 第 67 行.
[ 2013-02-28T11:19:47+08:00 ] /yy_v2/y_dd/yconfig/index.php/Category/edit/id/1503/aid/ | NOTIC: [8] Undefined variable: obj 5c3c2ff56e16b6b6ee1bdeb1ff3f266a.php 第 71 行.
[ 2013-02-28T11:19:47+08:00 ] /yy_v2/y_dd/yconfig/index.php/Category/edit/id/1503/aid/ | NOTIC: [8] Undefined variable: obj 5c3c2ff56e16b6b6ee1bdeb1ff3f266a.php 第 75 行.
[ 2013-02-28T11:19:47+08:00 ] /yy_v2/y_dd/yconfig/index.php/Category/edit/id/1503/aid/ | NOTIC: [8] Undefined variable: obj 5c3c2ff56e16b6b6ee1bdeb1ff3f266a.php 第 79 行.
[ 2013-02-28T11:19:47+08:00 ] /yy_v2/y_dd/yconfig/index.php/Category/edit/id/1503/aid/ | NOTIC: [8] Undefined variable: obj 5c3c2ff56e16b6b6ee1bdeb1ff3f266a.php 第 100 行.
[ 2013-02-28T11:19:47+08:00 ] /yy_v2/y_dd/yconfig/index.php/Category/edit/id/1503/aid/ | NOTIC: [8] Undefined variable: obj 5c3c2ff56e16b6b6ee1bdeb1ff3f266a.php 第 101 行.
[ 2013-02-28T11:19:47+08:00 ] /yy_v2/y_dd/yconfig/index.php/Category/edit/id/1503/aid/ | NOTIC: [8] Undefined variable: obj 5c3c2ff56e16b6b6ee1bdeb1ff3f266a.php 第 130 行.
[ 2013-02-28T11:19:47+08:00 ] /yy_v2/y_dd/yconfig/index.php/Category/edit/id/1503/aid/ | NOTIC: [8] Undefined variable: obj 5c3c2ff56e16b6b6ee1bdeb1ff3f266a.php 第 131 行.
[ 2013-02-28T11:19:47+08:00 ] /yy_v2/y_dd/yconfig/index.php/Category/edit/id/1503/aid/ | NOTIC: [8] Undefined variable: obj 5c3c2ff56e16b6b6ee1bdeb1ff3f266a.php 第 132 行.
[ 2013-02-28T11:19:47+08:00 ] /yy_v2/y_dd/yconfig/index.php/Category/edit/id/1503/aid/ | NOTIC: [8] Undefined variable: obj 5c3c2ff56e16b6b6ee1bdeb1ff3f266a.php 第 133 行.
[ 2013-02-28T11:19:47+08:00 ] /yy_v2/y_dd/yconfig/index.php/Category/edit/id/1503/aid/ | NOTIC: [8] Undefined index: aid 5c3c2ff56e16b6b6ee1bdeb1ff3f266a.php 第 179 行.
[ 2013-02-28T11:19:47+08:00 ] /yy_v2/y_dd/yconfig/index.php/Category/edit/id/1503/aid/ | NOTIC: [8] Undefined variable: obj 5c3c2ff56e16b6b6ee1bdeb1ff3f266a.php 第 212 行.
[ 2013-02-28T11:19:50+08:00 ] /yy_v2/y_dd/yconfig/index.php/Category/edit/act/update/id/1503/aid/ | NOTIC: [8] Undefined index: account_id CommonAction.class.php 第 20 行.
[ 2013-02-28T11:19:50+08:00 ] /yy_v2/y_dd/yconfig/index.php/Category/edit/act/update/id/1503/aid/ | SQL: SHOW COLUMNS FROM `y_account` [ RunTime:0.001581s ]
[ 2013-02-28T11:19:50+08:00 ] /yy_v2/y_dd/yconfig/index.php/Category/edit/act/update/id/1503/aid/ | SQL: SHOW COLUMNS FROM `y_category` [ RunTime:0.002965s ]
[ 2013-02-28T11:19:50+08:00 ] /yy_v2/y_dd/yconfig/index.php/Category/edit/act/update/id/1503/aid/ | NOTIC: [8] Undefined index: aid CategoryAction.class.php 第 15 行.
[ 2013-02-28T11:19:50+08:00 ] /yy_v2/y_dd/yconfig/index.php/Category/edit/act/update/id/1503/aid/ | SQL: SELECT * FROM `y_category` WHERE ( `id` = '1503' ) LIMIT 1  [ RunTime:0.000567s ]
[ 2013-02-28T11:19:50+08:00 ] /yy_v2/y_dd/yconfig/index.php/Category/edit/act/update/id/1503/aid/ | SQL: SELECT * FROM `y_category` WHERE ( `pid` = '28' ) ORDER BY ordernum desc [ RunTime:0.000725s ]
[ 2013-02-28T11:19:50+08:00 ] /yy_v2/y_dd/yconfig/index.php/Category/edit/act/update/id/1503/aid/ | SQL: SELECT * FROM `y_category` WHERE ( `pid` = 3 ) AND ( `is_publish` = 1 ) ORDER BY is_default desc,ordernum desc [ RunTime:0.000692s ]
[ 2013-02-28T11:19:50+08:00 ] /yy_v2/y_dd/yconfig/index.php/Category/edit/act/update/id/1503/aid/ | NOTIC: [8] Undefined index: aid 5c3c2ff56e16b6b6ee1bdeb1ff3f266a.php 第 179 行.
[ 2013-02-28T11:23:36+08:00 ] /yy_v2/y_dd/yconfig/index.php/Category/editNav/account_id/231/id/28 | NOTIC: [8] Undefined index: account_id CommonAction.class.php 第 20 行.
[ 2013-02-28T11:23:36+08:00 ] /yy_v2/y_dd/yconfig/index.php/Category/editNav/account_id/231/id/28 | SQL: SHOW COLUMNS FROM `y_account` [ RunTime:0.001655s ]
[ 2013-02-28T11:23:36+08:00 ] /yy_v2/y_dd/yconfig/index.php/Category/editNav/account_id/231/id/28 | SQL: SHOW COLUMNS FROM `y_category` [ RunTime:0.002764s ]
[ 2013-02-28T11:23:36+08:00 ] /yy_v2/y_dd/yconfig/index.php/Category/editNav/account_id/231/id/28 | SQL: SELECT * FROM `y_category` WHERE ( `id` = '28' ) LIMIT 1  [ RunTime:0.000561s ]
[ 2013-02-28T11:23:36+08:00 ] /yy_v2/y_dd/yconfig/index.php/Category/editNav/account_id/231/id/28 | SQL: SELECT * FROM `y_category` WHERE ( `pid` = 3 ) AND ( `is_publish` = 1 ) ORDER BY is_default desc,ordernum desc [ RunTime:0.000672s ]
[ 2013-02-28T11:23:39+08:00 ] /yy_v2/y_dd/yconfig/index.php/Account/edit/id/231/tab_id/test3 | SQL: SHOW COLUMNS FROM `y_account` [ RunTime:0.002169s ]
[ 2013-02-28T11:23:39+08:00 ] /yy_v2/y_dd/yconfig/index.php/Account/edit/id/231/tab_id/test3 | SQL: SHOW COLUMNS FROM `y_category` [ RunTime:0.003029s ]
[ 2013-02-28T11:23:39+08:00 ] /yy_v2/y_dd/yconfig/index.php/Account/edit/id/231/tab_id/test3 | SQL: SELECT `alias` FROM `y_category` WHERE ( `pid` = 3 ) AND ( `is_default` = 1 ) LIMIT 1  [ RunTime:0.000447s ]
[ 2013-02-28T11:23:39+08:00 ] /yy_v2/y_dd/yconfig/index.php/Account/edit/id/231/tab_id/test3 | SQL: SELECT * FROM `y_category` WHERE ( `pid` = 12 ) ORDER BY ordernum desc [ RunTime:0.000807s ]
[ 2013-02-28T11:23:39+08:00 ] /yy_v2/y_dd/yconfig/index.php/Account/edit/id/231/tab_id/test3 | SQL: SELECT * FROM `y_category` WHERE ( `pid` = 12 ) AND ( `is_publish` = 1 ) ORDER BY ordernum desc [ RunTime:0.000782s ]
[ 2013-02-28T11:23:39+08:00 ] /yy_v2/y_dd/yconfig/index.php/Account/edit/id/231/tab_id/test3 | SQL: SELECT * FROM `y_category` WHERE ( `pid` IN ('3','4') ) ORDER BY ordernum desc [ RunTime:0.000721s ]
[ 2013-02-28T11:58:05+08:00 ] /yy_v2/y_dd/yconfig/index.php/Lang/edit/pid/3/account_id/231/id/428 | SQL: SHOW COLUMNS FROM `y_account` [ RunTime:0.001494s ]
[ 2013-02-28T11:58:05+08:00 ] /yy_v2/y_dd/yconfig/index.php/Lang/edit/pid/3/account_id/231/id/428 | SQL: SHOW COLUMNS FROM `y_category` [ RunTime:0.002709s ]
[ 2013-02-28T11:58:05+08:00 ] /yy_v2/y_dd/yconfig/index.php/Lang/edit/pid/3/account_id/231/id/428 | SQL: SELECT * FROM `y_category` WHERE ( `id` = '428' ) LIMIT 1  [ RunTime:0.000525s ]
[ 2013-02-28T11:58:07+08:00 ] /yy_v2/y_dd/yconfig/index.php/Lang/edit/pid/4/account_id/231/id/1391 | SQL: SHOW COLUMNS FROM `y_account` [ RunTime:0.001740s ]
[ 2013-02-28T11:58:07+08:00 ] /yy_v2/y_dd/yconfig/index.php/Lang/edit/pid/4/account_id/231/id/1391 | SQL: SHOW COLUMNS FROM `y_category` [ RunTime:0.002765s ]
[ 2013-02-28T11:58:07+08:00 ] /yy_v2/y_dd/yconfig/index.php/Lang/edit/pid/4/account_id/231/id/1391 | SQL: SELECT * FROM `y_category` WHERE ( `id` = '1391' ) LIMIT 1  [ RunTime:0.000427s ]
[ 2013-02-28T11:58:10+08:00 ] /yy_v2/y_dd/yconfig/index.php/Account/edit/id/231/tab_id/test2 | SQL: SHOW COLUMNS FROM `y_account` [ RunTime:0.002041s ]
[ 2013-02-28T11:58:10+08:00 ] /yy_v2/y_dd/yconfig/index.php/Account/edit/id/231/tab_id/test2 | SQL: SHOW COLUMNS FROM `y_category` [ RunTime:0.002768s ]
[ 2013-02-28T11:58:10+08:00 ] /yy_v2/y_dd/yconfig/index.php/Account/edit/id/231/tab_id/test2 | SQL: SELECT `alias` FROM `y_category` WHERE ( `pid` = 3 ) AND ( `is_default` = 1 ) LIMIT 1  [ RunTime:0.000449s ]
[ 2013-02-28T11:58:10+08:00 ] /yy_v2/y_dd/yconfig/index.php/Account/edit/id/231/tab_id/test2 | SQL: SELECT * FROM `y_category` WHERE ( `pid` = 12 ) ORDER BY ordernum desc [ RunTime:0.000949s ]
[ 2013-02-28T11:58:10+08:00 ] /yy_v2/y_dd/yconfig/index.php/Account/edit/id/231/tab_id/test2 | SQL: SELECT * FROM `y_category` WHERE ( `pid` = 12 ) AND ( `is_publish` = 1 ) ORDER BY ordernum desc [ RunTime:0.001009s ]
[ 2013-02-28T11:58:10+08:00 ] /yy_v2/y_dd/yconfig/index.php/Account/edit/id/231/tab_id/test2 | SQL: SELECT * FROM `y_category` WHERE ( `pid` IN ('3','4') ) ORDER BY ordernum desc [ RunTime:0.000858s ]
[ 2013-02-28T13:38:44+08:00 ] /yy_v2/y_dd/config/ | SQL: SHOW COLUMNS FROM `y_account` [ RunTime:0.001757s ]
[ 2013-02-28T13:38:44+08:00 ] /yy_v2/y_dd/config/ | SQL: SHOW COLUMNS FROM `y_category` [ RunTime:0.002740s ]
[ 2013-02-28T13:38:44+08:00 ] /yy_v2/y_dd/config/index.php/Index/main | NOTIC: [8] Undefined index: account_id CommonAction.class.php 第 20 行.
[ 2013-02-28T13:38:45+08:00 ] /yy_v2/y_dd/config/index.php/Index/main | SQL: SHOW COLUMNS FROM `y_account` [ RunTime:0.001976s ]
[ 2013-02-28T13:38:45+08:00 ] /yy_v2/y_dd/config/index.php/Index/main | SQL: SHOW COLUMNS FROM `y_category` [ RunTime:0.003034s ]
[ 2013-02-28T13:38:45+08:00 ] /yy_v2/y_dd/config/index.php/Index/main | SQL: SELECT * FROM `y_account` ORDER BY id desc [ RunTime:0.000537s ]
[ 2013-02-28T13:38:45+08:00 ] /yy_v2/y_dd/config/index.php/Index/main | NOTIC: [8] Undefined index: searchkey IndexAction.class.php 第 28 行.
[ 2013-02-28T13:38:45+08:00 ] /yy_v2/y_dd/config/index.php/Index/main | NOTIC: [8] Undefined variable: vo ae4ccf388766686c7b43ce2ff8116269.php 第 14 行.
[ 2013-02-28T13:38:45+08:00 ] /yy_v2/y_dd/config/index.php/Index/main | NOTIC: [8] Undefined index: website_name ae4ccf388766686c7b43ce2ff8116269.php 第 19 行.
[ 2013-02-28T13:38:45+08:00 ] /yy_v2/y_dd/config/index.php/Index/main | NOTIC: [8] Undefined index: url ae4ccf388766686c7b43ce2ff8116269.php 第 22 行.
[ 2013-02-28T13:38:45+08:00 ] /yy_v2/y_dd/config/index.php/Index/main | NOTIC: [8] Undefined index: contract_number ae4ccf388766686c7b43ce2ff8116269.php 第 29 行.
[ 2013-02-28T13:38:45+08:00 ] /yy_v2/y_dd/config/index.php/Index/main | NOTIC: [8] Undefined index: yy_price ae4ccf388766686c7b43ce2ff8116269.php 第 31 行.
[ 2013-02-28T13:38:45+08:00 ] /yy_v2/y_dd/config/index.php/Index/main | NOTIC: [8] Undefined index: service_price ae4ccf388766686c7b43ce2ff8116269.php 第 32 行.
[ 2013-02-28T13:38:45+08:00 ] /yy_v2/y_dd/config/index.php/Index/main | NOTIC: [8] Undefined index: begin_time ae4ccf388766686c7b43ce2ff8116269.php 第 35 行.
[ 2013-02-28T13:38:45+08:00 ] /yy_v2/y_dd/config/index.php/Index/main | NOTIC: [8] Undefined index: begin_time ae4ccf388766686c7b43ce2ff8116269.php 第 39 行.
[ 2013-02-28T13:38:45+08:00 ] /yy_v2/y_dd/config/index.php/Index/left | NOTIC: [8] Undefined index: account_id CommonAction.class.php 第 20 行.
[ 2013-02-28T13:38:45+08:00 ] /yy_v2/y_dd/config/index.php/Index/left | SQL: SHOW COLUMNS FROM `y_account` [ RunTime:0.001734s ]
[ 2013-02-28T13:38:45+08:00 ] /yy_v2/y_dd/config/index.php/Index/left | SQL: SHOW COLUMNS FROM `y_category` [ RunTime:0.008947s ]
[ 2013-02-28T13:38:45+08:00 ] /yy_v2/y_dd/config/index.php/Index/left | NOTIC: [8] Undefined index: account_id 196c657f8b82048b1beeb0f9599f5fdc.php 第 15 行.
[ 2013-02-28T13:38:45+08:00 ] /yy_v2/y_dd/config/index.php/Index/left | NOTIC: [8] Undefined variable: isConnect 196c657f8b82048b1beeb0f9599f5fdc.php 第 72 行.
[ 2013-02-28T13:38:45+08:00 ] /yy_v2/y_dd/config/index.php/Index/left | NOTIC: [8] Undefined variable: langList 196c657f8b82048b1beeb0f9599f5fdc.php 第 125 行.
[ 2013-02-28T13:38:45+08:00 ] /yy_v2/y_dd/config/index.php/Index/left | NOTIC: [8] Undefined variable: langList 196c657f8b82048b1beeb0f9599f5fdc.php 第 137 行.
[ 2013-02-28T13:38:45+08:00 ] /yy_v2/y_dd/config/index.php/Index/left | NOTIC: [8] Undefined variable: moduleList 196c657f8b82048b1beeb0f9599f5fdc.php 第 166 行.
[ 2013-02-28T13:38:45+08:00 ] /yy_v2/y_dd/config/index.php/Index/left | NOTIC: [8] Undefined variable: moduleList2 196c657f8b82048b1beeb0f9599f5fdc.php 第 188 行.
[ 2013-02-28T13:38:45+08:00 ] /yy_v2/y_dd/config/index.php/Index/left | NOTIC: [8] Undefined index: tab_id 196c657f8b82048b1beeb0f9599f5fdc.php 第 255 行.
[ 2013-02-28T13:38:47+08:00 ] /yy_v2/y_dd/config/index.php/Account/edit/id/ | NOTIC: [8] Undefined index: id AccountAction.class.php 第 6 行.
[ 2013-02-28T13:38:47+08:00 ] /yy_v2/y_dd/config/index.php/Account/edit/id/ | NOTIC: [8] Undefined index: account_id CommonAction.class.php 第 20 行.
[ 2013-02-28T13:38:47+08:00 ] /yy_v2/y_dd/config/index.php/Account/edit/id/ | SQL: SHOW COLUMNS FROM `y_account` [ RunTime:0.001546s ]
[ 2013-02-28T13:38:47+08:00 ] /yy_v2/y_dd/config/index.php/Account/edit/id/ | SQL: SHOW COLUMNS FROM `y_category` [ RunTime:0.002623s ]
[ 2013-02-28T13:38:47+08:00 ] /yy_v2/y_dd/config/index.php/Account/edit/id/ | SQL: SELECT `alias` FROM `y_category` WHERE ( `pid` = 3 ) AND ( `is_default` = 1 ) LIMIT 1  [ RunTime:0.001050s ]
[ 2013-02-28T13:38:47+08:00 ] /yy_v2/y_dd/config/index.php/Account/edit/id/ | SQL: SELECT * FROM `y_category` WHERE ( `pid` = 12 ) ORDER BY ordernum desc [ RunTime:0.000849s ]
[ 2013-02-28T13:38:47+08:00 ] /yy_v2/y_dd/config/index.php/Account/edit/id/ | SQL: SELECT * FROM `y_category` WHERE ( `pid` = 12 ) AND ( `is_publish` = 1 ) ORDER BY ordernum desc [ RunTime:0.000710s ]
[ 2013-02-28T13:38:47+08:00 ] /yy_v2/y_dd/config/index.php/Account/edit/id/ | SQL: SELECT * FROM `y_category` WHERE ( `pid` IN ('3','4') ) ORDER BY ordernum desc [ RunTime:0.000828s ]
[ 2013-02-28T13:38:47+08:00 ] /yy_v2/y_dd/config/index.php/Account/edit/id/ | NOTIC: [8] Undefined index: account_id 196c657f8b82048b1beeb0f9599f5fdc.php 第 15 行.
[ 2013-02-28T13:38:47+08:00 ] /yy_v2/y_dd/config/index.php/Account/edit/id/ | NOTIC: [8] Undefined index: tab_id 196c657f8b82048b1beeb0f9599f5fdc.php 第 255 行.
[ 2013-02-28T16:50:59+08:00 ] /yy_v2/y_dd/config/ | NOTIC: [8] Undefined index: account_id CommonAction.class.php 第 20 行.
[ 2013-02-28T16:50:59+08:00 ] /yy_v2/y_dd/config/ | SQL: SHOW COLUMNS FROM `y_account` [ RunTime:0.002870s ]
[ 2013-02-28T16:50:59+08:00 ] /yy_v2/y_dd/config/ | SQL: SHOW COLUMNS FROM `y_category` [ RunTime:0.003775s ]
[ 2013-02-28T16:50:59+08:00 ] /yy_v2/y_dd/config/index.php/Index/main | NOTIC: [8] Undefined index: account_id CommonAction.class.php 第 20 行.
[ 2013-02-28T16:50:59+08:00 ] /yy_v2/y_dd/config/index.php/Index/main | SQL: SHOW COLUMNS FROM `y_account` [ RunTime:0.002162s ]
[ 2013-02-28T16:50:59+08:00 ] /yy_v2/y_dd/config/index.php/Index/main | SQL: SHOW COLUMNS FROM `y_category` [ RunTime:0.003764s ]
[ 2013-02-28T16:50:59+08:00 ] /yy_v2/y_dd/config/index.php/Index/main | SQL: SELECT * FROM `y_account` ORDER BY id desc [ RunTime:0.000526s ]
[ 2013-02-28T16:50:59+08:00 ] /yy_v2/y_dd/config/index.php/Index/main | NOTIC: [8] Undefined index: searchkey IndexAction.class.php 第 28 行.
[ 2013-02-28T16:50:59+08:00 ] /yy_v2/y_dd/config/index.php/Index/main | NOTIC: [8] Undefined variable: vo ae4ccf388766686c7b43ce2ff8116269.php 第 14 行.
[ 2013-02-28T16:50:59+08:00 ] /yy_v2/y_dd/config/index.php/Index/main | NOTIC: [8] Undefined index: website_name ae4ccf388766686c7b43ce2ff8116269.php 第 19 行.
[ 2013-02-28T16:50:59+08:00 ] /yy_v2/y_dd/config/index.php/Index/main | NOTIC: [8] Undefined index: url ae4ccf388766686c7b43ce2ff8116269.php 第 22 行.
[ 2013-02-28T16:50:59+08:00 ] /yy_v2/y_dd/config/index.php/Index/main | NOTIC: [8] Undefined index: contract_number ae4ccf388766686c7b43ce2ff8116269.php 第 29 行.
[ 2013-02-28T16:50:59+08:00 ] /yy_v2/y_dd/config/index.php/Index/main | NOTIC: [8] Undefined index: yy_price ae4ccf388766686c7b43ce2ff8116269.php 第 31 行.
[ 2013-02-28T16:50:59+08:00 ] /yy_v2/y_dd/config/index.php/Index/main | NOTIC: [8] Undefined index: service_price ae4ccf388766686c7b43ce2ff8116269.php 第 32 行.
[ 2013-02-28T16:50:59+08:00 ] /yy_v2/y_dd/config/index.php/Index/main | NOTIC: [8] Undefined index: begin_time ae4ccf388766686c7b43ce2ff8116269.php 第 35 行.
[ 2013-02-28T16:50:59+08:00 ] /yy_v2/y_dd/config/index.php/Index/main | NOTIC: [8] Undefined index: begin_time ae4ccf388766686c7b43ce2ff8116269.php 第 39 行.
[ 2013-02-28T16:50:59+08:00 ] /yy_v2/y_dd/config/index.php/Index/left | NOTIC: [8] Undefined index: account_id CommonAction.class.php 第 20 行.
[ 2013-02-28T16:50:59+08:00 ] /yy_v2/y_dd/config/index.php/Index/left | SQL: SHOW COLUMNS FROM `y_account` [ RunTime:0.006252s ]
[ 2013-02-28T16:50:59+08:00 ] /yy_v2/y_dd/config/index.php/Index/left | SQL: SHOW COLUMNS FROM `y_category` [ RunTime:0.003426s ]
[ 2013-02-28T16:50:59+08:00 ] /yy_v2/y_dd/config/index.php/Index/left | NOTIC: [8] Undefined index: account_id 196c657f8b82048b1beeb0f9599f5fdc.php 第 15 行.
[ 2013-02-28T16:50:59+08:00 ] /yy_v2/y_dd/config/index.php/Index/left | NOTIC: [8] Undefined variable: isConnect 196c657f8b82048b1beeb0f9599f5fdc.php 第 72 行.
[ 2013-02-28T16:50:59+08:00 ] /yy_v2/y_dd/config/index.php/Index/left | NOTIC: [8] Undefined variable: langList 196c657f8b82048b1beeb0f9599f5fdc.php 第 125 行.
[ 2013-02-28T16:50:59+08:00 ] /yy_v2/y_dd/config/index.php/Index/left | NOTIC: [8] Undefined variable: langList 196c657f8b82048b1beeb0f9599f5fdc.php 第 137 行.
[ 2013-02-28T16:50:59+08:00 ] /yy_v2/y_dd/config/index.php/Index/left | NOTIC: [8] Undefined variable: moduleList 196c657f8b82048b1beeb0f9599f5fdc.php 第 166 行.
[ 2013-02-28T16:50:59+08:00 ] /yy_v2/y_dd/config/index.php/Index/left | NOTIC: [8] Undefined variable: moduleList2 196c657f8b82048b1beeb0f9599f5fdc.php 第 188 行.
[ 2013-02-28T16:50:59+08:00 ] /yy_v2/y_dd/config/index.php/Index/left | NOTIC: [8] Undefined index: tab_id 196c657f8b82048b1beeb0f9599f5fdc.php 第 255 行.
[ 2013-02-28T16:51:00+08:00 ] /yy_v2/y_dd/config/index.php/Account/edit/id/ | NOTIC: [8] Undefined index: id AccountAction.class.php 第 6 行.
[ 2013-02-28T16:51:00+08:00 ] /yy_v2/y_dd/config/index.php/Account/edit/id/ | NOTIC: [8] Undefined index: account_id CommonAction.class.php 第 20 行.
[ 2013-02-28T16:51:00+08:00 ] /yy_v2/y_dd/config/index.php/Account/edit/id/ | SQL: SHOW COLUMNS FROM `y_account` [ RunTime:0.001575s ]
[ 2013-02-28T16:51:00+08:00 ] /yy_v2/y_dd/config/index.php/Account/edit/id/ | SQL: SHOW COLUMNS FROM `y_category` [ RunTime:0.002824s ]
[ 2013-02-28T16:51:00+08:00 ] /yy_v2/y_dd/config/index.php/Account/edit/id/ | SQL: SELECT `alias` FROM `y_category` WHERE ( `pid` = 3 ) AND ( `is_default` = 1 ) LIMIT 1  [ RunTime:0.000511s ]
[ 2013-02-28T16:51:00+08:00 ] /yy_v2/y_dd/config/index.php/Account/edit/id/ | SQL: SELECT * FROM `y_category` WHERE ( `pid` = 12 ) ORDER BY ordernum desc [ RunTime:0.001091s ]
[ 2013-02-28T16:51:00+08:00 ] /yy_v2/y_dd/config/index.php/Account/edit/id/ | SQL: SELECT * FROM `y_category` WHERE ( `pid` = 12 ) AND ( `is_publish` = 1 ) ORDER BY ordernum desc [ RunTime:0.001613s ]
[ 2013-02-28T16:51:00+08:00 ] /yy_v2/y_dd/config/index.php/Account/edit/id/ | SQL: SELECT * FROM `y_category` WHERE ( `pid` IN ('3','4') ) ORDER BY ordernum desc [ RunTime:0.000847s ]
[ 2013-02-28T16:51:00+08:00 ] /yy_v2/y_dd/config/index.php/Account/edit/id/ | NOTIC: [8] Undefined index: account_id 196c657f8b82048b1beeb0f9599f5fdc.php 第 15 行.
[ 2013-02-28T16:51:00+08:00 ] /yy_v2/y_dd/config/index.php/Account/edit/id/ | NOTIC: [8] Undefined index: tab_id 196c657f8b82048b1beeb0f9599f5fdc.php 第 255 行.
[ 2013-02-28T16:51:07+08:00 ] /yy_v2/y_dd/config/index.php/Category/edit/id/22/aid/ | NOTIC: [8] Undefined index: account_id CommonAction.class.php 第 20 行.
[ 2013-02-28T16:51:07+08:00 ] /yy_v2/y_dd/config/index.php/Category/edit/id/22/aid/ | SQL: SHOW COLUMNS FROM `y_account` [ RunTime:0.002278s ]
[ 2013-02-28T16:51:07+08:00 ] /yy_v2/y_dd/config/index.php/Category/edit/id/22/aid/ | SQL: SHOW COLUMNS FROM `y_category` [ RunTime:0.003861s ]
[ 2013-02-28T16:51:07+08:00 ] /yy_v2/y_dd/config/index.php/Category/edit/id/22/aid/ | NOTIC: [8] Undefined index: aid CategoryAction.class.php 第 15 行.
[ 2013-02-28T16:51:07+08:00 ] /yy_v2/y_dd/config/index.php/Category/edit/id/22/aid/ | NOTIC: [8] Undefined index: act CategoryAction.class.php 第 16 行.
[ 2013-02-28T16:51:07+08:00 ] /yy_v2/y_dd/config/index.php/Category/edit/id/22/aid/ | SQL: SELECT * FROM `y_category` WHERE ( `id` = '22' ) LIMIT 1  [ RunTime:0.000443s ]
[ 2013-02-28T16:51:07+08:00 ] /yy_v2/y_dd/config/index.php/Category/edit/id/22/aid/ | SQL: SELECT * FROM `y_category` WHERE ( `pid` = '12' ) ORDER BY ordernum desc [ RunTime:0.000798s ]
[ 2013-02-28T16:51:07+08:00 ] /yy_v2/y_dd/config/index.php/Category/edit/id/22/aid/ | SQL: SELECT * FROM `y_category` WHERE ( `pid` = 3 ) AND ( `is_publish` = 1 ) ORDER BY is_default desc,ordernum desc [ RunTime:0.001304s ]
[ 2013-02-28T16:51:07+08:00 ] /yy_v2/y_dd/config/index.php/Category/edit/id/22/aid/ | NOTIC: [8] Undefined variable: obj 5c3c2ff56e16b6b6ee1bdeb1ff3f266a.php 第 14 行.
[ 2013-02-28T16:51:07+08:00 ] /yy_v2/y_dd/config/index.php/Category/edit/id/22/aid/ | NOTIC: [8] Undefined variable: obj 5c3c2ff56e16b6b6ee1bdeb1ff3f266a.php 第 15 行.
[ 2013-02-28T16:51:07+08:00 ] /yy_v2/y_dd/config/index.php/Category/edit/id/22/aid/ | NOTIC: [8] Undefined variable: obj 5c3c2ff56e16b6b6ee1bdeb1ff3f266a.php 第 41 行.
[ 2013-02-28T16:51:07+08:00 ] /yy_v2/y_dd/config/index.php/Category/edit/id/22/aid/ | NOTIC: [8] Undefined variable: obj 5c3c2ff56e16b6b6ee1bdeb1ff3f266a.php 第 45 行.
[ 2013-02-28T16:51:07+08:00 ] /yy_v2/y_dd/config/index.php/Category/edit/id/22/aid/ | NOTIC: [8] Undefined variable: obj 5c3c2ff56e16b6b6ee1bdeb1ff3f266a.php 第 63 行.
[ 2013-02-28T16:51:07+08:00 ] /yy_v2/y_dd/config/index.php/Category/edit/id/22/aid/ | NOTIC: [8] Undefined variable: obj 5c3c2ff56e16b6b6ee1bdeb1ff3f266a.php 第 67 行.
[ 2013-02-28T16:51:07+08:00 ] /yy_v2/y_dd/config/index.php/Category/edit/id/22/aid/ | NOTIC: [8] Undefined variable: obj 5c3c2ff56e16b6b6ee1bdeb1ff3f266a.php 第 71 行.
[ 2013-02-28T16:51:07+08:00 ] /yy_v2/y_dd/config/index.php/Category/edit/id/22/aid/ | NOTIC: [8] Undefined variable: obj 5c3c2ff56e16b6b6ee1bdeb1ff3f266a.php 第 75 行.
[ 2013-02-28T16:51:07+08:00 ] /yy_v2/y_dd/config/index.php/Category/edit/id/22/aid/ | NOTIC: [8] Undefined variable: obj 5c3c2ff56e16b6b6ee1bdeb1ff3f266a.php 第 79 行.
[ 2013-02-28T16:51:07+08:00 ] /yy_v2/y_dd/config/index.php/Category/edit/id/22/aid/ | NOTIC: [8] Undefined variable: obj 5c3c2ff56e16b6b6ee1bdeb1ff3f266a.php 第 100 行.
[ 2013-02-28T16:51:07+08:00 ] /yy_v2/y_dd/config/index.php/Category/edit/id/22/aid/ | NOTIC: [8] Undefined variable: obj 5c3c2ff56e16b6b6ee1bdeb1ff3f266a.php 第 101 行.
[ 2013-02-28T16:51:07+08:00 ] /yy_v2/y_dd/config/index.php/Category/edit/id/22/aid/ | NOTIC: [8] Undefined variable: obj 5c3c2ff56e16b6b6ee1bdeb1ff3f266a.php 第 130 行.
[ 2013-02-28T16:51:07+08:00 ] /yy_v2/y_dd/config/index.php/Category/edit/id/22/aid/ | NOTIC: [8] Undefined variable: obj 5c3c2ff56e16b6b6ee1bdeb1ff3f266a.php 第 131 行.
[ 2013-02-28T16:51:07+08:00 ] /yy_v2/y_dd/config/index.php/Category/edit/id/22/aid/ | NOTIC: [8] Undefined variable: obj 5c3c2ff56e16b6b6ee1bdeb1ff3f266a.php 第 132 行.
[ 2013-02-28T16:51:07+08:00 ] /yy_v2/y_dd/config/index.php/Category/edit/id/22/aid/ | NOTIC: [8] Undefined variable: obj 5c3c2ff56e16b6b6ee1bdeb1ff3f266a.php 第 133 行.
[ 2013-02-28T16:51:07+08:00 ] /yy_v2/y_dd/config/index.php/Category/edit/id/22/aid/ | NOTIC: [8] Undefined index: aid 5c3c2ff56e16b6b6ee1bdeb1ff3f266a.php 第 179 行.
[ 2013-02-28T16:51:07+08:00 ] /yy_v2/y_dd/config/index.php/Category/edit/id/22/aid/ | NOTIC: [8] Undefined variable: obj 5c3c2ff56e16b6b6ee1bdeb1ff3f266a.php 第 212 行.
[ 2013-02-28T16:51:09+08:00 ] /yy_v2/y_dd/config/index.php/Category/edit/id/1212/aid/ | NOTIC: [8] Undefined index: account_id CommonAction.class.php 第 20 行.
[ 2013-02-28T16:51:09+08:00 ] /yy_v2/y_dd/config/index.php/Category/edit/id/1212/aid/ | SQL: SHOW COLUMNS FROM `y_account` [ RunTime:0.001563s ]
[ 2013-02-28T16:51:09+08:00 ] /yy_v2/y_dd/config/index.php/Category/edit/id/1212/aid/ | SQL: SHOW COLUMNS FROM `y_category` [ RunTime:0.002930s ]
[ 2013-02-28T16:51:09+08:00 ] /yy_v2/y_dd/config/index.php/Category/edit/id/1212/aid/ | NOTIC: [8] Undefined index: aid CategoryAction.class.php 第 15 行.
[ 2013-02-28T16:51:09+08:00 ] /yy_v2/y_dd/config/index.php/Category/edit/id/1212/aid/ | NOTIC: [8] Undefined index: act CategoryAction.class.php 第 16 行.
[ 2013-02-28T16:51:09+08:00 ] /yy_v2/y_dd/config/index.php/Category/edit/id/1212/aid/ | SQL: SELECT * FROM `y_category` WHERE ( `id` = '1212' ) LIMIT 1  [ RunTime:0.000508s ]
[ 2013-02-28T16:51:09+08:00 ] /yy_v2/y_dd/config/index.php/Category/edit/id/1212/aid/ | SQL: SELECT * FROM `y_category` WHERE ( `pid` = '22' ) ORDER BY ordernum desc [ RunTime:0.000877s ]
[ 2013-02-28T16:51:09+08:00 ] /yy_v2/y_dd/config/index.php/Category/edit/id/1212/aid/ | SQL: SELECT * FROM `y_category` WHERE ( `pid` = 3 ) AND ( `is_publish` = 1 ) ORDER BY is_default desc,ordernum desc [ RunTime:0.001598s ]
[ 2013-02-28T16:51:09+08:00 ] /yy_v2/y_dd/config/index.php/Category/edit/id/1212/aid/ | NOTIC: [8] Undefined variable: obj 5c3c2ff56e16b6b6ee1bdeb1ff3f266a.php 第 14 行.
[ 2013-02-28T16:51:09+08:00 ] /yy_v2/y_dd/config/index.php/Category/edit/id/1212/aid/ | NOTIC: [8] Undefined variable: obj 5c3c2ff56e16b6b6ee1bdeb1ff3f266a.php 第 15 行.
[ 2013-02-28T16:51:09+08:00 ] /yy_v2/y_dd/config/index.php/Category/edit/id/1212/aid/ | NOTIC: [8] Undefined variable: obj 5c3c2ff56e16b6b6ee1bdeb1ff3f266a.php 第 41 行.
[ 2013-02-28T16:51:09+08:00 ] /yy_v2/y_dd/config/index.php/Category/edit/id/1212/aid/ | NOTIC: [8] Undefined variable: obj 5c3c2ff56e16b6b6ee1bdeb1ff3f266a.php 第 45 行.
[ 2013-02-28T16:51:09+08:00 ] /yy_v2/y_dd/config/index.php/Category/edit/id/1212/aid/ | NOTIC: [8] Undefined variable: obj 5c3c2ff56e16b6b6ee1bdeb1ff3f266a.php 第 63 行.
[ 2013-02-28T16:51:09+08:00 ] /yy_v2/y_dd/config/index.php/Category/edit/id/1212/aid/ | NOTIC: [8] Undefined variable: obj 5c3c2ff56e16b6b6ee1bdeb1ff3f266a.php 第 67 行.
[ 2013-02-28T16:51:09+08:00 ] /yy_v2/y_dd/config/index.php/Category/edit/id/1212/aid/ | NOTIC: [8] Undefined variable: obj 5c3c2ff56e16b6b6ee1bdeb1ff3f266a.php 第 71 行.
[ 2013-02-28T16:51:09+08:00 ] /yy_v2/y_dd/config/index.php/Category/edit/id/1212/aid/ | NOTIC: [8] Undefined variable: obj 5c3c2ff56e16b6b6ee1bdeb1ff3f266a.php 第 75 行.
[ 2013-02-28T16:51:09+08:00 ] /yy_v2/y_dd/config/index.php/Category/edit/id/1212/aid/ | NOTIC: [8] Undefined variable: obj 5c3c2ff56e16b6b6ee1bdeb1ff3f266a.php 第 79 行.
[ 2013-02-28T16:51:09+08:00 ] /yy_v2/y_dd/config/index.php/Category/edit/id/1212/aid/ | NOTIC: [8] Undefined variable: obj 5c3c2ff56e16b6b6ee1bdeb1ff3f266a.php 第 100 行.
[ 2013-02-28T16:51:09+08:00 ] /yy_v2/y_dd/config/index.php/Category/edit/id/1212/aid/ | NOTIC: [8] Undefined variable: obj 5c3c2ff56e16b6b6ee1bdeb1ff3f266a.php 第 101 行.
[ 2013-02-28T16:51:09+08:00 ] /yy_v2/y_dd/config/index.php/Category/edit/id/1212/aid/ | NOTIC: [8] Undefined variable: obj 5c3c2ff56e16b6b6ee1bdeb1ff3f266a.php 第 130 行.
[ 2013-02-28T16:51:09+08:00 ] /yy_v2/y_dd/config/index.php/Category/edit/id/1212/aid/ | NOTIC: [8] Undefined variable: obj 5c3c2ff56e16b6b6ee1bdeb1ff3f266a.php 第 131 行.
[ 2013-02-28T16:51:09+08:00 ] /yy_v2/y_dd/config/index.php/Category/edit/id/1212/aid/ | NOTIC: [8] Undefined variable: obj 5c3c2ff56e16b6b6ee1bdeb1ff3f266a.php 第 132 行.
[ 2013-02-28T16:51:09+08:00 ] /yy_v2/y_dd/config/index.php/Category/edit/id/1212/aid/ | NOTIC: [8] Undefined variable: obj 5c3c2ff56e16b6b6ee1bdeb1ff3f266a.php 第 133 行.
[ 2013-02-28T16:51:09+08:00 ] /yy_v2/y_dd/config/index.php/Category/edit/id/1212/aid/ | NOTIC: [8] Undefined index: aid 5c3c2ff56e16b6b6ee1bdeb1ff3f266a.php 第 179 行.
[ 2013-02-28T16:51:09+08:00 ] /yy_v2/y_dd/config/index.php/Category/edit/id/1212/aid/ | NOTIC: [8] Undefined variable: obj 5c3c2ff56e16b6b6ee1bdeb1ff3f266a.php 第 212 行.
[ 2013-02-28T16:51:10+08:00 ] /yy_v2/y_dd/config/index.php/Category/edit/act/update/id/1212/aid/ | NOTIC: [8] Undefined index: account_id CommonAction.class.php 第 20 行.
[ 2013-02-28T16:51:10+08:00 ] /yy_v2/y_dd/config/index.php/Category/edit/act/update/id/1212/aid/ | SQL: SHOW COLUMNS FROM `y_account` [ RunTime:0.002021s ]
[ 2013-02-28T16:51:10+08:00 ] /yy_v2/y_dd/config/index.php/Category/edit/act/update/id/1212/aid/ | SQL: SHOW COLUMNS FROM `y_category` [ RunTime:0.002817s ]
[ 2013-02-28T16:51:10+08:00 ] /yy_v2/y_dd/config/index.php/Category/edit/act/update/id/1212/aid/ | NOTIC: [8] Undefined index: aid CategoryAction.class.php 第 15 行.
[ 2013-02-28T16:51:10+08:00 ] /yy_v2/y_dd/config/index.php/Category/edit/act/update/id/1212/aid/ | SQL: SELECT * FROM `y_category` WHERE ( `id` = '1212' ) LIMIT 1  [ RunTime:0.000443s ]
[ 2013-02-28T16:51:10+08:00 ] /yy_v2/y_dd/config/index.php/Category/edit/act/update/id/1212/aid/ | SQL: SELECT * FROM `y_category` WHERE ( `pid` = '22' ) ORDER BY ordernum desc [ RunTime:0.000742s ]
[ 2013-02-28T16:51:10+08:00 ] /yy_v2/y_dd/config/index.php/Category/edit/act/update/id/1212/aid/ | SQL: SELECT * FROM `y_category` WHERE ( `pid` = 3 ) AND ( `is_publish` = 1 ) ORDER BY is_default desc,ordernum desc [ RunTime:0.001385s ]
[ 2013-02-28T16:51:11+08:00 ] /yy_v2/y_dd/config/index.php/Category/edit/act/update/id/1212/aid/ | NOTIC: [8] Undefined index: aid 5c3c2ff56e16b6b6ee1bdeb1ff3f266a.php 第 179 行.
[ 2013-02-28T16:54:33+08:00 ] /yy_v2/y_dd/config/index.php/Category/edit/id/22/aid/ | NOTIC: [8] Undefined index: account_id CommonAction.class.php 第 20 行.
[ 2013-02-28T16:54:33+08:00 ] /yy_v2/y_dd/config/index.php/Category/edit/id/22/aid/ | SQL: SHOW COLUMNS FROM `y_account` [ RunTime:0.001551s ]
[ 2013-02-28T16:54:33+08:00 ] /yy_v2/y_dd/config/index.php/Category/edit/id/22/aid/ | SQL: SHOW COLUMNS FROM `y_category` [ RunTime:0.002746s ]
[ 2013-02-28T16:54:33+08:00 ] /yy_v2/y_dd/config/index.php/Category/edit/id/22/aid/ | NOTIC: [8] Undefined index: aid CategoryAction.class.php 第 15 行.
[ 2013-02-28T16:54:33+08:00 ] /yy_v2/y_dd/config/index.php/Category/edit/id/22/aid/ | NOTIC: [8] Undefined index: act CategoryAction.class.php 第 16 行.
[ 2013-02-28T16:54:33+08:00 ] /yy_v2/y_dd/config/index.php/Category/edit/id/22/aid/ | SQL: SELECT * FROM `y_category` WHERE ( `id` = '22' ) LIMIT 1  [ RunTime:0.000522s ]
[ 2013-02-28T16:54:33+08:00 ] /yy_v2/y_dd/config/index.php/Category/edit/id/22/aid/ | SQL: SELECT * FROM `y_category` WHERE ( `pid` = '12' ) ORDER BY ordernum desc [ RunTime:0.000817s ]
[ 2013-02-28T16:54:33+08:00 ] /yy_v2/y_dd/config/index.php/Category/edit/id/22/aid/ | SQL: SELECT * FROM `y_category` WHERE ( `pid` = 3 ) AND ( `is_publish` = 1 ) ORDER BY is_default desc,ordernum desc [ RunTime:0.001377s ]
[ 2013-02-28T16:54:33+08:00 ] /yy_v2/y_dd/config/index.php/Category/edit/id/22/aid/ | NOTIC: [8] Undefined variable: obj 5c3c2ff56e16b6b6ee1bdeb1ff3f266a.php 第 14 行.
[ 2013-02-28T16:54:33+08:00 ] /yy_v2/y_dd/config/index.php/Category/edit/id/22/aid/ | NOTIC: [8] Undefined variable: obj 5c3c2ff56e16b6b6ee1bdeb1ff3f266a.php 第 15 行.
[ 2013-02-28T16:54:33+08:00 ] /yy_v2/y_dd/config/index.php/Category/edit/id/22/aid/ | NOTIC: [8] Undefined variable: obj 5c3c2ff56e16b6b6ee1bdeb1ff3f266a.php 第 41 行.
[ 2013-02-28T16:54:33+08:00 ] /yy_v2/y_dd/config/index.php/Category/edit/id/22/aid/ | NOTIC: [8] Undefined variable: obj 5c3c2ff56e16b6b6ee1bdeb1ff3f266a.php 第 45 行.
[ 2013-02-28T16:54:33+08:00 ] /yy_v2/y_dd/config/index.php/Category/edit/id/22/aid/ | NOTIC: [8] Undefined variable: obj 5c3c2ff56e16b6b6ee1bdeb1ff3f266a.php 第 63 行.
[ 2013-02-28T16:54:33+08:00 ] /yy_v2/y_dd/config/index.php/Category/edit/id/22/aid/ | NOTIC: [8] Undefined variable: obj 5c3c2ff56e16b6b6ee1bdeb1ff3f266a.php 第 67 行.
[ 2013-02-28T16:54:33+08:00 ] /yy_v2/y_dd/config/index.php/Category/edit/id/22/aid/ | NOTIC: [8] Undefined variable: obj 5c3c2ff56e16b6b6ee1bdeb1ff3f266a.php 第 71 行.
[ 2013-02-28T16:54:33+08:00 ] /yy_v2/y_dd/config/index.php/Category/edit/id/22/aid/ | NOTIC: [8] Undefined variable: obj 5c3c2ff56e16b6b6ee1bdeb1ff3f266a.php 第 75 行.
[ 2013-02-28T16:54:33+08:00 ] /yy_v2/y_dd/config/index.php/Category/edit/id/22/aid/ | NOTIC: [8] Undefined variable: obj 5c3c2ff56e16b6b6ee1bdeb1ff3f266a.php 第 79 行.
[ 2013-02-28T16:54:33+08:00 ] /yy_v2/y_dd/config/index.php/Category/edit/id/22/aid/ | NOTIC: [8] Undefined variable: obj 5c3c2ff56e16b6b6ee1bdeb1ff3f266a.php 第 100 行.
[ 2013-02-28T16:54:33+08:00 ] /yy_v2/y_dd/config/index.php/Category/edit/id/22/aid/ | NOTIC: [8] Undefined variable: obj 5c3c2ff56e16b6b6ee1bdeb1ff3f266a.php 第 101 行.
[ 2013-02-28T16:54:33+08:00 ] /yy_v2/y_dd/config/index.php/Category/edit/id/22/aid/ | NOTIC: [8] Undefined variable: obj 5c3c2ff56e16b6b6ee1bdeb1ff3f266a.php 第 130 行.
[ 2013-02-28T16:54:33+08:00 ] /yy_v2/y_dd/config/index.php/Category/edit/id/22/aid/ | NOTIC: [8] Undefined variable: obj 5c3c2ff56e16b6b6ee1bdeb1ff3f266a.php 第 131 行.
[ 2013-02-28T16:54:33+08:00 ] /yy_v2/y_dd/config/index.php/Category/edit/id/22/aid/ | NOTIC: [8] Undefined variable: obj 5c3c2ff56e16b6b6ee1bdeb1ff3f266a.php 第 132 行.
[ 2013-02-28T16:54:33+08:00 ] /yy_v2/y_dd/config/index.php/Category/edit/id/22/aid/ | NOTIC: [8] Undefined variable: obj 5c3c2ff56e16b6b6ee1bdeb1ff3f266a.php 第 133 行.
[ 2013-02-28T16:54:33+08:00 ] /yy_v2/y_dd/config/index.php/Category/edit/id/22/aid/ | NOTIC: [8] Undefined index: aid 5c3c2ff56e16b6b6ee1bdeb1ff3f266a.php 第 179 行.
[ 2013-02-28T16:54:33+08:00 ] /yy_v2/y_dd/config/index.php/Category/edit/id/22/aid/ | NOTIC: [8] Undefined variable: obj 5c3c2ff56e16b6b6ee1bdeb1ff3f266a.php 第 212 行.
[ 2013-02-28T16:54:34+08:00 ] /yy_v2/y_dd/config/index.php/Category/edit/id/1212/aid/ | NOTIC: [8] Undefined index: account_id CommonAction.class.php 第 20 行.
[ 2013-02-28T16:54:34+08:00 ] /yy_v2/y_dd/config/index.php/Category/edit/id/1212/aid/ | SQL: SHOW COLUMNS FROM `y_account` [ RunTime:0.001656s ]
[ 2013-02-28T16:54:34+08:00 ] /yy_v2/y_dd/config/index.php/Category/edit/id/1212/aid/ | SQL: SHOW COLUMNS FROM `y_category` [ RunTime:0.003030s ]
[ 2013-02-28T16:54:34+08:00 ] /yy_v2/y_dd/config/index.php/Category/edit/id/1212/aid/ | NOTIC: [8] Undefined index: aid CategoryAction.class.php 第 15 行.
[ 2013-02-28T16:54:34+08:00 ] /yy_v2/y_dd/config/index.php/Category/edit/id/1212/aid/ | NOTIC: [8] Undefined index: act CategoryAction.class.php 第 16 行.
[ 2013-02-28T16:54:34+08:00 ] /yy_v2/y_dd/config/index.php/Category/edit/id/1212/aid/ | SQL: SELECT * FROM `y_category` WHERE ( `id` = '1212' ) LIMIT 1  [ RunTime:0.000466s ]
[ 2013-02-28T16:54:34+08:00 ] /yy_v2/y_dd/config/index.php/Category/edit/id/1212/aid/ | SQL: SELECT * FROM `y_category` WHERE ( `pid` = '22' ) ORDER BY ordernum desc [ RunTime:0.000725s ]
[ 2013-02-28T16:54:34+08:00 ] /yy_v2/y_dd/config/index.php/Category/edit/id/1212/aid/ | SQL: SELECT * FROM `y_category` WHERE ( `pid` = 3 ) AND ( `is_publish` = 1 ) ORDER BY is_default desc,ordernum desc [ RunTime:0.001321s ]
[ 2013-02-28T16:54:34+08:00 ] /yy_v2/y_dd/config/index.php/Category/edit/id/1212/aid/ | NOTIC: [8] Undefined variable: obj 5c3c2ff56e16b6b6ee1bdeb1ff3f266a.php 第 14 行.
[ 2013-02-28T16:54:34+08:00 ] /yy_v2/y_dd/config/index.php/Category/edit/id/1212/aid/ | NOTIC: [8] Undefined variable: obj 5c3c2ff56e16b6b6ee1bdeb1ff3f266a.php 第 15 行.
[ 2013-02-28T16:54:34+08:00 ] /yy_v2/y_dd/config/index.php/Category/edit/id/1212/aid/ | NOTIC: [8] Undefined variable: obj 5c3c2ff56e16b6b6ee1bdeb1ff3f266a.php 第 41 行.
[ 2013-02-28T16:54:34+08:00 ] /yy_v2/y_dd/config/index.php/Category/edit/id/1212/aid/ | NOTIC: [8] Undefined variable: obj 5c3c2ff56e16b6b6ee1bdeb1ff3f266a.php 第 45 行.
[ 2013-02-28T16:54:34+08:00 ] /yy_v2/y_dd/config/index.php/Category/edit/id/1212/aid/ | NOTIC: [8] Undefined variable: obj 5c3c2ff56e16b6b6ee1bdeb1ff3f266a.php 第 63 行.
[ 2013-02-28T16:54:34+08:00 ] /yy_v2/y_dd/config/index.php/Category/edit/id/1212/aid/ | NOTIC: [8] Undefined variable: obj 5c3c2ff56e16b6b6ee1bdeb1ff3f266a.php 第 67 行.
[ 2013-02-28T16:54:34+08:00 ] /yy_v2/y_dd/config/index.php/Category/edit/id/1212/aid/ | NOTIC: [8] Undefined variable: obj 5c3c2ff56e16b6b6ee1bdeb1ff3f266a.php 第 71 行.
[ 2013-02-28T16:54:34+08:00 ] /yy_v2/y_dd/config/index.php/Category/edit/id/1212/aid/ | NOTIC: [8] Undefined variable: obj 5c3c2ff56e16b6b6ee1bdeb1ff3f266a.php 第 75 行.
[ 2013-02-28T16:54:34+08:00 ] /yy_v2/y_dd/config/index.php/Category/edit/id/1212/aid/ | NOTIC: [8] Undefined variable: obj 5c3c2ff56e16b6b6ee1bdeb1ff3f266a.php 第 79 行.
[ 2013-02-28T16:54:34+08:00 ] /yy_v2/y_dd/config/index.php/Category/edit/id/1212/aid/ | NOTIC: [8] Undefined variable: obj 5c3c2ff56e16b6b6ee1bdeb1ff3f266a.php 第 100 行.
[ 2013-02-28T16:54:34+08:00 ] /yy_v2/y_dd/config/index.php/Category/edit/id/1212/aid/ | NOTIC: [8] Undefined variable: obj 5c3c2ff56e16b6b6ee1bdeb1ff3f266a.php 第 101 行.
[ 2013-02-28T16:54:34+08:00 ] /yy_v2/y_dd/config/index.php/Category/edit/id/1212/aid/ | NOTIC: [8] Undefined variable: obj 5c3c2ff56e16b6b6ee1bdeb1ff3f266a.php 第 130 行.
[ 2013-02-28T16:54:34+08:00 ] /yy_v2/y_dd/config/index.php/Category/edit/id/1212/aid/ | NOTIC: [8] Undefined variable: obj 5c3c2ff56e16b6b6ee1bdeb1ff3f266a.php 第 131 行.
[ 2013-02-28T16:54:34+08:00 ] /yy_v2/y_dd/config/index.php/Category/edit/id/1212/aid/ | NOTIC: [8] Undefined variable: obj 5c3c2ff56e16b6b6ee1bdeb1ff3f266a.php 第 132 行.
[ 2013-02-28T16:54:34+08:00 ] /yy_v2/y_dd/config/index.php/Category/edit/id/1212/aid/ | NOTIC: [8] Undefined variable: obj 5c3c2ff56e16b6b6ee1bdeb1ff3f266a.php 第 133 行.
[ 2013-02-28T16:54:34+08:00 ] /yy_v2/y_dd/config/index.php/Category/edit/id/1212/aid/ | NOTIC: [8] Undefined index: aid 5c3c2ff56e16b6b6ee1bdeb1ff3f266a.php 第 179 行.
[ 2013-02-28T16:54:34+08:00 ] /yy_v2/y_dd/config/index.php/Category/edit/id/1212/aid/ | NOTIC: [8] Undefined variable: obj 5c3c2ff56e16b6b6ee1bdeb1ff3f266a.php 第 212 行.
[ 2013-02-28T16:54:36+08:00 ] /yy_v2/y_dd/config/index.php/Category/edit/id/1494/aid/ | NOTIC: [8] Undefined index: account_id CommonAction.class.php 第 20 行.
[ 2013-02-28T16:54:36+08:00 ] /yy_v2/y_dd/config/index.php/Category/edit/id/1494/aid/ | SQL: SHOW COLUMNS FROM `y_account` [ RunTime:0.001657s ]
[ 2013-02-28T16:54:36+08:00 ] /yy_v2/y_dd/config/index.php/Category/edit/id/1494/aid/ | SQL: SHOW COLUMNS FROM `y_category` [ RunTime:0.003020s ]
[ 2013-02-28T16:54:36+08:00 ] /yy_v2/y_dd/config/index.php/Category/edit/id/1494/aid/ | NOTIC: [8] Undefined index: aid CategoryAction.class.php 第 15 行.
[ 2013-02-28T16:54:36+08:00 ] /yy_v2/y_dd/config/index.php/Category/edit/id/1494/aid/ | NOTIC: [8] Undefined index: act CategoryAction.class.php 第 16 行.
[ 2013-02-28T16:54:36+08:00 ] /yy_v2/y_dd/config/index.php/Category/edit/id/1494/aid/ | SQL: SELECT * FROM `y_category` WHERE ( `id` = '1494' ) LIMIT 1  [ RunTime:0.002026s ]
[ 2013-02-28T16:54:36+08:00 ] /yy_v2/y_dd/config/index.php/Category/edit/id/1494/aid/ | SQL: SELECT * FROM `y_category` WHERE ( `pid` = '22' ) ORDER BY ordernum desc [ RunTime:0.000917s ]
[ 2013-02-28T16:54:36+08:00 ] /yy_v2/y_dd/config/index.php/Category/edit/id/1494/aid/ | SQL: SELECT * FROM `y_category` WHERE ( `pid` = 3 ) AND ( `is_publish` = 1 ) ORDER BY is_default desc,ordernum desc [ RunTime:0.001474s ]
[ 2013-02-28T16:54:36+08:00 ] /yy_v2/y_dd/config/index.php/Category/edit/id/1494/aid/ | NOTIC: [8] Undefined variable: obj 5c3c2ff56e16b6b6ee1bdeb1ff3f266a.php 第 14 行.
[ 2013-02-28T16:54:36+08:00 ] /yy_v2/y_dd/config/index.php/Category/edit/id/1494/aid/ | NOTIC: [8] Undefined variable: obj 5c3c2ff56e16b6b6ee1bdeb1ff3f266a.php 第 15 行.
[ 2013-02-28T16:54:36+08:00 ] /yy_v2/y_dd/config/index.php/Category/edit/id/1494/aid/ | NOTIC: [8] Undefined variable: obj 5c3c2ff56e16b6b6ee1bdeb1ff3f266a.php 第 41 行.
[ 2013-02-28T16:54:36+08:00 ] /yy_v2/y_dd/config/index.php/Category/edit/id/1494/aid/ | NOTIC: [8] Undefined variable: obj 5c3c2ff56e16b6b6ee1bdeb1ff3f266a.php 第 45 行.
[ 2013-02-28T16:54:36+08:00 ] /yy_v2/y_dd/config/index.php/Category/edit/id/1494/aid/ | NOTIC: [8] Undefined variable: obj 5c3c2ff56e16b6b6ee1bdeb1ff3f266a.php 第 63 行.
[ 2013-02-28T16:54:36+08:00 ] /yy_v2/y_dd/config/index.php/Category/edit/id/1494/aid/ | NOTIC: [8] Undefined variable: obj 5c3c2ff56e16b6b6ee1bdeb1ff3f266a.php 第 67 行.
[ 2013-02-28T16:54:36+08:00 ] /yy_v2/y_dd/config/index.php/Category/edit/id/1494/aid/ | NOTIC: [8] Undefined variable: obj 5c3c2ff56e16b6b6ee1bdeb1ff3f266a.php 第 71 行.
[ 2013-02-28T16:54:36+08:00 ] /yy_v2/y_dd/config/index.php/Category/edit/id/1494/aid/ | NOTIC: [8] Undefined variable: obj 5c3c2ff56e16b6b6ee1bdeb1ff3f266a.php 第 75 行.
[ 2013-02-28T16:54:36+08:00 ] /yy_v2/y_dd/config/index.php/Category/edit/id/1494/aid/ | NOTIC: [8] Undefined variable: obj 5c3c2ff56e16b6b6ee1bdeb1ff3f266a.php 第 79 行.
[ 2013-02-28T16:54:36+08:00 ] /yy_v2/y_dd/config/index.php/Category/edit/id/1494/aid/ | NOTIC: [8] Undefined variable: obj 5c3c2ff56e16b6b6ee1bdeb1ff3f266a.php 第 100 行.
[ 2013-02-28T16:54:36+08:00 ] /yy_v2/y_dd/config/index.php/Category/edit/id/1494/aid/ | NOTIC: [8] Undefined variable: obj 5c3c2ff56e16b6b6ee1bdeb1ff3f266a.php 第 101 行.
[ 2013-02-28T16:54:36+08:00 ] /yy_v2/y_dd/config/index.php/Category/edit/id/1494/aid/ | NOTIC: [8] Undefined variable: obj 5c3c2ff56e16b6b6ee1bdeb1ff3f266a.php 第 130 行.
[ 2013-02-28T16:54:36+08:00 ] /yy_v2/y_dd/config/index.php/Category/edit/id/1494/aid/ | NOTIC: [8] Undefined variable: obj 5c3c2ff56e16b6b6ee1bdeb1ff3f266a.php 第 131 行.
[ 2013-02-28T16:54:36+08:00 ] /yy_v2/y_dd/config/index.php/Category/edit/id/1494/aid/ | NOTIC: [8] Undefined variable: obj 5c3c2ff56e16b6b6ee1bdeb1ff3f266a.php 第 132 行.
[ 2013-02-28T16:54:36+08:00 ] /yy_v2/y_dd/config/index.php/Category/edit/id/1494/aid/ | NOTIC: [8] Undefined variable: obj 5c3c2ff56e16b6b6ee1bdeb1ff3f266a.php 第 133 行.
[ 2013-02-28T16:54:36+08:00 ] /yy_v2/y_dd/config/index.php/Category/edit/id/1494/aid/ | NOTIC: [8] Undefined index: aid 5c3c2ff56e16b6b6ee1bdeb1ff3f266a.php 第 179 行.
[ 2013-02-28T16:54:36+08:00 ] /yy_v2/y_dd/config/index.php/Category/edit/id/1494/aid/ | NOTIC: [8] Undefined variable: obj 5c3c2ff56e16b6b6ee1bdeb1ff3f266a.php 第 212 行.
[ 2013-02-28T16:54:40+08:00 ] /yy_v2/y_dd/config/index.php/Category/edit/id/1212/aid/ | NOTIC: [8] Undefined index: account_id CommonAction.class.php 第 20 行.
[ 2013-02-28T16:54:40+08:00 ] /yy_v2/y_dd/config/index.php/Category/edit/id/1212/aid/ | SQL: SHOW COLUMNS FROM `y_account` [ RunTime:0.002222s ]
[ 2013-02-28T16:54:40+08:00 ] /yy_v2/y_dd/config/index.php/Category/edit/id/1212/aid/ | SQL: SHOW COLUMNS FROM `y_category` [ RunTime:0.004426s ]
[ 2013-02-28T16:54:40+08:00 ] /yy_v2/y_dd/config/index.php/Category/edit/id/1212/aid/ | NOTIC: [8] Undefined index: aid CategoryAction.class.php 第 15 行.
[ 2013-02-28T16:54:40+08:00 ] /yy_v2/y_dd/config/index.php/Category/edit/id/1212/aid/ | NOTIC: [8] Undefined index: act CategoryAction.class.php 第 16 行.
[ 2013-02-28T16:54:40+08:00 ] /yy_v2/y_dd/config/index.php/Category/edit/id/1212/aid/ | SQL: SELECT * FROM `y_category` WHERE ( `id` = '1212' ) LIMIT 1  [ RunTime:0.000558s ]
[ 2013-02-28T16:54:40+08:00 ] /yy_v2/y_dd/config/index.php/Category/edit/id/1212/aid/ | SQL: SELECT * FROM `y_category` WHERE ( `pid` = '22' ) ORDER BY ordernum desc [ RunTime:0.000912s ]
[ 2013-02-28T16:54:40+08:00 ] /yy_v2/y_dd/config/index.php/Category/edit/id/1212/aid/ | SQL: SELECT * FROM `y_category` WHERE ( `pid` = 3 ) AND ( `is_publish` = 1 ) ORDER BY is_default desc,ordernum desc [ RunTime:0.001437s ]
[ 2013-02-28T16:54:40+08:00 ] /yy_v2/y_dd/config/index.php/Category/edit/id/1212/aid/ | NOTIC: [8] Undefined variable: obj 5c3c2ff56e16b6b6ee1bdeb1ff3f266a.php 第 14 行.
[ 2013-02-28T16:54:40+08:00 ] /yy_v2/y_dd/config/index.php/Category/edit/id/1212/aid/ | NOTIC: [8] Undefined variable: obj 5c3c2ff56e16b6b6ee1bdeb1ff3f266a.php 第 15 行.
[ 2013-02-28T16:54:40+08:00 ] /yy_v2/y_dd/config/index.php/Category/edit/id/1212/aid/ | NOTIC: [8] Undefined variable: obj 5c3c2ff56e16b6b6ee1bdeb1ff3f266a.php 第 41 行.
[ 2013-02-28T16:54:40+08:00 ] /yy_v2/y_dd/config/index.php/Category/edit/id/1212/aid/ | NOTIC: [8] Undefined variable: obj 5c3c2ff56e16b6b6ee1bdeb1ff3f266a.php 第 45 行.
[ 2013-02-28T16:54:40+08:00 ] /yy_v2/y_dd/config/index.php/Category/edit/id/1212/aid/ | NOTIC: [8] Undefined variable: obj 5c3c2ff56e16b6b6ee1bdeb1ff3f266a.php 第 63 行.
[ 2013-02-28T16:54:40+08:00 ] /yy_v2/y_dd/config/index.php/Category/edit/id/1212/aid/ | NOTIC: [8] Undefined variable: obj 5c3c2ff56e16b6b6ee1bdeb1ff3f266a.php 第 67 行.
[ 2013-02-28T16:54:40+08:00 ] /yy_v2/y_dd/config/index.php/Category/edit/id/1212/aid/ | NOTIC: [8] Undefined variable: obj 5c3c2ff56e16b6b6ee1bdeb1ff3f266a.php 第 71 行.
[ 2013-02-28T16:54:40+08:00 ] /yy_v2/y_dd/config/index.php/Category/edit/id/1212/aid/ | NOTIC: [8] Undefined variable: obj 5c3c2ff56e16b6b6ee1bdeb1ff3f266a.php 第 75 行.
[ 2013-02-28T16:54:40+08:00 ] /yy_v2/y_dd/config/index.php/Category/edit/id/1212/aid/ | NOTIC: [8] Undefined variable: obj 5c3c2ff56e16b6b6ee1bdeb1ff3f266a.php 第 79 行.
[ 2013-02-28T16:54:40+08:00 ] /yy_v2/y_dd/config/index.php/Category/edit/id/1212/aid/ | NOTIC: [8] Undefined variable: obj 5c3c2ff56e16b6b6ee1bdeb1ff3f266a.php 第 100 行.
[ 2013-02-28T16:54:40+08:00 ] /yy_v2/y_dd/config/index.php/Category/edit/id/1212/aid/ | NOTIC: [8] Undefined variable: obj 5c3c2ff56e16b6b6ee1bdeb1ff3f266a.php 第 101 行.
[ 2013-02-28T16:54:40+08:00 ] /yy_v2/y_dd/config/index.php/Category/edit/id/1212/aid/ | NOTIC: [8] Undefined variable: obj 5c3c2ff56e16b6b6ee1bdeb1ff3f266a.php 第 130 行.
[ 2013-02-28T16:54:40+08:00 ] /yy_v2/y_dd/config/index.php/Category/edit/id/1212/aid/ | NOTIC: [8] Undefined variable: obj 5c3c2ff56e16b6b6ee1bdeb1ff3f266a.php 第 131 行.
[ 2013-02-28T16:54:40+08:00 ] /yy_v2/y_dd/config/index.php/Category/edit/id/1212/aid/ | NOTIC: [8] Undefined variable: obj 5c3c2ff56e16b6b6ee1bdeb1ff3f266a.php 第 132 行.
[ 2013-02-28T16:54:40+08:00 ] /yy_v2/y_dd/config/index.php/Category/edit/id/1212/aid/ | NOTIC: [8] Undefined variable: obj 5c3c2ff56e16b6b6ee1bdeb1ff3f266a.php 第 133 行.
[ 2013-02-28T16:54:40+08:00 ] /yy_v2/y_dd/config/index.php/Category/edit/id/1212/aid/ | NOTIC: [8] Undefined index: aid 5c3c2ff56e16b6b6ee1bdeb1ff3f266a.php 第 179 行.
[ 2013-02-28T16:54:40+08:00 ] /yy_v2/y_dd/config/index.php/Category/edit/id/1212/aid/ | NOTIC: [8] Undefined variable: obj 5c3c2ff56e16b6b6ee1bdeb1ff3f266a.php 第 212 行.
[ 2013-02-28T17:21:34+08:00 ] /yy_v2/y_dd/config/index.php/Category/edit/id/22/aid/ | NOTIC: [8] Undefined index: account_id CommonAction.class.php 第 20 行.
[ 2013-02-28T17:21:34+08:00 ] /yy_v2/y_dd/config/index.php/Category/edit/id/22/aid/ | SQL: SHOW COLUMNS FROM `y_account` [ RunTime:0.001958s ]
[ 2013-02-28T17:21:34+08:00 ] /yy_v2/y_dd/config/index.php/Category/edit/id/22/aid/ | SQL: SHOW COLUMNS FROM `y_category` [ RunTime:0.005411s ]
[ 2013-02-28T17:21:34+08:00 ] /yy_v2/y_dd/config/index.php/Category/edit/id/22/aid/ | NOTIC: [8] Undefined index: aid CategoryAction.class.php 第 15 行.
[ 2013-02-28T17:21:34+08:00 ] /yy_v2/y_dd/config/index.php/Category/edit/id/22/aid/ | NOTIC: [8] Undefined index: act CategoryAction.class.php 第 16 行.
[ 2013-02-28T17:21:34+08:00 ] /yy_v2/y_dd/config/index.php/Category/edit/id/22/aid/ | SQL: SELECT * FROM `y_category` WHERE ( `id` = '22' ) LIMIT 1  [ RunTime:0.000437s ]
[ 2013-02-28T17:21:34+08:00 ] /yy_v2/y_dd/config/index.php/Category/edit/id/22/aid/ | SQL: SELECT * FROM `y_category` WHERE ( `pid` = '12' ) ORDER BY ordernum desc [ RunTime:0.000726s ]
[ 2013-02-28T17:21:34+08:00 ] /yy_v2/y_dd/config/index.php/Category/edit/id/22/aid/ | SQL: SELECT * FROM `y_category` WHERE ( `pid` = 3 ) AND ( `is_publish` = 1 ) ORDER BY is_default desc,ordernum desc [ RunTime:0.000623s ]
[ 2013-02-28T17:21:34+08:00 ] /yy_v2/y_dd/config/index.php/Category/edit/id/22/aid/ | NOTIC: [8] Undefined variable: obj 5c3c2ff56e16b6b6ee1bdeb1ff3f266a.php 第 14 行.
[ 2013-02-28T17:21:34+08:00 ] /yy_v2/y_dd/config/index.php/Category/edit/id/22/aid/ | NOTIC: [8] Undefined variable: obj 5c3c2ff56e16b6b6ee1bdeb1ff3f266a.php 第 15 行.
[ 2013-02-28T17:21:34+08:00 ] /yy_v2/y_dd/config/index.php/Category/edit/id/22/aid/ | NOTIC: [8] Undefined variable: obj 5c3c2ff56e16b6b6ee1bdeb1ff3f266a.php 第 41 行.
[ 2013-02-28T17:21:34+08:00 ] /yy_v2/y_dd/config/index.php/Category/edit/id/22/aid/ | NOTIC: [8] Undefined variable: obj 5c3c2ff56e16b6b6ee1bdeb1ff3f266a.php 第 45 行.
[ 2013-02-28T17:21:34+08:00 ] /yy_v2/y_dd/config/index.php/Category/edit/id/22/aid/ | NOTIC: [8] Undefined variable: obj 5c3c2ff56e16b6b6ee1bdeb1ff3f266a.php 第 63 行.
[ 2013-02-28T17:21:34+08:00 ] /yy_v2/y_dd/config/index.php/Category/edit/id/22/aid/ | NOTIC: [8] Undefined variable: obj 5c3c2ff56e16b6b6ee1bdeb1ff3f266a.php 第 67 行.
[ 2013-02-28T17:21:34+08:00 ] /yy_v2/y_dd/config/index.php/Category/edit/id/22/aid/ | NOTIC: [8] Undefined variable: obj 5c3c2ff56e16b6b6ee1bdeb1ff3f266a.php 第 71 行.
[ 2013-02-28T17:21:34+08:00 ] /yy_v2/y_dd/config/index.php/Category/edit/id/22/aid/ | NOTIC: [8] Undefined variable: obj 5c3c2ff56e16b6b6ee1bdeb1ff3f266a.php 第 75 行.
[ 2013-02-28T17:21:34+08:00 ] /yy_v2/y_dd/config/index.php/Category/edit/id/22/aid/ | NOTIC: [8] Undefined variable: obj 5c3c2ff56e16b6b6ee1bdeb1ff3f266a.php 第 79 行.
[ 2013-02-28T17:21:34+08:00 ] /yy_v2/y_dd/config/index.php/Category/edit/id/22/aid/ | NOTIC: [8] Undefined variable: obj 5c3c2ff56e16b6b6ee1bdeb1ff3f266a.php 第 100 行.
[ 2013-02-28T17:21:34+08:00 ] /yy_v2/y_dd/config/index.php/Category/edit/id/22/aid/ | NOTIC: [8] Undefined variable: obj 5c3c2ff56e16b6b6ee1bdeb1ff3f266a.php 第 101 行.
[ 2013-02-28T17:21:34+08:00 ] /yy_v2/y_dd/config/index.php/Category/edit/id/22/aid/ | NOTIC: [8] Undefined variable: obj 5c3c2ff56e16b6b6ee1bdeb1ff3f266a.php 第 130 行.
[ 2013-02-28T17:21:34+08:00 ] /yy_v2/y_dd/config/index.php/Category/edit/id/22/aid/ | NOTIC: [8] Undefined variable: obj 5c3c2ff56e16b6b6ee1bdeb1ff3f266a.php 第 131 行.
[ 2013-02-28T17:21:34+08:00 ] /yy_v2/y_dd/config/index.php/Category/edit/id/22/aid/ | NOTIC: [8] Undefined variable: obj 5c3c2ff56e16b6b6ee1bdeb1ff3f266a.php 第 132 行.
[ 2013-02-28T17:21:34+08:00 ] /yy_v2/y_dd/config/index.php/Category/edit/id/22/aid/ | NOTIC: [8] Undefined variable: obj 5c3c2ff56e16b6b6ee1bdeb1ff3f266a.php 第 133 行.
[ 2013-02-28T17:21:34+08:00 ] /yy_v2/y_dd/config/index.php/Category/edit/id/22/aid/ | NOTIC: [8] Undefined index: aid 5c3c2ff56e16b6b6ee1bdeb1ff3f266a.php 第 179 行.
[ 2013-02-28T17:21:34+08:00 ] /yy_v2/y_dd/config/index.php/Category/edit/id/22/aid/ | NOTIC: [8] Undefined variable: obj 5c3c2ff56e16b6b6ee1bdeb1ff3f266a.php 第 212 行.
[ 2013-02-28T17:21:36+08:00 ] /yy_v2/y_dd/config/index.php/Category/edit/id/1504/aid/ | NOTIC: [8] Undefined index: account_id CommonAction.class.php 第 20 行.
[ 2013-02-28T17:21:36+08:00 ] /yy_v2/y_dd/config/index.php/Category/edit/id/1504/aid/ | SQL: SHOW COLUMNS FROM `y_account` [ RunTime:0.001569s ]
[ 2013-02-28T17:21:36+08:00 ] /yy_v2/y_dd/config/index.php/Category/edit/id/1504/aid/ | SQL: SHOW COLUMNS FROM `y_category` [ RunTime:0.004230s ]
[ 2013-02-28T17:21:36+08:00 ] /yy_v2/y_dd/config/index.php/Category/edit/id/1504/aid/ | NOTIC: [8] Undefined index: aid CategoryAction.class.php 第 15 行.
[ 2013-02-28T17:21:36+08:00 ] /yy_v2/y_dd/config/index.php/Category/edit/id/1504/aid/ | NOTIC: [8] Undefined index: act CategoryAction.class.php 第 16 行.
[ 2013-02-28T17:21:36+08:00 ] /yy_v2/y_dd/config/index.php/Category/edit/id/1504/aid/ | SQL: SELECT * FROM `y_category` WHERE ( `id` = '1504' ) LIMIT 1  [ RunTime:0.000464s ]
[ 2013-02-28T17:21:36+08:00 ] /yy_v2/y_dd/config/index.php/Category/edit/id/1504/aid/ | SQL: SELECT * FROM `y_category` WHERE ( `pid` = '22' ) ORDER BY ordernum desc [ RunTime:0.000928s ]
[ 2013-02-28T17:21:36+08:00 ] /yy_v2/y_dd/config/index.php/Category/edit/id/1504/aid/ | SQL: SELECT * FROM `y_category` WHERE ( `pid` = 3 ) AND ( `is_publish` = 1 ) ORDER BY is_default desc,ordernum desc [ RunTime:0.000658s ]
[ 2013-02-28T17:21:36+08:00 ] /yy_v2/y_dd/config/index.php/Category/edit/id/1504/aid/ | NOTIC: [8] Undefined variable: obj 5c3c2ff56e16b6b6ee1bdeb1ff3f266a.php 第 14 行.
[ 2013-02-28T17:21:36+08:00 ] /yy_v2/y_dd/config/index.php/Category/edit/id/1504/aid/ | NOTIC: [8] Undefined variable: obj 5c3c2ff56e16b6b6ee1bdeb1ff3f266a.php 第 15 行.
[ 2013-02-28T17:21:36+08:00 ] /yy_v2/y_dd/config/index.php/Category/edit/id/1504/aid/ | NOTIC: [8] Undefined variable: obj 5c3c2ff56e16b6b6ee1bdeb1ff3f266a.php 第 41 行.
[ 2013-02-28T17:21:36+08:00 ] /yy_v2/y_dd/config/index.php/Category/edit/id/1504/aid/ | NOTIC: [8] Undefined variable: obj 5c3c2ff56e16b6b6ee1bdeb1ff3f266a.php 第 45 行.
[ 2013-02-28T17:21:36+08:00 ] /yy_v2/y_dd/config/index.php/Category/edit/id/1504/aid/ | NOTIC: [8] Undefined variable: obj 5c3c2ff56e16b6b6ee1bdeb1ff3f266a.php 第 63 行.
[ 2013-02-28T17:21:36+08:00 ] /yy_v2/y_dd/config/index.php/Category/edit/id/1504/aid/ | NOTIC: [8] Undefined variable: obj 5c3c2ff56e16b6b6ee1bdeb1ff3f266a.php 第 67 行.
[ 2013-02-28T17:21:36+08:00 ] /yy_v2/y_dd/config/index.php/Category/edit/id/1504/aid/ | NOTIC: [8] Undefined variable: obj 5c3c2ff56e16b6b6ee1bdeb1ff3f266a.php 第 71 行.
[ 2013-02-28T17:21:36+08:00 ] /yy_v2/y_dd/config/index.php/Category/edit/id/1504/aid/ | NOTIC: [8] Undefined variable: obj 5c3c2ff56e16b6b6ee1bdeb1ff3f266a.php 第 75 行.
[ 2013-02-28T17:21:36+08:00 ] /yy_v2/y_dd/config/index.php/Category/edit/id/1504/aid/ | NOTIC: [8] Undefined variable: obj 5c3c2ff56e16b6b6ee1bdeb1ff3f266a.php 第 79 行.
[ 2013-02-28T17:21:36+08:00 ] /yy_v2/y_dd/config/index.php/Category/edit/id/1504/aid/ | NOTIC: [8] Undefined variable: obj 5c3c2ff56e16b6b6ee1bdeb1ff3f266a.php 第 100 行.
[ 2013-02-28T17:21:36+08:00 ] /yy_v2/y_dd/config/index.php/Category/edit/id/1504/aid/ | NOTIC: [8] Undefined variable: obj 5c3c2ff56e16b6b6ee1bdeb1ff3f266a.php 第 101 行.
[ 2013-02-28T17:21:36+08:00 ] /yy_v2/y_dd/config/index.php/Category/edit/id/1504/aid/ | NOTIC: [8] Undefined variable: obj 5c3c2ff56e16b6b6ee1bdeb1ff3f266a.php 第 130 行.
[ 2013-02-28T17:21:36+08:00 ] /yy_v2/y_dd/config/index.php/Category/edit/id/1504/aid/ | NOTIC: [8] Undefined variable: obj 5c3c2ff56e16b6b6ee1bdeb1ff3f266a.php 第 131 行.
[ 2013-02-28T17:21:36+08:00 ] /yy_v2/y_dd/config/index.php/Category/edit/id/1504/aid/ | NOTIC: [8] Undefined variable: obj 5c3c2ff56e16b6b6ee1bdeb1ff3f266a.php 第 132 行.
[ 2013-02-28T17:21:36+08:00 ] /yy_v2/y_dd/config/index.php/Category/edit/id/1504/aid/ | NOTIC: [8] Undefined variable: obj 5c3c2ff56e16b6b6ee1bdeb1ff3f266a.php 第 133 行.
[ 2013-02-28T17:21:36+08:00 ] /yy_v2/y_dd/config/index.php/Category/edit/id/1504/aid/ | NOTIC: [8] Undefined index: aid 5c3c2ff56e16b6b6ee1bdeb1ff3f266a.php 第 179 行.
[ 2013-02-28T17:21:36+08:00 ] /yy_v2/y_dd/config/index.php/Category/edit/id/1504/aid/ | NOTIC: [8] Undefined variable: obj 5c3c2ff56e16b6b6ee1bdeb1ff3f266a.php 第 212 行.
[ 2013-02-28T17:23:48+08:00 ] /yy_v2/y_dd/config/index.php/Lang/edit/pid/4/account_id/231/id/1391 | NOTIC: [8] Undefined index: account_id CommonAction.class.php 第 20 行.
[ 2013-02-28T17:23:48+08:00 ] /yy_v2/y_dd/config/index.php/Lang/edit/pid/4/account_id/231/id/1391 | SQL: SHOW COLUMNS FROM `y_account` [ RunTime:0.002032s ]
[ 2013-02-28T17:23:48+08:00 ] /yy_v2/y_dd/config/index.php/Lang/edit/pid/4/account_id/231/id/1391 | SQL: SHOW COLUMNS FROM `y_category` [ RunTime:0.003104s ]
[ 2013-02-28T17:23:48+08:00 ] /yy_v2/y_dd/config/index.php/Lang/edit/pid/4/account_id/231/id/1391 | SQL: SELECT * FROM `y_category` WHERE ( `id` = '1391' ) LIMIT 1  [ RunTime:0.000531s ]
[ 2013-02-28T17:23:50+08:00 ] /yy_v2/y_dd/config/index.php/Account/edit/id/231/tab_id/test2 | SQL: SHOW COLUMNS FROM `y_account` [ RunTime:0.005298s ]
[ 2013-02-28T17:23:50+08:00 ] /yy_v2/y_dd/config/index.php/Account/edit/id/231/tab_id/test2 | SQL: SHOW COLUMNS FROM `y_category` [ RunTime:0.002746s ]
[ 2013-02-28T17:23:50+08:00 ] /yy_v2/y_dd/config/index.php/Account/edit/id/231/tab_id/test2 | SQL: SELECT `alias` FROM `y_category` WHERE ( `pid` = 3 ) AND ( `is_default` = 1 ) LIMIT 1  [ RunTime:0.000386s ]
[ 2013-02-28T17:23:50+08:00 ] /yy_v2/y_dd/config/index.php/Account/edit/id/231/tab_id/test2 | SQL: SELECT * FROM `y_category` WHERE ( `pid` = 12 ) ORDER BY ordernum desc [ RunTime:0.000899s ]
[ 2013-02-28T17:23:50+08:00 ] /yy_v2/y_dd/config/index.php/Account/edit/id/231/tab_id/test2 | SQL: SELECT * FROM `y_category` WHERE ( `pid` = 12 ) AND ( `is_publish` = 1 ) ORDER BY ordernum desc [ RunTime:0.000734s ]
[ 2013-02-28T17:23:50+08:00 ] /yy_v2/y_dd/config/index.php/Account/edit/id/231/tab_id/test2 | SQL: SELECT * FROM `y_category` WHERE ( `pid` IN ('3','4') ) ORDER BY ordernum desc [ RunTime:0.000746s ]
[ 2013-02-28T17:24:18+08:00 ] /yy_v2/y_dd/config/index.php/Account/edit/id/231/tab_id/test2 | SQL: SHOW COLUMNS FROM `y_account` [ RunTime:0.001770s ]
[ 2013-02-28T17:24:18+08:00 ] /yy_v2/y_dd/config/index.php/Account/edit/id/231/tab_id/test2 | SQL: SHOW COLUMNS FROM `y_category` [ RunTime:0.003523s ]
[ 2013-02-28T17:24:18+08:00 ] /yy_v2/y_dd/config/index.php/Account/edit/id/231/tab_id/test2 | SQL: SELECT `alias` FROM `y_category` WHERE ( `pid` = 3 ) AND ( `is_default` = 1 ) LIMIT 1  [ RunTime:0.000462s ]
[ 2013-02-28T17:24:18+08:00 ] /yy_v2/y_dd/config/index.php/Account/edit/id/231/tab_id/test2 | SQL: SELECT * FROM `y_category` WHERE ( `pid` = 12 ) ORDER BY ordernum desc [ RunTime:0.001592s ]
[ 2013-02-28T17:24:18+08:00 ] /yy_v2/y_dd/config/index.php/Account/edit/id/231/tab_id/test2 | SQL: SELECT * FROM `y_category` WHERE ( `pid` = 12 ) AND ( `is_publish` = 1 ) ORDER BY ordernum desc [ RunTime:0.000975s ]
[ 2013-02-28T17:24:18+08:00 ] /yy_v2/y_dd/config/index.php/Account/edit/id/231/tab_id/test2 | SQL: SELECT * FROM `y_category` WHERE ( `pid` IN ('3','4') ) ORDER BY ordernum desc [ RunTime:0.000843s ]
